2026-05-16 02:12:11,256 [INFO] analyzer_ic_report: Fetching 1002 ticker price histories...
2026-05-16 02:12:16,031 [ERROR] yfinance: $BRKB: possibly delisted; no price data found  (period=5y) (Yahoo error = "No data found, symbol may be delisted")
2026-05-16 02:12:16,041 [WARNING] src.data.fetcher: No price data returned for BRKB
2026-05-16 02:12:16,985 [ERROR] yfinance: $HEIA: possibly delisted; no price data found  (period=5y) (Yahoo error = "No data found, symbol may be delisted")
2026-05-16 02:12:17,000 [WARNING] src.data.fetcher: No price data returned for HEIA
2026-05-16 02:12:17,696 [ERROR] yfinance: $BFB: possibly delisted; no price data found  (period=5y) (Yahoo error = "No data found, symbol may be delisted")
2026-05-16 02:12:17,709 [WARNING] src.data.fetcher: No price data returned for BFB
2026-05-16 02:12:18,510 [ERROR] yfinance: $LENB: possibly delisted; no price data found  (period=5y) (Yahoo error = "No data found, symbol may be delisted")
2026-05-16 02:12:18,521 [ERROR] yfinance: $BFA: possibly delisted; no price data found  (period=5y) (Yahoo error = "No data found, symbol may be delisted")
2026-05-16 02:12:18,523 [WARNING] src.data.fetcher: No price data returned for LENB
2026-05-16 02:12:18,550 [WARNING] src.data.fetcher: No price data returned for BFA
2026-05-16 02:12:20,073 [ERROR] yfinance: $UHALB: possibly delisted; no price data found  (period=5y) (Yahoo error = "No data found, symbol may be delisted")
2026-05-16 02:12:20,073 [WARNING] src.data.fetcher: No price data returned for UHALB
2026-05-16 02:12:20,073 [INFO] src.data.fetcher: Fetched price data for 996/1002 tickers (workers=10)
2026-05-16 02:12:20,598 [WARNING] src.data.fundamentals: No fundamental data for BFA
2026-05-16 02:12:20,896 [WARNING] src.data.fundamentals: No fundamental data for BFB
2026-05-16 02:12:21,588 [WARNING] src.data.fundamentals: No fundamental data for BRKB
2026-05-16 02:12:21,588 [ERROR] yfinance: HTTP Error 404: {"quoteSummary":{"result":null,"error":{"code":"Not Found","description":"Quote not found for symbol: LENB"}}}
2026-05-16 02:12:21,591 [WARNING] src.data.fundamentals: No fundamental data for HEIA
2026-05-16 02:12:22,066 [WARNING] src.data.fundamentals: No fundamental data for LENB
2026-05-16 02:12:22,096 [WARNING] src.data.fundamentals: No fundamental data for NIQ
2026-05-16 02:12:22,106 [WARNING] src.data.fundamentals: No fundamental data for UHALB
2026-05-16 02:12:22,106 [INFO] src.data.fundamentals: Fetched fundamentals for 995/1002 tickers (workers=10)
2026-05-16 02:12:22,106 [INFO] analyzer_ic_report: Fetching earnings history...
2026-05-16 02:14:16,397 [WARNING] src.data.fetch_outcome: yf.get_earnings_dates(FLO) failed: KeyError: ['Earnings Date']
2026-05-16 02:14:16,416 [WARNING] src.data.fetch_outcome: yf.get_earnings_dates(FLEX) failed: KeyError: ['Earnings Date']
2026-05-16 02:14:17,431 [WARNING] src.data.fetch_outcome: yf.get_earnings_dates(FOUR) failed: KeyError: ['Earnings Date']
2026-05-16 02:14:18,740 [WARNING] src.data.fetch_outcome: yf.get_earnings_dates(FMC) failed: KeyError: ['Earnings Date']
2026-05-16 02:14:18,745 [WARNING] src.data.fetch_outcome: yf.get_earnings_dates(FLS) failed: KeyError: ['Earnings Date']
2026-05-16 02:14:18,749 [WARNING] src.data.fetch_outcome: yf.get_earnings_dates(FR) failed: KeyError: ['Earnings Date']
2026-05-16 02:14:18,749 [WARNING] src.data.fetch_outcome: yf.get_earnings_dates(FITB) failed: KeyError: ['Earnings Date']
2026-05-16 02:14:18,749 [WARNING] src.data.fetch_outcome: yf.get_earnings_dates(FND) failed: KeyError: ['Earnings Date']
2026-05-16 02:14:18,749 [WARNING] src.data.fetch_outcome: yf.get_earnings_dates(FNF) failed: KeyError: ['Earnings Date']
2026-05-16 02:14:18,759 [WARNING] src.data.fetch_outcome: yf.get_earnings_dates(FNB) failed: KeyError: ['Earnings Date']
2026-05-16 02:14:18,943 [WARNING] src.data.fetch_outcome: yf.get_earnings_dates(FOX) failed: KeyError: ['Earnings Date']
2026-05-16 02:14:21,524 [WARNING] src.data.fetch_outcome: yf.get_earnings_dates(FRT) failed: KeyError: ['Earnings Date']
2026-05-16 02:14:21,533 [WARNING] src.data.fetch_outcome: yf.get_earnings_dates(FRMI) failed: KeyError: ['Earnings Date']
2026-05-16 02:14:21,534 [WARNING] src.data.fetch_outcome: yf.get_earnings_dates(FRHC) failed: KeyError: ['Earnings Date']
2026-05-16 02:14:21,534 [WARNING] src.data.fetch_outcome: yf.get_earnings_dates(FTAI) failed: KeyError: ['Earnings Date']
2026-05-16 02:14:21,543 [WARNING] src.data.fetch_outcome: yf.get_earnings_dates(FOXA) failed: KeyError: ['Earnings Date']
2026-05-16 02:14:21,544 [WARNING] src.data.fetch_outcome: yf.get_earnings_dates(FRPT) failed: KeyError: ['Earnings Date']
2026-05-16 02:14:21,544 [WARNING] src.data.fetch_outcome: yf.get_earnings_dates(FSLR) failed: KeyError: ['Earnings Date']
2026-05-16 02:14:21,544 [WARNING] src.data.fetch_outcome: yf.get_earnings_dates(FWONA) failed: KeyError: ['Earnings Date']
2026-05-16 02:14:23,770 [WARNING] src.data.fetch_outcome: yf.get_earnings_dates(GD) failed: KeyError: ['Earnings Date']
2026-05-16 02:14:24,056 [WARNING] src.data.fetch_outcome: yf.get_earnings_dates(FTNT) failed: KeyError: ['Earnings Date']
2026-05-16 02:14:24,056 [WARNING] src.data.fetch_outcome: yf.get_earnings_dates(GAP) failed: KeyError: ['Earnings Date']
2026-05-16 02:14:24,066 [WARNING] src.data.fetch_outcome: yf.get_earnings_dates(G) failed: KeyError: ['Earnings Date']
2026-05-16 02:14:24,066 [WARNING] src.data.fetch_outcome: yf.get_earnings_dates(GE) failed: KeyError: ['Earnings Date']
2026-05-16 02:14:24,066 [WARNING] src.data.fetch_outcome: yf.get_earnings_dates(FTI) failed: KeyError: ['Earnings Date']
2026-05-16 02:14:24,066 [WARNING] src.data.fetch_outcome: yf.get_earnings_dates(FTV) failed: KeyError: ['Earnings Date']
2026-05-16 02:14:24,074 [WARNING] src.data.fetch_outcome: yf.get_earnings_dates(FWONK) failed: KeyError: ['Earnings Date']
2026-05-16 02:14:25,037 [WARNING] src.data.fetch_outcome: yf.get_earnings_dates(GEV) failed: KeyError: ['Earnings Date']
2026-05-16 02:14:26,516 [WARNING] src.data.fetch_outcome: yf.get_earnings_dates(GEHC) failed: KeyError: ['Earnings Date']
2026-05-16 02:14:26,648 [WARNING] src.data.fetch_outcome: yf.get_earnings_dates(GIS) failed: KeyError: ['Earnings Date']
2026-05-16 02:14:26,648 [WARNING] src.data.fetch_outcome: yf.get_earnings_dates(GEN) failed: KeyError: ['Earnings Date']
2026-05-16 02:14:26,648 [WARNING] src.data.fetch_outcome: yf.get_earnings_dates(GGG) failed: KeyError: ['Earnings Date']
2026-05-16 02:14:26,648 [WARNING] src.data.fetch_outcome: yf.get_earnings_dates(GLIBK) failed: KeyError: ['Earnings Date']
2026-05-16 02:14:26,658 [WARNING] src.data.fetch_outcome: yf.get_earnings_dates(GFS) failed: KeyError: ['Earnings Date']
2026-05-16 02:14:26,658 [WARNING] src.data.fetch_outcome: yf.get_earnings_dates(GDDY) failed: KeyError: ['Earnings Date']
2026-05-16 02:14:26,658 [WARNING] src.data.fetch_outcome: yf.get_earnings_dates(GLIBA) failed: KeyError: ['Earnings Date']
2026-05-16 02:14:29,259 [WARNING] src.data.fetch_outcome: yf.get_earnings_dates(GLOB) failed: KeyError: ['Earnings Date']
2026-05-16 02:14:29,268 [WARNING] src.data.fetch_outcome: yf.get_earnings_dates(GLW) failed: KeyError: ['Earnings Date']
2026-05-16 02:14:29,278 [WARNING] src.data.fetch_outcome: yf.get_earnings_dates(GL) failed: KeyError: ['Earnings Date']
2026-05-16 02:14:29,278 [WARNING] src.data.fetch_outcome: yf.get_earnings_dates(GME) failed: KeyError: ['Earnings Date']
2026-05-16 02:14:29,278 [WARNING] src.data.fetch_outcome: yf.get_earnings_dates(GMED) failed: KeyError: ['Earnings Date']
2026-05-16 02:14:29,288 [WARNING] src.data.fetch_outcome: yf.get_earnings_dates(GILD) failed: KeyError: ['Earnings Date']
2026-05-16 02:14:29,288 [WARNING] src.data.fetch_outcome: yf.get_earnings_dates(GM) failed: KeyError: ['Earnings Date']
2026-05-16 02:14:29,288 [WARNING] src.data.fetch_outcome: yf.get_earnings_dates(GLPI) failed: KeyError: ['Earnings Date']
2026-05-16 02:14:31,967 [WARNING] src.data.fetch_outcome: yf.get_earnings_dates(F) failed: KeyError: ['Earnings Date']
2026-05-16 02:14:31,977 [WARNING] src.data.fetch_outcome: yf.get_earnings_dates(GNTX) failed: KeyError: ['Earnings Date']
2026-05-16 02:14:31,986 [WARNING] src.data.fetch_outcome: yf.get_earnings_dates(GPK) failed: KeyError: ['Earnings Date']
2026-05-16 02:14:31,986 [WARNING] src.data.fetch_outcome: yf.get_earnings_dates(GNRC) failed: KeyError: ['Earnings Date']
2026-05-16 02:14:31,986 [WARNING] src.data.fetch_outcome: yf.get_earnings_dates(GOOG) failed: KeyError: ['Earnings Date']
2026-05-16 02:14:31,986 [WARNING] src.data.fetch_outcome: yf.get_earnings_dates(GPC) failed: KeyError: ['Earnings Date']
2026-05-16 02:14:31,995 [WARNING] src.data.fetch_outcome: yf.get_earnings_dates(GOOGL) failed: KeyError: ['Earnings Date']
2026-05-16 02:14:31,995 [WARNING] src.data.fetch_outcome: yf.get_earnings_dates(GS) failed: KeyError: ['Earnings Date']
2026-05-16 02:14:34,489 [WARNING] src.data.fetch_outcome: yf.get_earnings_dates(GRMN) failed: KeyError: ['Earnings Date']
2026-05-16 02:14:34,502 [WARNING] src.data.fetch_outcome: yf.get_earnings_dates(HAL) failed: KeyError: ['Earnings Date']
2026-05-16 02:14:34,502 [WARNING] src.data.fetch_outcome: yf.get_earnings_dates(GWW) failed: KeyError: ['Earnings Date']
2026-05-16 02:14:34,509 [WARNING] src.data.fetch_outcome: yf.get_earnings_dates(GTES) failed: KeyError: ['Earnings Date']
2026-05-16 02:14:34,509 [WARNING] src.data.fetch_outcome: yf.get_earnings_dates(GWRE) failed: KeyError: ['Earnings Date']
2026-05-16 02:14:34,511 [WARNING] src.data.fetch_outcome: yf.get_earnings_dates(GTM) failed: KeyError: ['Earnings Date']
2026-05-16 02:14:34,511 [WARNING] src.data.fetch_outcome: yf.get_earnings_dates(GXO) failed: KeyError: ['Earnings Date']
2026-05-16 02:14:34,511 [WARNING] src.data.fetch_outcome: yf.get_earnings_dates(GTLB) failed: KeyError: ['Earnings Date']
2026-05-16 02:14:37,215 [WARNING] src.data.fetch_outcome: yf.get_earnings_dates(H) failed: KeyError: ['Earnings Date']
2026-05-16 02:14:37,218 [WARNING] src.data.fetch_outcome: yf.get_earnings_dates(GPN) failed: KeyError: ['Earnings Date']
2026-05-16 02:14:37,218 [WARNING] src.data.fetch_outcome: yf.get_earnings_dates(HEI) failed: KeyError: ['Earnings Date']
2026-05-16 02:14:37,224 [WARNING] src.data.fetch_outcome: yf.get_earnings_dates(HHH) failed: KeyError: ['Earnings Date']
2026-05-16 02:14:37,224 [WARNING] src.data.fetch_outcome: yf.get_earnings_dates(HAS) failed: KeyError: ['Earnings Date']
2026-05-16 02:14:37,224 [WARNING] src.data.fetch_outcome: yf.get_earnings_dates(HAYW) failed: KeyError: ['Earnings Date']
2026-05-16 02:14:37,234 [WARNING] src.data.fetch_outcome: yf.get_earnings_dates(HBAN) failed: KeyError: ['Earnings Date']
2026-05-16 02:14:37,234 [WARNING] src.data.fetch_outcome: yf.get_earnings_dates(HCA) failed: KeyError: ['Earnings Date']
2026-05-16 02:14:39,862 [WARNING] src.data.fetch_outcome: yf.get_earnings_dates(HIG) failed: KeyError: ['Earnings Date']
2026-05-16 02:14:39,876 [WARNING] src.data.fetch_outcome: yf.get_earnings_dates(HD) failed: KeyError: ['Earnings Date']
2026-05-16 02:14:39,876 [WARNING] src.data.fetch_outcome: yf.get_earnings_dates(HLT) failed: KeyError: ['Earnings Date']
2026-05-16 02:14:39,882 [WARNING] src.data.fetch_outcome: yf.get_earnings_dates(HIW) failed: KeyError: ['Earnings Date']
2026-05-16 02:14:39,882 [WARNING] src.data.fetch_outcome: yf.get_earnings_dates(HLNE) failed: KeyError: ['Earnings Date']
2026-05-16 02:14:39,882 [WARNING] src.data.fetch_outcome: yf.get_earnings_dates(HOG) failed: KeyError: ['Earnings Date']
2026-05-16 02:14:39,882 [WARNING] src.data.fetch_outcome: yf.get_earnings_dates(HOOD) failed: KeyError: ['Earnings Date']
2026-05-16 02:14:39,882 [WARNING] src.data.fetch_outcome: yf.get_earnings_dates(HALO) failed: KeyError: ['Earnings Date']
2026-05-16 02:14:42,291 [WARNING] src.data.fetch_outcome: yf.get_earnings_dates(HON) failed: KeyError: ['Earnings Date']
2026-05-16 02:14:42,302 [WARNING] src.data.fetch_outcome: yf.get_earnings_dates(HPE) failed: KeyError: ['Earnings Date']
2026-05-16 02:14:42,304 [WARNING] src.data.fetch_outcome: yf.get_earnings_dates(HII) failed: KeyError: ['Earnings Date']
2026-05-16 02:14:42,308 [WARNING] src.data.fetch_outcome: yf.get_earnings_dates(HRL) failed: KeyError: ['Earnings Date']
2026-05-16 02:14:42,308 [WARNING] src.data.fetch_outcome: yf.get_earnings_dates(HSIC) failed: KeyError: ['Earnings Date']
2026-05-16 02:14:42,312 [WARNING] src.data.fetch_outcome: yf.get_earnings_dates(HPQ) failed: KeyError: ['Earnings Date']
2026-05-16 02:14:42,312 [WARNING] src.data.fetch_outcome: yf.get_earnings_dates(HLI) failed: KeyError: ['Earnings Date']
2026-05-16 02:14:42,316 [WARNING] src.data.fetch_outcome: yf.get_earnings_dates(HRB) failed: KeyError: ['Earnings Date']
2026-05-16 02:14:44,800 [WARNING] src.data.fetch_outcome: yf.get_earnings_dates(HST) failed: KeyError: ['Earnings Date']
2026-05-16 02:14:44,800 [WARNING] src.data.fetch_outcome: yf.get_earnings_dates(HR) failed: KeyError: ['Earnings Date']
2026-05-16 02:14:44,805 [WARNING] src.data.fetch_outcome: yf.get_earnings_dates(HSY) failed: KeyError: ['Earnings Date']
2026-05-16 02:14:44,809 [WARNING] src.data.fetch_outcome: yf.get_earnings_dates(HUBB) failed: KeyError: ['Earnings Date']
2026-05-16 02:14:44,813 [WARNING] src.data.fetch_outcome: yf.get_earnings_dates(HUM) failed: KeyError: ['Earnings Date']
2026-05-16 02:14:44,813 [WARNING] src.data.fetch_outcome: yf.get_earnings_dates(HWM) failed: KeyError: ['Earnings Date']
2026-05-16 02:14:44,813 [WARNING] src.data.fetch_outcome: yf.get_earnings_dates(HUN) failed: KeyError: ['Earnings Date']
2026-05-16 02:14:44,817 [WARNING] src.data.fetch_outcome: yf.get_earnings_dates(HUBS) failed: KeyError: ['Earnings Date']
2026-05-16 02:14:47,445 [WARNING] src.data.fetch_outcome: yf.get_earnings_dates(IBKR) failed: KeyError: ['Earnings Date']
2026-05-16 02:14:47,455 [WARNING] src.data.fetch_outcome: yf.get_earnings_dates(IBM) failed: KeyError: ['Earnings Date']
2026-05-16 02:14:47,455 [WARNING] src.data.fetch_outcome: yf.get_earnings_dates(HXL) failed: KeyError: ['Earnings Date']
2026-05-16 02:14:47,459 [WARNING] src.data.fetch_outcome: yf.get_earnings_dates(IDA) failed: KeyError: ['Earnings Date']
2026-05-16 02:14:47,463 [WARNING] src.data.fetch_outcome: yf.get_earnings_dates(IDXX) failed: KeyError: ['Earnings Date']
2026-05-16 02:14:47,465 [WARNING] src.data.fetch_outcome: yf.get_earnings_dates(ICE) failed: KeyError: ['Earnings Date']
2026-05-16 02:14:47,467 [WARNING] src.data.fetch_outcome: yf.get_earnings_dates(IAC) failed: KeyError: ['Earnings Date']
2026-05-16 02:14:47,468 [WARNING] src.data.fetch_outcome: yf.get_earnings_dates(IEX) failed: KeyError: ['Earnings Date']
2026-05-16 02:14:49,931 [WARNING] src.data.fetch_outcome: yf.get_earnings_dates(ILMN) failed: KeyError: ['Earnings Date']
2026-05-16 02:14:49,944 [WARNING] src.data.fetch_outcome: yf.get_earnings_dates(INSP) failed: KeyError: ['Earnings Date']
2026-05-16 02:14:49,947 [WARNING] src.data.fetch_outcome: yf.get_earnings_dates(INTC) failed: KeyError: ['Earnings Date']
2026-05-16 02:14:49,947 [WARNING] src.data.fetch_outcome: yf.get_earnings_dates(INCY) failed: KeyError: ['Earnings Date']
2026-05-16 02:14:49,951 [WARNING] src.data.fetch_outcome: yf.get_earnings_dates(IFF) failed: KeyError: ['Earnings Date']
2026-05-16 02:14:49,955 [WARNING] src.data.fetch_outcome: yf.get_earnings_dates(INGR) failed: KeyError: ['Earnings Date']
2026-05-16 02:14:49,959 [WARNING] src.data.fetch_outcome: yf.get_earnings_dates(INVH) failed: KeyError: ['Earnings Date']
2026-05-16 02:14:49,961 [WARNING] src.data.fetch_outcome: yf.get_earnings_dates(INSM) failed: KeyError: ['Earnings Date']
2026-05-16 02:14:52,633 [WARNING] src.data.fetch_outcome: yf.get_earnings_dates(IOT) failed: KeyError: ['Earnings Date']
2026-05-16 02:14:52,641 [WARNING] src.data.fetch_outcome: yf.get_earnings_dates(INTU) failed: KeyError: ['Earnings Date']
2026-05-16 02:14:52,641 [WARNING] src.data.fetch_outcome: yf.get_earnings_dates(INGM) failed: KeyError: ['Earnings Date']
2026-05-16 02:14:52,646 [WARNING] src.data.fetch_outcome: yf.get_earnings_dates(IRDM) failed: KeyError: ['Earnings Date']
2026-05-16 02:14:52,650 [WARNING] src.data.fetch_outcome: yf.get_earnings_dates(IQV) failed: KeyError: ['Earnings Date']
2026-05-16 02:14:52,650 [WARNING] src.data.fetch_outcome: yf.get_earnings_dates(IR) failed: KeyError: ['Earnings Date']
2026-05-16 02:14:52,654 [WARNING] src.data.fetch_outcome: yf.get_earnings_dates(IPGP) failed: KeyError: ['Earnings Date']
2026-05-16 02:14:52,654 [WARNING] src.data.fetch_outcome: yf.get_earnings_dates(IP) failed: KeyError: ['Earnings Date']
2026-05-16 02:14:55,292 [WARNING] src.data.fetch_outcome: yf.get_earnings_dates(IONS) failed: KeyError: ['Earnings Date']
2026-05-16 02:14:55,299 [WARNING] src.data.fetch_outcome: yf.get_earnings_dates(IVZ) failed: KeyError: ['Earnings Date']
2026-05-16 02:14:55,302 [WARNING] src.data.fetch_outcome: yf.get_earnings_dates(IRM) failed: KeyError: ['Earnings Date']
2026-05-16 02:14:55,307 [WARNING] src.data.fetch_outcome: yf.get_earnings_dates(ISRG) failed: KeyError: ['Earnings Date']
2026-05-16 02:14:55,307 [WARNING] src.data.fetch_outcome: yf.get_earnings_dates(J) failed: KeyError: ['Earnings Date']
2026-05-16 02:14:55,310 [WARNING] src.data.fetch_outcome: yf.get_earnings_dates(ITT) failed: KeyError: ['Earnings Date']
2026-05-16 02:14:55,314 [WARNING] src.data.fetch_outcome: yf.get_earnings_dates(IT) failed: KeyError: ['Earnings Date']
2026-05-16 02:14:55,314 [WARNING] src.data.fetch_outcome: yf.get_earnings_dates(ITW) failed: KeyError: ['Earnings Date']
2026-05-16 02:14:57,924 [WARNING] src.data.fetch_outcome: yf.get_earnings_dates(JEF) failed: KeyError: ['Earnings Date']
2026-05-16 02:14:57,937 [WARNING] src.data.fetch_outcome: yf.get_earnings_dates(JBHT) failed: KeyError: ['Earnings Date']
2026-05-16 02:14:57,941 [WARNING] src.data.fetch_outcome: yf.get_earnings_dates(JKHY) failed: KeyError: ['Earnings Date']
2026-05-16 02:14:57,941 [WARNING] src.data.fetch_outcome: yf.get_earnings_dates(JHG) failed: KeyError: ['Earnings Date']
2026-05-16 02:14:57,945 [WARNING] src.data.fetch_outcome: yf.get_earnings_dates(JAZZ) failed: KeyError: ['Earnings Date']
2026-05-16 02:14:57,947 [WARNING] src.data.fetch_outcome: yf.get_earnings_dates(JCI) failed: KeyError: ['Earnings Date']
2026-05-16 02:14:57,949 [WARNING] src.data.fetch_outcome: yf.get_earnings_dates(JHX) failed: KeyError: ['Earnings Date']
2026-05-16 02:14:57,954 [WARNING] src.data.fetch_outcome: yf.get_earnings_dates(JBL) failed: KeyError: ['Earnings Date']
2026-05-16 02:15:00,472 [WARNING] src.data.fetch_outcome: yf.get_earnings_dates(KEYS) failed: KeyError: ['Earnings Date']
2026-05-16 02:15:00,601 [WARNING] src.data.fetch_outcome: yf.get_earnings_dates(JPM) failed: KeyError: ['Earnings Date']
2026-05-16 02:15:00,613 [WARNING] src.data.fetch_outcome: yf.get_earnings_dates(KEX) failed: KeyError: ['Earnings Date']
2026-05-16 02:15:00,615 [WARNING] src.data.fetch_outcome: yf.get_earnings_dates(JLL) failed: KeyError: ['Earnings Date']
2026-05-16 02:15:00,615 [WARNING] src.data.fetch_outcome: yf.get_earnings_dates(JNJ) failed: KeyError: ['Earnings Date']
2026-05-16 02:15:00,615 [WARNING] src.data.fetch_outcome: yf.get_earnings_dates(KEY) failed: KeyError: ['Earnings Date']
2026-05-16 02:15:00,615 [WARNING] src.data.fetch_outcome: yf.get_earnings_dates(KD) failed: KeyError: ['Earnings Date']
2026-05-16 02:15:00,624 [WARNING] src.data.fetch_outcome: yf.get_earnings_dates(KDP) failed: KeyError: ['Earnings Date']
2026-05-16 02:15:03,065 [WARNING] src.data.fetch_outcome: yf.get_earnings_dates(KHC) failed: KeyError: ['Earnings Date']
2026-05-16 02:15:03,075 [WARNING] src.data.fetch_outcome: yf.get_earnings_dates(KMX) failed: KeyError: ['Earnings Date']
2026-05-16 02:15:03,075 [WARNING] src.data.fetch_outcome: yf.get_earnings_dates(KLAC) failed: KeyError: ['Earnings Date']
2026-05-16 02:15:03,075 [WARNING] src.data.fetch_outcome: yf.get_earnings_dates(KNX) failed: KeyError: ['Earnings Date']
2026-05-16 02:15:03,086 [WARNING] src.data.fetch_outcome: yf.get_earnings_dates(KBR) failed: KeyError: ['Earnings Date']
2026-05-16 02:15:03,086 [WARNING] src.data.fetch_outcome: yf.get_earnings_dates(KMPR) failed: KeyError: ['Earnings Date']
2026-05-16 02:15:03,094 [WARNING] src.data.fetch_outcome: yf.get_earnings_dates(KMB) failed: KeyError: ['Earnings Date']
2026-05-16 02:15:03,094 [WARNING] src.data.fetch_outcome: yf.get_earnings_dates(KIM) failed: KeyError: ['Earnings Date']
2026-05-16 02:15:05,687 [WARNING] src.data.fetch_outcome: yf.get_earnings_dates(KNSL) failed: KeyError: ['Earnings Date']
2026-05-16 02:15:05,687 [WARNING] src.data.fetch_outcome: yf.get_earnings_dates(KMI) failed: KeyError: ['Earnings Date']
2026-05-16 02:15:05,698 [WARNING] src.data.fetch_outcome: yf.get_earnings_dates(LAD) failed: KeyError: ['Earnings Date']
2026-05-16 02:15:05,698 [WARNING] src.data.fetch_outcome: yf.get_earnings_dates(KRMN) failed: KeyError: ['Earnings Date']
2026-05-16 02:15:05,702 [WARNING] src.data.fetch_outcome: yf.get_earnings_dates(KO) failed: KeyError: ['Earnings Date']
2026-05-16 02:15:05,702 [WARNING] src.data.fetch_outcome: yf.get_earnings_dates(KVUE) failed: KeyError: ['Earnings Date']
2026-05-16 02:15:05,702 [WARNING] src.data.fetch_outcome: yf.get_earnings_dates(KRC) failed: KeyError: ['Earnings Date']
2026-05-16 02:15:05,710 [WARNING] src.data.fetch_outcome: yf.get_earnings_dates(KR) failed: KeyError: ['Earnings Date']
2026-05-16 02:15:08,126 [WARNING] src.data.fetch_outcome: yf.get_earnings_dates(L) failed: KeyError: ['Earnings Date']
2026-05-16 02:15:08,138 [WARNING] src.data.fetch_outcome: yf.get_earnings_dates(LBTYA) failed: KeyError: ['Earnings Date']
2026-05-16 02:15:08,138 [WARNING] src.data.fetch_outcome: yf.get_earnings_dates(LAZ) failed: KeyError: ['Earnings Date']
2026-05-16 02:15:08,149 [WARNING] src.data.fetch_outcome: yf.get_earnings_dates(LBTYK) failed: KeyError: ['Earnings Date']
2026-05-16 02:15:08,149 [WARNING] src.data.fetch_outcome: yf.get_earnings_dates(LCID) failed: KeyError: ['Earnings Date']
2026-05-16 02:15:08,149 [WARNING] src.data.fetch_outcome: yf.get_earnings_dates(LAMR) failed: KeyError: ['Earnings Date']
2026-05-16 02:15:08,149 [WARNING] src.data.fetch_outcome: yf.get_earnings_dates(LBRDK) failed: KeyError: ['Earnings Date']
2026-05-16 02:15:08,159 [WARNING] src.data.fetch_outcome: yf.get_earnings_dates(LBRDA) failed: KeyError: ['Earnings Date']
2026-05-16 02:15:10,907 [WARNING] src.data.fetch_outcome: yf.get_earnings_dates(LEA) failed: KeyError: ['Earnings Date']
2026-05-16 02:15:10,924 [WARNING] src.data.fetch_outcome: yf.get_earnings_dates(LECO) failed: KeyError: ['Earnings Date']
2026-05-16 02:15:10,931 [WARNING] src.data.fetch_outcome: yf.get_earnings_dates(LEN) failed: KeyError: ['Earnings Date']
2026-05-16 02:15:10,931 [WARNING] src.data.fetch_outcome: yf.get_earnings_dates(LFUS) failed: KeyError: ['Earnings Date']
2026-05-16 02:15:10,931 [WARNING] src.data.fetch_outcome: yf.get_earnings_dates(LHX) failed: KeyError: ['Earnings Date']
2026-05-16 02:15:10,940 [WARNING] src.data.fetch_outcome: yf.get_earnings_dates(LII) failed: KeyError: ['Earnings Date']
2026-05-16 02:15:10,940 [WARNING] src.data.fetch_outcome: yf.get_earnings_dates(LH) failed: KeyError: ['Earnings Date']
2026-05-16 02:15:10,940 [WARNING] src.data.fetch_outcome: yf.get_earnings_dates(LDOS) failed: KeyError: ['Earnings Date']
2026-05-16 02:15:13,383 [WARNING] src.data.fetch_outcome: yf.get_earnings_dates(LINE) failed: KeyError: ['Earnings Date']
2026-05-16 02:15:13,393 [WARNING] src.data.fetch_outcome: yf.get_earnings_dates(LLYVK) failed: KeyError: ['Earnings Date']
2026-05-16 02:15:13,393 [WARNING] src.data.fetch_outcome: yf.get_earnings_dates(LIN) failed: KeyError: ['Earnings Date']
2026-05-16 02:15:13,393 [WARNING] src.data.fetch_outcome: yf.get_earnings_dates(LKQ) failed: KeyError: ['Earnings Date']
2026-05-16 02:15:13,403 [WARNING] src.data.fetch_outcome: yf.get_earnings_dates(LITE) failed: KeyError: ['Earnings Date']
2026-05-16 02:15:13,403 [WARNING] src.data.fetch_outcome: yf.get_earnings_dates(LLY) failed: KeyError: ['Earnings Date']
2026-05-16 02:15:13,407 [WARNING] src.data.fetch_outcome: yf.get_earnings_dates(LLYVA) failed: KeyError: ['Earnings Date']
2026-05-16 02:15:13,407 [WARNING] src.data.fetch_outcome: yf.get_earnings_dates(LMT) failed: KeyError: ['Earnings Date']
2026-05-16 02:15:16,178 [WARNING] src.data.fetch_outcome: yf.get_earnings_dates(LOAR) failed: KeyError: ['Earnings Date']
2026-05-16 02:15:16,199 [WARNING] src.data.fetch_outcome: yf.get_earnings_dates(LNG) failed: KeyError: ['Earnings Date']
2026-05-16 02:15:16,199 [WARNING] src.data.fetch_outcome: yf.get_earnings_dates(LOW) failed: KeyError: ['Earnings Date']
2026-05-16 02:15:16,206 [WARNING] src.data.fetch_outcome: yf.get_earnings_dates(LPLA) failed: KeyError: ['Earnings Date']
2026-05-16 02:15:16,209 [WARNING] src.data.fetch_outcome: yf.get_earnings_dates(KKR) failed: KeyError: ['Earnings Date']
2026-05-16 02:15:16,209 [WARNING] src.data.fetch_outcome: yf.get_earnings_dates(LPX) failed: KeyError: ['Earnings Date']
2026-05-16 02:15:16,209 [WARNING] src.data.fetch_outcome: yf.get_earnings_dates(LNC) failed: KeyError: ['Earnings Date']
2026-05-16 02:15:16,209 [WARNING] src.data.fetch_outcome: yf.get_earnings_dates(LNT) failed: KeyError: ['Earnings Date']
2026-05-16 02:15:18,599 [WARNING] src.data.fetch_outcome: yf.get_earnings_dates(LOPE) failed: KeyError: ['Earnings Date']
2026-05-16 02:15:18,618 [WARNING] src.data.fetch_outcome: yf.get_earnings_dates(LYB) failed: KeyError: ['Earnings Date']
2026-05-16 02:15:18,618 [WARNING] src.data.fetch_outcome: yf.get_earnings_dates(LULU) failed: KeyError: ['Earnings Date']
2026-05-16 02:15:18,622 [WARNING] src.data.fetch_outcome: yf.get_earnings_dates(LW) failed: KeyError: ['Earnings Date']
2026-05-16 02:15:18,625 [WARNING] src.data.fetch_outcome: yf.get_earnings_dates(LVS) failed: KeyError: ['Earnings Date']
2026-05-16 02:15:18,628 [WARNING] src.data.fetch_outcome: yf.get_earnings_dates(LRCX) failed: KeyError: ['Earnings Date']
2026-05-16 02:15:18,628 [WARNING] src.data.fetch_outcome: yf.get_earnings_dates(LUV) failed: KeyError: ['Earnings Date']
2026-05-16 02:15:18,628 [WARNING] src.data.fetch_outcome: yf.get_earnings_dates(LSCC) failed: KeyError: ['Earnings Date']
2026-05-16 02:15:21,186 [WARNING] src.data.fetch_outcome: yf.get_earnings_dates(MANH) failed: KeyError: ['Earnings Date']
2026-05-16 02:15:21,197 [WARNING] src.data.fetch_outcome: yf.get_earnings_dates(M) failed: KeyError: ['Earnings Date']
2026-05-16 02:15:21,201 [WARNING] src.data.fetch_outcome: yf.get_earnings_dates(LYFT) failed: KeyError: ['Earnings Date']
2026-05-16 02:15:21,201 [WARNING] src.data.fetch_outcome: yf.get_earnings_dates(MAA) failed: KeyError: ['Earnings Date']
2026-05-16 02:15:21,207 [WARNING] src.data.fetch_outcome: yf.get_earnings_dates(LYV) failed: KeyError: ['Earnings Date']
2026-05-16 02:15:21,209 [WARNING] src.data.fetch_outcome: yf.get_earnings_dates(MA) failed: KeyError: ['Earnings Date']
2026-05-16 02:15:21,211 [WARNING] src.data.fetch_outcome: yf.get_earnings_dates(MAR) failed: KeyError: ['Earnings Date']
2026-05-16 02:15:21,211 [WARNING] src.data.fetch_outcome: yf.get_earnings_dates(LSTR) failed: KeyError: ['Earnings Date']
2026-05-16 02:15:23,624 [WARNING] src.data.fetch_outcome: yf.get_earnings_dates(MAN) failed: KeyError: ['Earnings Date']
2026-05-16 02:15:23,632 [WARNING] src.data.fetch_outcome: yf.get_earnings_dates(MAS) failed: KeyError: ['Earnings Date']
2026-05-16 02:15:23,632 [WARNING] src.data.fetch_outcome: yf.get_earnings_dates(MAT) failed: KeyError: ['Earnings Date']
2026-05-16 02:15:23,644 [WARNING] src.data.fetch_outcome: yf.get_earnings_dates(MASI) failed: KeyError: ['Earnings Date']
2026-05-16 02:15:23,644 [WARNING] src.data.fetch_outcome: yf.get_earnings_dates(MCHP) failed: KeyError: ['Earnings Date']
2026-05-16 02:15:23,644 [WARNING] src.data.fetch_outcome: yf.get_earnings_dates(MDB) failed: KeyError: ['Earnings Date']
2026-05-16 02:15:23,644 [WARNING] src.data.fetch_outcome: yf.get_earnings_dates(MCD) failed: KeyError: ['Earnings Date']
2026-05-16 02:15:23,644 [WARNING] src.data.fetch_outcome: yf.get_earnings_dates(MCK) failed: KeyError: ['Earnings Date']
2026-05-16 02:15:26,131 [WARNING] src.data.fetch_outcome: yf.get_earnings_dates(MDLN) failed: KeyError: ['Earnings Date']
2026-05-16 02:15:26,146 [WARNING] src.data.fetch_outcome: yf.get_earnings_dates(MDU) failed: KeyError: ['Earnings Date']
2026-05-16 02:15:26,146 [WARNING] src.data.fetch_outcome: yf.get_earnings_dates(MGM) failed: KeyError: ['Earnings Date']
2026-05-16 02:15:26,154 [WARNING] src.data.fetch_outcome: yf.get_earnings_dates(META) failed: KeyError: ['Earnings Date']
2026-05-16 02:15:26,154 [WARNING] src.data.fetch_outcome: yf.get_earnings_dates(MCO) failed: KeyError: ['Earnings Date']
2026-05-16 02:15:26,154 [WARNING] src.data.fetch_outcome: yf.get_earnings_dates(MDT) failed: KeyError: ['Earnings Date']
2026-05-16 02:15:26,154 [WARNING] src.data.fetch_outcome: yf.get_earnings_dates(MDLZ) failed: KeyError: ['Earnings Date']
2026-05-16 02:15:26,154 [WARNING] src.data.fetch_outcome: yf.get_earnings_dates(MET) failed: KeyError: ['Earnings Date']
2026-05-16 02:15:28,506 [WARNING] src.data.fetch_outcome: yf.get_earnings_dates(MIDD) failed: KeyError: ['Earnings Date']
2026-05-16 02:15:28,854 [WARNING] src.data.fetch_outcome: yf.get_earnings_dates(MKTX) failed: KeyError: ['Earnings Date']
2026-05-16 02:15:28,857 [WARNING] src.data.fetch_outcome: yf.get_earnings_dates(MHK) failed: KeyError: ['Earnings Date']
2026-05-16 02:15:28,861 [WARNING] src.data.fetch_outcome: yf.get_earnings_dates(MKSI) failed: KeyError: ['Earnings Date']
2026-05-16 02:15:28,864 [WARNING] src.data.fetch_outcome: yf.get_earnings_dates(MKC) failed: KeyError: ['Earnings Date']
2026-05-16 02:15:28,864 [WARNING] src.data.fetch_outcome: yf.get_earnings_dates(MEDP) failed: KeyError: ['Earnings Date']
2026-05-16 02:15:28,871 [WARNING] src.data.fetch_outcome: yf.get_earnings_dates(MLM) failed: KeyError: ['Earnings Date']
2026-05-16 02:15:28,871 [WARNING] src.data.fetch_outcome: yf.get_earnings_dates(MKL) failed: KeyError: ['Earnings Date']
2026-05-16 02:15:29,695 [WARNING] src.data.fetch_outcome: yf.get_earnings_dates(MMM) failed: KeyError: ['Earnings Date']
2026-05-16 02:15:30,998 [WARNING] src.data.fetch_outcome: yf.get_earnings_dates(MO) failed: KeyError: ['Earnings Date']
2026-05-16 02:15:31,451 [WARNING] src.data.fetch_outcome: yf.get_earnings_dates(MORN) failed: KeyError: ['Earnings Date']
2026-05-16 02:15:31,451 [WARNING] src.data.fetch_outcome: yf.get_earnings_dates(MNST) failed: KeyError: ['Earnings Date']
2026-05-16 02:15:31,451 [WARNING] src.data.fetch_outcome: yf.get_earnings_dates(MPT) failed: KeyError: ['Earnings Date']
2026-05-16 02:15:31,451 [WARNING] src.data.fetch_outcome: yf.get_earnings_dates(MLI) failed: KeyError: ['Earnings Date']
2026-05-16 02:15:31,462 [WARNING] src.data.fetch_outcome: yf.get_earnings_dates(MOS) failed: KeyError: ['Earnings Date']
2026-05-16 02:15:31,462 [WARNING] src.data.fetch_outcome: yf.get_earnings_dates(MOH) failed: KeyError: ['Earnings Date']
2026-05-16 02:15:31,462 [WARNING] src.data.fetch_outcome: yf.get_earnings_dates(MRK) failed: KeyError: ['Earnings Date']
2026-05-16 02:15:32,106 [WARNING] src.data.fetch_outcome: yf.get_earnings_dates(MP) failed: KeyError: ['Earnings Date']
2026-05-16 02:15:33,813 [WARNING] src.data.fetch_outcome: yf.get_earnings_dates(MRNA) failed: KeyError: ['Earnings Date']
2026-05-16 02:15:34,177 [WARNING] src.data.fetch_outcome: yf.get_earnings_dates(MPC) failed: KeyError: ['Earnings Date']
2026-05-16 02:15:34,177 [WARNING] src.data.fetch_outcome: yf.get_earnings_dates(MRP) failed: KeyError: ['Earnings Date']
2026-05-16 02:15:34,177 [WARNING] src.data.fetch_outcome: yf.get_earnings_dates(MPWR) failed: KeyError: ['Earnings Date']
2026-05-16 02:15:34,187 [WARNING] src.data.fetch_outcome: yf.get_earnings_dates(MRSH) failed: KeyError: ['Earnings Date']
2026-05-16 02:15:34,187 [WARNING] src.data.fetch_outcome: yf.get_earnings_dates(MRVL) failed: KeyError: ['Earnings Date']
2026-05-16 02:15:34,187 [WARNING] src.data.fetch_outcome: yf.get_earnings_dates(MSA) failed: KeyError: ['Earnings Date']
2026-05-16 02:15:34,187 [WARNING] src.data.fetch_outcome: yf.get_earnings_dates(MS) failed: KeyError: ['Earnings Date']
2026-05-16 02:15:34,966 [WARNING] src.data.fetch_outcome: yf.get_earnings_dates(MSCI) failed: KeyError: ['Earnings Date']
2026-05-16 02:15:36,908 [WARNING] src.data.fetch_outcome: yf.get_earnings_dates(MSTR) failed: KeyError: ['Earnings Date']
2026-05-16 02:15:36,918 [WARNING] src.data.fetch_outcome: yf.get_earnings_dates(MSFT) failed: KeyError: ['Earnings Date']
2026-05-16 02:15:36,922 [WARNING] src.data.fetch_outcome: yf.get_earnings_dates(MSGS) failed: KeyError: ['Earnings Date']
2026-05-16 02:15:36,926 [WARNING] src.data.fetch_outcome: yf.get_earnings_dates(MTB) failed: KeyError: ['Earnings Date']
2026-05-16 02:15:36,928 [WARNING] src.data.fetch_outcome: yf.get_earnings_dates(MTD) failed: KeyError: ['Earnings Date']
2026-05-16 02:15:36,929 [WARNING] src.data.fetch_outcome: yf.get_earnings_dates(MTCH) failed: KeyError: ['Earnings Date']
2026-05-16 02:15:36,929 [WARNING] src.data.fetch_outcome: yf.get_earnings_dates(MSI) failed: KeyError: ['Earnings Date']
2026-05-16 02:15:36,929 [WARNING] src.data.fetch_outcome: yf.get_earnings_dates(MTDR) failed: KeyError: ['Earnings Date']
2026-05-16 02:15:38,583 [WARNING] src.data.fetch_outcome: yf.get_earnings_dates(MTG) failed: KeyError: ['Earnings Date']
2026-05-16 02:15:39,382 [WARNING] src.data.fetch_outcome: yf.get_earnings_dates(MTZ) failed: KeyError: ['Earnings Date']
2026-05-16 02:15:39,393 [WARNING] src.data.fetch_outcome: yf.get_earnings_dates(MU) failed: KeyError: ['Earnings Date']
2026-05-16 02:15:39,399 [WARNING] src.data.fetch_outcome: yf.get_earnings_dates(NCNO) failed: KeyError: ['Earnings Date']
2026-05-16 02:15:39,402 [WARNING] src.data.fetch_outcome: yf.get_earnings_dates(MTSI) failed: KeyError: ['Earnings Date']
2026-05-16 02:15:39,402 [WARNING] src.data.fetch_outcome: yf.get_earnings_dates(MSM) failed: KeyError: ['Earnings Date']
2026-05-16 02:15:39,412 [WARNING] src.data.fetch_outcome: yf.get_earnings_dates(MTN) failed: KeyError: ['Earnings Date']
2026-05-16 02:15:39,412 [WARNING] src.data.fetch_outcome: yf.get_earnings_dates(MUSA) failed: KeyError: ['Earnings Date']
2026-05-16 02:15:39,984 [WARNING] src.data.fetch_outcome: yf.get_earnings_dates(NDAQ) failed: KeyError: ['Earnings Date']
2026-05-16 02:15:41,615 [WARNING] src.data.fetch_outcome: yf.get_earnings_dates(NBIX) failed: KeyError: ['Earnings Date']
2026-05-16 02:15:41,932 [WARNING] src.data.fetch_outcome: yf.get_earnings_dates(NEE) failed: KeyError: ['Earnings Date']
2026-05-16 02:15:41,936 [WARNING] src.data.fetch_outcome: yf.get_earnings_dates(NEU) failed: KeyError: ['Earnings Date']
2026-05-16 02:15:41,941 [WARNING] src.data.fetch_outcome: yf.get_earnings_dates(NET) failed: KeyError: ['Earnings Date']
2026-05-16 02:15:41,943 [WARNING] src.data.fetch_outcome: yf.get_earnings_dates(NDSN) failed: KeyError: ['Earnings Date']
2026-05-16 02:15:41,943 [WARNING] src.data.fetch_outcome: yf.get_earnings_dates(NEM) failed: KeyError: ['Earnings Date']
2026-05-16 02:15:41,948 [WARNING] src.data.fetch_outcome: yf.get_earnings_dates(NCLH) failed: KeyError: ['Earnings Date']
2026-05-16 02:15:41,951 [WARNING] src.data.fetch_outcome: yf.get_earnings_dates(NIQ) failed: KeyError: ['Earnings Date']
2026-05-16 02:15:42,773 [WARNING] src.data.fetch_outcome: yf.get_earnings_dates(NI) failed: KeyError: ['Earnings Date']
2026-05-16 02:15:44,482 [WARNING] src.data.fetch_outcome: yf.get_earnings_dates(NFLX) failed: KeyError: ['Earnings Date']
2026-05-16 02:15:44,487 [WARNING] src.data.fetch_outcome: yf.get_earnings_dates(NOW) failed: KeyError: ['Earnings Date']
2026-05-16 02:15:44,492 [WARNING] src.data.fetch_outcome: yf.get_earnings_dates(NOC) failed: KeyError: ['Earnings Date']
2026-05-16 02:15:44,492 [WARNING] src.data.fetch_outcome: yf.get_earnings_dates(NKE) failed: KeyError: ['Earnings Date']
2026-05-16 02:15:44,492 [WARNING] src.data.fetch_outcome: yf.get_earnings_dates(NOV) failed: KeyError: ['Earnings Date']
2026-05-16 02:15:44,500 [WARNING] src.data.fetch_outcome: yf.get_earnings_dates(NNN) failed: KeyError: ['Earnings Date']
2026-05-16 02:15:44,503 [WARNING] src.data.fetch_outcome: yf.get_earnings_dates(NFG) failed: KeyError: ['Earnings Date']
2026-05-16 02:15:44,508 [WARNING] src.data.fetch_outcome: yf.get_earnings_dates(NLY) failed: KeyError: ['Earnings Date']
2026-05-16 02:15:46,957 [WARNING] src.data.fetch_outcome: yf.get_earnings_dates(NRG) failed: KeyError: ['Earnings Date']
2026-05-16 02:15:46,969 [WARNING] src.data.fetch_outcome: yf.get_earnings_dates(NU) failed: KeyError: ['Earnings Date']
2026-05-16 02:15:46,969 [WARNING] src.data.fetch_outcome: yf.get_earnings_dates(NTAP) failed: KeyError: ['Earnings Date']
2026-05-16 02:15:46,974 [WARNING] src.data.fetch_outcome: yf.get_earnings_dates(NTNX) failed: KeyError: ['Earnings Date']
2026-05-16 02:15:46,977 [WARNING] src.data.fetch_outcome: yf.get_earnings_dates(NSC) failed: KeyError: ['Earnings Date']
2026-05-16 02:15:46,977 [WARNING] src.data.fetch_outcome: yf.get_earnings_dates(NTRA) failed: KeyError: ['Earnings Date']
2026-05-16 02:15:46,977 [WARNING] src.data.fetch_outcome: yf.get_earnings_dates(NUE) failed: KeyError: ['Earnings Date']
2026-05-16 02:15:46,977 [WARNING] src.data.fetch_outcome: yf.get_earnings_dates(NSA) failed: KeyError: ['Earnings Date']
2026-05-16 02:15:49,492 [WARNING] src.data.fetch_outcome: yf.get_earnings_dates(NVDA) failed: KeyError: ['Earnings Date']
2026-05-16 02:15:49,502 [WARNING] src.data.fetch_outcome: yf.get_earnings_dates(NWSA) failed: KeyError: ['Earnings Date']
2026-05-16 02:15:49,502 [WARNING] src.data.fetch_outcome: yf.get_earnings_dates(NVST) failed: KeyError: ['Earnings Date']
2026-05-16 02:15:49,512 [WARNING] src.data.fetch_outcome: yf.get_earnings_dates(NTRS) failed: KeyError: ['Earnings Date']
2026-05-16 02:15:49,513 [WARNING] src.data.fetch_outcome: yf.get_earnings_dates(NWL) failed: KeyError: ['Earnings Date']
2026-05-16 02:15:49,513 [WARNING] src.data.fetch_outcome: yf.get_earnings_dates(NXST) failed: KeyError: ['Earnings Date']
2026-05-16 02:15:49,513 [WARNING] src.data.fetch_outcome: yf.get_earnings_dates(NVR) failed: KeyError: ['Earnings Date']
2026-05-16 02:15:49,523 [WARNING] src.data.fetch_outcome: yf.get_earnings_dates(NVT) failed: KeyError: ['Earnings Date']
2026-05-16 02:15:51,815 [WARNING] src.data.fetch_outcome: yf.get_earnings_dates(NYT) failed: KeyError: ['Earnings Date']
2026-05-16 02:15:52,102 [WARNING] src.data.fetch_outcome: yf.get_earnings_dates(OGE) failed: KeyError: ['Earnings Date']
2026-05-16 02:15:52,102 [WARNING] src.data.fetch_outcome: yf.get_earnings_dates(OC) failed: KeyError: ['Earnings Date']
2026-05-16 02:15:52,102 [WARNING] src.data.fetch_outcome: yf.get_earnings_dates(OKE) failed: KeyError: ['Earnings Date']
2026-05-16 02:15:52,109 [WARNING] src.data.fetch_outcome: yf.get_earnings_dates(OHI) failed: KeyError: ['Earnings Date']
2026-05-16 02:15:52,111 [WARNING] src.data.fetch_outcome: yf.get_earnings_dates(NWS) failed: KeyError: ['Earnings Date']
2026-05-16 02:15:52,114 [WARNING] src.data.fetch_outcome: yf.get_earnings_dates(OGN) failed: KeyError: ['Earnings Date']
2026-05-16 02:15:52,114 [WARNING] src.data.fetch_outcome: yf.get_earnings_dates(O) failed: KeyError: ['Earnings Date']
2026-05-16 02:15:52,967 [WARNING] src.data.fetch_outcome: yf.get_earnings_dates(OKTA) failed: KeyError: ['Earnings Date']
2026-05-16 02:15:54,631 [WARNING] src.data.fetch_outcome: yf.get_earnings_dates(OLLI) failed: KeyError: ['Earnings Date']
2026-05-16 02:15:54,765 [WARNING] src.data.fetch_outcome: yf.get_earnings_dates(OLN) failed: KeyError: ['Earnings Date']
2026-05-16 02:15:54,765 [WARNING] src.data.fetch_outcome: yf.get_earnings_dates(ODFL) failed: KeyError: ['Earnings Date']
2026-05-16 02:15:54,773 [WARNING] src.data.fetch_outcome: yf.get_earnings_dates(ON) failed: KeyError: ['Earnings Date']
2026-05-16 02:15:54,773 [WARNING] src.data.fetch_outcome: yf.get_earnings_dates(ONTO) failed: KeyError: ['Earnings Date']
2026-05-16 02:15:54,773 [WARNING] src.data.fetch_outcome: yf.get_earnings_dates(OLED) failed: KeyError: ['Earnings Date']
2026-05-16 02:15:54,773 [WARNING] src.data.fetch_outcome: yf.get_earnings_dates(OMF) failed: KeyError: ['Earnings Date']
2026-05-16 02:15:54,783 [WARNING] src.data.fetch_outcome: yf.get_earnings_dates(ORI) failed: KeyError: ['Earnings Date']
2026-05-16 02:15:57,331 [WARNING] src.data.fetch_outcome: yf.get_earnings_dates(ORCL) failed: KeyError: ['Earnings Date']
2026-05-16 02:15:57,342 [WARNING] src.data.fetch_outcome: yf.get_earnings_dates(ONON) failed: KeyError: ['Earnings Date']
2026-05-16 02:15:57,351 [WARNING] src.data.fetch_outcome: yf.get_earnings_dates(ORLY) failed: KeyError: ['Earnings Date']
2026-05-16 02:15:57,351 [WARNING] src.data.fetch_outcome: yf.get_earnings_dates(OWL) failed: KeyError: ['Earnings Date']
2026-05-16 02:15:57,351 [WARNING] src.data.fetch_outcome: yf.get_earnings_dates(OXY) failed: KeyError: ['Earnings Date']
2026-05-16 02:15:57,351 [WARNING] src.data.fetch_outcome: yf.get_earnings_dates(OSK) failed: KeyError: ['Earnings Date']
2026-05-16 02:15:57,351 [WARNING] src.data.fetch_outcome: yf.get_earnings_dates(OTIS) failed: KeyError: ['Earnings Date']
2026-05-16 02:15:57,351 [WARNING] src.data.fetch_outcome: yf.get_earnings_dates(OVV) failed: KeyError: ['Earnings Date']
2026-05-16 02:16:00,014 [WARNING] src.data.fetch_outcome: yf.get_earnings_dates(OZK) failed: KeyError: ['Earnings Date']
2026-05-16 02:16:00,025 [WARNING] src.data.fetch_outcome: yf.get_earnings_dates(P) failed: KeyError: ['Earnings Date']
2026-05-16 02:16:00,033 [WARNING] src.data.fetch_outcome: yf.get_earnings_dates(PATH) failed: KeyError: ['Earnings Date']
2026-05-16 02:16:00,033 [WARNING] src.data.fetch_outcome: yf.get_earnings_dates(PB) failed: KeyError: ['Earnings Date']
2026-05-16 02:16:00,033 [WARNING] src.data.fetch_outcome: yf.get_earnings_dates(PAYX) failed: KeyError: ['Earnings Date']
2026-05-16 02:16:00,043 [WARNING] src.data.fetch_outcome: yf.get_earnings_dates(PAG) failed: KeyError: ['Earnings Date']
2026-05-16 02:16:00,043 [WARNING] src.data.fetch_outcome: yf.get_earnings_dates(PANW) failed: KeyError: ['Earnings Date']
2026-05-16 02:16:00,043 [WARNING] src.data.fetch_outcome: yf.get_earnings_dates(PAYC) failed: KeyError: ['Earnings Date']
2026-05-16 02:16:02,479 [WARNING] src.data.fetch_outcome: yf.get_earnings_dates(PCG) failed: KeyError: ['Earnings Date']
2026-05-16 02:16:02,484 [WARNING] src.data.fetch_outcome: yf.get_earnings_dates(PCOR) failed: KeyError: ['Earnings Date']
2026-05-16 02:16:02,486 [WARNING] src.data.fetch_outcome: yf.get_earnings_dates(PEN) failed: KeyError: ['Earnings Date']
2026-05-16 02:16:02,491 [WARNING] src.data.fetch_outcome: yf.get_earnings_dates(PEGA) failed: KeyError: ['Earnings Date']
2026-05-16 02:16:02,493 [WARNING] src.data.fetch_outcome: yf.get_earnings_dates(PCTY) failed: KeyError: ['Earnings Date']
2026-05-16 02:16:02,493 [WARNING] src.data.fetch_outcome: yf.get_earnings_dates(PENN) failed: KeyError: ['Earnings Date']
2026-05-16 02:16:02,493 [WARNING] src.data.fetch_outcome: yf.get_earnings_dates(PCAR) failed: KeyError: ['Earnings Date']
2026-05-16 02:16:02,493 [WARNING] src.data.fetch_outcome: yf.get_earnings_dates(PEG) failed: KeyError: ['Earnings Date']
2026-05-16 02:16:05,042 [WARNING] src.data.fetch_outcome: yf.get_earnings_dates(PEP) failed: KeyError: ['Earnings Date']
2026-05-16 02:16:05,052 [WARNING] src.data.fetch_outcome: yf.get_earnings_dates(PFE) failed: KeyError: ['Earnings Date']
2026-05-16 02:16:05,052 [WARNING] src.data.fetch_outcome: yf.get_earnings_dates(OMC) failed: KeyError: ['Earnings Date']
2026-05-16 02:16:05,060 [WARNING] src.data.fetch_outcome: yf.get_earnings_dates(PG) failed: KeyError: ['Earnings Date']
2026-05-16 02:16:05,060 [WARNING] src.data.fetch_outcome: yf.get_earnings_dates(PGR) failed: KeyError: ['Earnings Date']
2026-05-16 02:16:05,060 [WARNING] src.data.fetch_outcome: yf.get_earnings_dates(PFG) failed: KeyError: ['Earnings Date']
2026-05-16 02:16:05,060 [WARNING] src.data.fetch_outcome: yf.get_earnings_dates(PINS) failed: KeyError: ['Earnings Date']
2026-05-16 02:16:05,060 [WARNING] src.data.fetch_outcome: yf.get_earnings_dates(PFGC) failed: KeyError: ['Earnings Date']
2026-05-16 02:16:07,447 [WARNING] src.data.fetch_outcome: yf.get_earnings_dates(PKG) failed: KeyError: ['Earnings Date']
2026-05-16 02:16:07,455 [WARNING] src.data.fetch_outcome: yf.get_earnings_dates(PH) failed: KeyError: ['Earnings Date']
2026-05-16 02:16:07,455 [WARNING] src.data.fetch_outcome: yf.get_earnings_dates(PHM) failed: KeyError: ['Earnings Date']
2026-05-16 02:16:07,465 [WARNING] src.data.fetch_outcome: yf.get_earnings_dates(PNC) failed: KeyError: ['Earnings Date']
2026-05-16 02:16:07,465 [WARNING] src.data.fetch_outcome: yf.get_earnings_dates(PK) failed: KeyError: ['Earnings Date']
2026-05-16 02:16:07,465 [WARNING] src.data.fetch_outcome: yf.get_earnings_dates(PLNT) failed: KeyError: ['Earnings Date']
2026-05-16 02:16:07,472 [WARNING] src.data.fetch_outcome: yf.get_earnings_dates(PLD) failed: KeyError: ['Earnings Date']
2026-05-16 02:16:07,475 [WARNING] src.data.fetch_outcome: yf.get_earnings_dates(PNFP) failed: KeyError: ['Earnings Date']
2026-05-16 02:16:10,119 [WARNING] src.data.fetch_outcome: yf.get_earnings_dates(PPG) failed: KeyError: ['Earnings Date']
2026-05-16 02:16:10,119 [WARNING] src.data.fetch_outcome: yf.get_earnings_dates(PODD) failed: KeyError: ['Earnings Date']
2026-05-16 02:16:10,119 [WARNING] src.data.fetch_outcome: yf.get_earnings_dates(PNW) failed: KeyError: ['Earnings Date']
2026-05-16 02:16:10,129 [WARNING] src.data.fetch_outcome: yf.get_earnings_dates(PLTR) failed: KeyError: ['Earnings Date']
2026-05-16 02:16:10,129 [WARNING] src.data.fetch_outcome: yf.get_earnings_dates(PM) failed: KeyError: ['Earnings Date']
2026-05-16 02:16:10,139 [WARNING] src.data.fetch_outcome: yf.get_earnings_dates(PNR) failed: KeyError: ['Earnings Date']
2026-05-16 02:16:10,141 [WARNING] src.data.fetch_outcome: yf.get_earnings_dates(PPL) failed: KeyError: ['Earnings Date']
2026-05-16 02:16:10,141 [WARNING] src.data.fetch_outcome: yf.get_earnings_dates(PPC) failed: KeyError: ['Earnings Date']
2026-05-16 02:16:12,752 [WARNING] src.data.fetch_outcome: yf.get_earnings_dates(PRI) failed: KeyError: ['Earnings Date']
2026-05-16 02:16:12,763 [WARNING] src.data.fetch_outcome: yf.get_earnings_dates(PRGO) failed: KeyError: ['Earnings Date']
2026-05-16 02:16:12,763 [WARNING] src.data.fetch_outcome: yf.get_earnings_dates(PSN) failed: KeyError: ['Earnings Date']
2026-05-16 02:16:12,763 [WARNING] src.data.fetch_outcome: yf.get_earnings_dates(PR) failed: KeyError: ['Earnings Date']
2026-05-16 02:16:12,763 [WARNING] src.data.fetch_outcome: yf.get_earnings_dates(PSA) failed: KeyError: ['Earnings Date']
2026-05-16 02:16:12,773 [WARNING] src.data.fetch_outcome: yf.get_earnings_dates(PRMB) failed: KeyError: ['Earnings Date']
2026-05-16 02:16:12,773 [WARNING] src.data.fetch_outcome: yf.get_earnings_dates(PRU) failed: KeyError: ['Earnings Date']
2026-05-16 02:16:12,773 [WARNING] src.data.fetch_outcome: yf.get_earnings_dates(POOL) failed: KeyError: ['Earnings Date']
2026-05-16 02:16:15,219 [WARNING] src.data.fetch_outcome: yf.get_earnings_dates(POST) failed: KeyError: ['Earnings Date']
2026-05-16 02:16:15,231 [WARNING] src.data.fetch_outcome: yf.get_earnings_dates(QGEN) failed: KeyError: ['Earnings Date']
2026-05-16 02:16:15,236 [WARNING] src.data.fetch_outcome: yf.get_earnings_dates(PSX) failed: KeyError: ['Earnings Date']
2026-05-16 02:16:15,236 [WARNING] src.data.fetch_outcome: yf.get_earnings_dates(PYPL) failed: KeyError: ['Earnings Date']
2026-05-16 02:16:15,236 [WARNING] src.data.fetch_outcome: yf.get_earnings_dates(PVH) failed: KeyError: ['Earnings Date']
2026-05-16 02:16:15,244 [WARNING] src.data.fetch_outcome: yf.get_earnings_dates(PTC) failed: KeyError: ['Earnings Date']
2026-05-16 02:16:15,244 [WARNING] src.data.fetch_outcome: yf.get_earnings_dates(PWR) failed: KeyError: ['Earnings Date']
2026-05-16 02:16:15,244 [WARNING] src.data.fetch_outcome: yf.get_earnings_dates(Q) failed: KeyError: ['Earnings Date']
2026-05-16 02:16:17,740 [WARNING] src.data.fetch_outcome: yf.get_earnings_dates(QCOM) failed: KeyError: ['Earnings Date']
2026-05-16 02:16:17,740 [WARNING] src.data.fetch_outcome: yf.get_earnings_dates(QS) failed: KeyError: ['Earnings Date']
2026-05-16 02:16:17,750 [WARNING] src.data.fetch_outcome: yf.get_earnings_dates(QXO) failed: KeyError: ['Earnings Date']
2026-05-16 02:16:17,750 [WARNING] src.data.fetch_outcome: yf.get_earnings_dates(R) failed: KeyError: ['Earnings Date']
2026-05-16 02:16:17,750 [WARNING] src.data.fetch_outcome: yf.get_earnings_dates(RARE) failed: KeyError: ['Earnings Date']
2026-05-16 02:16:17,750 [WARNING] src.data.fetch_outcome: yf.get_earnings_dates(QSR) failed: KeyError: ['Earnings Date']
2026-05-16 02:16:17,759 [WARNING] src.data.fetch_outcome: yf.get_earnings_dates(RAL) failed: KeyError: ['Earnings Date']
2026-05-16 02:16:17,759 [WARNING] src.data.fetch_outcome: yf.get_earnings_dates(QRVO) failed: KeyError: ['Earnings Date']
2026-05-16 02:16:20,514 [WARNING] src.data.fetch_outcome: yf.get_earnings_dates(REXR) failed: KeyError: ['Earnings Date']
2026-05-16 02:16:20,525 [WARNING] src.data.fetch_outcome: yf.get_earnings_dates(RBA) failed: KeyError: ['Earnings Date']
2026-05-16 02:16:20,528 [WARNING] src.data.fetch_outcome: yf.get_earnings_dates(RCL) failed: KeyError: ['Earnings Date']
2026-05-16 02:16:20,532 [WARNING] src.data.fetch_outcome: yf.get_earnings_dates(RBLX) failed: KeyError: ['Earnings Date']
2026-05-16 02:16:20,532 [WARNING] src.data.fetch_outcome: yf.get_earnings_dates(RDDT) failed: KeyError: ['Earnings Date']
2026-05-16 02:16:20,532 [WARNING] src.data.fetch_outcome: yf.get_earnings_dates(RBRK) failed: KeyError: ['Earnings Date']
2026-05-16 02:16:20,540 [WARNING] src.data.fetch_outcome: yf.get_earnings_dates(REG) failed: KeyError: ['Earnings Date']
2026-05-16 02:16:20,540 [WARNING] src.data.fetch_outcome: yf.get_earnings_dates(REGN) failed: KeyError: ['Earnings Date']
2026-05-16 02:16:23,044 [WARNING] src.data.fetch_outcome: yf.get_earnings_dates(RBC) failed: KeyError: ['Earnings Date']
2026-05-16 02:16:23,049 [WARNING] src.data.fetch_outcome: yf.get_earnings_dates(RGA) failed: KeyError: ['Earnings Date']
2026-05-16 02:16:23,049 [WARNING] src.data.fetch_outcome: yf.get_earnings_dates(RITM) failed: KeyError: ['Earnings Date']
2026-05-16 02:16:23,054 [WARNING] src.data.fetch_outcome: yf.get_earnings_dates(RHI) failed: KeyError: ['Earnings Date']
2026-05-16 02:16:23,058 [WARNING] src.data.fetch_outcome: yf.get_earnings_dates(RGEN) failed: KeyError: ['Earnings Date']
2026-05-16 02:16:23,058 [WARNING] src.data.fetch_outcome: yf.get_earnings_dates(RJF) failed: KeyError: ['Earnings Date']
2026-05-16 02:16:23,058 [WARNING] src.data.fetch_outcome: yf.get_earnings_dates(REYN) failed: KeyError: ['Earnings Date']
2026-05-16 02:16:23,058 [WARNING] src.data.fetch_outcome: yf.get_earnings_dates(RF) failed: KeyError: ['Earnings Date']
2026-05-16 02:16:25,133 [WARNING] src.data.fetch_outcome: yf.get_earnings_dates(RIVN) failed: KeyError: ['Earnings Date']
2026-05-16 02:16:25,556 [WARNING] src.data.fetch_outcome: yf.get_earnings_dates(RL) failed: KeyError: ['Earnings Date']
2026-05-16 02:16:25,556 [WARNING] src.data.fetch_outcome: yf.get_earnings_dates(RNG) failed: KeyError: ['Earnings Date']
2026-05-16 02:16:25,556 [WARNING] src.data.fetch_outcome: yf.get_earnings_dates(RH) failed: KeyError: ['Earnings Date']
2026-05-16 02:16:25,565 [WARNING] src.data.fetch_outcome: yf.get_earnings_dates(RKT) failed: KeyError: ['Earnings Date']
2026-05-16 02:16:25,565 [WARNING] src.data.fetch_outcome: yf.get_earnings_dates(RKLB) failed: KeyError: ['Earnings Date']
2026-05-16 02:16:25,565 [WARNING] src.data.fetch_outcome: yf.get_earnings_dates(RGLD) failed: KeyError: ['Earnings Date']
2026-05-16 02:16:25,571 [WARNING] src.data.fetch_outcome: yf.get_earnings_dates(RLI) failed: KeyError: ['Earnings Date']
2026-05-16 02:16:26,304 [WARNING] src.data.fetch_outcome: yf.get_earnings_dates(RNR) failed: KeyError: ['Earnings Date']
2026-05-16 02:16:27,662 [WARNING] src.data.fetch_outcome: yf.get_earnings_dates(ROL) failed: KeyError: ['Earnings Date']
2026-05-16 02:16:28,078 [WARNING] src.data.fetch_outcome: yf.get_earnings_dates(ROK) failed: KeyError: ['Earnings Date']
2026-05-16 02:16:28,083 [WARNING] src.data.fetch_outcome: yf.get_earnings_dates(ROKU) failed: KeyError: ['Earnings Date']
2026-05-16 02:16:28,083 [WARNING] src.data.fetch_outcome: yf.get_earnings_dates(ROIV) failed: KeyError: ['Earnings Date']
2026-05-16 02:16:28,083 [WARNING] src.data.fetch_outcome: yf.get_earnings_dates(RMD) failed: KeyError: ['Earnings Date']
2026-05-16 02:16:28,092 [WARNING] src.data.fetch_outcome: yf.get_earnings_dates(ROP) failed: KeyError: ['Earnings Date']
2026-05-16 02:16:28,092 [WARNING] src.data.fetch_outcome: yf.get_earnings_dates(RPM) failed: KeyError: ['Earnings Date']
2026-05-16 02:16:28,092 [WARNING] src.data.fetch_outcome: yf.get_earnings_dates(RPRX) failed: KeyError: ['Earnings Date']
2026-05-16 02:16:28,797 [WARNING] src.data.fetch_outcome: yf.get_earnings_dates(RRC) failed: KeyError: ['Earnings Date']
2026-05-16 02:16:30,696 [WARNING] src.data.fetch_outcome: yf.get_earnings_dates(RRX) failed: KeyError: ['Earnings Date']
2026-05-16 02:16:30,701 [WARNING] src.data.fetch_outcome: yf.get_earnings_dates(SAIA) failed: KeyError: ['Earnings Date']
2026-05-16 02:16:30,701 [WARNING] src.data.fetch_outcome: yf.get_earnings_dates(RTX) failed: KeyError: ['Earnings Date']
2026-05-16 02:16:30,710 [WARNING] src.data.fetch_outcome: yf.get_earnings_dates(ROST) failed: KeyError: ['Earnings Date']
2026-05-16 02:16:30,710 [WARNING] src.data.fetch_outcome: yf.get_earnings_dates(RSG) failed: KeyError: ['Earnings Date']
2026-05-16 02:16:30,710 [WARNING] src.data.fetch_outcome: yf.get_earnings_dates(RVTY) failed: KeyError: ['Earnings Date']
2026-05-16 02:16:30,720 [WARNING] src.data.fetch_outcome: yf.get_earnings_dates(RS) failed: KeyError: ['Earnings Date']
2026-05-16 02:16:30,720 [WARNING] src.data.fetch_outcome: yf.get_earnings_dates(RYN) failed: KeyError: ['Earnings Date']
2026-05-16 02:16:33,083 [WARNING] src.data.fetch_outcome: yf.get_earnings_dates(RYAN) failed: KeyError: ['Earnings Date']
2026-05-16 02:16:33,087 [WARNING] src.data.fetch_outcome: yf.get_earnings_dates(SAM) failed: KeyError: ['Earnings Date']
2026-05-16 02:16:33,092 [WARNING] src.data.fetch_outcome: yf.get_earnings_dates(S) failed: KeyError: ['Earnings Date']
2026-05-16 02:16:33,092 [WARNING] src.data.fetch_outcome: yf.get_earnings_dates(SAIC) failed: KeyError: ['Earnings Date']
2026-05-16 02:16:33,098 [WARNING] src.data.fetch_outcome: yf.get_earnings_dates(SCI) failed: KeyError: ['Earnings Date']
2026-05-16 02:16:33,101 [WARNING] src.data.fetch_outcome: yf.get_earnings_dates(SAIL) failed: KeyError: ['Earnings Date']
2026-05-16 02:16:33,101 [WARNING] src.data.fetch_outcome: yf.get_earnings_dates(SBAC) failed: KeyError: ['Earnings Date']
2026-05-16 02:16:33,101 [WARNING] src.data.fetch_outcome: yf.get_earnings_dates(RVMD) failed: KeyError: ['Earnings Date']
2026-05-16 02:16:35,455 [WARNING] src.data.fetch_outcome: yf.get_earnings_dates(SCHW) failed: KeyError: ['Earnings Date']
2026-05-16 02:16:35,556 [WARNING] src.data.fetch_outcome: yf.get_earnings_dates(SCCO) failed: KeyError: ['Earnings Date']
2026-05-16 02:16:35,565 [WARNING] src.data.fetch_outcome: yf.get_earnings_dates(SARO) failed: KeyError: ['Earnings Date']
2026-05-16 02:16:35,566 [WARNING] src.data.fetch_outcome: yf.get_earnings_dates(SEB) failed: KeyError: ['Earnings Date']
2026-05-16 02:16:35,566 [WARNING] src.data.fetch_outcome: yf.get_earnings_dates(SBUX) failed: KeyError: ['Earnings Date']
2026-05-16 02:16:35,566 [WARNING] src.data.fetch_outcome: yf.get_earnings_dates(SFD) failed: KeyError: ['Earnings Date']
2026-05-16 02:16:35,575 [WARNING] src.data.fetch_outcome: yf.get_earnings_dates(SEIC) failed: KeyError: ['Earnings Date']
2026-05-16 02:16:35,575 [WARNING] src.data.fetch_outcome: yf.get_earnings_dates(SF) failed: KeyError: ['Earnings Date']
2026-05-16 02:16:38,136 [WARNING] src.data.fetch_outcome: yf.get_earnings_dates(SFM) failed: KeyError: ['Earnings Date']
2026-05-16 02:16:38,145 [WARNING] src.data.fetch_outcome: yf.get_earnings_dates(SGI) failed: KeyError: ['Earnings Date']
2026-05-16 02:16:38,150 [WARNING] src.data.fetch_outcome: yf.get_earnings_dates(SHC) failed: KeyError: ['Earnings Date']
2026-05-16 02:16:38,150 [WARNING] src.data.fetch_outcome: yf.get_earnings_dates(SJM) failed: KeyError: ['Earnings Date']
2026-05-16 02:16:38,156 [WARNING] src.data.fetch_outcome: yf.get_earnings_dates(SHW) failed: KeyError: ['Earnings Date']
2026-05-16 02:16:38,157 [WARNING] src.data.fetch_outcome: yf.get_earnings_dates(SIRI) failed: KeyError: ['Earnings Date']
2026-05-16 02:16:38,160 [WARNING] src.data.fetch_outcome: yf.get_earnings_dates(SLB) failed: KeyError: ['Earnings Date']
2026-05-16 02:16:38,160 [WARNING] src.data.fetch_outcome: yf.get_earnings_dates(SITE) failed: KeyError: ['Earnings Date']
2026-05-16 02:16:40,836 [WARNING] src.data.fetch_outcome: yf.get_earnings_dates(SMCI) failed: KeyError: ['Earnings Date']
2026-05-16 02:16:40,845 [WARNING] src.data.fetch_outcome: yf.get_earnings_dates(SNDR) failed: KeyError: ['Earnings Date']
2026-05-16 02:16:40,856 [WARNING] src.data.fetch_outcome: yf.get_earnings_dates(SNOW) failed: KeyError: ['Earnings Date']
2026-05-16 02:16:40,856 [WARNING] src.data.fetch_outcome: yf.get_earnings_dates(SLGN) failed: KeyError: ['Earnings Date']
2026-05-16 02:16:40,856 [WARNING] src.data.fetch_outcome: yf.get_earnings_dates(SMMT) failed: KeyError: ['Earnings Date']
2026-05-16 02:16:40,862 [WARNING] src.data.fetch_outcome: yf.get_earnings_dates(SLM) failed: KeyError: ['Earnings Date']
2026-05-16 02:16:40,863 [WARNING] src.data.fetch_outcome: yf.get_earnings_dates(SNA) failed: KeyError: ['Earnings Date']
2026-05-16 02:16:40,863 [WARNING] src.data.fetch_outcome: yf.get_earnings_dates(SMG) failed: KeyError: ['Earnings Date']
2026-05-16 02:16:43,159 [WARNING] src.data.fetch_outcome: yf.get_earnings_dates(SNDK) failed: KeyError: ['Earnings Date']
2026-05-16 02:16:43,170 [WARNING] src.data.fetch_outcome: yf.get_earnings_dates(SOLS) failed: KeyError: ['Earnings Date']
2026-05-16 02:16:43,178 [WARNING] src.data.fetch_outcome: yf.get_earnings_dates(SO) failed: KeyError: ['Earnings Date']
2026-05-16 02:16:43,178 [WARNING] src.data.fetch_outcome: yf.get_earnings_dates(SNX) failed: KeyError: ['Earnings Date']
2026-05-16 02:16:43,178 [WARNING] src.data.fetch_outcome: yf.get_earnings_dates(SOLV) failed: KeyError: ['Earnings Date']
2026-05-16 02:16:43,185 [WARNING] src.data.fetch_outcome: yf.get_earnings_dates(SON) failed: KeyError: ['Earnings Date']
2026-05-16 02:16:43,187 [WARNING] src.data.fetch_outcome: yf.get_earnings_dates(SOFI) failed: KeyError: ['Earnings Date']
2026-05-16 02:16:43,187 [WARNING] src.data.fetch_outcome: yf.get_earnings_dates(SNPS) failed: KeyError: ['Earnings Date']
2026-05-16 02:16:45,846 [WARNING] src.data.fetch_outcome: yf.get_earnings_dates(SSD) failed: KeyError: ['Earnings Date']
2026-05-16 02:16:45,846 [WARNING] src.data.fetch_outcome: yf.get_earnings_dates(SPGI) failed: KeyError: ['Earnings Date']
2026-05-16 02:16:45,851 [WARNING] src.data.fetch_outcome: yf.get_earnings_dates(SSNC) failed: KeyError: ['Earnings Date']
2026-05-16 02:16:45,856 [WARNING] src.data.fetch_outcome: yf.get_earnings_dates(SPOT) failed: KeyError: ['Earnings Date']
2026-05-16 02:16:45,861 [WARNING] src.data.fetch_outcome: yf.get_earnings_dates(SPG) failed: KeyError: ['Earnings Date']
2026-05-16 02:16:45,861 [WARNING] src.data.fetch_outcome: yf.get_earnings_dates(SRE) failed: KeyError: ['Earnings Date']
2026-05-16 02:16:45,861 [WARNING] src.data.fetch_outcome: yf.get_earnings_dates(SRPT) failed: KeyError: ['Earnings Date']
2026-05-16 02:16:45,861 [WARNING] src.data.fetch_outcome: yf.get_earnings_dates(SSB) failed: KeyError: ['Earnings Date']
2026-05-16 02:16:48,349 [WARNING] src.data.fetch_outcome: yf.get_earnings_dates(STT) failed: KeyError: ['Earnings Date']
2026-05-16 02:16:48,356 [WARNING] src.data.fetch_outcome: yf.get_earnings_dates(STZ) failed: KeyError: ['Earnings Date']
2026-05-16 02:16:48,359 [WARNING] src.data.fetch_outcome: yf.get_earnings_dates(STLD) failed: KeyError: ['Earnings Date']
2026-05-16 02:16:48,359 [WARNING] src.data.fetch_outcome: yf.get_earnings_dates(ST) failed: KeyError: ['Earnings Date']
2026-05-16 02:16:48,363 [WARNING] src.data.fetch_outcome: yf.get_earnings_dates(STE) failed: KeyError: ['Earnings Date']
2026-05-16 02:16:48,367 [WARNING] src.data.fetch_outcome: yf.get_earnings_dates(STWD) failed: KeyError: ['Earnings Date']
2026-05-16 02:16:48,367 [WARNING] src.data.fetch_outcome: yf.get_earnings_dates(SWKS) failed: KeyError: ['Earnings Date']
2026-05-16 02:16:48,367 [WARNING] src.data.fetch_outcome: yf.get_earnings_dates(STAG) failed: KeyError: ['Earnings Date']
2026-05-16 02:16:50,987 [WARNING] src.data.fetch_outcome: yf.get_earnings_dates(SYK) failed: KeyError: ['Earnings Date']
2026-05-16 02:16:50,998 [WARNING] src.data.fetch_outcome: yf.get_earnings_dates(SW) failed: KeyError: ['Earnings Date']
2026-05-16 02:16:50,998 [WARNING] src.data.fetch_outcome: yf.get_earnings_dates(SYF) failed: KeyError: ['Earnings Date']
2026-05-16 02:16:51,006 [WARNING] src.data.fetch_outcome: yf.get_earnings_dates(T) failed: KeyError: ['Earnings Date']
2026-05-16 02:16:51,006 [WARNING] src.data.fetch_outcome: yf.get_earnings_dates(SYY) failed: KeyError: ['Earnings Date']
2026-05-16 02:16:51,006 [WARNING] src.data.fetch_outcome: yf.get_earnings_dates(SWK) failed: KeyError: ['Earnings Date']
2026-05-16 02:16:51,006 [WARNING] src.data.fetch_outcome: yf.get_earnings_dates(TAP) failed: KeyError: ['Earnings Date']
2026-05-16 02:16:51,016 [WARNING] src.data.fetch_outcome: yf.get_earnings_dates(SUI) failed: KeyError: ['Earnings Date']
2026-05-16 02:16:53,674 [WARNING] src.data.fetch_outcome: yf.get_earnings_dates(TEAM) failed: KeyError: ['Earnings Date']
2026-05-16 02:16:53,687 [WARNING] src.data.fetch_outcome: yf.get_earnings_dates(TDC) failed: KeyError: ['Earnings Date']
2026-05-16 02:16:53,687 [WARNING] src.data.fetch_outcome: yf.get_earnings_dates(TEM) failed: KeyError: ['Earnings Date']
2026-05-16 02:16:53,695 [WARNING] src.data.fetch_outcome: yf.get_earnings_dates(TFC) failed: KeyError: ['Earnings Date']
2026-05-16 02:16:53,695 [WARNING] src.data.fetch_outcome: yf.get_earnings_dates(TGT) failed: KeyError: ['Earnings Date']
2026-05-16 02:16:53,695 [WARNING] src.data.fetch_outcome: yf.get_earnings_dates(TDG) failed: KeyError: ['Earnings Date']
2026-05-16 02:16:53,700 [WARNING] src.data.fetch_outcome: yf.get_earnings_dates(TECH) failed: KeyError: ['Earnings Date']
2026-05-16 02:16:53,700 [WARNING] src.data.fetch_outcome: yf.get_earnings_dates(TDY) failed: KeyError: ['Earnings Date']
2026-05-16 02:16:56,380 [WARNING] src.data.fetch_outcome: yf.get_earnings_dates(THG) failed: KeyError: ['Earnings Date']
2026-05-16 02:16:56,386 [WARNING] src.data.fetch_outcome: yf.get_earnings_dates(TER) failed: KeyError: ['Earnings Date']
2026-05-16 02:16:56,388 [WARNING] src.data.fetch_outcome: yf.get_earnings_dates(TFX) failed: KeyError: ['Earnings Date']
2026-05-16 02:16:56,388 [WARNING] src.data.fetch_outcome: yf.get_earnings_dates(TJX) failed: KeyError: ['Earnings Date']
2026-05-16 02:16:56,396 [WARNING] src.data.fetch_outcome: yf.get_earnings_dates(TKO) failed: KeyError: ['Earnings Date']
2026-05-16 02:16:56,398 [WARNING] src.data.fetch_outcome: yf.get_earnings_dates(THO) failed: KeyError: ['Earnings Date']
2026-05-16 02:16:56,398 [WARNING] src.data.fetch_outcome: yf.get_earnings_dates(TFSL) failed: KeyError: ['Earnings Date']
2026-05-16 02:16:56,403 [WARNING] src.data.fetch_outcome: yf.get_earnings_dates(THC) failed: KeyError: ['Earnings Date']
2026-05-16 02:16:58,755 [WARNING] src.data.fetch_outcome: yf.get_earnings_dates(TMO) failed: KeyError: ['Earnings Date']
2026-05-16 02:16:58,764 [WARNING] src.data.fetch_outcome: yf.get_earnings_dates(TMUS) failed: KeyError: ['Earnings Date']
2026-05-16 02:16:58,769 [WARNING] src.data.fetch_outcome: yf.get_earnings_dates(TPL) failed: KeyError: ['Earnings Date']
2026-05-16 02:16:58,773 [WARNING] src.data.fetch_outcome: yf.get_earnings_dates(TOL) failed: KeyError: ['Earnings Date']
2026-05-16 02:16:58,773 [WARNING] src.data.fetch_outcome: yf.get_earnings_dates(TIGO) failed: KeyError: ['Earnings Date']
2026-05-16 02:16:58,773 [WARNING] src.data.fetch_outcome: yf.get_earnings_dates(TOST) failed: KeyError: ['Earnings Date']
2026-05-16 02:16:58,773 [WARNING] src.data.fetch_outcome: yf.get_earnings_dates(TLN) failed: KeyError: ['Earnings Date']
2026-05-16 02:16:58,773 [WARNING] src.data.fetch_outcome: yf.get_earnings_dates(TKR) failed: KeyError: ['Earnings Date']
2026-05-16 02:17:01,311 [WARNING] src.data.fetch_outcome: yf.get_earnings_dates(TNL) failed: KeyError: ['Earnings Date']
2026-05-16 02:17:01,311 [WARNING] src.data.fetch_outcome: yf.get_earnings_dates(TRU) failed: KeyError: ['Earnings Date']
2026-05-16 02:17:01,320 [WARNING] src.data.fetch_outcome: yf.get_earnings_dates(TPR) failed: KeyError: ['Earnings Date']
2026-05-16 02:17:01,320 [WARNING] src.data.fetch_outcome: yf.get_earnings_dates(TRGP) failed: KeyError: ['Earnings Date']
2026-05-16 02:17:01,320 [WARNING] src.data.fetch_outcome: yf.get_earnings_dates(TRMB) failed: KeyError: ['Earnings Date']
2026-05-16 02:17:01,320 [WARNING] src.data.fetch_outcome: yf.get_earnings_dates(TPG) failed: KeyError: ['Earnings Date']
2026-05-16 02:17:01,330 [WARNING] src.data.fetch_outcome: yf.get_earnings_dates(TREX) failed: KeyError: ['Earnings Date']
2026-05-16 02:17:01,330 [WARNING] src.data.fetch_outcome: yf.get_earnings_dates(TRV) failed: KeyError: ['Earnings Date']
2026-05-16 02:17:03,947 [WARNING] src.data.fetch_outcome: yf.get_earnings_dates(TSCO) failed: KeyError: ['Earnings Date']
2026-05-16 02:17:03,959 [WARNING] src.data.fetch_outcome: yf.get_earnings_dates(TTWO) failed: KeyError: ['Earnings Date']
2026-05-16 02:17:03,963 [WARNING] src.data.fetch_outcome: yf.get_earnings_dates(TTC) failed: KeyError: ['Earnings Date']
2026-05-16 02:17:03,967 [WARNING] src.data.fetch_outcome: yf.get_earnings_dates(TSN) failed: KeyError: ['Earnings Date']
2026-05-16 02:17:03,968 [WARNING] src.data.fetch_outcome: yf.get_earnings_dates(TTD) failed: KeyError: ['Earnings Date']
2026-05-16 02:17:03,968 [WARNING] src.data.fetch_outcome: yf.get_earnings_dates(TSLA) failed: KeyError: ['Earnings Date']
2026-05-16 02:17:03,968 [WARNING] src.data.fetch_outcome: yf.get_earnings_dates(TT) failed: KeyError: ['Earnings Date']
2026-05-16 02:17:03,968 [WARNING] src.data.fetch_outcome: yf.get_earnings_dates(TROW) failed: KeyError: ['Earnings Date']
2026-05-16 02:17:06,403 [WARNING] src.data.fetch_outcome: yf.get_earnings_dates(TYL) failed: KeyError: ['Earnings Date']
2026-05-16 02:17:06,413 [WARNING] src.data.fetch_outcome: yf.get_earnings_dates(TTEK) failed: KeyError: ['Earnings Date']
2026-05-16 02:17:06,422 [WARNING] src.data.fetch_outcome: yf.get_earnings_dates(U) failed: KeyError: ['Earnings Date']
2026-05-16 02:17:06,422 [WARNING] src.data.fetch_outcome: yf.get_earnings_dates(TW) failed: KeyError: ['Earnings Date']
2026-05-16 02:17:06,430 [WARNING] src.data.fetch_outcome: yf.get_earnings_dates(TWLO) failed: KeyError: ['Earnings Date']
2026-05-16 02:17:06,430 [WARNING] src.data.fetch_outcome: yf.get_earnings_dates(TXT) failed: KeyError: ['Earnings Date']
2026-05-16 02:17:06,435 [WARNING] src.data.fetch_outcome: yf.get_earnings_dates(TXRH) failed: KeyError: ['Earnings Date']
2026-05-16 02:17:06,438 [WARNING] src.data.fetch_outcome: yf.get_earnings_dates(TXN) failed: KeyError: ['Earnings Date']
2026-05-16 02:17:09,088 [WARNING] src.data.fetch_outcome: yf.get_earnings_dates(UDR) failed: KeyError: ['Earnings Date']
2026-05-16 02:17:09,099 [WARNING] src.data.fetch_outcome: yf.get_earnings_dates(UAL) failed: KeyError: ['Earnings Date']
2026-05-16 02:17:09,099 [WARNING] src.data.fetch_outcome: yf.get_earnings_dates(UHAL) failed: KeyError: ['Earnings Date']
2026-05-16 02:17:09,107 [WARNING] src.data.fetch_outcome: yf.get_earnings_dates(UA) failed: KeyError: ['Earnings Date']
2026-05-16 02:17:09,109 [WARNING] src.data.fetch_outcome: yf.get_earnings_dates(UBER) failed: KeyError: ['Earnings Date']
2026-05-16 02:17:09,112 [WARNING] src.data.fetch_outcome: yf.get_earnings_dates(UHS) failed: KeyError: ['Earnings Date']
2026-05-16 02:17:09,112 [WARNING] src.data.fetch_outcome: yf.get_earnings_dates(UI) failed: KeyError: ['Earnings Date']
2026-05-16 02:17:09,116 [WARNING] src.data.fetch_outcome: yf.get_earnings_dates(UAA) failed: KeyError: ['Earnings Date']
2026-05-16 02:17:11,776 [WARNING] src.data.fetch_outcome: yf.get_earnings_dates(UNH) failed: KeyError: ['Earnings Date']
2026-05-16 02:17:11,781 [WARNING] src.data.fetch_outcome: yf.get_earnings_dates(URI) failed: KeyError: ['Earnings Date']
2026-05-16 02:17:11,786 [WARNING] src.data.fetch_outcome: yf.get_earnings_dates(UGI) failed: KeyError: ['Earnings Date']
2026-05-16 02:17:11,789 [WARNING] src.data.fetch_outcome: yf.get_earnings_dates(ULTA) failed: KeyError: ['Earnings Date']
2026-05-16 02:17:11,792 [WARNING] src.data.fetch_outcome: yf.get_earnings_dates(USFD) failed: KeyError: ['Earnings Date']
2026-05-16 02:17:11,792 [WARNING] src.data.fetch_outcome: yf.get_earnings_dates(UNM) failed: KeyError: ['Earnings Date']
2026-05-16 02:17:11,792 [WARNING] src.data.fetch_outcome: yf.get_earnings_dates(UNP) failed: KeyError: ['Earnings Date']
2026-05-16 02:17:11,792 [WARNING] src.data.fetch_outcome: yf.get_earnings_dates(USB) failed: KeyError: ['Earnings Date']
2026-05-16 02:17:14,301 [WARNING] src.data.fetch_outcome: yf.get_earnings_dates(UPS) failed: KeyError: ['Earnings Date']
2026-05-16 02:17:14,313 [WARNING] src.data.fetch_outcome: yf.get_earnings_dates(VIRT) failed: KeyError: ['Earnings Date']
2026-05-16 02:17:14,313 [WARNING] src.data.fetch_outcome: yf.get_earnings_dates(VIK) failed: KeyError: ['Earnings Date']
2026-05-16 02:17:14,322 [WARNING] src.data.fetch_outcome: yf.get_earnings_dates(VGNT) failed: KeyError: ['Earnings Date']
2026-05-16 02:17:14,322 [WARNING] src.data.fetch_outcome: yf.get_earnings_dates(VFC) failed: KeyError: ['Earnings Date']
2026-05-16 02:17:14,322 [WARNING] src.data.fetch_outcome: yf.get_earnings_dates(UWMC) failed: KeyError: ['Earnings Date']
2026-05-16 02:17:14,328 [WARNING] src.data.fetch_outcome: yf.get_earnings_dates(VEEV) failed: KeyError: ['Earnings Date']
2026-05-16 02:17:14,330 [WARNING] src.data.fetch_outcome: yf.get_earnings_dates(UTHR) failed: KeyError: ['Earnings Date']
2026-05-16 02:17:16,811 [WARNING] src.data.fetch_outcome: yf.get_earnings_dates(V) failed: KeyError: ['Earnings Date']
2026-05-16 02:17:16,811 [WARNING] src.data.fetch_outcome: yf.get_earnings_dates(VNT) failed: KeyError: ['Earnings Date']
2026-05-16 02:17:16,811 [WARNING] src.data.fetch_outcome: yf.get_earnings_dates(VICI) failed: KeyError: ['Earnings Date']
2026-05-16 02:17:16,821 [WARNING] src.data.fetch_outcome: yf.get_earnings_dates(VLTO) failed: KeyError: ['Earnings Date']
2026-05-16 02:17:16,821 [WARNING] src.data.fetch_outcome: yf.get_earnings_dates(VNO) failed: KeyError: ['Earnings Date']
2026-05-16 02:17:16,825 [WARNING] src.data.fetch_outcome: yf.get_earnings_dates(VLO) failed: KeyError: ['Earnings Date']
2026-05-16 02:17:16,825 [WARNING] src.data.fetch_outcome: yf.get_earnings_dates(VKTX) failed: KeyError: ['Earnings Date']
2026-05-16 02:17:16,825 [WARNING] src.data.fetch_outcome: yf.get_earnings_dates(VMI) failed: KeyError: ['Earnings Date']
2026-05-16 02:17:19,414 [WARNING] src.data.fetch_outcome: yf.get_earnings_dates(VRSK) failed: KeyError: ['Earnings Date']
2026-05-16 02:17:19,432 [WARNING] src.data.fetch_outcome: yf.get_earnings_dates(VMC) failed: KeyError: ['Earnings Date']
2026-05-16 02:17:19,438 [WARNING] src.data.fetch_outcome: yf.get_earnings_dates(VRTX) failed: KeyError: ['Earnings Date']
2026-05-16 02:17:19,441 [WARNING] src.data.fetch_outcome: yf.get_earnings_dates(VRT) failed: KeyError: ['Earnings Date']
2026-05-16 02:17:19,441 [WARNING] src.data.fetch_outcome: yf.get_earnings_dates(VOYA) failed: KeyError: ['Earnings Date']
2026-05-16 02:17:19,441 [WARNING] src.data.fetch_outcome: yf.get_earnings_dates(VRSN) failed: KeyError: ['Earnings Date']
2026-05-16 02:17:19,441 [WARNING] src.data.fetch_outcome: yf.get_earnings_dates(VSNT) failed: KeyError: ['Earnings Date']
2026-05-16 02:17:19,449 [WARNING] src.data.fetch_outcome: yf.get_earnings_dates(VNOM) failed: KeyError: ['Earnings Date']
2026-05-16 02:17:22,082 [WARNING] src.data.fetch_outcome: yf.get_earnings_dates(W) failed: KeyError: ['Earnings Date']
2026-05-16 02:17:22,085 [WARNING] src.data.fetch_outcome: yf.get_earnings_dates(VZ) failed: KeyError: ['Earnings Date']
2026-05-16 02:17:22,091 [WARNING] src.data.fetch_outcome: yf.get_earnings_dates(VTR) failed: KeyError: ['Earnings Date']
2026-05-16 02:17:22,091 [WARNING] src.data.fetch_outcome: yf.get_earnings_dates(VVV) failed: KeyError: ['Earnings Date']
2026-05-16 02:17:22,091 [WARNING] src.data.fetch_outcome: yf.get_earnings_dates(VTRS) failed: KeyError: ['Earnings Date']
2026-05-16 02:17:22,091 [WARNING] src.data.fetch_outcome: yf.get_earnings_dates(WBD) failed: KeyError: ['Earnings Date']
2026-05-16 02:17:22,101 [WARNING] src.data.fetch_outcome: yf.get_earnings_dates(VST) failed: KeyError: ['Earnings Date']
2026-05-16 02:17:22,105 [WARNING] src.data.fetch_outcome: yf.get_earnings_dates(WAB) failed: KeyError: ['Earnings Date']
2026-05-16 02:17:24,619 [WARNING] src.data.fetch_outcome: yf.get_earnings_dates(WCC) failed: KeyError: ['Earnings Date']
2026-05-16 02:17:24,619 [WARNING] src.data.fetch_outcome: yf.get_earnings_dates(WEX) failed: KeyError: ['Earnings Date']
2026-05-16 02:17:24,619 [WARNING] src.data.fetch_outcome: yf.get_earnings_dates(WAL) failed: KeyError: ['Earnings Date']
2026-05-16 02:17:24,628 [WARNING] src.data.fetch_outcome: yf.get_earnings_dates(WAT) failed: KeyError: ['Earnings Date']
2026-05-16 02:17:24,629 [WARNING] src.data.fetch_outcome: yf.get_earnings_dates(WDC) failed: KeyError: ['Earnings Date']
2026-05-16 02:17:24,629 [WARNING] src.data.fetch_outcome: yf.get_earnings_dates(WELL) failed: KeyError: ['Earnings Date']
2026-05-16 02:17:24,629 [WARNING] src.data.fetch_outcome: yf.get_earnings_dates(WDAY) failed: KeyError: ['Earnings Date']
2026-05-16 02:17:24,629 [WARNING] src.data.fetch_outcome: yf.get_earnings_dates(WBS) failed: KeyError: ['Earnings Date']
2026-05-16 02:17:27,261 [WARNING] src.data.fetch_outcome: yf.get_earnings_dates(WING) failed: KeyError: ['Earnings Date']
2026-05-16 02:17:27,275 [WARNING] src.data.fetch_outcome: yf.get_earnings_dates(WHR) failed: KeyError: ['Earnings Date']
2026-05-16 02:17:27,275 [WARNING] src.data.fetch_outcome: yf.get_earnings_dates(WM) failed: KeyError: ['Earnings Date']
2026-05-16 02:17:27,275 [WARNING] src.data.fetch_outcome: yf.get_earnings_dates(WFC) failed: KeyError: ['Earnings Date']
2026-05-16 02:17:27,285 [WARNING] src.data.fetch_outcome: yf.get_earnings_dates(WEC) failed: KeyError: ['Earnings Date']
2026-05-16 02:17:27,287 [WARNING] src.data.fetch_outcome: yf.get_earnings_dates(WEN) failed: KeyError: ['Earnings Date']
2026-05-16 02:17:27,287 [WARNING] src.data.fetch_outcome: yf.get_earnings_dates(WFRD) failed: KeyError: ['Earnings Date']
2026-05-16 02:17:27,287 [WARNING] src.data.fetch_outcome: yf.get_earnings_dates(WLK) failed: KeyError: ['Earnings Date']
2026-05-16 02:17:29,736 [WARNING] src.data.fetch_outcome: yf.get_earnings_dates(WMB) failed: KeyError: ['Earnings Date']
2026-05-16 02:17:29,745 [WARNING] src.data.fetch_outcome: yf.get_earnings_dates(WPC) failed: KeyError: ['Earnings Date']
2026-05-16 02:17:29,745 [WARNING] src.data.fetch_outcome: yf.get_earnings_dates(WST) failed: KeyError: ['Earnings Date']
2026-05-16 02:17:29,745 [WARNING] src.data.fetch_outcome: yf.get_earnings_dates(WRB) failed: KeyError: ['Earnings Date']
2026-05-16 02:17:29,745 [WARNING] src.data.fetch_outcome: yf.get_earnings_dates(WSO) failed: KeyError: ['Earnings Date']
2026-05-16 02:17:29,755 [WARNING] src.data.fetch_outcome: yf.get_earnings_dates(WSC) failed: KeyError: ['Earnings Date']
2026-05-16 02:17:29,755 [WARNING] src.data.fetch_outcome: yf.get_earnings_dates(WMS) failed: KeyError: ['Earnings Date']
2026-05-16 02:17:29,759 [WARNING] src.data.fetch_outcome: yf.get_earnings_dates(WH) failed: KeyError: ['Earnings Date']
2026-05-16 02:17:32,306 [WARNING] src.data.fetch_outcome: yf.get_earnings_dates(WTRG) failed: KeyError: ['Earnings Date']
2026-05-16 02:17:32,311 [WARNING] src.data.fetch_outcome: yf.get_earnings_dates(WTFC) failed: KeyError: ['Earnings Date']
2026-05-16 02:17:32,318 [WARNING] src.data.fetch_outcome: yf.get_earnings_dates(WMT) failed: KeyError: ['Earnings Date']
2026-05-16 02:17:32,319 [WARNING] src.data.fetch_outcome: yf.get_earnings_dates(WU) failed: KeyError: ['Earnings Date']
2026-05-16 02:17:32,319 [WARNING] src.data.fetch_outcome: yf.get_earnings_dates(WTW) failed: KeyError: ['Earnings Date']
2026-05-16 02:17:32,319 [WARNING] src.data.fetch_outcome: yf.get_earnings_dates(XP) failed: KeyError: ['Earnings Date']
2026-05-16 02:17:32,319 [WARNING] src.data.fetch_outcome: yf.get_earnings_dates(WTM) failed: KeyError: ['Earnings Date']
2026-05-16 02:17:32,327 [WARNING] src.data.fetch_outcome: yf.get_earnings_dates(WSM) failed: KeyError: ['Earnings Date']
2026-05-16 02:17:34,620 [WARNING] src.data.fetch_outcome: yf.get_earnings_dates(WY) failed: KeyError: ['Earnings Date']
2026-05-16 02:17:34,804 [WARNING] src.data.fetch_outcome: yf.get_earnings_dates(XEL) failed: KeyError: ['Earnings Date']
2026-05-16 02:17:34,805 [WARNING] src.data.fetch_outcome: yf.get_earnings_dates(YUM) failed: KeyError: ['Earnings Date']
2026-05-16 02:17:34,805 [WARNING] src.data.fetch_outcome: yf.get_earnings_dates(XPO) failed: KeyError: ['Earnings Date']
2026-05-16 02:17:34,805 [WARNING] src.data.fetch_outcome: yf.get_earnings_dates(WYNN) failed: KeyError: ['Earnings Date']
2026-05-16 02:17:34,805 [WARNING] src.data.fetch_outcome: yf.get_earnings_dates(WWD) failed: KeyError: ['Earnings Date']
2026-05-16 02:17:34,815 [WARNING] src.data.fetch_outcome: yf.get_earnings_dates(XOM) failed: KeyError: ['Earnings Date']
2026-05-16 02:17:34,815 [WARNING] src.data.fetch_outcome: yf.get_earnings_dates(XYZ) failed: KeyError: ['Earnings Date']
2026-05-16 02:17:37,301 [WARNING] src.data.fetch_outcome: yf.get_earnings_dates(XRAY) failed: KeyError: ['Earnings Date']
2026-05-16 02:17:37,309 [WARNING] src.data.fetch_outcome: yf.get_earnings_dates(YETI) failed: KeyError: ['Earnings Date']
2026-05-16 02:17:37,313 [WARNING] src.data.fetch_outcome: yf.get_earnings_dates(ZBRA) failed: KeyError: ['Earnings Date']
2026-05-16 02:17:37,313 [WARNING] src.data.fetch_outcome: yf.get_earnings_dates(ZBH) failed: KeyError: ['Earnings Date']
2026-05-16 02:17:37,319 [WARNING] src.data.fetch_outcome: yf.get_earnings_dates(ZS) failed: KeyError: ['Earnings Date']
2026-05-16 02:17:37,323 [WARNING] src.data.fetch_outcome: yf.get_earnings_dates(Z) failed: KeyError: ['Earnings Date']
2026-05-16 02:17:37,323 [WARNING] src.data.fetch_outcome: yf.get_earnings_dates(ZG) failed: KeyError: ['Earnings Date']
2026-05-16 02:17:37,323 [WARNING] src.data.fetch_outcome: yf.get_earnings_dates(XYL) failed: KeyError: ['Earnings Date']
2026-05-16 02:17:38,546 [WARNING] src.data.fetch_outcome: yf.get_earnings_dates(ZION) failed: KeyError: ['Earnings Date']
2026-05-16 02:17:39,143 [WARNING] src.data.fetch_outcome: yf.get_earnings_dates(SN) failed: KeyError: ['Earnings Date']
2026-05-16 02:17:39,143 [WARNING] src.data.fetch_outcome: yf.get_earnings_dates(ZTS) failed: KeyError: ['Earnings Date']
2026-05-16 02:17:39,143 [WARNING] src.data.fetch_outcome: yf.get_earnings_dates(ZM) failed: KeyError: ['Earnings Date']
2026-05-16 02:17:39,143 [INFO] analyzer_ic_report: Building score panel 2022-05-13 -> 2024-05-13...
2026-05-16 02:43:15,824 [INFO] analyzer_ic_report: Wrote panel cache to data\baseline\score_panel_2022_2024.csv
2026-05-16 02:43:15,824 [INFO] analyzer_ic_report: Score panel rows: 97406
2026-05-16 02:43:15,824 [INFO] analyzer_ic_report: Building price matrix...
2026-05-16 02:43:16,069 [INFO] analyzer_ic_report: Computing IC for factor=technical ...
C:\Users\Eran Daniel\Desktop\Personal\StockNew\src\research\diagnostic_service.py:337: FutureWarning: The previous implementation of stack is deprecated and will be removed in a future version of pandas. See the What's New notes for pandas 2.1.0 for details. Specify future_stack=True to adopt the new implementation and silence this warning.
  series = wide.stack(dropna=True)
2026-05-16 02:43:19,661 [INFO] analyzer_ic_report: Computing IC for factor=fundamental ...
C:\Users\Eran Daniel\Desktop\Personal\StockNew\src\research\diagnostic_service.py:337: FutureWarning: The previous implementation of stack is deprecated and will be removed in a future version of pandas. See the What's New notes for pandas 2.1.0 for details. Specify future_stack=True to adopt the new implementation and silence this warning.
  series = wide.stack(dropna=True)
2026-05-16 02:43:21,466 [INFO] analyzer_ic_report: Computing IC for factor=statistical ...
C:\Users\Eran Daniel\Desktop\Personal\StockNew\src\research\diagnostic_service.py:337: FutureWarning: The previous implementation of stack is deprecated and will be removed in a future version of pandas. See the What's New notes for pandas 2.1.0 for details. Specify future_stack=True to adopt the new implementation and silence this warning.
  series = wide.stack(dropna=True)
2026-05-16 02:43:23,568 [INFO] analyzer_ic_report: Computing IC for factor=pattern ...
C:\Users\Eran Daniel\Desktop\Personal\StockNew\src\research\diagnostic_service.py:337: FutureWarning: The previous implementation of stack is deprecated and will be removed in a future version of pandas. See the What's New notes for pandas 2.1.0 for details. Specify future_stack=True to adopt the new implementation and silence this warning.
  series = wide.stack(dropna=True)
2026-05-16 02:43:24,321 [WARNING] analyzer_ic_report: alphalens failed for factor=pattern: max_loss (50.0%) exceeded 80.0%, consider increasing it.
2026-05-16 02:43:24,321 [INFO] analyzer_ic_report: Computing IC for factor=trend ...
C:\Users\Eran Daniel\Desktop\Personal\StockNew\src\research\diagnostic_service.py:337: FutureWarning: The previous implementation of stack is deprecated and will be removed in a future version of pandas. See the What's New notes for pandas 2.1.0 for details. Specify future_stack=True to adopt the new implementation and silence this warning.
  series = wide.stack(dropna=True)
2026-05-16 02:43:25,838 [INFO] analyzer_ic_report: Computing IC for factor=alpha158 ...
C:\Users\Eran Daniel\Desktop\Personal\StockNew\src\research\diagnostic_service.py:337: FutureWarning: The previous implementation of stack is deprecated and will be removed in a future version of pandas. See the What's New notes for pandas 2.1.0 for details. Specify future_stack=True to adopt the new implementation and silence this warning.
  series = wide.stack(dropna=True)
2026-05-16 02:43:27,789 [INFO] analyzer_ic_report: Computing IC for factor=composite ...
C:\Users\Eran Daniel\Desktop\Personal\StockNew\src\research\diagnostic_service.py:337: FutureWarning: The previous implementation of stack is deprecated and will be removed in a future version of pandas. See the What's New notes for pandas 2.1.0 for details. Specify future_stack=True to adopt the new implementation and silence this warning.
  series = wide.stack(dropna=True)
2026-05-16 02:43:29,582 [INFO] analyzer_ic_report: Wrote reports\analyzer_ic_2022_2024.md + reports\analyzer_ic_2022_2024.json
