2026-05-16 08:11:36,618 [INFO] freeze_snapshot: Snapshot: window 2024-05-13 -> 2026-05-13 | fetch 2023-04-09 -> 2026-05-27 | universe russell_1000 (1002 tickers)
2026-05-16 08:11:36,621 [INFO] freeze_snapshot: Fetching prices (period=5y)...
2026-05-16 08:11:41,145 [ERROR] yfinance: $BFB: possibly delisted; no price data found  (period=5y) (Yahoo error = "No data found, symbol may be delisted")
2026-05-16 08:11:41,152 [WARNING] src.data.fetcher: No price data returned for BFB
2026-05-16 08:11:42,098 [ERROR] yfinance: $HEIA: possibly delisted; no price data found  (period=5y) (Yahoo error = "No data found, symbol may be delisted")
2026-05-16 08:11:42,128 [WARNING] src.data.fetcher: No price data returned for HEIA
2026-05-16 08:11:42,128 [ERROR] yfinance: $LENB: possibly delisted; no price data found  (period=5y) (Yahoo error = "No data found, symbol may be delisted")
2026-05-16 08:11:42,128 [WARNING] src.data.fetcher: No price data returned for LENB
2026-05-16 08:11:42,772 [ERROR] yfinance: $BFA: possibly delisted; no price data found  (period=5y) (Yahoo error = "No data found, symbol may be delisted")
2026-05-16 08:11:42,787 [WARNING] src.data.fetcher: No price data returned for BFA
2026-05-16 08:11:43,562 [ERROR] yfinance: $BRKB: possibly delisted; no price data found  (period=5y) (Yahoo error = "No data found, symbol may be delisted")
2026-05-16 08:11:43,562 [WARNING] src.data.fetcher: No price data returned for BRKB
2026-05-16 08:11:44,244 [ERROR] yfinance: $UHALB: possibly delisted; no price data found  (period=5y) (Yahoo error = "No data found, symbol may be delisted")
2026-05-16 08:11:44,244 [WARNING] src.data.fetcher: No price data returned for UHALB
2026-05-16 08:11:44,252 [INFO] src.data.fetcher: Fetched price data for 996/1002 tickers (workers=10)
2026-05-16 08:11:44,551 [INFO] freeze_snapshot: Fetching fundamentals...
2026-05-16 08:11:45,380 [WARNING] src.data.fundamentals: No fundamental data for BFA
2026-05-16 08:11:45,539 [WARNING] src.data.fundamentals: No fundamental data for BRKB
2026-05-16 08:11:45,571 [WARNING] src.data.fundamentals: No fundamental data for BFB
2026-05-16 08:11:45,571 [WARNING] src.data.fundamentals: No fundamental data for HEIA
2026-05-16 08:11:45,571 [ERROR] yfinance: HTTP Error 404: {"quoteSummary":{"result":null,"error":{"code":"Not Found","description":"Quote not found for symbol: LENB"}}}
2026-05-16 08:11:46,081 [WARNING] src.data.fundamentals: No fundamental data for NIQ
2026-05-16 08:11:46,130 [WARNING] src.data.fundamentals: No fundamental data for UHALB
2026-05-16 08:11:46,406 [WARNING] src.data.fundamentals: No fundamental data for LENB
2026-05-16 08:11:46,406 [INFO] src.data.fundamentals: Fetched fundamentals for 995/1002 tickers (workers=10)
2026-05-16 08:11:46,406 [INFO] freeze_snapshot: Fetching earnings history...
2026-05-16 08:13:29,904 [ERROR] yfinance: FLEX: No earnings dates found, symbol may be delisted
2026-05-16 08:13:30,388 [ERROR] yfinance: FNF: No earnings dates found, symbol may be delisted
2026-05-16 08:13:30,463 [ERROR] yfinance: FLS: No earnings dates found, symbol may be delisted
2026-05-16 08:13:30,728 [ERROR] yfinance: FIVE: No earnings dates found, symbol may be delisted
2026-05-16 08:13:30,803 [ERROR] yfinance: FND: No earnings dates found, symbol may be delisted
2026-05-16 08:13:30,803 [ERROR] yfinance: FNB: No earnings dates found, symbol may be delisted
2026-05-16 08:13:30,912 [ERROR] yfinance: FMC: No earnings dates found, symbol may be delisted
2026-05-16 08:13:30,975 [ERROR] yfinance: FLUT: No earnings dates found, symbol may be delisted
2026-05-16 08:13:31,189 [ERROR] yfinance: FIX: No earnings dates found, symbol may be delisted
2026-05-16 08:13:31,274 [ERROR] yfinance: FLO: No earnings dates found, symbol may be delisted
2026-05-16 08:13:31,369 [ERROR] yfinance: FR: No earnings dates found, symbol may be delisted
2026-05-16 08:13:31,961 [ERROR] yfinance: FOUR: No earnings dates found, symbol may be delisted
2026-05-16 08:13:32,085 [ERROR] yfinance: FRMI: No earnings dates found, symbol may be delisted
2026-05-16 08:13:32,149 [ERROR] yfinance: FRT: No earnings dates found, symbol may be delisted
2026-05-16 08:13:32,341 [ERROR] yfinance: FRPT: No earnings dates found, symbol may be delisted
2026-05-16 08:13:32,455 [ERROR] yfinance: FSLR: No earnings dates found, symbol may be delisted
2026-05-16 08:13:32,556 [ERROR] yfinance: FOXA: No earnings dates found, symbol may be delisted
2026-05-16 08:13:32,747 [ERROR] yfinance: FOX: No earnings dates found, symbol may be delisted
2026-05-16 08:13:32,844 [ERROR] yfinance: FRHC: No earnings dates found, symbol may be delisted
2026-05-16 08:13:32,926 [ERROR] yfinance: FTAI: No earnings dates found, symbol may be delisted
2026-05-16 08:13:33,025 [ERROR] yfinance: FTNT: No earnings dates found, symbol may be delisted
2026-05-16 08:13:33,250 [ERROR] yfinance: FTI: No earnings dates found, symbol may be delisted
2026-05-16 08:13:33,402 [ERROR] yfinance: FTV: No earnings dates found, symbol may be delisted
2026-05-16 08:13:33,432 [ERROR] yfinance: FWONA: No earnings dates found, symbol may be delisted
2026-05-16 08:13:33,626 [ERROR] yfinance: FWONK: No earnings dates found, symbol may be delisted
2026-05-16 08:13:33,745 [ERROR] yfinance: G: No earnings dates found, symbol may be delisted
2026-05-16 08:13:33,830 [ERROR] yfinance: GD: No earnings dates found, symbol may be delisted
2026-05-16 08:13:34,044 [ERROR] yfinance: GAP: No earnings dates found, symbol may be delisted
2026-05-16 08:13:34,137 [ERROR] yfinance: DHI: No earnings dates found, symbol may be delisted
2026-05-16 08:13:34,279 [ERROR] yfinance: GDDY: No earnings dates found, symbol may be delisted
2026-05-16 08:13:34,332 [ERROR] yfinance: GE: No earnings dates found, symbol may be delisted
2026-05-16 08:13:34,538 [ERROR] yfinance: GEHC: No earnings dates found, symbol may be delisted
2026-05-16 08:13:34,693 [ERROR] yfinance: GEN: No earnings dates found, symbol may be delisted
2026-05-16 08:13:34,724 [ERROR] yfinance: GEV: No earnings dates found, symbol may be delisted
2026-05-16 08:13:34,951 [ERROR] yfinance: GGG: No earnings dates found, symbol may be delisted
2026-05-16 08:13:35,041 [ERROR] yfinance: GIS: No earnings dates found, symbol may be delisted
2026-05-16 08:13:35,132 [ERROR] yfinance: GFS: No earnings dates found, symbol may be delisted
2026-05-16 08:13:35,346 [ERROR] yfinance: GLIBK: No earnings dates found, symbol may be delisted
2026-05-16 08:13:35,439 [ERROR] yfinance: GILD: No earnings dates found, symbol may be delisted
2026-05-16 08:13:35,548 [ERROR] yfinance: GLOB: No earnings dates found, symbol may be delisted
2026-05-16 08:13:35,786 [ERROR] yfinance: GLIBA: No earnings dates found, symbol may be delisted
2026-05-16 08:13:35,806 [ERROR] yfinance: GL: No earnings dates found, symbol may be delisted
2026-05-16 08:13:35,899 [ERROR] yfinance: GLW: No earnings dates found, symbol may be delisted
2026-05-16 08:13:35,995 [ERROR] yfinance: GME: No earnings dates found, symbol may be delisted
2026-05-16 08:13:36,200 [ERROR] yfinance: GLPI: No earnings dates found, symbol may be delisted
2026-05-16 08:13:36,281 [ERROR] yfinance: GNRC: No earnings dates found, symbol may be delisted
2026-05-16 08:13:36,373 [ERROR] yfinance: GM: No earnings dates found, symbol may be delisted
2026-05-16 08:13:36,571 [ERROR] yfinance: GOOG: No earnings dates found, symbol may be delisted
2026-05-16 08:13:36,692 [ERROR] yfinance: GMED: No earnings dates found, symbol may be delisted
2026-05-16 08:13:36,766 [ERROR] yfinance: GPC: No earnings dates found, symbol may be delisted
2026-05-16 08:13:37,035 [ERROR] yfinance: GNTX: No earnings dates found, symbol may be delisted
2026-05-16 08:13:37,117 [ERROR] yfinance: GOOGL: No earnings dates found, symbol may be delisted
2026-05-16 08:13:37,192 [ERROR] yfinance: GPK: No earnings dates found, symbol may be delisted
2026-05-16 08:13:37,407 [ERROR] yfinance: GPN: No earnings dates found, symbol may be delisted
2026-05-16 08:13:37,501 [ERROR] yfinance: GRMN: No earnings dates found, symbol may be delisted
2026-05-16 08:13:37,606 [ERROR] yfinance: GS: No earnings dates found, symbol may be delisted
2026-05-16 08:13:37,699 [ERROR] yfinance: GTES: No earnings dates found, symbol may be delisted
2026-05-16 08:13:37,892 [ERROR] yfinance: GTLB: No earnings dates found, symbol may be delisted
2026-05-16 08:13:37,975 [ERROR] yfinance: GXO: No earnings dates found, symbol may be delisted
2026-05-16 08:13:38,056 [ERROR] yfinance: GWW: No earnings dates found, symbol may be delisted
2026-05-16 08:13:38,280 [ERROR] yfinance: HAS: No earnings dates found, symbol may be delisted
2026-05-16 08:13:38,389 [ERROR] yfinance: GTM: No earnings dates found, symbol may be delisted
2026-05-16 08:13:38,497 [ERROR] yfinance: H: No earnings dates found, symbol may be delisted
2026-05-16 08:13:38,722 [ERROR] yfinance: GWRE: No earnings dates found, symbol may be delisted
2026-05-16 08:13:38,812 [ERROR] yfinance: HAL: No earnings dates found, symbol may be delisted
2026-05-16 08:13:38,902 [ERROR] yfinance: HALO: No earnings dates found, symbol may be delisted
2026-05-16 08:13:39,015 [ERROR] yfinance: HBAN: No earnings dates found, symbol may be delisted
2026-05-16 08:13:39,229 [ERROR] yfinance: HD: No earnings dates found, symbol may be delisted
2026-05-16 08:13:39,323 [ERROR] yfinance: HEI: No earnings dates found, symbol may be delisted
2026-05-16 08:13:39,404 [ERROR] yfinance: HAYW: No earnings dates found, symbol may be delisted
2026-05-16 08:13:39,603 [ERROR] yfinance: HII: No earnings dates found, symbol may be delisted
2026-05-16 08:13:39,694 [ERROR] yfinance: HHH: No earnings dates found, symbol may be delisted
2026-05-16 08:13:39,803 [ERROR] yfinance: HIG: No earnings dates found, symbol may be delisted
2026-05-16 08:13:39,993 [ERROR] yfinance: HCA: No earnings dates found, symbol may be delisted
2026-05-16 08:13:40,102 [ERROR] yfinance: HIW: No earnings dates found, symbol may be delisted
2026-05-16 08:13:40,195 [ERROR] yfinance: HLNE: No earnings dates found, symbol may be delisted
2026-05-16 08:13:40,369 [ERROR] yfinance: HLI: No earnings dates found, symbol may be delisted
2026-05-16 08:13:40,486 [ERROR] yfinance: HON: No earnings dates found, symbol may be delisted
2026-05-16 08:13:40,563 [ERROR] yfinance: HOG: No earnings dates found, symbol may be delisted
2026-05-16 08:13:40,694 [ERROR] yfinance: HOOD: No earnings dates found, symbol may be delisted
2026-05-16 08:13:40,907 [ERROR] yfinance: HLT: No earnings dates found, symbol may be delisted
2026-05-16 08:13:41,008 [ERROR] yfinance: HR: No earnings dates found, symbol may be delisted
2026-05-16 08:13:41,094 [ERROR] yfinance: HPQ: No earnings dates found, symbol may be delisted
2026-05-16 08:13:41,273 [ERROR] yfinance: HRL: No earnings dates found, symbol may be delisted
2026-05-16 08:13:41,366 [ERROR] yfinance: HRB: No earnings dates found, symbol may be delisted
2026-05-16 08:13:41,467 [ERROR] yfinance: HPE: No earnings dates found, symbol may be delisted
2026-05-16 08:13:41,681 [ERROR] yfinance: HST: No earnings dates found, symbol may be delisted
2026-05-16 08:13:41,814 [ERROR] yfinance: HSY: No earnings dates found, symbol may be delisted
2026-05-16 08:13:41,865 [ERROR] yfinance: HSIC: No earnings dates found, symbol may be delisted
2026-05-16 08:13:41,977 [ERROR] yfinance: HUBB: No earnings dates found, symbol may be delisted
2026-05-16 08:13:42,190 [ERROR] yfinance: HUBS: No earnings dates found, symbol may be delisted
2026-05-16 08:13:42,281 [ERROR] yfinance: HWM: No earnings dates found, symbol may be delisted
2026-05-16 08:13:42,387 [ERROR] yfinance: HUN: No earnings dates found, symbol may be delisted
2026-05-16 08:13:42,598 [ERROR] yfinance: IBKR: No earnings dates found, symbol may be delisted
2026-05-16 08:13:42,699 [ERROR] yfinance: HXL: No earnings dates found, symbol may be delisted
2026-05-16 08:13:42,795 [ERROR] yfinance: HUM: No earnings dates found, symbol may be delisted
2026-05-16 08:13:43,043 [ERROR] yfinance: ICE: No earnings dates found, symbol may be delisted
2026-05-16 08:13:43,152 [ERROR] yfinance: IAC: No earnings dates found, symbol may be delisted
2026-05-16 08:13:43,244 [ERROR] yfinance: IDXX: No earnings dates found, symbol may be delisted
2026-05-16 08:13:43,450 [ERROR] yfinance: IBM: No earnings dates found, symbol may be delisted
2026-05-16 08:13:43,540 [ERROR] yfinance: IDA: No earnings dates found, symbol may be delisted
2026-05-16 08:13:43,634 [ERROR] yfinance: IFF: No earnings dates found, symbol may be delisted
2026-05-16 08:13:43,866 [ERROR] yfinance: ILMN: No earnings dates found, symbol may be delisted
2026-05-16 08:13:43,912 [ERROR] yfinance: INGM: No earnings dates found, symbol may be delisted
2026-05-16 08:13:43,994 [ERROR] yfinance: INSP: No earnings dates found, symbol may be delisted
2026-05-16 08:13:44,087 [ERROR] yfinance: INCY: No earnings dates found, symbol may be delisted
2026-05-16 08:13:44,352 [ERROR] yfinance: INGR: No earnings dates found, symbol may be delisted
2026-05-16 08:13:44,449 [ERROR] yfinance: INTC: No earnings dates found, symbol may be delisted
2026-05-16 08:13:44,536 [ERROR] yfinance: INSM: No earnings dates found, symbol may be delisted
2026-05-16 08:13:44,751 [ERROR] yfinance: INTU: No earnings dates found, symbol may be delisted
2026-05-16 08:13:44,831 [ERROR] yfinance: IEX: No earnings dates found, symbol may be delisted
2026-05-16 08:13:44,929 [ERROR] yfinance: INVH: No earnings dates found, symbol may be delisted
2026-05-16 08:13:45,025 [ERROR] yfinance: IP: No earnings dates found, symbol may be delisted
2026-05-16 08:13:45,252 [ERROR] yfinance: IONS: No earnings dates found, symbol may be delisted
2026-05-16 08:13:45,464 [ERROR] yfinance: IQV: No earnings dates found, symbol may be delisted
2026-05-16 08:13:45,471 [ERROR] yfinance: IOT: No earnings dates found, symbol may be delisted
2026-05-16 08:13:45,672 [ERROR] yfinance: IR: No earnings dates found, symbol may be delisted
2026-05-16 08:13:45,779 [ERROR] yfinance: IRDM: No earnings dates found, symbol may be delisted
2026-05-16 08:13:45,888 [ERROR] yfinance: IRM: No earnings dates found, symbol may be delisted
2026-05-16 08:13:46,081 [ERROR] yfinance: ITW: No earnings dates found, symbol may be delisted
2026-05-16 08:13:46,209 [ERROR] yfinance: IT: No earnings dates found, symbol may be delisted
2026-05-16 08:13:46,283 [ERROR] yfinance: ITT: No earnings dates found, symbol may be delisted
2026-05-16 08:13:46,484 [ERROR] yfinance: J: No earnings dates found, symbol may be delisted
2026-05-16 08:13:46,566 [ERROR] yfinance: ISRG: No earnings dates found, symbol may be delisted
2026-05-16 08:13:46,672 [ERROR] yfinance: JBL: No earnings dates found, symbol may be delisted
2026-05-16 08:13:46,780 [ERROR] yfinance: JAZZ: No earnings dates found, symbol may be delisted
2026-05-16 08:13:46,985 [ERROR] yfinance: IVZ: No earnings dates found, symbol may be delisted
2026-05-16 08:13:47,082 [ERROR] yfinance: JBHT: No earnings dates found, symbol may be delisted
2026-05-16 08:13:47,167 [ERROR] yfinance: JCI: No earnings dates found, symbol may be delisted
2026-05-16 08:13:47,370 [ERROR] yfinance: JEF: No earnings dates found, symbol may be delisted
2026-05-16 08:13:47,468 [ERROR] yfinance: JHX: No earnings dates found, symbol may be delisted
2026-05-16 08:13:47,565 [ERROR] yfinance: JKHY: No earnings dates found, symbol may be delisted
2026-05-16 08:13:47,781 [ERROR] yfinance: JHG: No earnings dates found, symbol may be delisted
2026-05-16 08:13:47,872 [ERROR] yfinance: JLL: No earnings dates found, symbol may be delisted
2026-05-16 08:13:47,959 [ERROR] yfinance: KBR: No earnings dates found, symbol may be delisted
2026-05-16 08:13:48,040 [ERROR] yfinance: JPM: No earnings dates found, symbol may be delisted
2026-05-16 08:13:48,253 [ERROR] yfinance: KD: No earnings dates found, symbol may be delisted
2026-05-16 08:13:48,342 [ERROR] yfinance: JNJ: No earnings dates found, symbol may be delisted
2026-05-16 08:13:48,439 [ERROR] yfinance: KDP: No earnings dates found, symbol may be delisted
2026-05-16 08:13:48,645 [ERROR] yfinance: KEY: No earnings dates found, symbol may be delisted
2026-05-16 08:13:48,755 [ERROR] yfinance: KEX: No earnings dates found, symbol may be delisted
2026-05-16 08:13:48,911 [ERROR] yfinance: KEYS: No earnings dates found, symbol may be delisted
2026-05-16 08:13:49,083 [ERROR] yfinance: KIM: No earnings dates found, symbol may be delisted
2026-05-16 08:13:49,187 [ERROR] yfinance: KLAC: No earnings dates found, symbol may be delisted
2026-05-16 08:13:49,283 [ERROR] yfinance: KKR: No earnings dates found, symbol may be delisted
2026-05-16 08:13:49,483 [ERROR] yfinance: KHC: No earnings dates found, symbol may be delisted
2026-05-16 08:13:49,617 [ERROR] yfinance: KMPR: No earnings dates found, symbol may be delisted
2026-05-16 08:13:49,698 [ERROR] yfinance: KMI: No earnings dates found, symbol may be delisted
2026-05-16 08:13:50,001 [ERROR] yfinance: KMX: No earnings dates found, symbol may be delisted
2026-05-16 08:13:50,035 [ERROR] yfinance: KMB: No earnings dates found, symbol may be delisted
2026-05-16 08:13:50,121 [ERROR] yfinance: KNSL: No earnings dates found, symbol may be delisted
2026-05-16 08:13:50,266 [ERROR] yfinance: KRMN: No earnings dates found, symbol may be delisted
2026-05-16 08:13:50,451 [ERROR] yfinance: KNX: No earnings dates found, symbol may be delisted
2026-05-16 08:13:50,587 [ERROR] yfinance: KRC: No earnings dates found, symbol may be delisted
2026-05-16 08:13:50,634 [ERROR] yfinance: KO: No earnings dates found, symbol may be delisted
2026-05-16 08:13:50,863 [ERROR] yfinance: L: No earnings dates found, symbol may be delisted
2026-05-16 08:13:50,949 [ERROR] yfinance: LAMR: No earnings dates found, symbol may be delisted
2026-05-16 08:13:51,035 [ERROR] yfinance: KR: No earnings dates found, symbol may be delisted
2026-05-16 08:13:51,113 [ERROR] yfinance: LBRDA: No earnings dates found, symbol may be delisted
2026-05-16 08:13:51,313 [ERROR] yfinance: KVUE: No earnings dates found, symbol may be delisted
2026-05-16 08:13:51,457 [ERROR] yfinance: LBTYA: No earnings dates found, symbol may be delisted
2026-05-16 08:13:51,548 [ERROR] yfinance: LAD: No earnings dates found, symbol may be delisted
2026-05-16 08:13:51,723 [ERROR] yfinance: LBRDK: No earnings dates found, symbol may be delisted
2026-05-16 08:13:51,840 [ERROR] yfinance: LBTYK: No earnings dates found, symbol may be delisted
2026-05-16 08:13:51,930 [ERROR] yfinance: LCID: No earnings dates found, symbol may be delisted
2026-05-16 08:13:52,129 [ERROR] yfinance: LAZ: No earnings dates found, symbol may be delisted
2026-05-16 08:13:52,219 [ERROR] yfinance: LECO: No earnings dates found, symbol may be delisted
2026-05-16 08:13:52,320 [ERROR] yfinance: LDOS: No earnings dates found, symbol may be delisted
2026-05-16 08:13:52,534 [ERROR] yfinance: LEA: No earnings dates found, symbol may be delisted
2026-05-16 08:13:52,636 [ERROR] yfinance: LFUS: No earnings dates found, symbol may be delisted
2026-05-16 08:13:52,743 [ERROR] yfinance: LEN: No earnings dates found, symbol may be delisted
2026-05-16 08:13:52,849 [ERROR] yfinance: LH: No earnings dates found, symbol may be delisted
2026-05-16 08:13:53,063 [ERROR] yfinance: LHX: No earnings dates found, symbol may be delisted
2026-05-16 08:13:53,156 [ERROR] yfinance: LINE: No earnings dates found, symbol may be delisted
2026-05-16 08:13:53,240 [ERROR] yfinance: LIN: No earnings dates found, symbol may be delisted
2026-05-16 08:13:53,456 [ERROR] yfinance: LII: No earnings dates found, symbol may be delisted
2026-05-16 08:13:53,517 [ERROR] yfinance: LITE: No earnings dates found, symbol may be delisted
2026-05-16 08:13:53,598 [ERROR] yfinance: LKQ: No earnings dates found, symbol may be delisted
2026-05-16 08:13:53,818 [ERROR] yfinance: LLYVA: No earnings dates found, symbol may be delisted
2026-05-16 08:13:53,964 [ERROR] yfinance: LLYVK: No earnings dates found, symbol may be delisted
2026-05-16 08:13:53,991 [ERROR] yfinance: LLY: No earnings dates found, symbol may be delisted
2026-05-16 08:13:54,074 [ERROR] yfinance: LMT: No earnings dates found, symbol may be delisted
2026-05-16 08:13:54,296 [ERROR] yfinance: LNC: No earnings dates found, symbol may be delisted
2026-05-16 08:13:54,424 [ERROR] yfinance: LNG: No earnings dates found, symbol may be delisted
2026-05-16 08:13:54,465 [ERROR] yfinance: LNT: No earnings dates found, symbol may be delisted
2026-05-16 08:13:54,711 [ERROR] yfinance: LOW: No earnings dates found, symbol may be delisted
2026-05-16 08:13:54,819 [ERROR] yfinance: LPX: No earnings dates found, symbol may be delisted
2026-05-16 08:13:54,920 [ERROR] yfinance: LOPE: No earnings dates found, symbol may be delisted
2026-05-16 08:13:55,204 [ERROR] yfinance: LPLA: No earnings dates found, symbol may be delisted
2026-05-16 08:13:55,287 [ERROR] yfinance: LOAR: No earnings dates found, symbol may be delisted
2026-05-16 08:13:55,308 [ERROR] yfinance: LSTR: No earnings dates found, symbol may be delisted
2026-05-16 08:13:55,517 [ERROR] yfinance: LRCX: No earnings dates found, symbol may be delisted
2026-05-16 08:13:55,643 [ERROR] yfinance: LUV: No earnings dates found, symbol may be delisted
2026-05-16 08:13:55,702 [ERROR] yfinance: LSCC: No earnings dates found, symbol may be delisted
2026-05-16 08:13:55,798 [ERROR] yfinance: LVS: No earnings dates found, symbol may be delisted
2026-05-16 08:13:56,119 [ERROR] yfinance: LULU: No earnings dates found, symbol may be delisted
2026-05-16 08:13:56,147 [ERROR] yfinance: LYFT: No earnings dates found, symbol may be delisted
2026-05-16 08:13:56,153 [ERROR] yfinance: LW: No earnings dates found, symbol may be delisted
2026-05-16 08:13:56,377 [ERROR] yfinance: IPGP: No earnings dates found, symbol may be delisted
2026-05-16 08:13:56,484 [ERROR] yfinance: LYV: No earnings dates found, symbol may be delisted
2026-05-16 08:13:56,791 [ERROR] yfinance: LYB: No earnings dates found, symbol may be delisted
2026-05-16 08:13:56,821 [ERROR] yfinance: M: No earnings dates found, symbol may be delisted
2026-05-16 08:13:56,871 [ERROR] yfinance: MAN: No earnings dates found, symbol may be delisted
2026-05-16 08:13:57,109 [ERROR] yfinance: MAA: No earnings dates found, symbol may be delisted
2026-05-16 08:13:57,119 [ERROR] yfinance: MANH: No earnings dates found, symbol may be delisted
2026-05-16 08:13:57,374 [ERROR] yfinance: MA: No earnings dates found, symbol may be delisted
2026-05-16 08:13:57,476 [ERROR] yfinance: MAS: No earnings dates found, symbol may be delisted
2026-05-16 08:13:57,759 [ERROR] yfinance: MAR: No earnings dates found, symbol may be delisted
2026-05-16 08:13:57,759 [ERROR] yfinance: MASI: No earnings dates found, symbol may be delisted
2026-05-16 08:13:57,869 [ERROR] yfinance: MCD: No earnings dates found, symbol may be delisted
2026-05-16 08:13:58,169 [ERROR] yfinance: MCHP: No earnings dates found, symbol may be delisted
2026-05-16 08:13:58,194 [ERROR] yfinance: MCK: No earnings dates found, symbol may be delisted
2026-05-16 08:13:58,275 [ERROR] yfinance: MDLN: No earnings dates found, symbol may be delisted
2026-05-16 08:13:58,618 [ERROR] yfinance: MDB: No earnings dates found, symbol may be delisted
2026-05-16 08:13:58,618 [ERROR] yfinance: MCO: No earnings dates found, symbol may be delisted
2026-05-16 08:13:58,733 [ERROR] yfinance: MDLZ: No earnings dates found, symbol may be delisted
2026-05-16 08:13:58,828 [ERROR] yfinance: MAT: No earnings dates found, symbol may be delisted
2026-05-16 08:13:59,135 [ERROR] yfinance: MDT: No earnings dates found, symbol may be delisted
2026-05-16 08:13:59,142 [ERROR] yfinance: MDU: No earnings dates found, symbol may be delisted
2026-05-16 08:13:59,225 [ERROR] yfinance: MET: No earnings dates found, symbol may be delisted
2026-05-16 08:13:59,342 [ERROR] yfinance: META: No earnings dates found, symbol may be delisted
2026-05-16 08:13:59,589 [ERROR] yfinance: MEDP: No earnings dates found, symbol may be delisted
2026-05-16 08:13:59,684 [ERROR] yfinance: MHK: No earnings dates found, symbol may be delisted
2026-05-16 08:13:59,760 [ERROR] yfinance: MIDD: No earnings dates found, symbol may be delisted
2026-05-16 08:13:59,992 [ERROR] yfinance: MKSI: No earnings dates found, symbol may be delisted
2026-05-16 08:14:00,104 [ERROR] yfinance: MKC: No earnings dates found, symbol may be delisted
2026-05-16 08:14:00,199 [ERROR] yfinance: MGM: No earnings dates found, symbol may be delisted
2026-05-16 08:14:00,424 [ERROR] yfinance: MLI: No earnings dates found, symbol may be delisted
2026-05-16 08:14:00,516 [ERROR] yfinance: MMM: No earnings dates found, symbol may be delisted
2026-05-16 08:14:00,623 [ERROR] yfinance: MLM: No earnings dates found, symbol may be delisted
2026-05-16 08:14:00,721 [ERROR] yfinance: MOH: No earnings dates found, symbol may be delisted
2026-05-16 08:14:00,919 [ERROR] yfinance: MKL: No earnings dates found, symbol may be delisted
2026-05-16 08:14:01,030 [ERROR] yfinance: MNST: No earnings dates found, symbol may be delisted
2026-05-16 08:14:01,199 [ERROR] yfinance: MO: No earnings dates found, symbol may be delisted
2026-05-16 08:14:01,348 [ERROR] yfinance: MPT: No earnings dates found, symbol may be delisted
2026-05-16 08:14:01,456 [ERROR] yfinance: MP: No earnings dates found, symbol may be delisted
2026-05-16 08:14:01,550 [ERROR] yfinance: MPC: No earnings dates found, symbol may be delisted
2026-05-16 08:14:01,820 [ERROR] yfinance: MOS: No earnings dates found, symbol may be delisted
2026-05-16 08:14:01,920 [ERROR] yfinance: MPWR: No earnings dates found, symbol may be delisted
2026-05-16 08:14:02,020 [ERROR] yfinance: MRP: No earnings dates found, symbol may be delisted
2026-05-16 08:14:02,104 [ERROR] yfinance: MRSH: No earnings dates found, symbol may be delisted
2026-05-16 08:14:02,314 [ERROR] yfinance: MRNA: No earnings dates found, symbol may be delisted
2026-05-16 08:14:02,479 [ERROR] yfinance: MRVL: No earnings dates found, symbol may be delisted
2026-05-16 08:14:02,488 [ERROR] yfinance: MS: No earnings dates found, symbol may be delisted
2026-05-16 08:14:02,702 [ERROR] yfinance: MRK: No earnings dates found, symbol may be delisted
2026-05-16 08:14:02,806 [ERROR] yfinance: MSA: No earnings dates found, symbol may be delisted
2026-05-16 08:14:02,923 [ERROR] yfinance: MSFT: No earnings dates found, symbol may be delisted
2026-05-16 08:14:03,230 [ERROR] yfinance: MKTX: No earnings dates found, symbol may be delisted
2026-05-16 08:14:03,242 [ERROR] yfinance: MSCI: No earnings dates found, symbol may be delisted
2026-05-16 08:14:03,341 [ERROR] yfinance: MSI: No earnings dates found, symbol may be delisted
2026-05-16 08:14:03,521 [ERROR] yfinance: MORN: No earnings dates found, symbol may be delisted
2026-05-16 08:14:03,633 [ERROR] yfinance: MSTR: No earnings dates found, symbol may be delisted
2026-05-16 08:14:03,762 [ERROR] yfinance: MSGS: No earnings dates found, symbol may be delisted
2026-05-16 08:14:03,843 [ERROR] yfinance: MTCH: No earnings dates found, symbol may be delisted
2026-05-16 08:14:04,094 [ERROR] yfinance: MTB: No earnings dates found, symbol may be delisted
2026-05-16 08:14:04,189 [ERROR] yfinance: MTD: No earnings dates found, symbol may be delisted
2026-05-16 08:14:04,284 [ERROR] yfinance: MTDR: No earnings dates found, symbol may be delisted
2026-05-16 08:14:04,515 [ERROR] yfinance: MTG: No earnings dates found, symbol may be delisted
2026-05-16 08:14:04,638 [ERROR] yfinance: MTN: No earnings dates found, symbol may be delisted
2026-05-16 08:14:04,733 [ERROR] yfinance: MSM: No earnings dates found, symbol may be delisted
2026-05-16 08:14:04,945 [ERROR] yfinance: MTSI: No earnings dates found, symbol may be delisted
2026-05-16 08:14:05,022 [ERROR] yfinance: MUSA: No earnings dates found, symbol may be delisted
2026-05-16 08:14:05,105 [ERROR] yfinance: MTZ: No earnings dates found, symbol may be delisted
2026-05-16 08:14:05,189 [ERROR] yfinance: MU: No earnings dates found, symbol may be delisted
2026-05-16 08:14:05,428 [ERROR] yfinance: NCLH: No earnings dates found, symbol may be delisted
2026-05-16 08:14:05,502 [ERROR] yfinance: NDAQ: No earnings dates found, symbol may be delisted
2026-05-16 08:14:05,597 [ERROR] yfinance: NCNO: No earnings dates found, symbol may be delisted
2026-05-16 08:14:05,783 [ERROR] yfinance: NEE: No earnings dates found, symbol may be delisted
2026-05-16 08:14:05,913 [ERROR] yfinance: NBIX: No earnings dates found, symbol may be delisted
2026-05-16 08:14:06,023 [ERROR] yfinance: NDSN: No earnings dates found, symbol may be delisted
2026-05-16 08:14:06,228 [ERROR] yfinance: NEM: No earnings dates found, symbol may be delisted
2026-05-16 08:14:06,332 [ERROR] yfinance: NFLX: No earnings dates found, symbol may be delisted
2026-05-16 08:14:06,488 [ERROR] yfinance: NI: No earnings dates found, symbol may be delisted
2026-05-16 08:14:06,676 [ERROR] yfinance: NET: No earnings dates found, symbol may be delisted
2026-05-16 08:14:06,798 [ERROR] yfinance: NIQ: No earnings dates found, symbol may be delisted
2026-05-16 08:14:06,968 [ERROR] yfinance: NFG: No earnings dates found, symbol may be delisted
2026-05-16 08:14:06,968 [ERROR] yfinance: NKE: No earnings dates found, symbol may be delisted
2026-05-16 08:14:07,247 [ERROR] yfinance: NNN: No earnings dates found, symbol may be delisted
2026-05-16 08:14:07,296 [ERROR] yfinance: NEU: No earnings dates found, symbol may be delisted
2026-05-16 08:14:07,383 [ERROR] yfinance: NLY: No earnings dates found, symbol may be delisted
2026-05-16 08:14:07,574 [ERROR] yfinance: NOC: No earnings dates found, symbol may be delisted
2026-05-16 08:14:07,666 [ERROR] yfinance: NSA: No earnings dates found, symbol may be delisted
2026-05-16 08:14:07,775 [ERROR] yfinance: NOW: No earnings dates found, symbol may be delisted
2026-05-16 08:14:08,015 [ERROR] yfinance: NOV: No earnings dates found, symbol may be delisted
2026-05-16 08:14:08,123 [ERROR] yfinance: NTAP: No earnings dates found, symbol may be delisted
2026-05-16 08:14:08,207 [ERROR] yfinance: NSC: No earnings dates found, symbol may be delisted
2026-05-16 08:14:08,327 [ERROR] yfinance: NTRA: No earnings dates found, symbol may be delisted
2026-05-16 08:14:08,556 [ERROR] yfinance: NTNX: No earnings dates found, symbol may be delisted
2026-05-16 08:14:08,730 [ERROR] yfinance: NRG: No earnings dates found, symbol may be delisted
2026-05-16 08:14:08,750 [ERROR] yfinance: NTRS: No earnings dates found, symbol may be delisted
2026-05-16 08:14:09,002 [ERROR] yfinance: NUE: No earnings dates found, symbol may be delisted
2026-05-16 08:14:09,044 [ERROR] yfinance: NVR: No earnings dates found, symbol may be delisted
2026-05-16 08:14:09,138 [ERROR] yfinance: NU: No earnings dates found, symbol may be delisted
2026-05-16 08:14:09,351 [ERROR] yfinance: NVDA: No earnings dates found, symbol may be delisted
2026-05-16 08:14:09,456 [ERROR] yfinance: NVST: No earnings dates found, symbol may be delisted
2026-05-16 08:14:09,604 [ERROR] yfinance: NXST: No earnings dates found, symbol may be delisted
2026-05-16 08:14:09,741 [ERROR] yfinance: NVT: No earnings dates found, symbol may be delisted
2026-05-16 08:14:09,850 [ERROR] yfinance: NWL: No earnings dates found, symbol may be delisted
2026-05-16 08:14:09,927 [ERROR] yfinance: NWSA: No earnings dates found, symbol may be delisted
2026-05-16 08:14:10,007 [ERROR] yfinance: O: No earnings dates found, symbol may be delisted
2026-05-16 08:14:10,324 [ERROR] yfinance: NYT: No earnings dates found, symbol may be delisted
2026-05-16 08:14:10,326 [ERROR] yfinance: NWS: No earnings dates found, symbol may be delisted
2026-05-16 08:14:10,435 [ERROR] yfinance: ODFL: No earnings dates found, symbol may be delisted
2026-05-16 08:14:10,638 [ERROR] yfinance: OC: No earnings dates found, symbol may be delisted
2026-05-16 08:14:10,758 [ERROR] yfinance: OGE: No earnings dates found, symbol may be delisted
2026-05-16 08:14:11,031 [ERROR] yfinance: OGN: No earnings dates found, symbol may be delisted
2026-05-16 08:14:11,022 [ERROR] yfinance: OKTA: No earnings dates found, symbol may be delisted
2026-05-16 08:14:11,113 [ERROR] yfinance: OLLI: No earnings dates found, symbol may be delisted
2026-05-16 08:14:11,195 [ERROR] yfinance: OKE: No earnings dates found, symbol may be delisted
2026-05-16 08:14:11,278 [ERROR] yfinance: OLED: No earnings dates found, symbol may be delisted
2026-05-16 08:14:11,648 [ERROR] yfinance: OMC: No earnings dates found, symbol may be delisted
2026-05-16 08:14:11,650 [ERROR] yfinance: OLN: No earnings dates found, symbol may be delisted
2026-05-16 08:14:11,755 [ERROR] yfinance: ON: No earnings dates found, symbol may be delisted
2026-05-16 08:14:11,959 [ERROR] yfinance: OMF: No earnings dates found, symbol may be delisted
2026-05-16 08:14:12,044 [ERROR] yfinance: ONTO: No earnings dates found, symbol may be delisted
2026-05-16 08:14:12,160 [ERROR] yfinance: ONON: No earnings dates found, symbol may be delisted
2026-05-16 08:14:12,356 [ERROR] yfinance: ORCL: No earnings dates found, symbol may be delisted
2026-05-16 08:14:12,453 [ERROR] yfinance: ORI: No earnings dates found, symbol may be delisted
2026-05-16 08:14:12,533 [ERROR] yfinance: OTIS: No earnings dates found, symbol may be delisted
2026-05-16 08:14:12,747 [ERROR] yfinance: ORLY: No earnings dates found, symbol may be delisted
2026-05-16 08:14:12,856 [ERROR] yfinance: OSK: No earnings dates found, symbol may be delisted
2026-05-16 08:14:12,957 [ERROR] yfinance: OWL: No earnings dates found, symbol may be delisted
2026-05-16 08:14:13,041 [ERROR] yfinance: OZK: No earnings dates found, symbol may be delisted
2026-05-16 08:14:13,280 [ERROR] yfinance: OVV: No earnings dates found, symbol may be delisted
2026-05-16 08:14:13,360 [ERROR] yfinance: P: No earnings dates found, symbol may be delisted
2026-05-16 08:14:13,461 [ERROR] yfinance: OXY: No earnings dates found, symbol may be delisted
2026-05-16 08:14:13,687 [ERROR] yfinance: PANW: No earnings dates found, symbol may be delisted
2026-05-16 08:14:13,829 [ERROR] yfinance: PAG: No earnings dates found, symbol may be delisted
2026-05-16 08:14:13,860 [ERROR] yfinance: PATH: No earnings dates found, symbol may be delisted
2026-05-16 08:14:14,089 [ERROR] yfinance: PAYC: No earnings dates found, symbol may be delisted
2026-05-16 08:14:14,210 [ERROR] yfinance: PCAR: No earnings dates found, symbol may be delisted
2026-05-16 08:14:14,351 [ERROR] yfinance: OHI: No earnings dates found, symbol may be delisted
2026-05-16 08:14:14,382 [ERROR] yfinance: PCG: No earnings dates found, symbol may be delisted
2026-05-16 08:14:14,655 [ERROR] yfinance: PAYX: No earnings dates found, symbol may be delisted
2026-05-16 08:14:14,742 [ERROR] yfinance: PCTY: No earnings dates found, symbol may be delisted
2026-05-16 08:14:14,853 [ERROR] yfinance: PB: No earnings dates found, symbol may be delisted
2026-05-16 08:14:15,062 [ERROR] yfinance: PEN: No earnings dates found, symbol may be delisted
2026-05-16 08:14:15,217 [ERROR] yfinance: PEG: No earnings dates found, symbol may be delisted
2026-05-16 08:14:15,245 [ERROR] yfinance: PEGA: No earnings dates found, symbol may be delisted
2026-05-16 08:14:15,458 [ERROR] yfinance: PEP: No earnings dates found, symbol may be delisted
2026-05-16 08:14:15,571 [ERROR] yfinance: PFG: No earnings dates found, symbol may be delisted
2026-05-16 08:14:15,702 [ERROR] yfinance: PG: No earnings dates found, symbol may be delisted
2026-05-16 08:14:15,860 [ERROR] yfinance: PENN: No earnings dates found, symbol may be delisted
2026-05-16 08:14:15,962 [ERROR] yfinance: PFGC: No earnings dates found, symbol may be delisted
2026-05-16 08:14:16,079 [ERROR] yfinance: PFE: No earnings dates found, symbol may be delisted
2026-05-16 08:14:16,171 [ERROR] yfinance: PCOR: No earnings dates found, symbol may be delisted
2026-05-16 08:14:16,431 [ERROR] yfinance: PH: No earnings dates found, symbol may be delisted
2026-05-16 08:14:16,482 [ERROR] yfinance: PGR: No earnings dates found, symbol may be delisted
2026-05-16 08:14:16,608 [ERROR] yfinance: PK: No earnings dates found, symbol may be delisted
2026-05-16 08:14:16,840 [ERROR] yfinance: PKG: No earnings dates found, symbol may be delisted
2026-05-16 08:14:16,948 [ERROR] yfinance: PINS: No earnings dates found, symbol may be delisted
2026-05-16 08:14:17,032 [ERROR] yfinance: PLNT: No earnings dates found, symbol may be delisted
2026-05-16 08:14:17,247 [ERROR] yfinance: PLTR: No earnings dates found, symbol may be delisted
2026-05-16 08:14:17,323 [ERROR] yfinance: PLD: No earnings dates found, symbol may be delisted
2026-05-16 08:14:17,424 [ERROR] yfinance: PNFP: No earnings dates found, symbol may be delisted
2026-05-16 08:14:17,676 [ERROR] yfinance: PHM: No earnings dates found, symbol may be delisted
2026-05-16 08:14:17,707 [ERROR] yfinance: PNC: No earnings dates found, symbol may be delisted
2026-05-16 08:14:17,815 [ERROR] yfinance: PM: No earnings dates found, symbol may be delisted
2026-05-16 08:14:17,923 [ERROR] yfinance: PNR: No earnings dates found, symbol may be delisted
2026-05-16 08:14:18,147 [ERROR] yfinance: PNW: No earnings dates found, symbol may be delisted
2026-05-16 08:14:18,316 [ERROR] yfinance: PPC: No earnings dates found, symbol may be delisted
2026-05-16 08:14:18,336 [ERROR] yfinance: PODD: No earnings dates found, symbol may be delisted
2026-05-16 08:14:18,536 [ERROR] yfinance: PPL: No earnings dates found, symbol may be delisted
2026-05-16 08:14:18,630 [ERROR] yfinance: PPG: No earnings dates found, symbol may be delisted
2026-05-16 08:14:18,721 [ERROR] yfinance: POST: No earnings dates found, symbol may be delisted
2026-05-16 08:14:18,912 [ERROR] yfinance: POOL: No earnings dates found, symbol may be delisted
2026-05-16 08:14:19,003 [ERROR] yfinance: PR: No earnings dates found, symbol may be delisted
2026-05-16 08:14:19,100 [ERROR] yfinance: PRI: No earnings dates found, symbol may be delisted
2026-05-16 08:14:19,196 [ERROR] yfinance: PRGO: No earnings dates found, symbol may be delisted
2026-05-16 08:14:19,462 [ERROR] yfinance: PSA: No earnings dates found, symbol may be delisted
2026-05-16 08:14:19,585 [ERROR] yfinance: PRMB: No earnings dates found, symbol may be delisted
2026-05-16 08:14:19,585 [ERROR] yfinance: PRU: No earnings dates found, symbol may be delisted
2026-05-16 08:14:19,786 [ERROR] yfinance: PTC: No earnings dates found, symbol may be delisted
2026-05-16 08:14:19,903 [ERROR] yfinance: PSX: No earnings dates found, symbol may be delisted
2026-05-16 08:14:20,005 [ERROR] yfinance: PVH: No earnings dates found, symbol may be delisted
2026-05-16 08:14:20,202 [ERROR] yfinance: PYPL: No earnings dates found, symbol may be delisted
2026-05-16 08:14:20,308 [ERROR] yfinance: PWR: No earnings dates found, symbol may be delisted
2026-05-16 08:14:20,391 [ERROR] yfinance: PSN: No earnings dates found, symbol may be delisted
2026-05-16 08:14:20,474 [ERROR] yfinance: Q: No earnings dates found, symbol may be delisted
2026-05-16 08:14:20,743 [ERROR] yfinance: QCOM: No earnings dates found, symbol may be delisted
2026-05-16 08:14:20,781 [ERROR] yfinance: QSR: No earnings dates found, symbol may be delisted
2026-05-16 08:14:20,872 [ERROR] yfinance: QS: No earnings dates found, symbol may be delisted
2026-05-16 08:14:21,082 [ERROR] yfinance: R: No earnings dates found, symbol may be delisted
2026-05-16 08:14:21,179 [ERROR] yfinance: QGEN: No earnings dates found, symbol may be delisted
2026-05-16 08:14:21,283 [ERROR] yfinance: RAL: No earnings dates found, symbol may be delisted
2026-05-16 08:14:21,466 [ERROR] yfinance: QRVO: No earnings dates found, symbol may be delisted
2026-05-16 08:14:21,562 [ERROR] yfinance: RARE: No earnings dates found, symbol may be delisted
2026-05-16 08:14:21,652 [ERROR] yfinance: RBRK: No earnings dates found, symbol may be delisted
2026-05-16 08:14:21,845 [ERROR] yfinance: RBA: No earnings dates found, symbol may be delisted
2026-05-16 08:14:21,991 [ERROR] yfinance: RBLX: No earnings dates found, symbol may be delisted
2026-05-16 08:14:22,122 [ERROR] yfinance: RBC: No earnings dates found, symbol may be delisted
2026-05-16 08:14:22,193 [ERROR] yfinance: RCL: No earnings dates found, symbol may be delisted
2026-05-16 08:14:22,486 [ERROR] yfinance: RDDT: No earnings dates found, symbol may be delisted
2026-05-16 08:14:22,504 [ERROR] yfinance: QXO: No earnings dates found, symbol may be delisted
2026-05-16 08:14:22,609 [ERROR] yfinance: RF: No earnings dates found, symbol may be delisted
2026-05-16 08:14:22,822 [ERROR] yfinance: REG: No earnings dates found, symbol may be delisted
2026-05-16 08:14:22,904 [ERROR] yfinance: REYN: No earnings dates found, symbol may be delisted
2026-05-16 08:14:22,989 [ERROR] yfinance: RGA: No earnings dates found, symbol may be delisted
2026-05-16 08:14:23,177 [ERROR] yfinance: REXR: No earnings dates found, symbol may be delisted
2026-05-16 08:14:23,338 [ERROR] yfinance: RGLD: No earnings dates found, symbol may be delisted
2026-05-16 08:14:23,377 [ERROR] yfinance: RGEN: No earnings dates found, symbol may be delisted
2026-05-16 08:14:23,594 [ERROR] yfinance: RH: No earnings dates found, symbol may be delisted
2026-05-16 08:14:23,688 [ERROR] yfinance: RITM: No earnings dates found, symbol may be delisted
2026-05-16 08:14:23,866 [ERROR] yfinance: RJF: No earnings dates found, symbol may be delisted
2026-05-16 08:14:23,880 [ERROR] yfinance: RHI: No earnings dates found, symbol may be delisted
2026-05-16 08:14:24,118 [ERROR] yfinance: RIVN: No earnings dates found, symbol may be delisted
2026-05-16 08:14:24,274 [ERROR] yfinance: REGN: No earnings dates found, symbol may be delisted
2026-05-16 08:14:24,317 [ERROR] yfinance: RKT: No earnings dates found, symbol may be delisted
2026-05-16 08:14:24,564 [ERROR] yfinance: RKLB: No earnings dates found, symbol may be delisted
2026-05-16 08:14:24,640 [ERROR] yfinance: RMD: No earnings dates found, symbol may be delisted
2026-05-16 08:14:24,738 [ERROR] yfinance: RLI: No earnings dates found, symbol may be delisted
2026-05-16 08:14:24,958 [ERROR] yfinance: ROK: No earnings dates found, symbol may be delisted
2026-05-16 08:14:25,082 [ERROR] yfinance: ROIV: No earnings dates found, symbol may be delisted
2026-05-16 08:14:25,199 [ERROR] yfinance: ROKU: No earnings dates found, symbol may be delisted
2026-05-16 08:14:25,272 [ERROR] yfinance: RNR: No earnings dates found, symbol may be delisted
2026-05-16 08:14:25,518 [ERROR] yfinance: RL: No earnings dates found, symbol may be delisted
2026-05-16 08:14:25,680 [ERROR] yfinance: ROP: No earnings dates found, symbol may be delisted
2026-05-16 08:14:25,684 [ERROR] yfinance: RNG: No earnings dates found, symbol may be delisted
2026-05-16 08:14:25,882 [ERROR] yfinance: RRC: No earnings dates found, symbol may be delisted
2026-05-16 08:14:26,046 [ERROR] yfinance: RPRX: No earnings dates found, symbol may be delisted
2026-05-16 08:14:26,072 [ERROR] yfinance: ROL: No earnings dates found, symbol may be delisted
2026-05-16 08:14:26,290 [ERROR] yfinance: RPM: No earnings dates found, symbol may be delisted
2026-05-16 08:14:26,352 [ERROR] yfinance: RS: No earnings dates found, symbol may be delisted
2026-05-16 08:14:26,447 [ERROR] yfinance: RRX: No earnings dates found, symbol may be delisted
2026-05-16 08:14:26,633 [ERROR] yfinance: ROST: No earnings dates found, symbol may be delisted
2026-05-16 08:14:26,748 [ERROR] yfinance: RSG: No earnings dates found, symbol may be delisted
2026-05-16 08:14:26,829 [ERROR] yfinance: RYAN: No earnings dates found, symbol may be delisted
2026-05-16 08:14:26,918 [ERROR] yfinance: RVMD: No earnings dates found, symbol may be delisted
2026-05-16 08:14:27,157 [ERROR] yfinance: RTX: No earnings dates found, symbol may be delisted
2026-05-16 08:14:27,250 [ERROR] yfinance: RVTY: No earnings dates found, symbol may be delisted
2026-05-16 08:14:27,359 [ERROR] yfinance: S: No earnings dates found, symbol may be delisted
2026-05-16 08:14:27,576 [ERROR] yfinance: SAIL: No earnings dates found, symbol may be delisted
2026-05-16 08:14:27,676 [ERROR] yfinance: SAIC: No earnings dates found, symbol may be delisted
2026-05-16 08:14:27,776 [ERROR] yfinance: SAIA: No earnings dates found, symbol may be delisted
2026-05-16 08:14:27,980 [ERROR] yfinance: SARO: No earnings dates found, symbol may be delisted
2026-05-16 08:14:28,132 [ERROR] yfinance: SBAC: No earnings dates found, symbol may be delisted
2026-05-16 08:14:28,178 [ERROR] yfinance: RYN: No earnings dates found, symbol may be delisted
2026-05-16 08:14:28,255 [ERROR] yfinance: SCCO: No earnings dates found, symbol may be delisted
2026-05-16 08:14:28,525 [ERROR] yfinance: SBUX: No earnings dates found, symbol may be delisted
2026-05-16 08:14:28,574 [ERROR] yfinance: SAM: No earnings dates found, symbol may be delisted
2026-05-16 08:14:28,671 [ERROR] yfinance: SEB: No earnings dates found, symbol may be delisted
2026-05-16 08:14:28,905 [ERROR] yfinance: SEIC: No earnings dates found, symbol may be delisted
2026-05-16 08:14:28,974 [ERROR] yfinance: SCI: No earnings dates found, symbol may be delisted
2026-05-16 08:14:29,061 [ERROR] yfinance: SFD: No earnings dates found, symbol may be delisted
2026-05-16 08:14:29,269 [ERROR] yfinance: SF: No earnings dates found, symbol may be delisted
2026-05-16 08:14:29,378 [ERROR] yfinance: SFM: No earnings dates found, symbol may be delisted
2026-05-16 08:14:29,455 [ERROR] yfinance: SCHW: No earnings dates found, symbol may be delisted
2026-05-16 08:14:29,659 [ERROR] yfinance: SIRI: No earnings dates found, symbol may be delisted
2026-05-16 08:14:29,756 [ERROR] yfinance: SHC: No earnings dates found, symbol may be delisted
2026-05-16 08:14:29,835 [ERROR] yfinance: SHW: No earnings dates found, symbol may be delisted
2026-05-16 08:14:29,941 [ERROR] yfinance: SGI: No earnings dates found, symbol may be delisted
2026-05-16 08:14:30,196 [ERROR] yfinance: SJM: No earnings dates found, symbol may be delisted
2026-05-16 08:14:30,246 [ERROR] yfinance: SITE: No earnings dates found, symbol may be delisted
2026-05-16 08:14:30,365 [ERROR] yfinance: SLB: No earnings dates found, symbol may be delisted
2026-05-16 08:14:30,564 [ERROR] yfinance: SMCI: No earnings dates found, symbol may be delisted
2026-05-16 08:14:30,669 [ERROR] yfinance: SLM: No earnings dates found, symbol may be delisted
2026-05-16 08:14:30,754 [ERROR] yfinance: SMG: No earnings dates found, symbol may be delisted
2026-05-16 08:14:30,956 [ERROR] yfinance: SN: No earnings dates found, symbol may be delisted
2026-05-16 08:14:31,096 [ERROR] yfinance: SNDK: No earnings dates found, symbol may be delisted
2026-05-16 08:14:31,156 [ERROR] yfinance: SMMT: No earnings dates found, symbol may be delisted
2026-05-16 08:14:31,265 [ERROR] yfinance: SNA: No earnings dates found, symbol may be delisted
2026-05-16 08:14:31,508 [ERROR] yfinance: SNOW: No earnings dates found, symbol may be delisted
2026-05-16 08:14:31,590 [ERROR] yfinance: SNPS: No earnings dates found, symbol may be delisted
2026-05-16 08:14:31,683 [ERROR] yfinance: SNDR: No earnings dates found, symbol may be delisted
2026-05-16 08:14:31,895 [ERROR] yfinance: SO: No earnings dates found, symbol may be delisted
2026-05-16 08:14:31,982 [ERROR] yfinance: SNX: No earnings dates found, symbol may be delisted
2026-05-16 08:14:32,068 [ERROR] yfinance: SOLS: No earnings dates found, symbol may be delisted
2026-05-16 08:14:32,269 [ERROR] yfinance: SOLV: No earnings dates found, symbol may be delisted
2026-05-16 08:14:32,365 [ERROR] yfinance: SON: No earnings dates found, symbol may be delisted
2026-05-16 08:14:32,455 [ERROR] yfinance: SOFI: No earnings dates found, symbol may be delisted
2026-05-16 08:14:32,701 [ERROR] yfinance: SPOT: No earnings dates found, symbol may be delisted
2026-05-16 08:14:32,911 [ERROR] yfinance: SSD: No earnings dates found, symbol may be delisted
2026-05-16 08:14:32,969 [ERROR] yfinance: SPGI: No earnings dates found, symbol may be delisted
2026-05-16 08:14:33,048 [ERROR] yfinance: SRE: No earnings dates found, symbol may be delisted
2026-05-16 08:14:33,256 [ERROR] yfinance: SPG: No earnings dates found, symbol may be delisted
2026-05-16 08:14:33,348 [ERROR] yfinance: SSB: No earnings dates found, symbol may be delisted
2026-05-16 08:14:33,443 [ERROR] yfinance: SSNC: No earnings dates found, symbol may be delisted
2026-05-16 08:14:33,652 [ERROR] yfinance: SRPT: No earnings dates found, symbol may be delisted
2026-05-16 08:14:33,746 [ERROR] yfinance: STE: No earnings dates found, symbol may be delisted
2026-05-16 08:14:33,837 [ERROR] yfinance: ST: No earnings dates found, symbol may be delisted
2026-05-16 08:14:34,043 [ERROR] yfinance: STLD: No earnings dates found, symbol may be delisted
2026-05-16 08:14:34,143 [ERROR] yfinance: SUI: No earnings dates found, symbol may be delisted
2026-05-16 08:14:34,221 [ERROR] yfinance: STAG: No earnings dates found, symbol may be delisted
2026-05-16 08:14:34,322 [ERROR] yfinance: STT: No earnings dates found, symbol may be delisted
2026-05-16 08:14:34,589 [ERROR] yfinance: STZ: No earnings dates found, symbol may be delisted
2026-05-16 08:14:34,627 [ERROR] yfinance: STWD: No earnings dates found, symbol may be delisted
2026-05-16 08:14:34,744 [ERROR] yfinance: SWK: No earnings dates found, symbol may be delisted
2026-05-16 08:14:34,968 [ERROR] yfinance: SYF: No earnings dates found, symbol may be delisted
2026-05-16 08:14:35,067 [ERROR] yfinance: SW: No earnings dates found, symbol may be delisted
2026-05-16 08:14:35,168 [ERROR] yfinance: SYK: No earnings dates found, symbol may be delisted
2026-05-16 08:14:35,386 [ERROR] yfinance: SWKS: No earnings dates found, symbol may be delisted
2026-05-16 08:14:35,479 [ERROR] yfinance: TDC: No earnings dates found, symbol may be delisted
2026-05-16 08:14:35,580 [ERROR] yfinance: T: No earnings dates found, symbol may be delisted
2026-05-16 08:14:35,827 [ERROR] yfinance: TAP: No earnings dates found, symbol may be delisted
2026-05-16 08:14:35,948 [ERROR] yfinance: TDY: No earnings dates found, symbol may be delisted
2026-05-16 08:14:36,040 [ERROR] yfinance: SYY: No earnings dates found, symbol may be delisted
2026-05-16 08:14:36,145 [ERROR] yfinance: TECH: No earnings dates found, symbol may be delisted
2026-05-16 08:14:36,389 [ERROR] yfinance: TER: No earnings dates found, symbol may be delisted
2026-05-16 08:14:36,505 [ERROR] yfinance: TDG: No earnings dates found, symbol may be delisted
2026-05-16 08:14:36,598 [ERROR] yfinance: TEAM: No earnings dates found, symbol may be delisted
2026-05-16 08:14:36,833 [ERROR] yfinance: TEM: No earnings dates found, symbol may be delisted
2026-05-16 08:14:37,011 [ERROR] yfinance: TFSL: No earnings dates found, symbol may be delisted
2026-05-16 08:14:37,021 [ERROR] yfinance: TFC: No earnings dates found, symbol may be delisted
2026-05-16 08:14:37,251 [ERROR] yfinance: THC: No earnings dates found, symbol may be delisted
2026-05-16 08:14:37,415 [ERROR] yfinance: TGT: No earnings dates found, symbol may be delisted
2026-05-16 08:14:37,454 [ERROR] yfinance: THG: No earnings dates found, symbol may be delisted
2026-05-16 08:14:37,565 [ERROR] yfinance: THO: No earnings dates found, symbol may be delisted
2026-05-16 08:14:37,882 [ERROR] yfinance: TIGO: No earnings dates found, symbol may be delisted
2026-05-16 08:14:37,924 [ERROR] yfinance: TFX: No earnings dates found, symbol may be delisted
2026-05-16 08:14:38,039 [ERROR] yfinance: TJX: No earnings dates found, symbol may be delisted
2026-05-16 08:14:38,263 [ERROR] yfinance: TKO: No earnings dates found, symbol may be delisted
2026-05-16 08:14:38,416 [ERROR] yfinance: TOL: No earnings dates found, symbol may be delisted
2026-05-16 08:14:38,477 [ERROR] yfinance: TKR: No earnings dates found, symbol may be delisted
2026-05-16 08:14:38,710 [ERROR] yfinance: TMO: No earnings dates found, symbol may be delisted
2026-05-16 08:14:38,904 [ERROR] yfinance: TNL: No earnings dates found, symbol may be delisted
2026-05-16 08:14:38,910 [ERROR] yfinance: TOST: No earnings dates found, symbol may be delisted
2026-05-16 08:14:39,135 [ERROR] yfinance: TPL: No earnings dates found, symbol may be delisted
2026-05-16 08:14:39,236 [ERROR] yfinance: TMUS: No earnings dates found, symbol may be delisted
2026-05-16 08:14:39,347 [ERROR] yfinance: TLN: No earnings dates found, symbol may be delisted
2026-05-16 08:14:39,427 [ERROR] yfinance: TPG: No earnings dates found, symbol may be delisted
2026-05-16 08:14:39,664 [ERROR] yfinance: TREX: No earnings dates found, symbol may be delisted
2026-05-16 08:14:39,751 [ERROR] yfinance: TPR: No earnings dates found, symbol may be delisted
2026-05-16 08:14:39,847 [ERROR] yfinance: TRGP: No earnings dates found, symbol may be delisted
2026-05-16 08:14:40,072 [ERROR] yfinance: TRMB: No earnings dates found, symbol may be delisted
2026-05-16 08:14:40,170 [ERROR] yfinance: TSCO: No earnings dates found, symbol may be delisted
2026-05-16 08:14:40,243 [ERROR] yfinance: TRU: No earnings dates found, symbol may be delisted
2026-05-16 08:14:40,559 [ERROR] yfinance: TRV: No earnings dates found, symbol may be delisted
2026-05-16 08:14:40,587 [ERROR] yfinance: TSLA: No earnings dates found, symbol may be delisted
2026-05-16 08:14:40,697 [ERROR] yfinance: TTC: No earnings dates found, symbol may be delisted
2026-05-16 08:14:40,796 [ERROR] yfinance: TSN: No earnings dates found, symbol may be delisted
2026-05-16 08:14:41,063 [ERROR] yfinance: TT: No earnings dates found, symbol may be delisted
2026-05-16 08:14:41,148 [ERROR] yfinance: TROW: No earnings dates found, symbol may be delisted
2026-05-16 08:14:41,232 [ERROR] yfinance: TTEK: No earnings dates found, symbol may be delisted
2026-05-16 08:14:41,451 [ERROR] yfinance: TTD: No earnings dates found, symbol may be delisted
2026-05-16 08:14:41,564 [ERROR] yfinance: TWLO: No earnings dates found, symbol may be delisted
2026-05-16 08:14:41,649 [ERROR] yfinance: TXN: No earnings dates found, symbol may be delisted
2026-05-16 08:14:41,885 [ERROR] yfinance: TTWO: No earnings dates found, symbol may be delisted
2026-05-16 08:14:41,987 [ERROR] yfinance: TYL: No earnings dates found, symbol may be delisted
2026-05-16 08:14:42,071 [ERROR] yfinance: TW: No earnings dates found, symbol may be delisted
2026-05-16 08:14:42,313 [ERROR] yfinance: UAA: No earnings dates found, symbol may be delisted
2026-05-16 08:14:42,422 [ERROR] yfinance: UAL: No earnings dates found, symbol may be delisted
2026-05-16 08:14:42,508 [ERROR] yfinance: TXT: No earnings dates found, symbol may be delisted
2026-05-16 08:14:42,609 [ERROR] yfinance: TXRH: No earnings dates found, symbol may be delisted
2026-05-16 08:14:42,864 [ERROR] yfinance: U: No earnings dates found, symbol may be delisted
2026-05-16 08:14:42,961 [ERROR] yfinance: UA: No earnings dates found, symbol may be delisted
2026-05-16 08:14:43,090 [ERROR] yfinance: UBER: No earnings dates found, symbol may be delisted
2026-05-16 08:14:43,314 [ERROR] yfinance: UHS: No earnings dates found, symbol may be delisted
2026-05-16 08:14:43,399 [ERROR] yfinance: UI: No earnings dates found, symbol may be delisted
2026-05-16 08:14:43,494 [ERROR] yfinance: UHAL: No earnings dates found, symbol may be delisted
2026-05-16 08:14:43,810 [ERROR] yfinance: UDR: No earnings dates found, symbol may be delisted
2026-05-16 08:14:43,818 [ERROR] yfinance: ULTA: No earnings dates found, symbol may be delisted
2026-05-16 08:14:43,911 [ERROR] yfinance: UNM: No earnings dates found, symbol may be delisted
2026-05-16 08:14:44,001 [ERROR] yfinance: UGI: No earnings dates found, symbol may be delisted
2026-05-16 08:14:44,280 [ERROR] yfinance: UNH: No earnings dates found, symbol may be delisted
2026-05-16 08:14:44,380 [ERROR] yfinance: SLGN: No earnings dates found, symbol may be delisted
2026-05-16 08:14:44,480 [ERROR] yfinance: URI: No earnings dates found, symbol may be delisted
2026-05-16 08:14:44,718 [ERROR] yfinance: UNP: No earnings dates found, symbol may be delisted
2026-05-16 08:14:44,817 [ERROR] yfinance: USFD: No earnings dates found, symbol may be delisted
2026-05-16 08:14:44,908 [ERROR] yfinance: UTHR: No earnings dates found, symbol may be delisted
2026-05-16 08:14:45,134 [ERROR] yfinance: VEEV: No earnings dates found, symbol may be delisted
2026-05-16 08:14:45,255 [ERROR] yfinance: UWMC: No earnings dates found, symbol may be delisted
2026-05-16 08:14:45,366 [ERROR] yfinance: UPS: No earnings dates found, symbol may be delisted
2026-05-16 08:14:45,570 [ERROR] yfinance: V: No earnings dates found, symbol may be delisted
2026-05-16 08:14:45,733 [ERROR] yfinance: USB: No earnings dates found, symbol may be delisted
2026-05-16 08:14:45,749 [ERROR] yfinance: VIK: No earnings dates found, symbol may be delisted
2026-05-16 08:14:45,846 [ERROR] yfinance: VGNT: No earnings dates found, symbol may be delisted
2026-05-16 08:14:46,073 [ERROR] yfinance: VKTX: No earnings dates found, symbol may be delisted
2026-05-16 08:14:46,166 [ERROR] yfinance: VLO: No earnings dates found, symbol may be delisted
2026-05-16 08:14:46,264 [ERROR] yfinance: VICI: No earnings dates found, symbol may be delisted
2026-05-16 08:14:46,487 [ERROR] yfinance: VIRT: No earnings dates found, symbol may be delisted
2026-05-16 08:14:46,571 [ERROR] yfinance: VNOM: No earnings dates found, symbol may be delisted
2026-05-16 08:14:46,671 [ERROR] yfinance: VMI: No earnings dates found, symbol may be delisted
2026-05-16 08:14:46,881 [ERROR] yfinance: VMC: No earnings dates found, symbol may be delisted
2026-05-16 08:14:46,964 [ERROR] yfinance: VOYA: No earnings dates found, symbol may be delisted
2026-05-16 08:14:47,081 [ERROR] yfinance: VLTO: No earnings dates found, symbol may be delisted
2026-05-16 08:14:47,310 [ERROR] yfinance: VNO: No earnings dates found, symbol may be delisted
2026-05-16 08:14:47,416 [ERROR] yfinance: VRSN: No earnings dates found, symbol may be delisted
2026-05-16 08:14:47,513 [ERROR] yfinance: VRTX: No earnings dates found, symbol may be delisted
2026-05-16 08:14:47,617 [ERROR] yfinance: VNT: No earnings dates found, symbol may be delisted
2026-05-16 08:14:47,899 [ERROR] yfinance: VRSK: No earnings dates found, symbol may be delisted
2026-05-16 08:14:47,981 [ERROR] yfinance: VSNT: No earnings dates found, symbol may be delisted
2026-05-16 08:14:48,094 [ERROR] yfinance: VRT: No earnings dates found, symbol may be delisted
2026-05-16 08:14:48,386 [ERROR] yfinance: VST: No earnings dates found, symbol may be delisted
2026-05-16 08:14:48,487 [ERROR] yfinance: VTRS: No earnings dates found, symbol may be delisted
2026-05-16 08:14:48,579 [ERROR] yfinance: VTR: No earnings dates found, symbol may be delisted
2026-05-16 08:14:48,796 [ERROR] yfinance: W: No earnings dates found, symbol may be delisted
2026-05-16 08:14:48,888 [ERROR] yfinance: VVV: No earnings dates found, symbol may be delisted
2026-05-16 08:14:48,990 [ERROR] yfinance: VZ: No earnings dates found, symbol may be delisted
2026-05-16 08:14:49,083 [ERROR] yfinance: WAB: No earnings dates found, symbol may be delisted
2026-05-16 08:14:49,311 [ERROR] yfinance: VFC: No earnings dates found, symbol may be delisted
2026-05-16 08:14:49,398 [ERROR] yfinance: WAL: No earnings dates found, symbol may be delisted
2026-05-16 08:14:49,494 [ERROR] yfinance: WBS: No earnings dates found, symbol may be delisted
2026-05-16 08:14:49,691 [ERROR] yfinance: WAT: No earnings dates found, symbol may be delisted
2026-05-16 08:14:49,764 [ERROR] yfinance: WDAY: No earnings dates found, symbol may be delisted
2026-05-16 08:14:49,855 [ERROR] yfinance: WCC: No earnings dates found, symbol may be delisted
2026-05-16 08:14:50,082 [ERROR] yfinance: WEN: No earnings dates found, symbol may be delisted
2026-05-16 08:14:50,193 [ERROR] yfinance: WBD: No earnings dates found, symbol may be delisted
2026-05-16 08:14:50,287 [ERROR] yfinance: WELL: No earnings dates found, symbol may be delisted
2026-05-16 08:14:50,503 [ERROR] yfinance: WFC: No earnings dates found, symbol may be delisted
2026-05-16 08:14:50,605 [ERROR] yfinance: WDC: No earnings dates found, symbol may be delisted
2026-05-16 08:14:50,718 [ERROR] yfinance: WEC: No earnings dates found, symbol may be delisted
2026-05-16 08:14:50,798 [ERROR] yfinance: WH: No earnings dates found, symbol may be delisted
2026-05-16 08:14:51,036 [ERROR] yfinance: WING: No earnings dates found, symbol may be delisted
2026-05-16 08:14:51,126 [ERROR] yfinance: WFRD: No earnings dates found, symbol may be delisted
2026-05-16 08:14:51,198 [ERROR] yfinance: WEX: No earnings dates found, symbol may be delisted
2026-05-16 08:14:51,426 [ERROR] yfinance: WLK: No earnings dates found, symbol may be delisted
2026-05-16 08:14:51,529 [ERROR] yfinance: WMB: No earnings dates found, symbol may be delisted
2026-05-16 08:14:51,618 [ERROR] yfinance: WMS: No earnings dates found, symbol may be delisted
2026-05-16 08:14:51,807 [ERROR] yfinance: WHR: No earnings dates found, symbol may be delisted
2026-05-16 08:14:51,923 [ERROR] yfinance: WPC: No earnings dates found, symbol may be delisted
2026-05-16 08:14:52,002 [ERROR] yfinance: WMT: No earnings dates found, symbol may be delisted
2026-05-16 08:14:52,095 [ERROR] yfinance: WSM: No earnings dates found, symbol may be delisted
2026-05-16 08:14:52,302 [ERROR] yfinance: WRB: No earnings dates found, symbol may be delisted
2026-05-16 08:14:52,384 [ERROR] yfinance: WSO: No earnings dates found, symbol may be delisted
2026-05-16 08:14:52,468 [ERROR] yfinance: WM: No earnings dates found, symbol may be delisted
2026-05-16 08:14:52,663 [ERROR] yfinance: WSC: No earnings dates found, symbol may be delisted
2026-05-16 08:14:52,766 [ERROR] yfinance: WTRG: No earnings dates found, symbol may be delisted
2026-05-16 08:14:52,852 [ERROR] yfinance: WTFC: No earnings dates found, symbol may be delisted
2026-05-16 08:14:53,061 [ERROR] yfinance: WU: No earnings dates found, symbol may be delisted
2026-05-16 08:14:53,242 [ERROR] yfinance: WST: No earnings dates found, symbol may be delisted
2026-05-16 08:14:53,242 [ERROR] yfinance: WWD: No earnings dates found, symbol may be delisted
2026-05-16 08:14:53,504 [ERROR] yfinance: WTM: No earnings dates found, symbol may be delisted
2026-05-16 08:14:53,629 [ERROR] yfinance: WY: No earnings dates found, symbol may be delisted
2026-05-16 08:14:53,717 [ERROR] yfinance: WYNN: No earnings dates found, symbol may be delisted
2026-05-16 08:14:53,810 [ERROR] yfinance: WTW: No earnings dates found, symbol may be delisted
2026-05-16 08:14:54,053 [ERROR] yfinance: XOM: No earnings dates found, symbol may be delisted
2026-05-16 08:14:54,136 [ERROR] yfinance: XEL: No earnings dates found, symbol may be delisted
2026-05-16 08:14:54,240 [ERROR] yfinance: XYL: No earnings dates found, symbol may be delisted
2026-05-16 08:14:54,451 [ERROR] yfinance: XPO: No earnings dates found, symbol may be delisted
2026-05-16 08:14:54,526 [ERROR] yfinance: XYZ: No earnings dates found, symbol may be delisted
2026-05-16 08:14:54,618 [ERROR] yfinance: XRAY: No earnings dates found, symbol may be delisted
2026-05-16 08:14:54,835 [ERROR] yfinance: ZBH: No earnings dates found, symbol may be delisted
2026-05-16 08:14:54,948 [ERROR] yfinance: XP: No earnings dates found, symbol may be delisted
2026-05-16 08:14:55,019 [ERROR] yfinance: YETI: No earnings dates found, symbol may be delisted
2026-05-16 08:14:55,120 [ERROR] yfinance: Z: No earnings dates found, symbol may be delisted
2026-05-16 08:14:55,363 [ERROR] yfinance: YUM: No earnings dates found, symbol may be delisted
2026-05-16 08:14:55,471 [ERROR] yfinance: ZION: No earnings dates found, symbol may be delisted
2026-05-16 08:14:55,552 [ERROR] yfinance: ZM: No earnings dates found, symbol may be delisted
2026-05-16 08:14:55,738 [ERROR] yfinance: ZBRA: No earnings dates found, symbol may be delisted
2026-05-16 08:14:55,839 [ERROR] yfinance: ZS: No earnings dates found, symbol may be delisted
2026-05-16 08:14:55,946 [ERROR] yfinance: ZTS: No earnings dates found, symbol may be delisted
2026-05-16 08:14:56,130 [ERROR] yfinance: ZG: No earnings dates found, symbol may be delisted
2026-05-16 08:14:56,140 [INFO] freeze_snapshot: Fetching SPY benchmark...
2026-05-16 08:14:56,140 [INFO] freeze_snapshot: Fetching ^VIX...
2026-05-16 08:14:56,151 [INFO] freeze_snapshot: Writing snapshot...
2026-05-16 08:14:57,227 [INFO] src.storage.snapshot: Wrote snapshot 1dd88cad8e1f7534 (996 tickers) at data\snapshots\1dd88cad8e1f7534
2026-05-16 08:14:57,248 [INFO] freeze_snapshot: Snapshot 1dd88cad8e1f7534 — 996 prices, 995 fundamentals, 354 earnings, spy=True vix=True
