2026-05-16 06:38:17,998 [INFO] freeze_snapshot: Snapshot: window 2022-05-13 -> 2024-05-13 | fetch 2021-04-08 -> 2024-09-10 | universe russell_1000 (1002 tickers)
2026-05-16 06:38:17,998 [INFO] freeze_snapshot: Fetching prices (period=5y)...
2026-05-16 06:38:22,468 [ERROR] yfinance: $HEIA: possibly delisted; no price data found  (period=5y) (Yahoo error = "No data found, symbol may be delisted")
2026-05-16 06:38:22,472 [WARNING] src.data.fetcher: No price data returned for HEIA
2026-05-16 06:38:22,472 [ERROR] yfinance: $BRKB: possibly delisted; no price data found  (period=5y) (Yahoo error = "No data found, symbol may be delisted")
2026-05-16 06:38:22,486 [WARNING] src.data.fetcher: No price data returned for BRKB
2026-05-16 06:38:23,401 [ERROR] yfinance: $LENB: possibly delisted; no price data found  (period=5y) (Yahoo error = "No data found, symbol may be delisted")
2026-05-16 06:38:23,401 [WARNING] src.data.fetcher: No price data returned for LENB
2026-05-16 06:38:23,948 [ERROR] yfinance: $BFA: possibly delisted; no price data found  (period=5y) (Yahoo error = "No data found, symbol may be delisted")
2026-05-16 06:38:23,948 [WARNING] src.data.fetcher: No price data returned for BFA
2026-05-16 06:38:24,501 [ERROR] yfinance: $BFB: possibly delisted; no price data found  (period=5y) (Yahoo error = "No data found, symbol may be delisted")
2026-05-16 06:38:24,501 [WARNING] src.data.fetcher: No price data returned for BFB
2026-05-16 06:38:25,312 [ERROR] yfinance: $UHALB: possibly delisted; no price data found  (period=5y) (Yahoo error = "No data found, symbol may be delisted")
2026-05-16 06:38:25,312 [WARNING] src.data.fetcher: No price data returned for UHALB
2026-05-16 06:38:25,312 [INFO] src.data.fetcher: Fetched price data for 996/1002 tickers (workers=10)
2026-05-16 06:38:25,535 [INFO] freeze_snapshot: Fetching fundamentals...
2026-05-16 06:38:26,047 [WARNING] src.data.fundamentals: No fundamental data for BFA
2026-05-16 06:38:26,331 [WARNING] src.data.fundamentals: No fundamental data for BFB
2026-05-16 06:38:26,442 [WARNING] src.data.fundamentals: No fundamental data for BRKB
2026-05-16 06:38:26,466 [WARNING] src.data.fundamentals: No fundamental data for HEIA
2026-05-16 06:38:26,505 [ERROR] yfinance: HTTP Error 404: {"quoteSummary":{"result":null,"error":{"code":"Not Found","description":"Quote not found for symbol: LENB"}}}
2026-05-16 06:38:27,001 [WARNING] src.data.fundamentals: No fundamental data for NIQ
2026-05-16 06:38:27,033 [WARNING] src.data.fundamentals: No fundamental data for UHALB
2026-05-16 06:38:27,048 [WARNING] src.data.fundamentals: No fundamental data for LENB
2026-05-16 06:38:27,048 [INFO] src.data.fundamentals: Fetched fundamentals for 995/1002 tickers (workers=10)
2026-05-16 06:38:27,051 [INFO] freeze_snapshot: Fetching earnings history...
2026-05-16 06:39:50,941 [ERROR] yfinance: FICO: No earnings dates found, symbol may be delisted
2026-05-16 06:39:51,241 [ERROR] yfinance: FLEX: No earnings dates found, symbol may be delisted
2026-05-16 06:39:51,335 [ERROR] yfinance: FLO: No earnings dates found, symbol may be delisted
2026-05-16 06:39:51,383 [ERROR] yfinance: FHB: No earnings dates found, symbol may be delisted
2026-05-16 06:39:51,561 [ERROR] yfinance: FITB: No earnings dates found, symbol may be delisted
2026-05-16 06:39:51,734 [ERROR] yfinance: FISV: No earnings dates found, symbol may be delisted
2026-05-16 06:39:51,768 [ERROR] yfinance: FHN: No earnings dates found, symbol may be delisted
2026-05-16 06:39:51,768 [ERROR] yfinance: FIS: No earnings dates found, symbol may be delisted
2026-05-16 06:39:51,926 [ERROR] yfinance: FFIV: No earnings dates found, symbol may be delisted
2026-05-16 06:39:52,015 [ERROR] yfinance: FIVE: No earnings dates found, symbol may be delisted
2026-05-16 06:39:52,100 [ERROR] yfinance: FMC: No earnings dates found, symbol may be delisted
2026-05-16 06:39:52,295 [ERROR] yfinance: FLS: No earnings dates found, symbol may be delisted
2026-05-16 06:39:52,473 [ERROR] yfinance: FIX: No earnings dates found, symbol may be delisted
2026-05-16 06:39:52,547 [ERROR] yfinance: FLUT: No earnings dates found, symbol may be delisted
2026-05-16 06:39:52,737 [ERROR] yfinance: FND: No earnings dates found, symbol may be delisted
2026-05-16 06:39:52,833 [ERROR] yfinance: FOX: No earnings dates found, symbol may be delisted
2026-05-16 06:39:52,897 [ERROR] yfinance: FNB: No earnings dates found, symbol may be delisted
2026-05-16 06:39:52,976 [ERROR] yfinance: FNF: No earnings dates found, symbol may be delisted
2026-05-16 06:39:53,144 [ERROR] yfinance: FOUR: No earnings dates found, symbol may be delisted
2026-05-16 06:39:53,230 [ERROR] yfinance: FRHC: No earnings dates found, symbol may be delisted
2026-05-16 06:39:53,299 [ERROR] yfinance: FOXA: No earnings dates found, symbol may be delisted
2026-05-16 06:39:53,514 [ERROR] yfinance: FTI: No earnings dates found, symbol may be delisted
2026-05-16 06:39:53,530 [ERROR] yfinance: FRPT: No earnings dates found, symbol may be delisted
2026-05-16 06:39:53,609 [ERROR] yfinance: FR: No earnings dates found, symbol may be delisted
2026-05-16 06:39:53,767 [ERROR] yfinance: FRT: No earnings dates found, symbol may be delisted
2026-05-16 06:39:53,846 [ERROR] yfinance: FSLR: No earnings dates found, symbol may be delisted
2026-05-16 06:39:53,928 [ERROR] yfinance: FTNT: No earnings dates found, symbol may be delisted
2026-05-16 06:39:54,085 [ERROR] yfinance: FTAI: No earnings dates found, symbol may be delisted
2026-05-16 06:39:54,227 [ERROR] yfinance: GAP: No earnings dates found, symbol may be delisted
2026-05-16 06:39:54,227 [ERROR] yfinance: FWONK: No earnings dates found, symbol may be delisted
2026-05-16 06:39:54,328 [ERROR] yfinance: FTV: No earnings dates found, symbol may be delisted
2026-05-16 06:39:54,491 [ERROR] yfinance: G: No earnings dates found, symbol may be delisted
2026-05-16 06:39:54,564 [ERROR] yfinance: FWONA: No earnings dates found, symbol may be delisted
2026-05-16 06:39:54,643 [ERROR] yfinance: GD: No earnings dates found, symbol may be delisted
2026-05-16 06:39:54,797 [ERROR] yfinance: GDDY: No earnings dates found, symbol may be delisted
2026-05-16 06:39:54,930 [ERROR] yfinance: GEN: No earnings dates found, symbol may be delisted
2026-05-16 06:39:55,045 [ERROR] yfinance: GFS: No earnings dates found, symbol may be delisted
2026-05-16 06:39:55,211 [ERROR] yfinance: GEHC: No earnings dates found, symbol may be delisted
2026-05-16 06:39:55,290 [ERROR] yfinance: GGG: No earnings dates found, symbol may be delisted
2026-05-16 06:39:55,360 [ERROR] yfinance: GEV: No earnings dates found, symbol may be delisted
2026-05-16 06:39:55,442 [ERROR] yfinance: GIS: No earnings dates found, symbol may be delisted
2026-05-16 06:39:55,606 [ERROR] yfinance: GE: No earnings dates found, symbol may be delisted
2026-05-16 06:39:55,691 [ERROR] yfinance: GILD: No earnings dates found, symbol may be delisted
2026-05-16 06:39:55,770 [ERROR] yfinance: GL: No earnings dates found, symbol may be delisted
2026-05-16 06:39:55,912 [ERROR] yfinance: GLPI: No earnings dates found, symbol may be delisted
2026-05-16 06:39:55,987 [ERROR] yfinance: GLOB: No earnings dates found, symbol may be delisted
2026-05-16 06:39:56,067 [ERROR] yfinance: GM: No earnings dates found, symbol may be delisted
2026-05-16 06:39:56,227 [ERROR] yfinance: GLW: No earnings dates found, symbol may be delisted
2026-05-16 06:39:56,305 [ERROR] yfinance: GMED: No earnings dates found, symbol may be delisted
2026-05-16 06:39:56,384 [ERROR] yfinance: DOCU: No earnings dates found, symbol may be delisted
2026-05-16 06:39:56,567 [ERROR] yfinance: GME: No earnings dates found, symbol may be delisted
2026-05-16 06:39:56,648 [ERROR] yfinance: GOOGL: No earnings dates found, symbol may be delisted
2026-05-16 06:39:56,729 [ERROR] yfinance: GPK: No earnings dates found, symbol may be delisted
2026-05-16 06:39:56,803 [ERROR] yfinance: GOOG: No earnings dates found, symbol may be delisted
2026-05-16 06:39:57,000 [ERROR] yfinance: GPC: No earnings dates found, symbol may be delisted
2026-05-16 06:39:57,066 [ERROR] yfinance: GNTX: No earnings dates found, symbol may be delisted
2026-05-16 06:39:57,145 [ERROR] yfinance: GS: No earnings dates found, symbol may be delisted
2026-05-16 06:39:57,314 [ERROR] yfinance: GPN: No earnings dates found, symbol may be delisted
2026-05-16 06:39:57,392 [ERROR] yfinance: GTES: No earnings dates found, symbol may be delisted
2026-05-16 06:39:57,465 [ERROR] yfinance: GRMN: No earnings dates found, symbol may be delisted
2026-05-16 06:39:57,627 [ERROR] yfinance: GNRC: No earnings dates found, symbol may be delisted
2026-05-16 06:39:57,695 [ERROR] yfinance: GWRE: No earnings dates found, symbol may be delisted
2026-05-16 06:39:57,780 [ERROR] yfinance: GTM: No earnings dates found, symbol may be delisted
2026-05-16 06:39:57,853 [ERROR] yfinance: GTLB: No earnings dates found, symbol may be delisted
2026-05-16 06:39:58,028 [ERROR] yfinance: GWW: No earnings dates found, symbol may be delisted
2026-05-16 06:39:58,147 [ERROR] yfinance: HAS: No earnings dates found, symbol may be delisted
2026-05-16 06:39:58,171 [ERROR] yfinance: H: No earnings dates found, symbol may be delisted
2026-05-16 06:39:58,392 [ERROR] yfinance: HAL: No earnings dates found, symbol may be delisted
2026-05-16 06:39:58,482 [ERROR] yfinance: HALO: No earnings dates found, symbol may be delisted
2026-05-16 06:39:58,536 [ERROR] yfinance: HAYW: No earnings dates found, symbol may be delisted
2026-05-16 06:39:58,694 [ERROR] yfinance: HCA: No earnings dates found, symbol may be delisted
2026-05-16 06:39:58,778 [ERROR] yfinance: HBAN: No earnings dates found, symbol may be delisted
2026-05-16 06:39:58,845 [ERROR] yfinance: HD: No earnings dates found, symbol may be delisted
2026-05-16 06:39:58,915 [ERROR] yfinance: HHH: No earnings dates found, symbol may be delisted
2026-05-16 06:39:59,094 [ERROR] yfinance: HIW: No earnings dates found, symbol may be delisted
2026-05-16 06:39:59,186 [ERROR] yfinance: HIG: No earnings dates found, symbol may be delisted
2026-05-16 06:39:59,249 [ERROR] yfinance: HEI: No earnings dates found, symbol may be delisted
2026-05-16 06:39:59,409 [ERROR] yfinance: HII: No earnings dates found, symbol may be delisted
2026-05-16 06:39:59,509 [ERROR] yfinance: GXO: No earnings dates found, symbol may be delisted
2026-05-16 06:39:59,584 [ERROR] yfinance: HON: No earnings dates found, symbol may be delisted
2026-05-16 06:39:59,744 [ERROR] yfinance: HOG: No earnings dates found, symbol may be delisted
2026-05-16 06:39:59,816 [ERROR] yfinance: HLNE: No earnings dates found, symbol may be delisted
2026-05-16 06:39:59,883 [ERROR] yfinance: HLI: No earnings dates found, symbol may be delisted
2026-05-16 06:40:00,058 [ERROR] yfinance: HOOD: No earnings dates found, symbol may be delisted
2026-05-16 06:40:00,140 [ERROR] yfinance: HLT: No earnings dates found, symbol may be delisted
2026-05-16 06:40:00,209 [ERROR] yfinance: HPQ: No earnings dates found, symbol may be delisted
2026-05-16 06:40:00,280 [ERROR] yfinance: HPE: No earnings dates found, symbol may be delisted
2026-05-16 06:40:00,471 [ERROR] yfinance: HR: No earnings dates found, symbol may be delisted
2026-05-16 06:40:00,549 [ERROR] yfinance: HSIC: No earnings dates found, symbol may be delisted
2026-05-16 06:40:00,632 [ERROR] yfinance: HRL: No earnings dates found, symbol may be delisted
2026-05-16 06:40:00,803 [ERROR] yfinance: HRB: No earnings dates found, symbol may be delisted
2026-05-16 06:40:00,869 [ERROR] yfinance: HSY: No earnings dates found, symbol may be delisted
2026-05-16 06:40:00,948 [ERROR] yfinance: HST: No earnings dates found, symbol may be delisted
2026-05-16 06:40:01,106 [ERROR] yfinance: HUM: No earnings dates found, symbol may be delisted
2026-05-16 06:40:01,185 [ERROR] yfinance: HUBB: No earnings dates found, symbol may be delisted
2026-05-16 06:40:01,249 [ERROR] yfinance: HUN: No earnings dates found, symbol may be delisted
2026-05-16 06:40:01,328 [ERROR] yfinance: HWM: No earnings dates found, symbol may be delisted
2026-05-16 06:40:01,570 [ERROR] yfinance: HUBS: No earnings dates found, symbol may be delisted
2026-05-16 06:40:01,570 [ERROR] yfinance: IBKR: No earnings dates found, symbol may be delisted
2026-05-16 06:40:01,648 [ERROR] yfinance: IBM: No earnings dates found, symbol may be delisted
2026-05-16 06:40:01,853 [ERROR] yfinance: ICE: No earnings dates found, symbol may be delisted
2026-05-16 06:40:01,917 [ERROR] yfinance: IEX: No earnings dates found, symbol may be delisted
2026-05-16 06:40:02,007 [ERROR] yfinance: IAC: No earnings dates found, symbol may be delisted
2026-05-16 06:40:02,173 [ERROR] yfinance: HXL: No earnings dates found, symbol may be delisted
2026-05-16 06:40:02,252 [ERROR] yfinance: IDXX: No earnings dates found, symbol may be delisted
2026-05-16 06:40:02,315 [ERROR] yfinance: IDA: No earnings dates found, symbol may be delisted
2026-05-16 06:40:02,484 [ERROR] yfinance: INCY: No earnings dates found, symbol may be delisted
2026-05-16 06:40:02,601 [ERROR] yfinance: INSP: No earnings dates found, symbol may be delisted
2026-05-16 06:40:02,644 [ERROR] yfinance: ILMN: No earnings dates found, symbol may be delisted
2026-05-16 06:40:02,715 [ERROR] yfinance: INGR: No earnings dates found, symbol may be delisted
2026-05-16 06:40:02,971 [ERROR] yfinance: INTC: No earnings dates found, symbol may be delisted
2026-05-16 06:40:03,044 [ERROR] yfinance: IFF: No earnings dates found, symbol may be delisted
2026-05-16 06:40:03,107 [ERROR] yfinance: INSM: No earnings dates found, symbol may be delisted
2026-05-16 06:40:03,274 [ERROR] yfinance: IOT: No earnings dates found, symbol may be delisted
2026-05-16 06:40:03,350 [ERROR] yfinance: INTU: No earnings dates found, symbol may be delisted
2026-05-16 06:40:03,427 [ERROR] yfinance: IONS: No earnings dates found, symbol may be delisted
2026-05-16 06:40:03,591 [ERROR] yfinance: IPGP: No earnings dates found, symbol may be delisted
2026-05-16 06:40:03,672 [ERROR] yfinance: INVH: No earnings dates found, symbol may be delisted
2026-05-16 06:40:03,740 [ERROR] yfinance: IP: No earnings dates found, symbol may be delisted
2026-05-16 06:40:03,819 [ERROR] yfinance: IRDM: No earnings dates found, symbol may be delisted
2026-05-16 06:40:04,145 [ERROR] yfinance: ISRG: No earnings dates found, symbol may be delisted
2026-05-16 06:40:04,216 [ERROR] yfinance: IR: No earnings dates found, symbol may be delisted
2026-05-16 06:40:04,294 [ERROR] yfinance: IRM: No earnings dates found, symbol may be delisted
2026-05-16 06:40:04,454 [ERROR] yfinance: ITT: No earnings dates found, symbol may be delisted
2026-05-16 06:40:04,533 [ERROR] yfinance: IQV: No earnings dates found, symbol may be delisted
2026-05-16 06:40:04,613 [ERROR] yfinance: ITW: No earnings dates found, symbol may be delisted
2026-05-16 06:40:04,777 [ERROR] yfinance: IT: No earnings dates found, symbol may be delisted
2026-05-16 06:40:04,855 [ERROR] yfinance: JAZZ: No earnings dates found, symbol may be delisted
2026-05-16 06:40:04,929 [ERROR] yfinance: JBHT: No earnings dates found, symbol may be delisted
2026-05-16 06:40:05,087 [ERROR] yfinance: IVZ: No earnings dates found, symbol may be delisted
2026-05-16 06:40:05,174 [ERROR] yfinance: JEF: No earnings dates found, symbol may be delisted
2026-05-16 06:40:05,256 [ERROR] yfinance: JCI: No earnings dates found, symbol may be delisted
2026-05-16 06:40:05,356 [ERROR] yfinance: JBL: No earnings dates found, symbol may be delisted
2026-05-16 06:40:05,502 [ERROR] yfinance: JLL: No earnings dates found, symbol may be delisted
2026-05-16 06:40:05,596 [ERROR] yfinance: JKHY: No earnings dates found, symbol may be delisted
2026-05-16 06:40:05,675 [ERROR] yfinance: JHX: No earnings dates found, symbol may be delisted
2026-05-16 06:40:05,833 [ERROR] yfinance: JHG: No earnings dates found, symbol may be delisted
2026-05-16 06:40:05,908 [ERROR] yfinance: JNJ: No earnings dates found, symbol may be delisted
2026-05-16 06:40:05,975 [ERROR] yfinance: KBR: No earnings dates found, symbol may be delisted
2026-05-16 06:40:06,143 [ERROR] yfinance: JPM: No earnings dates found, symbol may be delisted
2026-05-16 06:40:06,231 [ERROR] yfinance: KDP: No earnings dates found, symbol may be delisted
2026-05-16 06:40:06,309 [ERROR] yfinance: KD: No earnings dates found, symbol may be delisted
2026-05-16 06:40:06,405 [ERROR] yfinance: KEX: No earnings dates found, symbol may be delisted
2026-05-16 06:40:06,585 [ERROR] yfinance: KEYS: No earnings dates found, symbol may be delisted
2026-05-16 06:40:06,648 [ERROR] yfinance: KHC: No earnings dates found, symbol may be delisted
2026-05-16 06:40:06,724 [ERROR] yfinance: KEY: No earnings dates found, symbol may be delisted
2026-05-16 06:40:06,914 [ERROR] yfinance: KIM: No earnings dates found, symbol may be delisted
2026-05-16 06:40:06,982 [ERROR] yfinance: KMI: No earnings dates found, symbol may be delisted
2026-05-16 06:40:07,045 [ERROR] yfinance: KKR: No earnings dates found, symbol may be delisted
2026-05-16 06:40:07,226 [ERROR] yfinance: KMB: No earnings dates found, symbol may be delisted
2026-05-16 06:40:07,301 [ERROR] yfinance: KLAC: No earnings dates found, symbol may be delisted
2026-05-16 06:40:07,359 [ERROR] yfinance: KMPR: No earnings dates found, symbol may be delisted
2026-05-16 06:40:07,533 [ERROR] yfinance: KNSL: No earnings dates found, symbol may be delisted
2026-05-16 06:40:07,613 [ERROR] yfinance: KMX: No earnings dates found, symbol may be delisted
2026-05-16 06:40:07,698 [ERROR] yfinance: KNX: No earnings dates found, symbol may be delisted
2026-05-16 06:40:07,772 [ERROR] yfinance: KO: No earnings dates found, symbol may be delisted
2026-05-16 06:40:08,026 [ERROR] yfinance: KR: No earnings dates found, symbol may be delisted
2026-05-16 06:40:08,089 [ERROR] yfinance: KVUE: No earnings dates found, symbol may be delisted
2026-05-16 06:40:08,170 [ERROR] yfinance: KRC: No earnings dates found, symbol may be delisted
2026-05-16 06:40:08,345 [ERROR] yfinance: L: No earnings dates found, symbol may be delisted
2026-05-16 06:40:08,423 [ERROR] yfinance: LBRDK: No earnings dates found, symbol may be delisted
2026-05-16 06:40:08,503 [ERROR] yfinance: LAMR: No earnings dates found, symbol may be delisted
2026-05-16 06:40:08,648 [ERROR] yfinance: LAZ: No earnings dates found, symbol may be delisted
2026-05-16 06:40:08,727 [ERROR] yfinance: LAD: No earnings dates found, symbol may be delisted
2026-05-16 06:40:08,811 [ERROR] yfinance: LBTYK: No earnings dates found, symbol may be delisted
2026-05-16 06:40:08,877 [ERROR] yfinance: LBRDA: No earnings dates found, symbol may be delisted
2026-05-16 06:40:09,060 [ERROR] yfinance: LBTYA: No earnings dates found, symbol may be delisted
2026-05-16 06:40:09,149 [ERROR] yfinance: LCID: No earnings dates found, symbol may be delisted
2026-05-16 06:40:09,221 [ERROR] yfinance: LDOS: No earnings dates found, symbol may be delisted
2026-05-16 06:40:09,377 [ERROR] yfinance: LEN: No earnings dates found, symbol may be delisted
2026-05-16 06:40:09,457 [ERROR] yfinance: LEA: No earnings dates found, symbol may be delisted
2026-05-16 06:40:09,552 [ERROR] yfinance: LFUS: No earnings dates found, symbol may be delisted
2026-05-16 06:40:09,727 [ERROR] yfinance: LECO: No earnings dates found, symbol may be delisted
2026-05-16 06:40:09,797 [ERROR] yfinance: LHX: No earnings dates found, symbol may be delisted
2026-05-16 06:40:09,878 [ERROR] yfinance: LII: No earnings dates found, symbol may be delisted
2026-05-16 06:40:10,057 [ERROR] yfinance: LH: No earnings dates found, symbol may be delisted
2026-05-16 06:40:10,132 [ERROR] yfinance: LIN: No earnings dates found, symbol may be delisted
2026-05-16 06:40:10,211 [ERROR] yfinance: LINE: No earnings dates found, symbol may be delisted
2026-05-16 06:40:10,410 [ERROR] yfinance: LITE: No earnings dates found, symbol may be delisted
2026-05-16 06:40:10,459 [ERROR] yfinance: LKQ: No earnings dates found, symbol may be delisted
2026-05-16 06:40:10,525 [ERROR] yfinance: LLY: No earnings dates found, symbol may be delisted
2026-05-16 06:40:10,601 [ERROR] yfinance: LLYVA: No earnings dates found, symbol may be delisted
2026-05-16 06:40:10,793 [ERROR] yfinance: LLYVK: No earnings dates found, symbol may be delisted
2026-05-16 06:40:10,881 [ERROR] yfinance: LMT: No earnings dates found, symbol may be delisted
2026-05-16 06:40:10,949 [ERROR] yfinance: LNC: No earnings dates found, symbol may be delisted
2026-05-16 06:40:11,105 [ERROR] yfinance: J: No earnings dates found, symbol may be delisted
2026-05-16 06:40:11,201 [ERROR] yfinance: LNG: No earnings dates found, symbol may be delisted
2026-05-16 06:40:11,264 [ERROR] yfinance: LNT: No earnings dates found, symbol may be delisted
2026-05-16 06:40:11,352 [ERROR] yfinance: LOW: No earnings dates found, symbol may be delisted
2026-05-16 06:40:11,503 [ERROR] yfinance: LPLA: No earnings dates found, symbol may be delisted
2026-05-16 06:40:11,567 [ERROR] yfinance: LOAR: No earnings dates found, symbol may be delisted
2026-05-16 06:40:11,649 [ERROR] yfinance: LRCX: No earnings dates found, symbol may be delisted
2026-05-16 06:40:11,879 [ERROR] yfinance: LPX: No earnings dates found, symbol may be delisted
2026-05-16 06:40:11,900 [ERROR] yfinance: LULU: No earnings dates found, symbol may be delisted
2026-05-16 06:40:11,980 [ERROR] yfinance: LOPE: No earnings dates found, symbol may be delisted
2026-05-16 06:40:12,139 [ERROR] yfinance: LUV: No earnings dates found, symbol may be delisted
2026-05-16 06:40:12,201 [ERROR] yfinance: LSCC: No earnings dates found, symbol may be delisted
2026-05-16 06:40:12,280 [ERROR] yfinance: LSTR: No earnings dates found, symbol may be delisted
2026-05-16 06:40:12,534 [ERROR] yfinance: LW: No earnings dates found, symbol may be delisted
2026-05-16 06:40:12,567 [ERROR] yfinance: LYB: No earnings dates found, symbol may be delisted
2026-05-16 06:40:12,598 [ERROR] yfinance: LYFT: No earnings dates found, symbol may be delisted
2026-05-16 06:40:12,681 [ERROR] yfinance: M: No earnings dates found, symbol may be delisted
2026-05-16 06:40:12,859 [ERROR] yfinance: MA: No earnings dates found, symbol may be delisted
2026-05-16 06:40:12,948 [ERROR] yfinance: LVS: No earnings dates found, symbol may be delisted
2026-05-16 06:40:13,045 [ERROR] yfinance: MAA: No earnings dates found, symbol may be delisted
2026-05-16 06:40:13,218 [ERROR] yfinance: MAR: No earnings dates found, symbol may be delisted
2026-05-16 06:40:13,234 [ERROR] yfinance: MANH: No earnings dates found, symbol may be delisted
2026-05-16 06:40:13,313 [ERROR] yfinance: LYV: No earnings dates found, symbol may be delisted
2026-05-16 06:40:13,504 [ERROR] yfinance: MAS: No earnings dates found, symbol may be delisted
2026-05-16 06:40:13,552 [ERROR] yfinance: MAN: No earnings dates found, symbol may be delisted
2026-05-16 06:40:13,632 [ERROR] yfinance: MCD: No earnings dates found, symbol may be delisted
2026-05-16 06:40:13,711 [ERROR] yfinance: MAT: No earnings dates found, symbol may be delisted
2026-05-16 06:40:13,871 [ERROR] yfinance: MCK: No earnings dates found, symbol may be delisted
2026-05-16 06:40:13,950 [ERROR] yfinance: MASI: No earnings dates found, symbol may be delisted
2026-05-16 06:40:14,059 [ERROR] yfinance: MDLZ: No earnings dates found, symbol may be delisted
2026-05-16 06:40:14,262 [ERROR] yfinance: MDU: No earnings dates found, symbol may be delisted
2026-05-16 06:40:14,320 [ERROR] yfinance: MCO: No earnings dates found, symbol may be delisted
2026-05-16 06:40:14,358 [ERROR] yfinance: MDB: No earnings dates found, symbol may be delisted
2026-05-16 06:40:14,507 [ERROR] yfinance: MCHP: No earnings dates found, symbol may be delisted
2026-05-16 06:40:14,586 [ERROR] yfinance: MDT: No earnings dates found, symbol may be delisted
2026-05-16 06:40:14,682 [ERROR] yfinance: MEDP: No earnings dates found, symbol may be delisted
2026-05-16 06:40:14,759 [ERROR] yfinance: MIDD: No earnings dates found, symbol may be delisted
2026-05-16 06:40:14,918 [ERROR] yfinance: MGM: No earnings dates found, symbol may be delisted
2026-05-16 06:40:15,014 [ERROR] yfinance: MET: No earnings dates found, symbol may be delisted
2026-05-16 06:40:15,066 [ERROR] yfinance: META: No earnings dates found, symbol may be delisted
2026-05-16 06:40:15,236 [ERROR] yfinance: MKTX: No earnings dates found, symbol may be delisted
2026-05-16 06:40:15,352 [ERROR] yfinance: MKC: No earnings dates found, symbol may be delisted
2026-05-16 06:40:15,394 [ERROR] yfinance: MHK: No earnings dates found, symbol may be delisted
2026-05-16 06:40:15,554 [ERROR] yfinance: MLM: No earnings dates found, symbol may be delisted
2026-05-16 06:40:15,653 [ERROR] yfinance: MKL: No earnings dates found, symbol may be delisted
2026-05-16 06:40:15,728 [ERROR] yfinance: MLI: No earnings dates found, symbol may be delisted
2026-05-16 06:40:15,884 [ERROR] yfinance: MKSI: No earnings dates found, symbol may be delisted
2026-05-16 06:40:15,998 [ERROR] yfinance: MNST: No earnings dates found, symbol may be delisted
2026-05-16 06:40:16,029 [ERROR] yfinance: MOH: No earnings dates found, symbol may be delisted
2026-05-16 06:40:16,116 [ERROR] yfinance: MMM: No earnings dates found, symbol may be delisted
2026-05-16 06:40:16,313 [ERROR] yfinance: MORN: No earnings dates found, symbol may be delisted
2026-05-16 06:40:16,433 [ERROR] yfinance: MP: No earnings dates found, symbol may be delisted
2026-05-16 06:40:16,473 [ERROR] yfinance: MO: No earnings dates found, symbol may be delisted
2026-05-16 06:40:16,615 [ERROR] yfinance: MPWR: No earnings dates found, symbol may be delisted
2026-05-16 06:40:16,695 [ERROR] yfinance: MRK: No earnings dates found, symbol may be delisted
2026-05-16 06:40:16,774 [ERROR] yfinance: MOS: No earnings dates found, symbol may be delisted
2026-05-16 06:40:16,933 [ERROR] yfinance: MPT: No earnings dates found, symbol may be delisted
2026-05-16 06:40:17,013 [ERROR] yfinance: MPC: No earnings dates found, symbol may be delisted
2026-05-16 06:40:17,111 [ERROR] yfinance: MRSH: No earnings dates found, symbol may be delisted
2026-05-16 06:40:17,176 [ERROR] yfinance: MRVL: No earnings dates found, symbol may be delisted
2026-05-16 06:40:17,344 [ERROR] yfinance: MS: No earnings dates found, symbol may be delisted
2026-05-16 06:40:17,423 [ERROR] yfinance: MSA: No earnings dates found, symbol may be delisted
2026-05-16 06:40:17,506 [ERROR] yfinance: MRNA: No earnings dates found, symbol may be delisted
2026-05-16 06:40:17,678 [ERROR] yfinance: MSGS: No earnings dates found, symbol may be delisted
2026-05-16 06:40:17,740 [ERROR] yfinance: MSFT: No earnings dates found, symbol may be delisted
2026-05-16 06:40:17,820 [ERROR] yfinance: MSCI: No earnings dates found, symbol may be delisted
2026-05-16 06:40:18,030 [ERROR] yfinance: MSI: No earnings dates found, symbol may be delisted
2026-05-16 06:40:18,060 [ERROR] yfinance: MSTR: No earnings dates found, symbol may be delisted
2026-05-16 06:40:18,138 [ERROR] yfinance: MTB: No earnings dates found, symbol may be delisted
2026-05-16 06:40:18,313 [ERROR] yfinance: MTDR: No earnings dates found, symbol may be delisted
2026-05-16 06:40:18,393 [ERROR] yfinance: MTCH: No earnings dates found, symbol may be delisted
2026-05-16 06:40:18,484 [ERROR] yfinance: MTG: No earnings dates found, symbol may be delisted
2026-05-16 06:40:18,560 [ERROR] yfinance: MTD: No earnings dates found, symbol may be delisted
2026-05-16 06:40:18,740 [ERROR] yfinance: MSM: No earnings dates found, symbol may be delisted
2026-05-16 06:40:18,805 [ERROR] yfinance: MTSI: No earnings dates found, symbol may be delisted
2026-05-16 06:40:18,887 [ERROR] yfinance: MTN: No earnings dates found, symbol may be delisted
2026-05-16 06:40:19,044 [ERROR] yfinance: MTZ: No earnings dates found, symbol may be delisted
2026-05-16 06:40:19,127 [ERROR] yfinance: MUSA: No earnings dates found, symbol may be delisted
2026-05-16 06:40:19,202 [ERROR] yfinance: MU: No earnings dates found, symbol may be delisted
2026-05-16 06:40:19,360 [ERROR] yfinance: NBIX: No earnings dates found, symbol may be delisted
2026-05-16 06:40:19,441 [ERROR] yfinance: NCLH: No earnings dates found, symbol may be delisted
2026-05-16 06:40:19,520 [ERROR] yfinance: NDAQ: No earnings dates found, symbol may be delisted
2026-05-16 06:40:19,615 [ERROR] yfinance: NEM: No earnings dates found, symbol may be delisted
2026-05-16 06:40:19,806 [ERROR] yfinance: NEU: No earnings dates found, symbol may be delisted
2026-05-16 06:40:19,838 [ERROR] yfinance: NCNO: No earnings dates found, symbol may be delisted
2026-05-16 06:40:19,943 [ERROR] yfinance: NET: No earnings dates found, symbol may be delisted
2026-05-16 06:40:20,124 [ERROR] yfinance: NDSN: No earnings dates found, symbol may be delisted
2026-05-16 06:40:20,156 [ERROR] yfinance: NEE: No earnings dates found, symbol may be delisted
2026-05-16 06:40:20,236 [ERROR] yfinance: NFLX: No earnings dates found, symbol may be delisted
2026-05-16 06:40:20,395 [ERROR] yfinance: NFG: No earnings dates found, symbol may be delisted
2026-05-16 06:40:20,474 [ERROR] yfinance: NI: No earnings dates found, symbol may be delisted
2026-05-16 06:40:20,553 [ERROR] yfinance: NLY: No earnings dates found, symbol may be delisted
2026-05-16 06:40:20,773 [ERROR] yfinance: NOW: No earnings dates found, symbol may be delisted
2026-05-16 06:40:20,790 [ERROR] yfinance: NNN: No earnings dates found, symbol may be delisted
2026-05-16 06:40:20,873 [ERROR] yfinance: NOC: No earnings dates found, symbol may be delisted
2026-05-16 06:40:20,948 [ERROR] yfinance: NSA: No earnings dates found, symbol may be delisted
2026-05-16 06:40:21,140 [ERROR] yfinance: NOV: No earnings dates found, symbol may be delisted
2026-05-16 06:40:21,219 [ERROR] yfinance: NKE: No earnings dates found, symbol may be delisted
2026-05-16 06:40:21,297 [ERROR] yfinance: NTNX: No earnings dates found, symbol may be delisted
2026-05-16 06:40:21,471 [ERROR] yfinance: NTAP: No earnings dates found, symbol may be delisted
2026-05-16 06:40:21,551 [ERROR] yfinance: NTRA: No earnings dates found, symbol may be delisted
2026-05-16 06:40:21,631 [ERROR] yfinance: NRG: No earnings dates found, symbol may be delisted
2026-05-16 06:40:21,808 [ERROR] yfinance: NSC: No earnings dates found, symbol may be delisted
2026-05-16 06:40:21,885 [ERROR] yfinance: NU: No earnings dates found, symbol may be delisted
2026-05-16 06:40:21,949 [ERROR] yfinance: NTRS: No earnings dates found, symbol may be delisted
2026-05-16 06:40:22,044 [ERROR] yfinance: NUE: No earnings dates found, symbol may be delisted
2026-05-16 06:40:22,219 [ERROR] yfinance: NWL: No earnings dates found, symbol may be delisted
2026-05-16 06:40:22,292 [ERROR] yfinance: NVDA: No earnings dates found, symbol may be delisted
2026-05-16 06:40:22,362 [ERROR] yfinance: NVST: No earnings dates found, symbol may be delisted
2026-05-16 06:40:22,526 [ERROR] yfinance: NWS: No earnings dates found, symbol may be delisted
2026-05-16 06:40:22,618 [ERROR] yfinance: NVT: No earnings dates found, symbol may be delisted
2026-05-16 06:40:22,681 [ERROR] yfinance: NXST: No earnings dates found, symbol may be delisted
2026-05-16 06:40:22,851 [ERROR] yfinance: NWSA: No earnings dates found, symbol may be delisted
2026-05-16 06:40:22,920 [ERROR] yfinance: NYT: No earnings dates found, symbol may be delisted
2026-05-16 06:40:23,001 [ERROR] yfinance: O: No earnings dates found, symbol may be delisted
2026-05-16 06:40:23,176 [ERROR] yfinance: OC: No earnings dates found, symbol may be delisted
2026-05-16 06:40:23,247 [ERROR] yfinance: OGE: No earnings dates found, symbol may be delisted
2026-05-16 06:40:23,334 [ERROR] yfinance: OGN: No earnings dates found, symbol may be delisted
2026-05-16 06:40:23,399 [ERROR] yfinance: ODFL: No earnings dates found, symbol may be delisted
2026-05-16 06:40:23,572 [ERROR] yfinance: OKTA: No earnings dates found, symbol may be delisted
2026-05-16 06:40:23,644 [ERROR] yfinance: OHI: No earnings dates found, symbol may be delisted
2026-05-16 06:40:23,723 [ERROR] yfinance: OKE: No earnings dates found, symbol may be delisted
2026-05-16 06:40:23,923 [ERROR] yfinance: OLED: No earnings dates found, symbol may be delisted
2026-05-16 06:40:23,962 [ERROR] yfinance: OLLI: No earnings dates found, symbol may be delisted
2026-05-16 06:40:24,047 [ERROR] yfinance: OLN: No earnings dates found, symbol may be delisted
2026-05-16 06:40:24,196 [ERROR] yfinance: OMF: No earnings dates found, symbol may be delisted
2026-05-16 06:40:24,280 [ERROR] yfinance: ON: No earnings dates found, symbol may be delisted
2026-05-16 06:40:24,370 [ERROR] yfinance: OMC: No earnings dates found, symbol may be delisted
2026-05-16 06:40:24,442 [ERROR] yfinance: ONON: No earnings dates found, symbol may be delisted
2026-05-16 06:40:24,608 [ERROR] yfinance: ORCL: No earnings dates found, symbol may be delisted
2026-05-16 06:40:24,681 [ERROR] yfinance: ONTO: No earnings dates found, symbol may be delisted
2026-05-16 06:40:24,750 [ERROR] yfinance: ORI: No earnings dates found, symbol may be delisted
2026-05-16 06:40:24,926 [ERROR] yfinance: OSK: No earnings dates found, symbol may be delisted
2026-05-16 06:40:25,010 [ERROR] yfinance: ORLY: No earnings dates found, symbol may be delisted
2026-05-16 06:40:25,085 [ERROR] yfinance: OTIS: No earnings dates found, symbol may be delisted
2026-05-16 06:40:25,258 [ERROR] yfinance: OVV: No earnings dates found, symbol may be delisted
2026-05-16 06:40:25,323 [ERROR] yfinance: OZK: No earnings dates found, symbol may be delisted
2026-05-16 06:40:25,402 [ERROR] yfinance: OWL: No earnings dates found, symbol may be delisted
2026-05-16 06:40:25,608 [ERROR] yfinance: OXY: No earnings dates found, symbol may be delisted
2026-05-16 06:40:25,688 [ERROR] yfinance: PAG: No earnings dates found, symbol may be delisted
2026-05-16 06:40:25,769 [ERROR] yfinance: P: No earnings dates found, symbol may be delisted
2026-05-16 06:40:25,785 [ERROR] yfinance: PANW: No earnings dates found, symbol may be delisted
2026-05-16 06:40:25,956 [ERROR] yfinance: PAYX: No earnings dates found, symbol may be delisted
2026-05-16 06:40:26,044 [ERROR] yfinance: PATH: No earnings dates found, symbol may be delisted
2026-05-16 06:40:26,115 [ERROR] yfinance: PAYC: No earnings dates found, symbol may be delisted
2026-05-16 06:40:26,274 [ERROR] yfinance: PCAR: No earnings dates found, symbol may be delisted
2026-05-16 06:40:26,370 [ERROR] yfinance: PCG: No earnings dates found, symbol may be delisted
2026-05-16 06:40:26,416 [ERROR] yfinance: PB: No earnings dates found, symbol may be delisted
2026-05-16 06:40:26,598 [ERROR] yfinance: PCOR: No earnings dates found, symbol may be delisted
2026-05-16 06:40:26,677 [ERROR] yfinance: PEN: No earnings dates found, symbol may be delisted
2026-05-16 06:40:26,762 [ERROR] yfinance: PEG: No earnings dates found, symbol may be delisted
2026-05-16 06:40:26,832 [ERROR] yfinance: PENN: No earnings dates found, symbol may be delisted
2026-05-16 06:40:27,010 [ERROR] yfinance: NVR: No earnings dates found, symbol may be delisted
2026-05-16 06:40:27,090 [ERROR] yfinance: PCTY: No earnings dates found, symbol may be delisted
2026-05-16 06:40:27,165 [ERROR] yfinance: PEGA: No earnings dates found, symbol may be delisted
2026-05-16 06:40:27,329 [ERROR] yfinance: PFE: No earnings dates found, symbol may be delisted
2026-05-16 06:40:27,420 [ERROR] yfinance: PFGC: No earnings dates found, symbol may be delisted
2026-05-16 06:40:27,491 [ERROR] yfinance: PFG: No earnings dates found, symbol may be delisted
2026-05-16 06:40:27,664 [ERROR] yfinance: PG: No earnings dates found, symbol may be delisted
2026-05-16 06:40:27,739 [ERROR] yfinance: PGR: No earnings dates found, symbol may be delisted
2026-05-16 06:40:27,818 [ERROR] yfinance: PKG: No earnings dates found, symbol may be delisted
2026-05-16 06:40:28,000 [ERROR] yfinance: PEP: No earnings dates found, symbol may be delisted
2026-05-16 06:40:28,055 [ERROR] yfinance: PH: No earnings dates found, symbol may be delisted
2026-05-16 06:40:28,119 [ERROR] yfinance: PHM: No earnings dates found, symbol may be delisted
2026-05-16 06:40:28,200 [ERROR] yfinance: PINS: No earnings dates found, symbol may be delisted
2026-05-16 06:40:28,374 [ERROR] yfinance: PK: No earnings dates found, symbol may be delisted
2026-05-16 06:40:28,437 [ERROR] yfinance: PLNT: No earnings dates found, symbol may be delisted
2026-05-16 06:40:28,534 [ERROR] yfinance: PLD: No earnings dates found, symbol may be delisted
2026-05-16 06:40:28,701 [ERROR] yfinance: PM: No earnings dates found, symbol may be delisted
2026-05-16 06:40:28,780 [ERROR] yfinance: PNC: No earnings dates found, symbol may be delisted
2026-05-16 06:40:28,853 [ERROR] yfinance: PNFP: No earnings dates found, symbol may be delisted
2026-05-16 06:40:29,028 [ERROR] yfinance: PLTR: No earnings dates found, symbol may be delisted
2026-05-16 06:40:29,102 [ERROR] yfinance: POOL: No earnings dates found, symbol may be delisted
2026-05-16 06:40:29,177 [ERROR] yfinance: PNR: No earnings dates found, symbol may be delisted
2026-05-16 06:40:29,249 [ERROR] yfinance: PODD: No earnings dates found, symbol may be delisted
2026-05-16 06:40:29,442 [ERROR] yfinance: POST: No earnings dates found, symbol may be delisted
2026-05-16 06:40:29,527 [ERROR] yfinance: PNW: No earnings dates found, symbol may be delisted
2026-05-16 06:40:29,602 [ERROR] yfinance: PPG: No earnings dates found, symbol may be delisted
2026-05-16 06:40:29,775 [ERROR] yfinance: PPC: No earnings dates found, symbol may be delisted
2026-05-16 06:40:29,840 [ERROR] yfinance: PRGO: No earnings dates found, symbol may be delisted
2026-05-16 06:40:29,927 [ERROR] yfinance: PPL: No earnings dates found, symbol may be delisted
2026-05-16 06:40:30,096 [ERROR] yfinance: PR: No earnings dates found, symbol may be delisted
2026-05-16 06:40:30,237 [ERROR] yfinance: PRI: No earnings dates found, symbol may be delisted
2026-05-16 06:40:30,237 [ERROR] yfinance: PRMB: No earnings dates found, symbol may be delisted
2026-05-16 06:40:30,333 [ERROR] yfinance: PRU: No earnings dates found, symbol may be delisted
2026-05-16 06:40:30,508 [ERROR] yfinance: PSX: No earnings dates found, symbol may be delisted
2026-05-16 06:40:30,588 [ERROR] yfinance: PSA: No earnings dates found, symbol may be delisted
2026-05-16 06:40:30,665 [ERROR] yfinance: PSN: No earnings dates found, symbol may be delisted
2026-05-16 06:40:30,841 [ERROR] yfinance: PTC: No earnings dates found, symbol may be delisted
2026-05-16 06:40:30,920 [ERROR] yfinance: PWR: No earnings dates found, symbol may be delisted
2026-05-16 06:40:31,000 [ERROR] yfinance: PYPL: No earnings dates found, symbol may be delisted
2026-05-16 06:40:31,175 [ERROR] yfinance: QCOM: No earnings dates found, symbol may be delisted
2026-05-16 06:40:31,238 [ERROR] yfinance: QRVO: No earnings dates found, symbol may be delisted
2026-05-16 06:40:31,317 [ERROR] yfinance: QGEN: No earnings dates found, symbol may be delisted
2026-05-16 06:40:31,494 [ERROR] yfinance: QSR: No earnings dates found, symbol may be delisted
2026-05-16 06:40:31,644 [ERROR] yfinance: PVH: No earnings dates found, symbol may be delisted
2026-05-16 06:40:31,644 [ERROR] yfinance: QS: No earnings dates found, symbol may be delisted
2026-05-16 06:40:31,715 [ERROR] yfinance: R: No earnings dates found, symbol may be delisted
2026-05-16 06:40:31,897 [ERROR] yfinance: QXO: No earnings dates found, symbol may be delisted
2026-05-16 06:40:31,985 [ERROR] yfinance: RBA: No earnings dates found, symbol may be delisted
2026-05-16 06:40:32,048 [ERROR] yfinance: RARE: No earnings dates found, symbol may be delisted
2026-05-16 06:40:32,227 [ERROR] yfinance: RBC: No earnings dates found, symbol may be delisted
2026-05-16 06:40:32,304 [ERROR] yfinance: RBRK: No earnings dates found, symbol may be delisted
2026-05-16 06:40:32,375 [ERROR] yfinance: RCL: No earnings dates found, symbol may be delisted
2026-05-16 06:40:32,542 [ERROR] yfinance: RBLX: No earnings dates found, symbol may be delisted
2026-05-16 06:40:32,632 [ERROR] yfinance: RDDT: No earnings dates found, symbol may be delisted
2026-05-16 06:40:32,717 [ERROR] yfinance: REGN: No earnings dates found, symbol may be delisted
2026-05-16 06:40:32,781 [ERROR] yfinance: REG: No earnings dates found, symbol may be delisted
2026-05-16 06:40:32,940 [ERROR] yfinance: REXR: No earnings dates found, symbol may be delisted
2026-05-16 06:40:33,020 [ERROR] yfinance: RF: No earnings dates found, symbol may be delisted
2026-05-16 06:40:33,082 [ERROR] yfinance: RGA: No earnings dates found, symbol may be delisted
2026-05-16 06:40:33,258 [ERROR] yfinance: REYN: No earnings dates found, symbol may be delisted
2026-05-16 06:40:33,338 [ERROR] yfinance: RGLD: No earnings dates found, symbol may be delisted
2026-05-16 06:40:33,410 [ERROR] yfinance: RH: No earnings dates found, symbol may be delisted
2026-05-16 06:40:33,577 [ERROR] yfinance: RGEN: No earnings dates found, symbol may be delisted
2026-05-16 06:40:33,640 [ERROR] yfinance: RHI: No earnings dates found, symbol may be delisted
2026-05-16 06:40:33,720 [ERROR] yfinance: RITM: No earnings dates found, symbol may be delisted
2026-05-16 06:40:33,901 [ERROR] yfinance: RJF: No earnings dates found, symbol may be delisted
2026-05-16 06:40:33,975 [ERROR] yfinance: RIVN: No earnings dates found, symbol may be delisted
2026-05-16 06:40:34,044 [ERROR] yfinance: RKT: No earnings dates found, symbol may be delisted
2026-05-16 06:40:34,109 [ERROR] yfinance: RLI: No earnings dates found, symbol may be delisted
2026-05-16 06:40:34,294 [ERROR] yfinance: RL: No earnings dates found, symbol may be delisted
2026-05-16 06:40:34,357 [ERROR] yfinance: RKLB: No earnings dates found, symbol may be delisted
2026-05-16 06:40:34,437 [ERROR] yfinance: RMD: No earnings dates found, symbol may be delisted
2026-05-16 06:40:34,613 [ERROR] yfinance: RNG: No earnings dates found, symbol may be delisted
2026-05-16 06:40:34,694 [ERROR] yfinance: ROP: No earnings dates found, symbol may be delisted
2026-05-16 06:40:34,771 [ERROR] yfinance: ROKU: No earnings dates found, symbol may be delisted
2026-05-16 06:40:34,930 [ERROR] yfinance: RNR: No earnings dates found, symbol may be delisted
2026-05-16 06:40:35,014 [ERROR] yfinance: ROIV: No earnings dates found, symbol may be delisted
2026-05-16 06:40:35,089 [ERROR] yfinance: ROK: No earnings dates found, symbol may be delisted
2026-05-16 06:40:35,153 [ERROR] yfinance: ROST: No earnings dates found, symbol may be delisted
2026-05-16 06:40:35,333 [ERROR] yfinance: RPRX: No earnings dates found, symbol may be delisted
2026-05-16 06:40:35,415 [ERROR] yfinance: RPM: No earnings dates found, symbol may be delisted
2026-05-16 06:40:35,487 [ERROR] yfinance: RRC: No earnings dates found, symbol may be delisted
2026-05-16 06:40:35,702 [ERROR] yfinance: RSG: No earnings dates found, symbol may be delisted
2026-05-16 06:40:35,710 [ERROR] yfinance: RRX: No earnings dates found, symbol may be delisted
2026-05-16 06:40:35,805 [ERROR] yfinance: RS: No earnings dates found, symbol may be delisted
2026-05-16 06:40:35,963 [ERROR] yfinance: RYN: No earnings dates found, symbol may be delisted
2026-05-16 06:40:36,042 [ERROR] yfinance: RTX: No earnings dates found, symbol may be delisted
2026-05-16 06:40:36,121 [ERROR] yfinance: RVMD: No earnings dates found, symbol may be delisted
2026-05-16 06:40:36,293 [ERROR] yfinance: SAIA: No earnings dates found, symbol may be delisted
2026-05-16 06:40:36,376 [ERROR] yfinance: RVTY: No earnings dates found, symbol may be delisted
2026-05-16 06:40:36,449 [ERROR] yfinance: RYAN: No earnings dates found, symbol may be delisted
2026-05-16 06:40:36,520 [ERROR] yfinance: S: No earnings dates found, symbol may be delisted
2026-05-16 06:40:36,719 [ERROR] yfinance: SAM: No earnings dates found, symbol may be delisted
2026-05-16 06:40:36,791 [ERROR] yfinance: SCCO: No earnings dates found, symbol may be delisted
2026-05-16 06:40:36,860 [ERROR] yfinance: SAIC: No earnings dates found, symbol may be delisted
2026-05-16 06:40:37,045 [ERROR] yfinance: SBUX: No earnings dates found, symbol may be delisted
2026-05-16 06:40:37,111 [ERROR] yfinance: SEB: No earnings dates found, symbol may be delisted
2026-05-16 06:40:37,193 [ERROR] yfinance: SBAC: No earnings dates found, symbol may be delisted
2026-05-16 06:40:37,363 [ERROR] yfinance: SCHW: No earnings dates found, symbol may be delisted
2026-05-16 06:40:37,442 [ERROR] yfinance: SCI: No earnings dates found, symbol may be delisted
2026-05-16 06:40:37,570 [ERROR] yfinance: SF: No earnings dates found, symbol may be delisted
2026-05-16 06:40:37,586 [ERROR] yfinance: ROL: No earnings dates found, symbol may be delisted
2026-05-16 06:40:37,753 [ERROR] yfinance: SHW: No earnings dates found, symbol may be delisted
2026-05-16 06:40:37,856 [ERROR] yfinance: SGI: No earnings dates found, symbol may be delisted
2026-05-16 06:40:37,906 [ERROR] yfinance: SEIC: No earnings dates found, symbol may be delisted
2026-05-16 06:40:38,063 [ERROR] yfinance: SJM: No earnings dates found, symbol may be delisted
2026-05-16 06:40:38,143 [ERROR] yfinance: SHC: No earnings dates found, symbol may be delisted
2026-05-16 06:40:38,223 [ERROR] yfinance: SLGN: No earnings dates found, symbol may be delisted
2026-05-16 06:40:38,398 [ERROR] yfinance: SIRI: No earnings dates found, symbol may be delisted
2026-05-16 06:40:38,478 [ERROR] yfinance: SLB: No earnings dates found, symbol may be delisted
2026-05-16 06:40:38,557 [ERROR] yfinance: SITE: No earnings dates found, symbol may be delisted
2026-05-16 06:40:38,812 [ERROR] yfinance: SLM: No earnings dates found, symbol may be delisted
2026-05-16 06:40:38,826 [ERROR] yfinance: SMG: No earnings dates found, symbol may be delisted
2026-05-16 06:40:38,859 [ERROR] yfinance: SFM: No earnings dates found, symbol may be delisted
2026-05-16 06:40:38,927 [ERROR] yfinance: SMCI: No earnings dates found, symbol may be delisted
2026-05-16 06:40:39,129 [ERROR] yfinance: SNDR: No earnings dates found, symbol may be delisted
2026-05-16 06:40:39,260 [ERROR] yfinance: SNOW: No earnings dates found, symbol may be delisted
2026-05-16 06:40:39,271 [ERROR] yfinance: SN: No earnings dates found, symbol may be delisted
2026-05-16 06:40:39,446 [ERROR] yfinance: SNA: No earnings dates found, symbol may be delisted
2026-05-16 06:40:39,526 [ERROR] yfinance: SNPS: No earnings dates found, symbol may be delisted
2026-05-16 06:40:39,604 [ERROR] yfinance: SNX: No earnings dates found, symbol may be delisted
2026-05-16 06:40:39,763 [ERROR] yfinance: SOFI: No earnings dates found, symbol may be delisted
2026-05-16 06:40:39,827 [ERROR] yfinance: SO: No earnings dates found, symbol may be delisted
2026-05-16 06:40:39,923 [ERROR] yfinance: SOLV: No earnings dates found, symbol may be delisted
2026-05-16 06:40:39,987 [ERROR] yfinance: SPGI: No earnings dates found, symbol may be delisted
2026-05-16 06:40:40,214 [ERROR] yfinance: SRE: No earnings dates found, symbol may be delisted
2026-05-16 06:40:40,311 [ERROR] yfinance: SRPT: No earnings dates found, symbol may be delisted
2026-05-16 06:40:40,384 [ERROR] yfinance: SPG: No earnings dates found, symbol may be delisted
2026-05-16 06:40:40,544 [ERROR] yfinance: SON: No earnings dates found, symbol may be delisted
2026-05-16 06:40:40,615 [ERROR] yfinance: SSB: No earnings dates found, symbol may be delisted
2026-05-16 06:40:40,686 [ERROR] yfinance: SPOT: No earnings dates found, symbol may be delisted
2026-05-16 06:40:40,907 [ERROR] yfinance: STAG: No earnings dates found, symbol may be delisted
2026-05-16 06:40:40,940 [ERROR] yfinance: ST: No earnings dates found, symbol may be delisted
2026-05-16 06:40:41,028 [ERROR] yfinance: SSNC: No earnings dates found, symbol may be delisted
2026-05-16 06:40:41,098 [ERROR] yfinance: SSD: No earnings dates found, symbol may be delisted
2026-05-16 06:40:41,290 [ERROR] yfinance: STLD: No earnings dates found, symbol may be delisted
2026-05-16 06:40:41,368 [ERROR] yfinance: STE: No earnings dates found, symbol may be delisted
2026-05-16 06:40:41,435 [ERROR] yfinance: STWD: No earnings dates found, symbol may be delisted
2026-05-16 06:40:41,599 [ERROR] yfinance: SW: No earnings dates found, symbol may be delisted
2026-05-16 06:40:41,681 [ERROR] yfinance: STZ: No earnings dates found, symbol may be delisted
2026-05-16 06:40:41,751 [ERROR] yfinance: STT: No earnings dates found, symbol may be delisted
2026-05-16 06:40:41,916 [ERROR] yfinance: SUI: No earnings dates found, symbol may be delisted
2026-05-16 06:40:41,989 [ERROR] yfinance: SWK: No earnings dates found, symbol may be delisted
2026-05-16 06:40:42,074 [ERROR] yfinance: SYY: No earnings dates found, symbol may be delisted
2026-05-16 06:40:42,230 [ERROR] yfinance: SWKS: No earnings dates found, symbol may be delisted
2026-05-16 06:40:42,352 [ERROR] yfinance: SYF: No earnings dates found, symbol may be delisted
2026-05-16 06:40:42,393 [ERROR] yfinance: SYK: No earnings dates found, symbol may be delisted
2026-05-16 06:40:42,477 [ERROR] yfinance: TAP: No earnings dates found, symbol may be delisted
2026-05-16 06:40:42,640 [ERROR] yfinance: TDC: No earnings dates found, symbol may be delisted
2026-05-16 06:40:42,734 [ERROR] yfinance: TEM: No earnings dates found, symbol may be delisted
2026-05-16 06:40:42,799 [ERROR] yfinance: T: No earnings dates found, symbol may be delisted
2026-05-16 06:40:42,958 [ERROR] yfinance: TDY: No earnings dates found, symbol may be delisted
2026-05-16 06:40:43,070 [ERROR] yfinance: TECH: No earnings dates found, symbol may be delisted
2026-05-16 06:40:43,101 [ERROR] yfinance: TDG: No earnings dates found, symbol may be delisted
2026-05-16 06:40:43,309 [ERROR] yfinance: TER: No earnings dates found, symbol may be delisted
2026-05-16 06:40:43,389 [ERROR] yfinance: TFC: No earnings dates found, symbol may be delisted
2026-05-16 06:40:43,484 [ERROR] yfinance: TFSL: No earnings dates found, symbol may be delisted
2026-05-16 06:40:43,533 [ERROR] yfinance: TEAM: No earnings dates found, symbol may be delisted
2026-05-16 06:40:43,724 [ERROR] yfinance: TGT: No earnings dates found, symbol may be delisted
2026-05-16 06:40:43,794 [ERROR] yfinance: THC: No earnings dates found, symbol may be delisted
2026-05-16 06:40:43,875 [ERROR] yfinance: TFX: No earnings dates found, symbol may be delisted
2026-05-16 06:40:44,041 [ERROR] yfinance: TJX: No earnings dates found, symbol may be delisted
2026-05-16 06:40:44,126 [ERROR] yfinance: TIGO: No earnings dates found, symbol may be delisted
2026-05-16 06:40:44,191 [ERROR] yfinance: THG: No earnings dates found, symbol may be delisted
2026-05-16 06:40:44,375 [ERROR] yfinance: TKO: No earnings dates found, symbol may be delisted
2026-05-16 06:40:44,434 [ERROR] yfinance: TLN: No earnings dates found, symbol may be delisted
2026-05-16 06:40:44,502 [ERROR] yfinance: TNL: No earnings dates found, symbol may be delisted
2026-05-16 06:40:44,663 [ERROR] yfinance: TKR: No earnings dates found, symbol may be delisted
2026-05-16 06:40:44,758 [ERROR] yfinance: TMUS: No earnings dates found, symbol may be delisted
2026-05-16 06:40:44,822 [ERROR] yfinance: THO: No earnings dates found, symbol may be delisted
2026-05-16 06:40:44,902 [ERROR] yfinance: TMO: No earnings dates found, symbol may be delisted
2026-05-16 06:40:45,077 [ERROR] yfinance: TREX: No earnings dates found, symbol may be delisted
2026-05-16 06:40:45,156 [ERROR] yfinance: TOST: No earnings dates found, symbol may be delisted
2026-05-16 06:40:45,284 [ERROR] yfinance: TOL: No earnings dates found, symbol may be delisted
2026-05-16 06:40:45,418 [ERROR] yfinance: TPG: No earnings dates found, symbol may be delisted
2026-05-16 06:40:45,475 [ERROR] yfinance: TPL: No earnings dates found, symbol may be delisted
2026-05-16 06:40:45,559 [ERROR] yfinance: TRGP: No earnings dates found, symbol may be delisted
2026-05-16 06:40:45,730 [ERROR] yfinance: TPR: No earnings dates found, symbol may be delisted
2026-05-16 06:40:45,809 [ERROR] yfinance: TRMB: No earnings dates found, symbol may be delisted
2026-05-16 06:40:45,888 [ERROR] yfinance: TRV: No earnings dates found, symbol may be delisted
2026-05-16 06:40:45,960 [ERROR] yfinance: TROW: No earnings dates found, symbol may be delisted
2026-05-16 06:40:46,129 [ERROR] yfinance: TRU: No earnings dates found, symbol may be delisted
2026-05-16 06:40:46,210 [ERROR] yfinance: TSCO: No earnings dates found, symbol may be delisted
2026-05-16 06:40:46,293 [ERROR] yfinance: TT: No earnings dates found, symbol may be delisted
2026-05-16 06:40:46,450 [ERROR] yfinance: TTD: No earnings dates found, symbol may be delisted
2026-05-16 06:40:46,533 [ERROR] yfinance: TSLA: No earnings dates found, symbol may be delisted
2026-05-16 06:40:46,591 [ERROR] yfinance: TTC: No earnings dates found, symbol may be delisted
2026-05-16 06:40:46,775 [ERROR] yfinance: TSN: No earnings dates found, symbol may be delisted
2026-05-16 06:40:46,864 [ERROR] yfinance: TTEK: No earnings dates found, symbol may be delisted
2026-05-16 06:40:46,926 [ERROR] yfinance: TWLO: No earnings dates found, symbol may be delisted
2026-05-16 06:40:47,107 [ERROR] yfinance: TTWO: No earnings dates found, symbol may be delisted
2026-05-16 06:40:47,188 [ERROR] yfinance: TW: No earnings dates found, symbol may be delisted
2026-05-16 06:40:47,262 [ERROR] yfinance: TXRH: No earnings dates found, symbol may be delisted
2026-05-16 06:40:47,339 [ERROR] yfinance: TXT: No earnings dates found, symbol may be delisted
2026-05-16 06:40:47,517 [ERROR] yfinance: TYL: No earnings dates found, symbol may be delisted
2026-05-16 06:40:47,592 [ERROR] yfinance: TXN: No earnings dates found, symbol may be delisted
2026-05-16 06:40:47,657 [ERROR] yfinance: U: No earnings dates found, symbol may be delisted
2026-05-16 06:40:47,826 [ERROR] yfinance: UAA: No earnings dates found, symbol may be delisted
2026-05-16 06:40:47,919 [ERROR] yfinance: UDR: No earnings dates found, symbol may be delisted
2026-05-16 06:40:47,990 [ERROR] yfinance: UAL: No earnings dates found, symbol may be delisted
2026-05-16 06:40:48,166 [ERROR] yfinance: UA: No earnings dates found, symbol may be delisted
2026-05-16 06:40:48,292 [ERROR] yfinance: UHAL: No earnings dates found, symbol may be delisted
2026-05-16 06:40:48,309 [ERROR] yfinance: SMMT: No earnings dates found, symbol may be delisted
2026-05-16 06:40:48,388 [ERROR] yfinance: UHS: No earnings dates found, symbol may be delisted
2026-05-16 06:40:48,560 [ERROR] yfinance: UGI: No earnings dates found, symbol may be delisted
2026-05-16 06:40:48,628 [ERROR] yfinance: UI: No earnings dates found, symbol may be delisted
2026-05-16 06:40:48,708 [ERROR] yfinance: ULTA: No earnings dates found, symbol may be delisted
2026-05-16 06:40:48,881 [ERROR] yfinance: UNH: No earnings dates found, symbol may be delisted
2026-05-16 06:40:48,961 [ERROR] yfinance: UNM: No earnings dates found, symbol may be delisted
2026-05-16 06:40:49,028 [ERROR] yfinance: UBER: No earnings dates found, symbol may be delisted
2026-05-16 06:40:49,186 [ERROR] yfinance: URI: No earnings dates found, symbol may be delisted
2026-05-16 06:40:49,278 [ERROR] yfinance: UPS: No earnings dates found, symbol may be delisted
2026-05-16 06:40:49,359 [ERROR] yfinance: UNP: No earnings dates found, symbol may be delisted
2026-05-16 06:40:49,518 [ERROR] yfinance: USFD: No earnings dates found, symbol may be delisted
2026-05-16 06:40:49,597 [ERROR] yfinance: V: No earnings dates found, symbol may be delisted
2026-05-16 06:40:49,676 [ERROR] yfinance: VFC: No earnings dates found, symbol may be delisted
2026-05-16 06:40:49,763 [ERROR] yfinance: UWMC: No earnings dates found, symbol may be delisted
2026-05-16 06:40:49,931 [ERROR] yfinance: UTHR: No earnings dates found, symbol may be delisted
2026-05-16 06:40:50,010 [ERROR] yfinance: VEEV: No earnings dates found, symbol may be delisted
2026-05-16 06:40:50,076 [ERROR] yfinance: USB: No earnings dates found, symbol may be delisted
2026-05-16 06:40:50,249 [ERROR] yfinance: VICI: No earnings dates found, symbol may be delisted
2026-05-16 06:40:50,329 [ERROR] yfinance: VMC: No earnings dates found, symbol may be delisted
2026-05-16 06:40:50,411 [ERROR] yfinance: VKTX: No earnings dates found, symbol may be delisted
2026-05-16 06:40:50,566 [ERROR] yfinance: VIRT: No earnings dates found, symbol may be delisted
2026-05-16 06:40:50,646 [ERROR] yfinance: VIK: No earnings dates found, symbol may be delisted
2026-05-16 06:40:50,735 [ERROR] yfinance: VNO: No earnings dates found, symbol may be delisted
2026-05-16 06:40:50,804 [ERROR] yfinance: VLO: No earnings dates found, symbol may be delisted
2026-05-16 06:40:50,979 [ERROR] yfinance: VLTO: No earnings dates found, symbol may be delisted
2026-05-16 06:40:51,061 [ERROR] yfinance: VMI: No earnings dates found, symbol may be delisted
2026-05-16 06:40:51,129 [ERROR] yfinance: VNOM: No earnings dates found, symbol may be delisted
2026-05-16 06:40:51,295 [ERROR] yfinance: VNT: No earnings dates found, symbol may be delisted
2026-05-16 06:40:51,376 [ERROR] yfinance: VRSN: No earnings dates found, symbol may be delisted
2026-05-16 06:40:51,448 [ERROR] yfinance: VOYA: No earnings dates found, symbol may be delisted
2026-05-16 06:40:51,615 [ERROR] yfinance: VRSK: No earnings dates found, symbol may be delisted
2026-05-16 06:40:51,694 [ERROR] yfinance: VTR: No earnings dates found, symbol may be delisted
2026-05-16 06:40:51,774 [ERROR] yfinance: VRT: No earnings dates found, symbol may be delisted
2026-05-16 06:40:51,854 [ERROR] yfinance: VRTX: No earnings dates found, symbol may be delisted
2026-05-16 06:40:52,014 [ERROR] yfinance: VTRS: No earnings dates found, symbol may be delisted
2026-05-16 06:40:52,108 [ERROR] yfinance: W: No earnings dates found, symbol may be delisted
2026-05-16 06:40:52,186 [ERROR] yfinance: VVV: No earnings dates found, symbol may be delisted
2026-05-16 06:40:52,399 [ERROR] yfinance: VST: No earnings dates found, symbol may be delisted
2026-05-16 06:40:52,409 [ERROR] yfinance: VZ: No earnings dates found, symbol may be delisted
2026-05-16 06:40:52,504 [ERROR] yfinance: WAB: No earnings dates found, symbol may be delisted
2026-05-16 06:40:52,671 [ERROR] yfinance: WAL: No earnings dates found, symbol may be delisted
2026-05-16 06:40:52,742 [ERROR] yfinance: WDAY: No earnings dates found, symbol may be delisted
2026-05-16 06:40:52,831 [ERROR] yfinance: WAT: No earnings dates found, symbol may be delisted
2026-05-16 06:40:52,990 [ERROR] yfinance: WBS: No earnings dates found, symbol may be delisted
2026-05-16 06:40:53,060 [ERROR] yfinance: WDC: No earnings dates found, symbol may be delisted
2026-05-16 06:40:53,160 [ERROR] yfinance: WFRD: No earnings dates found, symbol may be delisted
2026-05-16 06:40:53,232 [ERROR] yfinance: WCC: No earnings dates found, symbol may be delisted
2026-05-16 06:40:53,418 [ERROR] yfinance: WELL: No earnings dates found, symbol may be delisted
2026-05-16 06:40:53,489 [ERROR] yfinance: WEN: No earnings dates found, symbol may be delisted
2026-05-16 06:40:53,569 [ERROR] yfinance: WEC: No earnings dates found, symbol may be delisted
2026-05-16 06:40:53,733 [ERROR] yfinance: WEX: No earnings dates found, symbol may be delisted
2026-05-16 06:40:53,807 [ERROR] yfinance: WFC: No earnings dates found, symbol may be delisted
2026-05-16 06:40:53,893 [ERROR] yfinance: WH: No earnings dates found, symbol may be delisted
2026-05-16 06:40:54,052 [ERROR] yfinance: WBD: No earnings dates found, symbol may be delisted
2026-05-16 06:40:54,146 [ERROR] yfinance: WHR: No earnings dates found, symbol may be delisted
2026-05-16 06:40:54,221 [ERROR] yfinance: WMB: No earnings dates found, symbol may be delisted
2026-05-16 06:40:54,300 [ERROR] yfinance: WLK: No earnings dates found, symbol may be delisted
2026-05-16 06:40:54,527 [ERROR] yfinance: WM: No earnings dates found, symbol may be delisted
2026-05-16 06:40:54,543 [ERROR] yfinance: WING: No earnings dates found, symbol may be delisted
2026-05-16 06:40:54,616 [ERROR] yfinance: WMS: No earnings dates found, symbol may be delisted
2026-05-16 06:40:54,775 [ERROR] yfinance: WPC: No earnings dates found, symbol may be delisted
2026-05-16 06:40:54,854 [ERROR] yfinance: WMT: No earnings dates found, symbol may be delisted
2026-05-16 06:40:54,943 [ERROR] yfinance: WSO: No earnings dates found, symbol may be delisted
2026-05-16 06:40:55,107 [ERROR] yfinance: WRB: No earnings dates found, symbol may be delisted
2026-05-16 06:40:55,187 [ERROR] yfinance: WSC: No earnings dates found, symbol may be delisted
2026-05-16 06:40:55,260 [ERROR] yfinance: WSM: No earnings dates found, symbol may be delisted
2026-05-16 06:40:55,409 [ERROR] yfinance: WTM: No earnings dates found, symbol may be delisted
2026-05-16 06:40:55,490 [ERROR] yfinance: WST: No earnings dates found, symbol may be delisted
2026-05-16 06:40:55,583 [ERROR] yfinance: WU: No earnings dates found, symbol may be delisted
2026-05-16 06:40:55,664 [ERROR] yfinance: WTRG: No earnings dates found, symbol may be delisted
2026-05-16 06:40:55,879 [ERROR] yfinance: WTW: No earnings dates found, symbol may be delisted
2026-05-16 06:40:55,898 [ERROR] yfinance: WWD: No earnings dates found, symbol may be delisted
2026-05-16 06:40:55,970 [ERROR] yfinance: WY: No earnings dates found, symbol may be delisted
2026-05-16 06:40:56,145 [ERROR] yfinance: WYNN: No earnings dates found, symbol may be delisted
2026-05-16 06:40:56,271 [ERROR] yfinance: WTFC: No earnings dates found, symbol may be delisted
2026-05-16 06:40:56,290 [ERROR] yfinance: XEL: No earnings dates found, symbol may be delisted
2026-05-16 06:40:56,495 [ERROR] yfinance: XP: No earnings dates found, symbol may be delisted
2026-05-16 06:40:56,586 [ERROR] yfinance: XOM: No earnings dates found, symbol may be delisted
2026-05-16 06:40:56,657 [ERROR] yfinance: XRAY: No earnings dates found, symbol may be delisted
2026-05-16 06:40:56,737 [ERROR] yfinance: XYZ: No earnings dates found, symbol may be delisted
2026-05-16 06:40:56,917 [ERROR] yfinance: XPO: No earnings dates found, symbol may be delisted
2026-05-16 06:40:56,998 [ERROR] yfinance: XYL: No earnings dates found, symbol may be delisted
2026-05-16 06:40:57,059 [ERROR] yfinance: YUM: No earnings dates found, symbol may be delisted
2026-05-16 06:40:57,237 [ERROR] yfinance: YETI: No earnings dates found, symbol may be delisted
2026-05-16 06:40:57,320 [ERROR] yfinance: ZBH: No earnings dates found, symbol may be delisted
2026-05-16 06:40:57,400 [ERROR] yfinance: ZBRA: No earnings dates found, symbol may be delisted
2026-05-16 06:40:57,549 [ERROR] yfinance: Z: No earnings dates found, symbol may be delisted
2026-05-16 06:40:57,640 [ERROR] yfinance: ZG: No earnings dates found, symbol may be delisted
2026-05-16 06:40:57,708 [ERROR] yfinance: ZION: No earnings dates found, symbol may be delisted
2026-05-16 06:40:57,878 [ERROR] yfinance: ZS: No earnings dates found, symbol may be delisted
2026-05-16 06:40:57,952 [ERROR] yfinance: ZTS: No earnings dates found, symbol may be delisted
2026-05-16 06:40:58,031 [ERROR] yfinance: ZM: No earnings dates found, symbol may be delisted
2026-05-16 06:40:58,033 [INFO] freeze_snapshot: Fetching SPY benchmark...
2026-05-16 06:40:58,040 [INFO] freeze_snapshot: Fetching ^VIX...
2026-05-16 06:40:58,047 [INFO] freeze_snapshot: Writing snapshot...
2026-05-16 06:40:58,846 [INFO] src.storage.snapshot: Wrote snapshot 4504fcb65f549dae (972 tickers) at data\snapshots\4504fcb65f549dae
2026-05-16 06:40:58,867 [INFO] freeze_snapshot: Snapshot 4504fcb65f549dae — 972 prices, 995 fundamentals, 340 earnings, spy=True vix=True
