2026-05-16 03:21:33,065 [INFO] minimal_baseline: Universe russell_1000: 1002 tickers
2026-05-16 03:21:33,072 [INFO] minimal_baseline: Fetching 1002 ticker price histories (this can take a while)...
2026-05-16 03:21:34,819 [WARNING] src.data.fetch_outcome: yf.history(BFB) failed: YFRateLimitError: Too Many Requests. Rate limited. Try after a while.
2026-05-16 03:21:38,091 [ERROR] yfinance: $HEIA: possibly delisted; no price data found  (period=5y) (Yahoo error = "No data found, symbol may be delisted")
2026-05-16 03:21:38,091 [WARNING] src.data.fetcher: No price data returned for HEIA
2026-05-16 03:21:39,572 [ERROR] yfinance: $BRKB: possibly delisted; no price data found  (period=5y) (Yahoo error = "No data found, symbol may be delisted")
2026-05-16 03:21:39,572 [ERROR] yfinance: $LENB: possibly delisted; no price data found  (period=5y) (Yahoo error = "No data found, symbol may be delisted")
2026-05-16 03:21:39,572 [WARNING] src.data.fetcher: No price data returned for BRKB
2026-05-16 03:21:39,581 [ERROR] yfinance: $BFA: possibly delisted; no price data found  (period=5y) (Yahoo error = "No data found, symbol may be delisted")
2026-05-16 03:21:39,600 [WARNING] src.data.fetcher: No price data returned for LENB
2026-05-16 03:21:39,600 [WARNING] src.data.fetcher: No price data returned for BFA
2026-05-16 03:21:41,484 [ERROR] yfinance: $UHALB: possibly delisted; no price data found  (period=5y) (Yahoo error = "No data found, symbol may be delisted")
2026-05-16 03:21:41,484 [WARNING] src.data.fetcher: No price data returned for UHALB
2026-05-16 03:21:41,489 [INFO] src.data.fetcher: Fetched price data for 996/1002 tickers (workers=10)
2026-05-16 03:21:42,005 [WARNING] src.data.fundamentals: No fundamental data for BFA
2026-05-16 03:21:42,005 [WARNING] src.data.fundamentals: No fundamental data for BRKB
2026-05-16 03:21:42,275 [WARNING] src.data.fundamentals: No fundamental data for BFB
2026-05-16 03:21:42,315 [WARNING] src.data.fundamentals: No fundamental data for HEIA
2026-05-16 03:21:42,984 [ERROR] yfinance: HTTP Error 404: {"quoteSummary":{"result":null,"error":{"code":"Not Found","description":"Quote not found for symbol: LENB"}}}
2026-05-16 03:21:43,275 [WARNING] src.data.fundamentals: No fundamental data for NIQ
2026-05-16 03:21:43,275 [WARNING] src.data.fundamentals: No fundamental data for UHALB
2026-05-16 03:21:43,786 [WARNING] src.data.fundamentals: No fundamental data for LENB
2026-05-16 03:21:43,786 [INFO] src.data.fundamentals: Fetched fundamentals for 995/1002 tickers (workers=10)
2026-05-16 03:21:43,786 [INFO] minimal_baseline: Fetching earnings history...
2026-05-16 03:23:05,430 [ERROR] yfinance: DHI: No earnings dates found, symbol may be delisted
2026-05-16 03:23:34,746 [ERROR] yfinance: FHB: No earnings dates found, symbol may be delisted
2026-05-16 03:23:35,847 [ERROR] yfinance: FIVE: No earnings dates found, symbol may be delisted
2026-05-16 03:23:35,980 [ERROR] yfinance: FLO: No earnings dates found, symbol may be delisted
2026-05-16 03:23:36,469 [ERROR] yfinance: FMC: No earnings dates found, symbol may be delisted
2026-05-16 03:23:36,478 [ERROR] yfinance: FIX: No earnings dates found, symbol may be delisted
2026-05-16 03:23:36,591 [ERROR] yfinance: FLS: No earnings dates found, symbol may be delisted
2026-05-16 03:23:36,796 [ERROR] yfinance: FNB: No earnings dates found, symbol may be delisted
2026-05-16 03:23:36,900 [ERROR] yfinance: FND: No earnings dates found, symbol may be delisted
2026-05-16 03:23:36,978 [ERROR] yfinance: FLUT: No earnings dates found, symbol may be delisted
2026-05-16 03:23:37,316 [ERROR] yfinance: FOUR: No earnings dates found, symbol may be delisted
2026-05-16 03:23:37,666 [ERROR] yfinance: FRMI: No earnings dates found, symbol may be delisted
2026-05-16 03:23:37,794 [ERROR] yfinance: FOXA: No earnings dates found, symbol may be delisted
2026-05-16 03:23:37,867 [ERROR] yfinance: FR: No earnings dates found, symbol may be delisted
2026-05-16 03:23:38,047 [ERROR] yfinance: FNF: No earnings dates found, symbol may be delisted
2026-05-16 03:23:38,183 [ERROR] yfinance: FRHC: No earnings dates found, symbol may be delisted
2026-05-16 03:23:38,282 [ERROR] yfinance: FSLR: No earnings dates found, symbol may be delisted
2026-05-16 03:23:38,472 [ERROR] yfinance: FRPT: No earnings dates found, symbol may be delisted
2026-05-16 03:23:38,571 [ERROR] yfinance: FOX: No earnings dates found, symbol may be delisted
2026-05-16 03:23:38,854 [ERROR] yfinance: FTI: No earnings dates found, symbol may be delisted
2026-05-16 03:23:39,042 [ERROR] yfinance: FTAI: No earnings dates found, symbol may be delisted
2026-05-16 03:23:39,140 [ERROR] yfinance: FRT: No earnings dates found, symbol may be delisted
2026-05-16 03:23:39,222 [ERROR] yfinance: FTV: No earnings dates found, symbol may be delisted
2026-05-16 03:23:39,328 [ERROR] yfinance: FTNT: No earnings dates found, symbol may be delisted
2026-05-16 03:23:39,532 [ERROR] yfinance: FWONA: No earnings dates found, symbol may be delisted
2026-05-16 03:23:39,622 [ERROR] yfinance: G: No earnings dates found, symbol may be delisted
2026-05-16 03:23:39,705 [ERROR] yfinance: FWONK: No earnings dates found, symbol may be delisted
2026-05-16 03:23:39,881 [ERROR] yfinance: GDDY: No earnings dates found, symbol may be delisted
2026-05-16 03:23:40,032 [ERROR] yfinance: GAP: No earnings dates found, symbol may be delisted
2026-05-16 03:23:40,216 [ERROR] yfinance: GEN: No earnings dates found, symbol may be delisted
2026-05-16 03:23:40,450 [ERROR] yfinance: GD: No earnings dates found, symbol may be delisted
2026-05-16 03:23:40,541 [ERROR] yfinance: GE: No earnings dates found, symbol may be delisted
2026-05-16 03:23:40,685 [ERROR] yfinance: GEHC: No earnings dates found, symbol may be delisted
2026-05-16 03:23:40,964 [ERROR] yfinance: GGG: No earnings dates found, symbol may be delisted
2026-05-16 03:23:41,010 [ERROR] yfinance: GFS: No earnings dates found, symbol may be delisted
2026-05-16 03:23:41,113 [ERROR] yfinance: GEV: No earnings dates found, symbol may be delisted
2026-05-16 03:23:41,225 [ERROR] yfinance: GIS: No earnings dates found, symbol may be delisted
2026-05-16 03:23:41,466 [ERROR] yfinance: GILD: No earnings dates found, symbol may be delisted
2026-05-16 03:23:41,559 [ERROR] yfinance: GLPI: No earnings dates found, symbol may be delisted
2026-05-16 03:23:41,664 [ERROR] yfinance: GLIBA: No earnings dates found, symbol may be delisted
2026-05-16 03:23:41,865 [ERROR] yfinance: GLIBK: No earnings dates found, symbol may be delisted
2026-05-16 03:23:41,977 [ERROR] yfinance: GL: No earnings dates found, symbol may be delisted
2026-05-16 03:23:42,135 [ERROR] yfinance: GME: No earnings dates found, symbol may be delisted
2026-05-16 03:23:42,254 [ERROR] yfinance: GLOB: No earnings dates found, symbol may be delisted
2026-05-16 03:23:42,333 [ERROR] yfinance: GMED: No earnings dates found, symbol may be delisted
2026-05-16 03:23:42,561 [ERROR] yfinance: GLW: No earnings dates found, symbol may be delisted
2026-05-16 03:23:42,630 [ERROR] yfinance: GOOG: No earnings dates found, symbol may be delisted
2026-05-16 03:23:42,912 [ERROR] yfinance: GM: No earnings dates found, symbol may be delisted
2026-05-16 03:23:43,021 [ERROR] yfinance: GNRC: No earnings dates found, symbol may be delisted
2026-05-16 03:23:43,276 [ERROR] yfinance: GNTX: No earnings dates found, symbol may be delisted
2026-05-16 03:23:43,306 [ERROR] yfinance: GPC: No earnings dates found, symbol may be delisted
2026-05-16 03:23:43,420 [ERROR] yfinance: GPN: No earnings dates found, symbol may be delisted
2026-05-16 03:23:43,512 [ERROR] yfinance: GPK: No earnings dates found, symbol may be delisted
2026-05-16 03:23:43,856 [ERROR] yfinance: GS: No earnings dates found, symbol may be delisted
2026-05-16 03:23:43,979 [ERROR] yfinance: GOOGL: No earnings dates found, symbol may be delisted
2026-05-16 03:23:44,077 [ERROR] yfinance: GTLB: No earnings dates found, symbol may be delisted
2026-05-16 03:23:44,202 [ERROR] yfinance: GTES: No earnings dates found, symbol may be delisted
2026-05-16 03:23:44,444 [ERROR] yfinance: GWRE: No earnings dates found, symbol may be delisted
2026-05-16 03:23:44,543 [ERROR] yfinance: GWW: No earnings dates found, symbol may be delisted
2026-05-16 03:23:44,666 [ERROR] yfinance: GRMN: No earnings dates found, symbol may be delisted
2026-05-16 03:23:44,894 [ERROR] yfinance: H: No earnings dates found, symbol may be delisted
2026-05-16 03:23:44,993 [ERROR] yfinance: GTM: No earnings dates found, symbol may be delisted
2026-05-16 03:23:45,092 [ERROR] yfinance: HALO: No earnings dates found, symbol may be delisted
2026-05-16 03:23:45,292 [ERROR] yfinance: GXO: No earnings dates found, symbol may be delisted
2026-05-16 03:23:45,392 [ERROR] yfinance: HAS: No earnings dates found, symbol may be delisted
2026-05-16 03:23:45,544 [ERROR] yfinance: HAL: No earnings dates found, symbol may be delisted
2026-05-16 03:23:45,688 [ERROR] yfinance: HAYW: No earnings dates found, symbol may be delisted
2026-05-16 03:23:45,800 [ERROR] yfinance: HBAN: No earnings dates found, symbol may be delisted
2026-05-16 03:23:45,914 [ERROR] yfinance: HD: No earnings dates found, symbol may be delisted
2026-05-16 03:23:46,023 [ERROR] yfinance: HHH: No earnings dates found, symbol may be delisted
2026-05-16 03:23:46,269 [ERROR] yfinance: HEI: No earnings dates found, symbol may be delisted
2026-05-16 03:23:46,413 [ERROR] yfinance: HCA: No earnings dates found, symbol may be delisted
2026-05-16 03:23:46,510 [ERROR] yfinance: HLNE: No earnings dates found, symbol may be delisted
2026-05-16 03:23:46,753 [ERROR] yfinance: HIG: No earnings dates found, symbol may be delisted
2026-05-16 03:23:46,845 [ERROR] yfinance: HII: No earnings dates found, symbol may be delisted
2026-05-16 03:23:47,017 [ERROR] yfinance: HLI: No earnings dates found, symbol may be delisted
2026-05-16 03:23:47,163 [ERROR] yfinance: HIW: No earnings dates found, symbol may be delisted
2026-05-16 03:23:47,265 [ERROR] yfinance: HLT: No earnings dates found, symbol may be delisted
2026-05-16 03:23:47,385 [ERROR] yfinance: HOG: No earnings dates found, symbol may be delisted
2026-05-16 03:23:47,483 [ERROR] yfinance: HON: No earnings dates found, symbol may be delisted
2026-05-16 03:23:47,738 [ERROR] yfinance: HPE: No earnings dates found, symbol may be delisted
2026-05-16 03:23:47,839 [ERROR] yfinance: HR: No earnings dates found, symbol may be delisted
2026-05-16 03:23:47,918 [ERROR] yfinance: HOOD: No earnings dates found, symbol may be delisted
2026-05-16 03:23:48,152 [ERROR] yfinance: HPQ: No earnings dates found, symbol may be delisted
2026-05-16 03:23:48,274 [ERROR] yfinance: HRB: No earnings dates found, symbol may be delisted
2026-05-16 03:23:48,366 [ERROR] yfinance: HRL: No earnings dates found, symbol may be delisted
2026-05-16 03:23:48,612 [ERROR] yfinance: ELF: No earnings dates found, symbol may be delisted
2026-05-16 03:23:48,838 [ERROR] yfinance: HSY: No earnings dates found, symbol may be delisted
2026-05-16 03:23:48,888 [ERROR] yfinance: HUBB: No earnings dates found, symbol may be delisted
2026-05-16 03:23:49,194 [ERROR] yfinance: HSIC: No earnings dates found, symbol may be delisted
2026-05-16 03:23:49,327 [ERROR] yfinance: HST: No earnings dates found, symbol may be delisted
2026-05-16 03:23:49,450 [ERROR] yfinance: HUN: No earnings dates found, symbol may be delisted
2026-05-16 03:23:49,553 [ERROR] yfinance: HWM: No earnings dates found, symbol may be delisted
2026-05-16 03:23:49,788 [ERROR] yfinance: IAC: No earnings dates found, symbol may be delisted
2026-05-16 03:23:49,876 [ERROR] yfinance: HUBS: No earnings dates found, symbol may be delisted
2026-05-16 03:23:50,018 [ERROR] yfinance: HXL: No earnings dates found, symbol may be delisted
2026-05-16 03:23:50,255 [ERROR] yfinance: IBKR: No earnings dates found, symbol may be delisted
2026-05-16 03:23:50,399 [ERROR] yfinance: ICE: No earnings dates found, symbol may be delisted
2026-05-16 03:23:50,501 [ERROR] yfinance: HUM: No earnings dates found, symbol may be delisted
2026-05-16 03:23:50,796 [ERROR] yfinance: IBM: No earnings dates found, symbol may be delisted
2026-05-16 03:23:50,993 [ERROR] yfinance: IDA: No earnings dates found, symbol may be delisted
2026-05-16 03:23:51,105 [ERROR] yfinance: IFF: No earnings dates found, symbol may be delisted
2026-05-16 03:23:51,380 [ERROR] yfinance: INGM: No earnings dates found, symbol may be delisted
2026-05-16 03:23:51,519 [ERROR] yfinance: IDXX: No earnings dates found, symbol may be delisted
2026-05-16 03:23:51,621 [ERROR] yfinance: INCY: No earnings dates found, symbol may be delisted
2026-05-16 03:23:51,718 [ERROR] yfinance: ILMN: No earnings dates found, symbol may be delisted
2026-05-16 03:23:51,935 [ERROR] yfinance: INGR: No earnings dates found, symbol may be delisted
2026-05-16 03:23:52,052 [ERROR] yfinance: INSM: No earnings dates found, symbol may be delisted
2026-05-16 03:23:52,152 [ERROR] yfinance: INSP: No earnings dates found, symbol may be delisted
2026-05-16 03:23:52,433 [ERROR] yfinance: IEX: No earnings dates found, symbol may be delisted
2026-05-16 03:23:52,565 [ERROR] yfinance: INTU: No earnings dates found, symbol may be delisted
2026-05-16 03:23:52,680 [ERROR] yfinance: INTC: No earnings dates found, symbol may be delisted
2026-05-16 03:23:52,886 [ERROR] yfinance: INVH: No earnings dates found, symbol may be delisted
2026-05-16 03:23:52,979 [ERROR] yfinance: IOT: No earnings dates found, symbol may be delisted
2026-05-16 03:23:53,103 [ERROR] yfinance: IONS: No earnings dates found, symbol may be delisted
2026-05-16 03:23:53,196 [ERROR] yfinance: IRDM: No earnings dates found, symbol may be delisted
2026-05-16 03:23:53,470 [ERROR] yfinance: IQV: No earnings dates found, symbol may be delisted
2026-05-16 03:23:53,613 [ERROR] yfinance: IP: No earnings dates found, symbol may be delisted
2026-05-16 03:23:53,705 [ERROR] yfinance: IR: No earnings dates found, symbol may be delisted
2026-05-16 03:23:53,963 [ERROR] yfinance: IRM: No earnings dates found, symbol may be delisted
2026-05-16 03:23:54,063 [ERROR] yfinance: IPGP: No earnings dates found, symbol may be delisted
2026-05-16 03:23:54,165 [ERROR] yfinance: ISRG: No earnings dates found, symbol may be delisted
2026-05-16 03:23:54,378 [ERROR] yfinance: IVZ: No earnings dates found, symbol may be delisted
2026-05-16 03:23:54,490 [ERROR] yfinance: IT: No earnings dates found, symbol may be delisted
2026-05-16 03:23:54,584 [ERROR] yfinance: ITW: No earnings dates found, symbol may be delisted
2026-05-16 03:23:54,912 [ERROR] yfinance: JBHT: No earnings dates found, symbol may be delisted
2026-05-16 03:23:55,003 [ERROR] yfinance: JAZZ: No earnings dates found, symbol may be delisted
2026-05-16 03:23:55,108 [ERROR] yfinance: J: No earnings dates found, symbol may be delisted
2026-05-16 03:23:55,243 [ERROR] yfinance: JBL: No earnings dates found, symbol may be delisted
2026-05-16 03:23:55,505 [ERROR] yfinance: JCI: No earnings dates found, symbol may be delisted
2026-05-16 03:23:55,607 [ERROR] yfinance: JLL: No earnings dates found, symbol may be delisted
2026-05-16 03:23:55,709 [ERROR] yfinance: JKHY: No earnings dates found, symbol may be delisted
2026-05-16 03:23:55,931 [ERROR] yfinance: JHX: No earnings dates found, symbol may be delisted
2026-05-16 03:23:56,085 [ERROR] yfinance: JEF: No earnings dates found, symbol may be delisted
2026-05-16 03:23:56,181 [ERROR] yfinance: JHG: No earnings dates found, symbol may be delisted
2026-05-16 03:23:56,423 [ERROR] yfinance: JPM: No earnings dates found, symbol may be delisted
2026-05-16 03:23:56,532 [ERROR] yfinance: JNJ: No earnings dates found, symbol may be delisted
2026-05-16 03:23:56,645 [ERROR] yfinance: ITT: No earnings dates found, symbol may be delisted
2026-05-16 03:23:56,755 [ERROR] yfinance: KD: No earnings dates found, symbol may be delisted
2026-05-16 03:23:56,965 [ERROR] yfinance: KBR: No earnings dates found, symbol may be delisted
2026-05-16 03:23:57,225 [ERROR] yfinance: KHC: No earnings dates found, symbol may be delisted
2026-05-16 03:23:57,519 [ERROR] yfinance: KEX: No earnings dates found, symbol may be delisted
2026-05-16 03:23:57,521 [ERROR] yfinance: KEYS: No earnings dates found, symbol may be delisted
2026-05-16 03:23:57,620 [ERROR] yfinance: KEY: No earnings dates found, symbol may be delisted
2026-05-16 03:23:57,739 [ERROR] yfinance: KDP: No earnings dates found, symbol may be delisted
2026-05-16 03:23:57,997 [ERROR] yfinance: KMB: No earnings dates found, symbol may be delisted
2026-05-16 03:23:58,101 [ERROR] yfinance: KKR: No earnings dates found, symbol may be delisted
2026-05-16 03:23:58,201 [ERROR] yfinance: KIM: No earnings dates found, symbol may be delisted
2026-05-16 03:23:58,506 [ERROR] yfinance: KMPR: No earnings dates found, symbol may be delisted
2026-05-16 03:23:58,604 [ERROR] yfinance: KNX: No earnings dates found, symbol may be delisted
2026-05-16 03:23:58,731 [ERROR] yfinance: KMI: No earnings dates found, symbol may be delisted
2026-05-16 03:23:58,831 [ERROR] yfinance: KLAC: No earnings dates found, symbol may be delisted
2026-05-16 03:23:59,071 [ERROR] yfinance: KO: No earnings dates found, symbol may be delisted
2026-05-16 03:23:59,183 [ERROR] yfinance: KNSL: No earnings dates found, symbol may be delisted
2026-05-16 03:23:59,272 [ERROR] yfinance: KR: No earnings dates found, symbol may be delisted
2026-05-16 03:23:59,483 [ERROR] yfinance: KMX: No earnings dates found, symbol may be delisted
2026-05-16 03:23:59,652 [ERROR] yfinance: KVUE: No earnings dates found, symbol may be delisted
2026-05-16 03:23:59,764 [ERROR] yfinance: KRMN: No earnings dates found, symbol may be delisted
2026-05-16 03:23:59,966 [ERROR] yfinance: KRC: No earnings dates found, symbol may be delisted
2026-05-16 03:24:00,057 [ERROR] yfinance: LAZ: No earnings dates found, symbol may be delisted
2026-05-16 03:24:00,286 [ERROR] yfinance: LAMR: No earnings dates found, symbol may be delisted
2026-05-16 03:24:00,397 [ERROR] yfinance: L: No earnings dates found, symbol may be delisted
2026-05-16 03:24:00,789 [ERROR] yfinance: LBTYA: No earnings dates found, symbol may be delisted
2026-05-16 03:24:00,918 [ERROR] yfinance: LBTYK: No earnings dates found, symbol may be delisted
2026-05-16 03:24:01,044 [ERROR] yfinance: LBRDK: No earnings dates found, symbol may be delisted
2026-05-16 03:24:01,239 [ERROR] yfinance: LAD: No earnings dates found, symbol may be delisted
2026-05-16 03:24:01,358 [ERROR] yfinance: LBRDA: No earnings dates found, symbol may be delisted
2026-05-16 03:24:01,440 [ERROR] yfinance: LEA: No earnings dates found, symbol may be delisted
2026-05-16 03:24:01,697 [ERROR] yfinance: LCID: No earnings dates found, symbol may be delisted
2026-05-16 03:24:01,815 [ERROR] yfinance: LDOS: No earnings dates found, symbol may be delisted
2026-05-16 03:24:01,952 [ERROR] yfinance: LECO: No earnings dates found, symbol may be delisted
2026-05-16 03:24:02,203 [ERROR] yfinance: LFUS: No earnings dates found, symbol may be delisted
2026-05-16 03:24:02,307 [ERROR] yfinance: LHX: No earnings dates found, symbol may be delisted
2026-05-16 03:24:02,397 [ERROR] yfinance: LEN: No earnings dates found, symbol may be delisted
2026-05-16 03:24:02,498 [ERROR] yfinance: LINE: No earnings dates found, symbol may be delisted
2026-05-16 03:24:02,832 [ERROR] yfinance: LII: No earnings dates found, symbol may be delisted
2026-05-16 03:24:02,952 [ERROR] yfinance: LIN: No earnings dates found, symbol may be delisted
2026-05-16 03:24:03,043 [ERROR] yfinance: LITE: No earnings dates found, symbol may be delisted
2026-05-16 03:24:03,259 [ERROR] yfinance: LKQ: No earnings dates found, symbol may be delisted
2026-05-16 03:24:03,378 [ERROR] yfinance: LLY: No earnings dates found, symbol may be delisted
2026-05-16 03:24:03,520 [ERROR] yfinance: LLYVK: No earnings dates found, symbol may be delisted
2026-05-16 03:24:03,753 [ERROR] yfinance: LLYVA: No earnings dates found, symbol may be delisted
2026-05-16 03:24:03,860 [ERROR] yfinance: LMT: No earnings dates found, symbol may be delisted
2026-05-16 03:24:04,002 [ERROR] yfinance: LNG: No earnings dates found, symbol may be delisted
2026-05-16 03:24:04,145 [ERROR] yfinance: LNC: No earnings dates found, symbol may be delisted
2026-05-16 03:24:04,371 [ERROR] yfinance: LNT: No earnings dates found, symbol may be delisted
2026-05-16 03:24:04,485 [ERROR] yfinance: LOAR: No earnings dates found, symbol may be delisted
2026-05-16 03:24:04,585 [ERROR] yfinance: LPLA: No earnings dates found, symbol may be delisted
2026-05-16 03:24:04,788 [ERROR] yfinance: LOPE: No earnings dates found, symbol may be delisted
2026-05-16 03:24:04,973 [ERROR] yfinance: LOW: No earnings dates found, symbol may be delisted
2026-05-16 03:24:05,077 [ERROR] yfinance: LRCX: No earnings dates found, symbol may be delisted
2026-05-16 03:24:05,318 [ERROR] yfinance: LPX: No earnings dates found, symbol may be delisted
2026-05-16 03:24:05,456 [ERROR] yfinance: LSCC: No earnings dates found, symbol may be delisted
2026-05-16 03:24:05,600 [ERROR] yfinance: LULU: No earnings dates found, symbol may be delisted
2026-05-16 03:24:05,852 [ERROR] yfinance: LSTR: No earnings dates found, symbol may be delisted
2026-05-16 03:24:05,967 [ERROR] yfinance: LVS: No earnings dates found, symbol may be delisted
2026-05-16 03:24:06,061 [ERROR] yfinance: LUV: No earnings dates found, symbol may be delisted
2026-05-16 03:24:06,186 [ERROR] yfinance: LYB: No earnings dates found, symbol may be delisted
2026-05-16 03:24:06,426 [ERROR] yfinance: LW: No earnings dates found, symbol may be delisted
2026-05-16 03:24:06,531 [ERROR] yfinance: LYFT: No earnings dates found, symbol may be delisted
2026-05-16 03:24:06,633 [ERROR] yfinance: LYV: No earnings dates found, symbol may be delisted
2026-05-16 03:24:06,844 [ERROR] yfinance: M: No earnings dates found, symbol may be delisted
2026-05-16 03:24:07,004 [ERROR] yfinance: MAN: No earnings dates found, symbol may be delisted
2026-05-16 03:24:07,151 [ERROR] yfinance: MA: No earnings dates found, symbol may be delisted
2026-05-16 03:24:07,440 [ERROR] yfinance: MAA: No earnings dates found, symbol may be delisted
2026-05-16 03:24:07,535 [ERROR] yfinance: MAS: No earnings dates found, symbol may be delisted
2026-05-16 03:24:07,607 [ERROR] yfinance: MANH: No earnings dates found, symbol may be delisted
2026-05-16 03:24:07,830 [ERROR] yfinance: MAR: No earnings dates found, symbol may be delisted
2026-05-16 03:24:07,962 [ERROR] yfinance: MAT: No earnings dates found, symbol may be delisted
2026-05-16 03:24:08,073 [ERROR] yfinance: MASI: No earnings dates found, symbol may be delisted
2026-05-16 03:24:08,162 [ERROR] yfinance: MCD: No earnings dates found, symbol may be delisted
2026-05-16 03:24:08,394 [ERROR] yfinance: MCHP: No earnings dates found, symbol may be delisted
2026-05-16 03:24:08,569 [ERROR] yfinance: MCK: No earnings dates found, symbol may be delisted
2026-05-16 03:24:08,670 [ERROR] yfinance: MDLN: No earnings dates found, symbol may be delisted
2026-05-16 03:24:08,934 [ERROR] yfinance: MDB: No earnings dates found, symbol may be delisted
2026-05-16 03:24:08,976 [ERROR] yfinance: MCO: No earnings dates found, symbol may be delisted
2026-05-16 03:24:09,120 [ERROR] yfinance: MDLZ: No earnings dates found, symbol may be delisted
2026-05-16 03:24:09,335 [ERROR] yfinance: MDT: No earnings dates found, symbol may be delisted
2026-05-16 03:24:09,431 [ERROR] yfinance: MEDP: No earnings dates found, symbol may be delisted
2026-05-16 03:24:09,532 [ERROR] yfinance: MET: No earnings dates found, symbol may be delisted
2026-05-16 03:24:09,612 [ERROR] yfinance: MDU: No earnings dates found, symbol may be delisted
2026-05-16 03:24:09,819 [ERROR] yfinance: MGM: No earnings dates found, symbol may be delisted
2026-05-16 03:24:09,945 [ERROR] yfinance: MKC: No earnings dates found, symbol may be delisted
2026-05-16 03:24:10,073 [ERROR] yfinance: META: No earnings dates found, symbol may be delisted
2026-05-16 03:24:10,385 [ERROR] yfinance: MHK: No earnings dates found, symbol may be delisted
2026-05-16 03:24:10,521 [ERROR] yfinance: MKL: No earnings dates found, symbol may be delisted
2026-05-16 03:24:10,562 [ERROR] yfinance: MIDD: No earnings dates found, symbol may be delisted
2026-05-16 03:24:10,817 [ERROR] yfinance: MKTX: No earnings dates found, symbol may be delisted
2026-05-16 03:24:10,920 [ERROR] yfinance: MLI: No earnings dates found, symbol may be delisted
2026-05-16 03:24:11,026 [ERROR] yfinance: MKSI: No earnings dates found, symbol may be delisted
2026-05-16 03:24:11,197 [ERROR] yfinance: MNST: No earnings dates found, symbol may be delisted
2026-05-16 03:24:11,279 [ERROR] yfinance: MMM: No earnings dates found, symbol may be delisted
2026-05-16 03:24:11,408 [ERROR] yfinance: MLM: No earnings dates found, symbol may be delisted
2026-05-16 03:24:11,695 [ERROR] yfinance: MO: No earnings dates found, symbol may be delisted
2026-05-16 03:24:11,712 [ERROR] yfinance: MOH: No earnings dates found, symbol may be delisted
2026-05-16 03:24:11,829 [ERROR] yfinance: MORN: No earnings dates found, symbol may be delisted
2026-05-16 03:24:11,929 [ERROR] yfinance: MP: No earnings dates found, symbol may be delisted
2026-05-16 03:24:12,148 [ERROR] yfinance: MOS: No earnings dates found, symbol may be delisted
2026-05-16 03:24:12,250 [ERROR] yfinance: MPC: No earnings dates found, symbol may be delisted
2026-05-16 03:24:12,357 [ERROR] yfinance: LH: No earnings dates found, symbol may be delisted
2026-05-16 03:24:12,619 [ERROR] yfinance: MPWR: No earnings dates found, symbol may be delisted
2026-05-16 03:24:12,730 [ERROR] yfinance: MRP: No earnings dates found, symbol may be delisted
2026-05-16 03:24:12,824 [ERROR] yfinance: MRNA: No earnings dates found, symbol may be delisted
2026-05-16 03:24:12,932 [ERROR] yfinance: MRK: No earnings dates found, symbol may be delisted
2026-05-16 03:24:13,157 [ERROR] yfinance: MRSH: No earnings dates found, symbol may be delisted
2026-05-16 03:24:13,290 [ERROR] yfinance: MS: No earnings dates found, symbol may be delisted
2026-05-16 03:24:13,529 [ERROR] yfinance: MPT: No earnings dates found, symbol may be delisted
2026-05-16 03:24:13,559 [ERROR] yfinance: MRVL: No earnings dates found, symbol may be delisted
2026-05-16 03:24:13,650 [ERROR] yfinance: MSFT: No earnings dates found, symbol may be delisted
2026-05-16 03:24:13,729 [ERROR] yfinance: MSA: No earnings dates found, symbol may be delisted
2026-05-16 03:24:14,016 [ERROR] yfinance: MSCI: No earnings dates found, symbol may be delisted
2026-05-16 03:24:14,113 [ERROR] yfinance: MSGS: No earnings dates found, symbol may be delisted
2026-05-16 03:24:14,285 [ERROR] yfinance: MSI: No earnings dates found, symbol may be delisted
2026-05-16 03:24:14,423 [ERROR] yfinance: MSTR: No earnings dates found, symbol may be delisted
2026-05-16 03:24:14,520 [ERROR] yfinance: MTCH: No earnings dates found, symbol may be delisted
2026-05-16 03:24:14,624 [ERROR] yfinance: MTDR: No earnings dates found, symbol may be delisted
2026-05-16 03:24:14,714 [ERROR] yfinance: MTB: No earnings dates found, symbol may be delisted
2026-05-16 03:24:15,003 [ERROR] yfinance: MTD: No earnings dates found, symbol may be delisted
2026-05-16 03:24:15,108 [ERROR] yfinance: MTSI: No earnings dates found, symbol may be delisted
2026-05-16 03:24:15,199 [ERROR] yfinance: MTG: No earnings dates found, symbol may be delisted
2026-05-16 03:24:15,405 [ERROR] yfinance: MTN: No earnings dates found, symbol may be delisted
2026-05-16 03:24:15,516 [ERROR] yfinance: MTZ: No earnings dates found, symbol may be delisted
2026-05-16 03:24:15,615 [ERROR] yfinance: MSM: No earnings dates found, symbol may be delisted
2026-05-16 03:24:15,801 [ERROR] yfinance: MUSA: No earnings dates found, symbol may be delisted
2026-05-16 03:24:15,903 [ERROR] yfinance: MU: No earnings dates found, symbol may be delisted
2026-05-16 03:24:16,090 [ERROR] yfinance: NCLH: No earnings dates found, symbol may be delisted
2026-05-16 03:24:16,131 [ERROR] yfinance: NCNO: No earnings dates found, symbol may be delisted
2026-05-16 03:24:16,338 [ERROR] yfinance: NEE: No earnings dates found, symbol may be delisted
2026-05-16 03:24:16,436 [ERROR] yfinance: NBIX: No earnings dates found, symbol may be delisted
2026-05-16 03:24:16,527 [ERROR] yfinance: NDAQ: No earnings dates found, symbol may be delisted
2026-05-16 03:24:16,767 [ERROR] yfinance: NDSN: No earnings dates found, symbol may be delisted
2026-05-16 03:24:16,868 [ERROR] yfinance: NEM: No earnings dates found, symbol may be delisted
2026-05-16 03:24:16,973 [ERROR] yfinance: NET: No earnings dates found, symbol may be delisted
2026-05-16 03:24:17,183 [ERROR] yfinance: NIQ: No earnings dates found, symbol may be delisted
2026-05-16 03:24:17,275 [ERROR] yfinance: NEU: No earnings dates found, symbol may be delisted
2026-05-16 03:24:17,394 [ERROR] yfinance: NFG: No earnings dates found, symbol may be delisted
2026-05-16 03:24:17,608 [ERROR] yfinance: NFLX: No earnings dates found, symbol may be delisted
2026-05-16 03:24:17,710 [ERROR] yfinance: NI: No earnings dates found, symbol may be delisted
2026-05-16 03:24:17,811 [ERROR] yfinance: NLY: No earnings dates found, symbol may be delisted
2026-05-16 03:24:17,912 [ERROR] yfinance: NOV: No earnings dates found, symbol may be delisted
2026-05-16 03:24:18,125 [ERROR] yfinance: NNN: No earnings dates found, symbol may be delisted
2026-05-16 03:24:18,218 [ERROR] yfinance: NOW: No earnings dates found, symbol may be delisted
2026-05-16 03:24:18,492 [ERROR] yfinance: NSA: No earnings dates found, symbol may be delisted
2026-05-16 03:24:18,523 [ERROR] yfinance: NOC: No earnings dates found, symbol may be delisted
2026-05-16 03:24:18,737 [ERROR] yfinance: NSC: No earnings dates found, symbol may be delisted
2026-05-16 03:24:18,737 [ERROR] yfinance: NRG: No earnings dates found, symbol may be delisted
2026-05-16 03:24:18,952 [ERROR] yfinance: NKE: No earnings dates found, symbol may be delisted
2026-05-16 03:24:19,058 [ERROR] yfinance: NTRA: No earnings dates found, symbol may be delisted
2026-05-16 03:24:19,159 [ERROR] yfinance: NTNX: No earnings dates found, symbol may be delisted
2026-05-16 03:24:19,270 [ERROR] yfinance: NU: No earnings dates found, symbol may be delisted
2026-05-16 03:24:19,539 [ERROR] yfinance: NUE: No earnings dates found, symbol may be delisted
2026-05-16 03:24:19,623 [ERROR] yfinance: NTRS: No earnings dates found, symbol may be delisted
2026-05-16 03:24:19,725 [ERROR] yfinance: NVDA: No earnings dates found, symbol may be delisted
2026-05-16 03:24:19,939 [ERROR] yfinance: NVR: No earnings dates found, symbol may be delisted
2026-05-16 03:24:20,131 [ERROR] yfinance: NVST: No earnings dates found, symbol may be delisted
2026-05-16 03:24:20,149 [ERROR] yfinance: NTAP: No earnings dates found, symbol may be delisted
2026-05-16 03:24:20,348 [ERROR] yfinance: NVT: No earnings dates found, symbol may be delisted
2026-05-16 03:24:20,450 [ERROR] yfinance: NWL: No earnings dates found, symbol may be delisted
2026-05-16 03:24:20,555 [ERROR] yfinance: NWSA: No earnings dates found, symbol may be delisted
2026-05-16 03:24:20,777 [ERROR] yfinance: NWS: No earnings dates found, symbol may be delisted
2026-05-16 03:24:20,879 [ERROR] yfinance: NYT: No earnings dates found, symbol may be delisted
2026-05-16 03:24:20,990 [ERROR] yfinance: ODFL: No earnings dates found, symbol may be delisted
2026-05-16 03:24:21,084 [ERROR] yfinance: OGE: No earnings dates found, symbol may be delisted
2026-05-16 03:24:21,323 [ERROR] yfinance: OC: No earnings dates found, symbol may be delisted
2026-05-16 03:24:21,426 [ERROR] yfinance: O: No earnings dates found, symbol may be delisted
2026-05-16 03:24:21,518 [ERROR] yfinance: NXST: No earnings dates found, symbol may be delisted
2026-05-16 03:24:21,730 [ERROR] yfinance: OKTA: No earnings dates found, symbol may be delisted
2026-05-16 03:24:21,843 [ERROR] yfinance: OHI: No earnings dates found, symbol may be delisted
2026-05-16 03:24:21,954 [ERROR] yfinance: OGN: No earnings dates found, symbol may be delisted
2026-05-16 03:24:22,162 [ERROR] yfinance: OKE: No earnings dates found, symbol may be delisted
2026-05-16 03:24:22,261 [ERROR] yfinance: OLLI: No earnings dates found, symbol may be delisted
2026-05-16 03:24:22,356 [ERROR] yfinance: OLED: No earnings dates found, symbol may be delisted
2026-05-16 03:24:22,550 [ERROR] yfinance: ONTO: No earnings dates found, symbol may be delisted
2026-05-16 03:24:22,679 [ERROR] yfinance: ON: No earnings dates found, symbol may be delisted
2026-05-16 03:24:22,808 [ERROR] yfinance: OMF: No earnings dates found, symbol may be delisted
2026-05-16 03:24:22,922 [ERROR] yfinance: ONON: No earnings dates found, symbol may be delisted
2026-05-16 03:24:23,121 [ERROR] yfinance: OMC: No earnings dates found, symbol may be delisted
2026-05-16 03:24:23,214 [ERROR] yfinance: ORI: No earnings dates found, symbol may be delisted
2026-05-16 03:24:23,291 [ERROR] yfinance: ORCL: No earnings dates found, symbol may be delisted
2026-05-16 03:24:23,476 [ERROR] yfinance: OLN: No earnings dates found, symbol may be delisted
2026-05-16 03:24:23,564 [ERROR] yfinance: OSK: No earnings dates found, symbol may be delisted
2026-05-16 03:24:23,661 [ERROR] yfinance: OTIS: No earnings dates found, symbol may be delisted
2026-05-16 03:24:23,849 [ERROR] yfinance: ORLY: No earnings dates found, symbol may be delisted
2026-05-16 03:24:23,980 [ERROR] yfinance: OWL: No earnings dates found, symbol may be delisted
2026-05-16 03:24:24,114 [ERROR] yfinance: OVV: No earnings dates found, symbol may be delisted
2026-05-16 03:24:24,216 [ERROR] yfinance: OZK: No earnings dates found, symbol may be delisted
2026-05-16 03:24:24,445 [ERROR] yfinance: OXY: No earnings dates found, symbol may be delisted
2026-05-16 03:24:24,581 [ERROR] yfinance: PAG: No earnings dates found, symbol may be delisted
2026-05-16 03:24:24,639 [ERROR] yfinance: PATH: No earnings dates found, symbol may be delisted
2026-05-16 03:24:24,861 [ERROR] yfinance: PANW: No earnings dates found, symbol may be delisted
2026-05-16 03:24:24,973 [ERROR] yfinance: PAYC: No earnings dates found, symbol may be delisted
2026-05-16 03:24:25,088 [ERROR] yfinance: P: No earnings dates found, symbol may be delisted
2026-05-16 03:24:25,305 [ERROR] yfinance: PB: No earnings dates found, symbol may be delisted
2026-05-16 03:24:25,386 [ERROR] yfinance: PCAR: No earnings dates found, symbol may be delisted
2026-05-16 03:24:25,515 [ERROR] yfinance: PCOR: No earnings dates found, symbol may be delisted
2026-05-16 03:24:25,803 [ERROR] yfinance: PEG: No earnings dates found, symbol may be delisted
2026-05-16 03:24:25,954 [ERROR] yfinance: PCTY: No earnings dates found, symbol may be delisted
2026-05-16 03:24:26,040 [ERROR] yfinance: PCG: No earnings dates found, symbol may be delisted
2026-05-16 03:24:26,142 [ERROR] yfinance: PEN: No earnings dates found, symbol may be delisted
2026-05-16 03:24:26,355 [ERROR] yfinance: PEGA: No earnings dates found, symbol may be delisted
2026-05-16 03:24:26,448 [ERROR] yfinance: PFE: No earnings dates found, symbol may be delisted
2026-05-16 03:24:26,543 [ERROR] yfinance: PAYX: No earnings dates found, symbol may be delisted
2026-05-16 03:24:26,758 [ERROR] yfinance: PENN: No earnings dates found, symbol may be delisted
2026-05-16 03:24:26,880 [ERROR] yfinance: PEP: No earnings dates found, symbol may be delisted
2026-05-16 03:24:26,981 [ERROR] yfinance: PFG: No earnings dates found, symbol may be delisted
2026-05-16 03:24:27,182 [ERROR] yfinance: PFGC: No earnings dates found, symbol may be delisted
2026-05-16 03:24:27,280 [ERROR] yfinance: PGR: No earnings dates found, symbol may be delisted
2026-05-16 03:24:27,377 [ERROR] yfinance: PH: No earnings dates found, symbol may be delisted
2026-05-16 03:24:27,468 [ERROR] yfinance: PHM: No earnings dates found, symbol may be delisted
2026-05-16 03:24:27,756 [ERROR] yfinance: PG: No earnings dates found, symbol may be delisted
2026-05-16 03:24:27,868 [ERROR] yfinance: PKG: No earnings dates found, symbol may be delisted
2026-05-16 03:24:27,945 [ERROR] yfinance: PK: No earnings dates found, symbol may be delisted
2026-05-16 03:24:28,136 [ERROR] yfinance: PLD: No earnings dates found, symbol may be delisted
2026-05-16 03:24:28,227 [ERROR] yfinance: PLNT: No earnings dates found, symbol may be delisted
2026-05-16 03:24:28,323 [ERROR] yfinance: PLTR: No earnings dates found, symbol may be delisted
2026-05-16 03:24:28,532 [ERROR] yfinance: PNC: No earnings dates found, symbol may be delisted
2026-05-16 03:24:28,625 [ERROR] yfinance: PM: No earnings dates found, symbol may be delisted
2026-05-16 03:24:28,743 [ERROR] yfinance: PNR: No earnings dates found, symbol may be delisted
2026-05-16 03:24:29,028 [ERROR] yfinance: PNW: No earnings dates found, symbol may be delisted
2026-05-16 03:24:29,137 [ERROR] yfinance: PNFP: No earnings dates found, symbol may be delisted
2026-05-16 03:24:29,240 [ERROR] yfinance: PODD: No earnings dates found, symbol may be delisted
2026-05-16 03:24:29,351 [ERROR] yfinance: POOL: No earnings dates found, symbol may be delisted
2026-05-16 03:24:29,599 [ERROR] yfinance: PPC: No earnings dates found, symbol may be delisted
2026-05-16 03:24:29,710 [ERROR] yfinance: PPG: No earnings dates found, symbol may be delisted
2026-05-16 03:24:29,813 [ERROR] yfinance: PPL: No earnings dates found, symbol may be delisted
2026-05-16 03:24:29,999 [ERROR] yfinance: PRGO: No earnings dates found, symbol may be delisted
2026-05-16 03:24:30,099 [ERROR] yfinance: POST: No earnings dates found, symbol may be delisted
2026-05-16 03:24:30,188 [ERROR] yfinance: PRMB: No earnings dates found, symbol may be delisted
2026-05-16 03:24:30,392 [ERROR] yfinance: PRI: No earnings dates found, symbol may be delisted
2026-05-16 03:24:30,502 [ERROR] yfinance: PRU: No earnings dates found, symbol may be delisted
2026-05-16 03:24:30,636 [ERROR] yfinance: PSA: No earnings dates found, symbol may be delisted
2026-05-16 03:24:30,742 [ERROR] yfinance: PSX: No earnings dates found, symbol may be delisted
2026-05-16 03:24:30,955 [ERROR] yfinance: PR: No earnings dates found, symbol may be delisted
2026-05-16 03:24:31,067 [ERROR] yfinance: PSN: No earnings dates found, symbol may be delisted
2026-05-16 03:24:31,131 [ERROR] yfinance: PVH: No earnings dates found, symbol may be delisted
2026-05-16 03:24:31,318 [ERROR] yfinance: PYPL: No earnings dates found, symbol may be delisted
2026-05-16 03:24:31,424 [ERROR] yfinance: PWR: No earnings dates found, symbol may be delisted
2026-05-16 03:24:31,510 [ERROR] yfinance: PTC: No earnings dates found, symbol may be delisted
2026-05-16 03:24:31,705 [ERROR] yfinance: Q: No earnings dates found, symbol may be delisted
2026-05-16 03:24:31,808 [ERROR] yfinance: QS: No earnings dates found, symbol may be delisted
2026-05-16 03:24:31,907 [ERROR] yfinance: QGEN: No earnings dates found, symbol may be delisted
2026-05-16 03:24:32,129 [ERROR] yfinance: QCOM: No earnings dates found, symbol may be delisted
2026-05-16 03:24:32,273 [ERROR] yfinance: QRVO: No earnings dates found, symbol may be delisted
2026-05-16 03:24:32,466 [ERROR] yfinance: QSR: No earnings dates found, symbol may be delisted
2026-05-16 03:24:32,477 [ERROR] yfinance: QXO: No earnings dates found, symbol may be delisted
2026-05-16 03:24:32,774 [ERROR] yfinance: RAL: No earnings dates found, symbol may be delisted
2026-05-16 03:24:32,905 [ERROR] yfinance: R: No earnings dates found, symbol may be delisted
2026-05-16 03:24:33,018 [ERROR] yfinance: RARE: No earnings dates found, symbol may be delisted
2026-05-16 03:24:33,212 [ERROR] yfinance: RCL: No earnings dates found, symbol may be delisted
2026-05-16 03:24:33,338 [ERROR] yfinance: RBA: No earnings dates found, symbol may be delisted
2026-05-16 03:24:33,397 [ERROR] yfinance: RBC: No earnings dates found, symbol may be delisted
2026-05-16 03:24:33,611 [ERROR] yfinance: RBRK: No earnings dates found, symbol may be delisted
2026-05-16 03:24:33,700 [ERROR] yfinance: REG: No earnings dates found, symbol may be delisted
2026-05-16 03:24:33,793 [ERROR] yfinance: RDDT: No earnings dates found, symbol may be delisted
2026-05-16 03:24:33,892 [ERROR] yfinance: RBLX: No earnings dates found, symbol may be delisted
2026-05-16 03:24:34,112 [ERROR] yfinance: REGN: No earnings dates found, symbol may be delisted
2026-05-16 03:24:34,197 [ERROR] yfinance: REYN: No earnings dates found, symbol may be delisted
2026-05-16 03:24:34,298 [ERROR] yfinance: RGA: No earnings dates found, symbol may be delisted
2026-05-16 03:24:34,511 [ERROR] yfinance: REXR: No earnings dates found, symbol may be delisted
2026-05-16 03:24:34,639 [ERROR] yfinance: RF: No earnings dates found, symbol may be delisted
2026-05-16 03:24:34,715 [ERROR] yfinance: RH: No earnings dates found, symbol may be delisted
2026-05-16 03:24:34,934 [ERROR] yfinance: RGLD: No earnings dates found, symbol may be delisted
2026-05-16 03:24:35,037 [ERROR] yfinance: RGEN: No earnings dates found, symbol may be delisted
2026-05-16 03:24:35,333 [ERROR] yfinance: RIVN: No earnings dates found, symbol may be delisted
2026-05-16 03:24:35,371 [ERROR] yfinance: RHI: No earnings dates found, symbol may be delisted
2026-05-16 03:24:35,453 [ERROR] yfinance: RJF: No earnings dates found, symbol may be delisted
2026-05-16 03:24:35,582 [ERROR] yfinance: RITM: No earnings dates found, symbol may be delisted
2026-05-16 03:24:35,889 [ERROR] yfinance: RKT: No earnings dates found, symbol may be delisted
2026-05-16 03:24:35,901 [ERROR] yfinance: RL: No earnings dates found, symbol may be delisted
2026-05-16 03:24:36,009 [ERROR] yfinance: RKLB: No earnings dates found, symbol may be delisted
2026-05-16 03:24:36,129 [ERROR] yfinance: RMD: No earnings dates found, symbol may be delisted
2026-05-16 03:24:36,425 [ERROR] yfinance: RNG: No earnings dates found, symbol may be delisted
2026-05-16 03:24:36,526 [ERROR] yfinance: RLI: No earnings dates found, symbol may be delisted
2026-05-16 03:24:36,617 [ERROR] yfinance: ROIV: No earnings dates found, symbol may be delisted
2026-05-16 03:24:36,831 [ERROR] yfinance: RNR: No earnings dates found, symbol may be delisted
2026-05-16 03:24:36,958 [ERROR] yfinance: ROKU: No earnings dates found, symbol may be delisted
2026-05-16 03:24:37,044 [ERROR] yfinance: ROL: No earnings dates found, symbol may be delisted
2026-05-16 03:24:37,256 [ERROR] yfinance: ROK: No earnings dates found, symbol may be delisted
2026-05-16 03:24:37,349 [ERROR] yfinance: ROP: No earnings dates found, symbol may be delisted
2026-05-16 03:24:37,441 [ERROR] yfinance: RPM: No earnings dates found, symbol may be delisted
2026-05-16 03:24:37,547 [ERROR] yfinance: ROST: No earnings dates found, symbol may be delisted
2026-05-16 03:24:37,827 [ERROR] yfinance: RS: No earnings dates found, symbol may be delisted
2026-05-16 03:24:37,919 [ERROR] yfinance: RRX: No earnings dates found, symbol may be delisted
2026-05-16 03:24:38,024 [ERROR] yfinance: RPRX: No earnings dates found, symbol may be delisted
2026-05-16 03:24:38,199 [ERROR] yfinance: RTX: No earnings dates found, symbol may be delisted
2026-05-16 03:24:38,297 [ERROR] yfinance: RSG: No earnings dates found, symbol may be delisted
2026-05-16 03:24:38,382 [ERROR] yfinance: RRC: No earnings dates found, symbol may be delisted
2026-05-16 03:24:38,601 [ERROR] yfinance: RYN: No earnings dates found, symbol may be delisted
2026-05-16 03:24:38,693 [ERROR] yfinance: RVMD: No earnings dates found, symbol may be delisted
2026-05-16 03:24:38,787 [ERROR] yfinance: RYAN: No earnings dates found, symbol may be delisted
2026-05-16 03:24:38,872 [ERROR] yfinance: RVTY: No earnings dates found, symbol may be delisted
2026-05-16 03:24:39,108 [ERROR] yfinance: S: No earnings dates found, symbol may be delisted
2026-05-16 03:24:39,192 [ERROR] yfinance: SAIC: No earnings dates found, symbol may be delisted
2026-05-16 03:24:39,310 [ERROR] yfinance: SAIL: No earnings dates found, symbol may be delisted
2026-05-16 03:24:39,602 [ERROR] yfinance: SAIA: No earnings dates found, symbol may be delisted
2026-05-16 03:24:39,725 [ERROR] yfinance: SBUX: No earnings dates found, symbol may be delisted
2026-05-16 03:24:39,817 [ERROR] yfinance: SARO: No earnings dates found, symbol may be delisted
2026-05-16 03:24:40,034 [ERROR] yfinance: SBAC: No earnings dates found, symbol may be delisted
2026-05-16 03:24:40,121 [ERROR] yfinance: SAM: No earnings dates found, symbol may be delisted
2026-05-16 03:24:40,297 [ERROR] yfinance: SCHW: No earnings dates found, symbol may be delisted
2026-05-16 03:24:40,447 [ERROR] yfinance: SCCO: No earnings dates found, symbol may be delisted
2026-05-16 03:24:40,535 [ERROR] yfinance: SCI: No earnings dates found, symbol may be delisted
2026-05-16 03:24:40,639 [ERROR] yfinance: SEIC: No earnings dates found, symbol may be delisted
2026-05-16 03:24:40,741 [ERROR] yfinance: SFD: No earnings dates found, symbol may be delisted
2026-05-16 03:24:40,962 [ERROR] yfinance: SEB: No earnings dates found, symbol may be delisted
2026-05-16 03:24:41,077 [ERROR] yfinance: SFM: No earnings dates found, symbol may be delisted
2026-05-16 03:24:41,165 [ERROR] yfinance: SF: No earnings dates found, symbol may be delisted
2026-05-16 03:24:41,547 [ERROR] yfinance: SIRI: No earnings dates found, symbol may be delisted
2026-05-16 03:24:41,758 [ERROR] yfinance: SHW: No earnings dates found, symbol may be delisted
2026-05-16 03:24:41,764 [ERROR] yfinance: SGI: No earnings dates found, symbol may be delisted
2026-05-16 03:24:42,029 [ERROR] yfinance: SHC: No earnings dates found, symbol may be delisted
2026-05-16 03:24:42,070 [ERROR] yfinance: SITE: No earnings dates found, symbol may be delisted
2026-05-16 03:24:42,163 [ERROR] yfinance: SJM: No earnings dates found, symbol may be delisted
2026-05-16 03:24:42,305 [ERROR] yfinance: PINS: No earnings dates found, symbol may be delisted
2026-05-16 03:24:42,535 [ERROR] yfinance: SLB: No earnings dates found, symbol may be delisted
2026-05-16 03:24:42,636 [ERROR] yfinance: SN: No earnings dates found, symbol may be delisted
2026-05-16 03:24:42,725 [ERROR] yfinance: SMG: No earnings dates found, symbol may be delisted
2026-05-16 03:24:42,968 [ERROR] yfinance: SLGN: No earnings dates found, symbol may be delisted
2026-05-16 03:24:43,088 [ERROR] yfinance: SLM: No earnings dates found, symbol may be delisted
2026-05-16 03:24:43,218 [ERROR] yfinance: SMCI: No earnings dates found, symbol may be delisted
2026-05-16 03:24:43,397 [ERROR] yfinance: SNDK: No earnings dates found, symbol may be delisted
2026-05-16 03:24:43,521 [ERROR] yfinance: SNA: No earnings dates found, symbol may be delisted
2026-05-16 03:24:43,617 [ERROR] yfinance: SNPS: No earnings dates found, symbol may be delisted
2026-05-16 03:24:43,815 [ERROR] yfinance: SNDR: No earnings dates found, symbol may be delisted
2026-05-16 03:24:43,902 [ERROR] yfinance: SNOW: No earnings dates found, symbol may be delisted
2026-05-16 03:24:44,008 [ERROR] yfinance: SO: No earnings dates found, symbol may be delisted
2026-05-16 03:24:44,139 [ERROR] yfinance: SON: No earnings dates found, symbol may be delisted
2026-05-16 03:24:44,403 [ERROR] yfinance: SOFI: No earnings dates found, symbol may be delisted
2026-05-16 03:24:44,504 [ERROR] yfinance: SOLV: No earnings dates found, symbol may be delisted
2026-05-16 03:24:44,637 [ERROR] yfinance: SNX: No earnings dates found, symbol may be delisted
2026-05-16 03:24:44,996 [ERROR] yfinance: SPGI: No earnings dates found, symbol may be delisted
2026-05-16 03:24:45,012 [ERROR] yfinance: SPOT: No earnings dates found, symbol may be delisted
2026-05-16 03:24:45,159 [ERROR] yfinance: SPG: No earnings dates found, symbol may be delisted
2026-05-16 03:24:45,297 [ERROR] yfinance: SRPT: No earnings dates found, symbol may be delisted
2026-05-16 03:24:45,415 [ERROR] yfinance: SRE: No earnings dates found, symbol may be delisted
2026-05-16 03:24:45,514 [ERROR] yfinance: SOLS: No earnings dates found, symbol may be delisted
2026-05-16 03:24:45,611 [ERROR] yfinance: SSB: No earnings dates found, symbol may be delisted
2026-05-16 03:24:45,928 [ERROR] yfinance: SSNC: No earnings dates found, symbol may be delisted
2026-05-16 03:24:46,059 [ERROR] yfinance: SSD: No earnings dates found, symbol may be delisted
2026-05-16 03:24:46,338 [ERROR] yfinance: ST: No earnings dates found, symbol may be delisted
2026-05-16 03:24:46,358 [ERROR] yfinance: STE: No earnings dates found, symbol may be delisted
2026-05-16 03:24:46,451 [ERROR] yfinance: STLD: No earnings dates found, symbol may be delisted
2026-05-16 03:24:46,543 [ERROR] yfinance: STAG: No earnings dates found, symbol may be delisted
2026-05-16 03:24:46,798 [ERROR] yfinance: STT: No earnings dates found, symbol may be delisted
2026-05-16 03:24:46,912 [ERROR] yfinance: SUI: No earnings dates found, symbol may be delisted
2026-05-16 03:24:47,007 [ERROR] yfinance: SW: No earnings dates found, symbol may be delisted
2026-05-16 03:24:47,228 [ERROR] yfinance: STZ: No earnings dates found, symbol may be delisted
2026-05-16 03:24:47,362 [ERROR] yfinance: STWD: No earnings dates found, symbol may be delisted
2026-05-16 03:24:47,464 [ERROR] yfinance: SYF: No earnings dates found, symbol may be delisted
2026-05-16 03:24:47,553 [ERROR] yfinance: SWKS: No earnings dates found, symbol may be delisted
2026-05-16 03:24:47,755 [ERROR] yfinance: SWK: No earnings dates found, symbol may be delisted
2026-05-16 03:24:47,845 [ERROR] yfinance: SYY: No earnings dates found, symbol may be delisted
2026-05-16 03:24:47,937 [ERROR] yfinance: T: No earnings dates found, symbol may be delisted
2026-05-16 03:24:48,156 [ERROR] yfinance: SYK: No earnings dates found, symbol may be delisted
2026-05-16 03:24:48,258 [ERROR] yfinance: TAP: No earnings dates found, symbol may be delisted
2026-05-16 03:24:48,541 [ERROR] yfinance: TEAM: No earnings dates found, symbol may be delisted
2026-05-16 03:24:48,547 [ERROR] yfinance: TDC: No earnings dates found, symbol may be delisted
2026-05-16 03:24:48,653 [ERROR] yfinance: TEM: No earnings dates found, symbol may be delisted
2026-05-16 03:24:48,768 [ERROR] yfinance: TDG: No earnings dates found, symbol may be delisted
2026-05-16 03:24:48,871 [ERROR] yfinance: TDY: No earnings dates found, symbol may be delisted
2026-05-16 03:24:49,170 [ERROR] yfinance: TECH: No earnings dates found, symbol may be delisted
2026-05-16 03:24:49,271 [ERROR] yfinance: TFC: No earnings dates found, symbol may be delisted
2026-05-16 03:24:49,371 [ERROR] yfinance: TFSL: No earnings dates found, symbol may be delisted
2026-05-16 03:24:49,541 [ERROR] yfinance: TER: No earnings dates found, symbol may be delisted
2026-05-16 03:24:49,634 [ERROR] yfinance: TGT: No earnings dates found, symbol may be delisted
2026-05-16 03:24:49,757 [ERROR] yfinance: THG: No earnings dates found, symbol may be delisted
2026-05-16 03:24:49,942 [ERROR] yfinance: TJX: No earnings dates found, symbol may be delisted
2026-05-16 03:24:50,055 [ERROR] yfinance: THO: No earnings dates found, symbol may be delisted
2026-05-16 03:24:50,159 [ERROR] yfinance: TFX: No earnings dates found, symbol may be delisted
2026-05-16 03:24:50,406 [ERROR] yfinance: THC: No earnings dates found, symbol may be delisted
2026-05-16 03:24:50,504 [ERROR] yfinance: TKO: No earnings dates found, symbol may be delisted
2026-05-16 03:24:50,596 [ERROR] yfinance: TKR: No earnings dates found, symbol may be delisted
2026-05-16 03:24:50,695 [ERROR] yfinance: TIGO: No earnings dates found, symbol may be delisted
2026-05-16 03:24:50,941 [ERROR] yfinance: TLN: No earnings dates found, symbol may be delisted
2026-05-16 03:24:51,051 [ERROR] yfinance: TMUS: No earnings dates found, symbol may be delisted
2026-05-16 03:24:51,134 [ERROR] yfinance: TNL: No earnings dates found, symbol may be delisted
2026-05-16 03:24:51,332 [ERROR] yfinance: TOST: No earnings dates found, symbol may be delisted
2026-05-16 03:24:51,482 [ERROR] yfinance: TMO: No earnings dates found, symbol may be delisted
2026-05-16 03:24:51,482 [ERROR] yfinance: TPG: No earnings dates found, symbol may be delisted
2026-05-16 03:24:51,678 [ERROR] yfinance: TOL: No earnings dates found, symbol may be delisted
2026-05-16 03:24:51,787 [ERROR] yfinance: TREX: No earnings dates found, symbol may be delisted
2026-05-16 03:24:51,972 [ERROR] yfinance: TPR: No earnings dates found, symbol may be delisted
2026-05-16 03:24:52,149 [ERROR] yfinance: TPL: No earnings dates found, symbol may be delisted
2026-05-16 03:24:52,311 [ERROR] yfinance: TRGP: No earnings dates found, symbol may be delisted
2026-05-16 03:24:52,359 [ERROR] yfinance: TRU: No earnings dates found, symbol may be delisted
2026-05-16 03:24:52,443 [ERROR] yfinance: TRMB: No earnings dates found, symbol may be delisted
2026-05-16 03:24:52,782 [ERROR] yfinance: TSCO: No earnings dates found, symbol may be delisted
2026-05-16 03:24:52,892 [ERROR] yfinance: TRV: No earnings dates found, symbol may be delisted
2026-05-16 03:24:53,000 [ERROR] yfinance: TSLA: No earnings dates found, symbol may be delisted
2026-05-16 03:24:53,225 [ERROR] yfinance: TSN: No earnings dates found, symbol may be delisted
2026-05-16 03:24:53,299 [ERROR] yfinance: TTC: No earnings dates found, symbol may be delisted
2026-05-16 03:24:53,416 [ERROR] yfinance: TROW: No earnings dates found, symbol may be delisted
2026-05-16 03:24:53,623 [ERROR] yfinance: TT: No earnings dates found, symbol may be delisted
2026-05-16 03:24:53,747 [ERROR] yfinance: TTWO: No earnings dates found, symbol may be delisted
2026-05-16 03:24:53,830 [ERROR] yfinance: TTEK: No earnings dates found, symbol may be delisted
2026-05-16 03:24:53,925 [ERROR] yfinance: TW: No earnings dates found, symbol may be delisted
2026-05-16 03:24:54,284 [ERROR] yfinance: TXRH: No earnings dates found, symbol may be delisted
2026-05-16 03:24:54,291 [ERROR] yfinance: TWLO: No earnings dates found, symbol may be delisted
2026-05-16 03:24:54,383 [ERROR] yfinance: TTD: No earnings dates found, symbol may be delisted
2026-05-16 03:24:54,588 [ERROR] yfinance: TXN: No earnings dates found, symbol may be delisted
2026-05-16 03:24:54,681 [ERROR] yfinance: TYL: No earnings dates found, symbol may be delisted
2026-05-16 03:24:54,776 [ERROR] yfinance: U: No earnings dates found, symbol may be delisted
2026-05-16 03:24:55,003 [ERROR] yfinance: SMMT: No earnings dates found, symbol may be delisted
2026-05-16 03:24:55,097 [ERROR] yfinance: UAA: No earnings dates found, symbol may be delisted
2026-05-16 03:24:55,208 [ERROR] yfinance: UA: No earnings dates found, symbol may be delisted
2026-05-16 03:24:55,452 [ERROR] yfinance: UAL: No earnings dates found, symbol may be delisted
2026-05-16 03:24:55,558 [ERROR] yfinance: UBER: No earnings dates found, symbol may be delisted
2026-05-16 03:24:55,639 [ERROR] yfinance: UHS: No earnings dates found, symbol may be delisted
2026-05-16 03:24:55,722 [ERROR] yfinance: UGI: No earnings dates found, symbol may be delisted
2026-05-16 03:24:55,935 [ERROR] yfinance: UDR: No earnings dates found, symbol may be delisted
2026-05-16 03:24:56,004 [ERROR] yfinance: UHAL: No earnings dates found, symbol may be delisted
2026-05-16 03:24:56,091 [ERROR] yfinance: UNP: No earnings dates found, symbol may be delisted
2026-05-16 03:24:56,292 [ERROR] yfinance: UI: No earnings dates found, symbol may be delisted
2026-05-16 03:24:56,425 [ERROR] yfinance: UNH: No earnings dates found, symbol may be delisted
2026-05-16 03:24:56,527 [ERROR] yfinance: URI: No earnings dates found, symbol may be delisted
2026-05-16 03:24:56,720 [ERROR] yfinance: UPS: No earnings dates found, symbol may be delisted
2026-05-16 03:24:56,833 [ERROR] yfinance: ULTA: No earnings dates found, symbol may be delisted
2026-05-16 03:24:56,933 [ERROR] yfinance: UNM: No earnings dates found, symbol may be delisted
2026-05-16 03:24:57,036 [ERROR] yfinance: USB: No earnings dates found, symbol may be delisted
2026-05-16 03:24:57,232 [ERROR] yfinance: UWMC: No earnings dates found, symbol may be delisted
2026-05-16 03:24:57,330 [ERROR] yfinance: USFD: No earnings dates found, symbol may be delisted
2026-05-16 03:24:57,413 [ERROR] yfinance: VGNT: No earnings dates found, symbol may be delisted
2026-05-16 03:24:57,604 [ERROR] yfinance: VEEV: No earnings dates found, symbol may be delisted
2026-05-16 03:24:57,700 [ERROR] yfinance: VFC: No earnings dates found, symbol may be delisted
2026-05-16 03:24:57,813 [ERROR] yfinance: V: No earnings dates found, symbol may be delisted
2026-05-16 03:24:58,029 [ERROR] yfinance: VIK: No earnings dates found, symbol may be delisted
2026-05-16 03:24:58,134 [ERROR] yfinance: VKTX: No earnings dates found, symbol may be delisted
2026-05-16 03:24:58,233 [ERROR] yfinance: VMC: No earnings dates found, symbol may be delisted
2026-05-16 03:24:58,467 [ERROR] yfinance: VICI: No earnings dates found, symbol may be delisted
2026-05-16 03:24:58,578 [ERROR] yfinance: VIRT: No earnings dates found, symbol may be delisted
2026-05-16 03:24:58,681 [ERROR] yfinance: UTHR: No earnings dates found, symbol may be delisted
2026-05-16 03:24:58,968 [ERROR] yfinance: VLO: No earnings dates found, symbol may be delisted
2026-05-16 03:24:58,978 [ERROR] yfinance: VNO: No earnings dates found, symbol may be delisted
2026-05-16 03:24:59,083 [ERROR] yfinance: VNOM: No earnings dates found, symbol may be delisted
2026-05-16 03:24:59,172 [ERROR] yfinance: VRSN: No earnings dates found, symbol may be delisted
2026-05-16 03:24:59,523 [ERROR] yfinance: VLTO: No earnings dates found, symbol may be delisted
2026-05-16 03:24:59,621 [ERROR] yfinance: VNT: No earnings dates found, symbol may be delisted
2026-05-16 03:24:59,716 [ERROR] yfinance: VRSK: No earnings dates found, symbol may be delisted
2026-05-16 03:24:59,970 [ERROR] yfinance: VOYA: No earnings dates found, symbol may be delisted
2026-05-16 03:25:00,104 [ERROR] yfinance: VSNT: No earnings dates found, symbol may be delisted
2026-05-16 03:25:00,279 [ERROR] yfinance: VMI: No earnings dates found, symbol may be delisted
2026-05-16 03:25:00,548 [ERROR] yfinance: VRT: No earnings dates found, symbol may be delisted
2026-05-16 03:25:00,552 [ERROR] yfinance: VTR: No earnings dates found, symbol may be delisted
2026-05-16 03:25:00,669 [ERROR] yfinance: VST: No earnings dates found, symbol may be delisted
2026-05-16 03:25:00,761 [ERROR] yfinance: W: No earnings dates found, symbol may be delisted
2026-05-16 03:25:01,001 [ERROR] yfinance: VRTX: No earnings dates found, symbol may be delisted
2026-05-16 03:25:01,122 [ERROR] yfinance: VVV: No earnings dates found, symbol may be delisted
2026-05-16 03:25:01,205 [ERROR] yfinance: VTRS: No earnings dates found, symbol may be delisted
2026-05-16 03:25:01,443 [ERROR] yfinance: WAB: No earnings dates found, symbol may be delisted
2026-05-16 03:25:01,621 [ERROR] yfinance: WBD: No earnings dates found, symbol may be delisted
2026-05-16 03:25:01,642 [ERROR] yfinance: VZ: No earnings dates found, symbol may be delisted
2026-05-16 03:25:01,891 [ERROR] yfinance: WCC: No earnings dates found, symbol may be delisted
2026-05-16 03:25:01,961 [ERROR] yfinance: WAL: No earnings dates found, symbol may be delisted
2026-05-16 03:25:02,155 [ERROR] yfinance: WAT: No earnings dates found, symbol may be delisted
2026-05-16 03:25:02,175 [ERROR] yfinance: WBS: No earnings dates found, symbol may be delisted
2026-05-16 03:25:02,415 [ERROR] yfinance: WDC: No earnings dates found, symbol may be delisted
2026-05-16 03:25:02,529 [ERROR] yfinance: WELL: No earnings dates found, symbol may be delisted
2026-05-16 03:25:02,851 [ERROR] yfinance: WEC: No earnings dates found, symbol may be delisted
2026-05-16 03:25:02,861 [ERROR] yfinance: WDAY: No earnings dates found, symbol may be delisted
2026-05-16 03:25:03,044 [ERROR] yfinance: WEN: No earnings dates found, symbol may be delisted
2026-05-16 03:25:03,050 [ERROR] yfinance: WEX: No earnings dates found, symbol may be delisted
2026-05-16 03:25:03,290 [ERROR] yfinance: WH: No earnings dates found, symbol may be delisted
2026-05-16 03:25:03,402 [ERROR] yfinance: WFRD: No earnings dates found, symbol may be delisted
2026-05-16 03:25:03,519 [ERROR] yfinance: WLK: No earnings dates found, symbol may be delisted
2026-05-16 03:25:03,617 [ERROR] yfinance: WFC: No earnings dates found, symbol may be delisted
2026-05-16 03:25:03,880 [ERROR] yfinance: WMS: No earnings dates found, symbol may be delisted
2026-05-16 03:25:03,975 [ERROR] yfinance: WHR: No earnings dates found, symbol may be delisted
2026-05-16 03:25:04,106 [ERROR] yfinance: WPC: No earnings dates found, symbol may be delisted
2026-05-16 03:25:04,350 [ERROR] yfinance: WMB: No earnings dates found, symbol may be delisted
2026-05-16 03:25:04,444 [ERROR] yfinance: WM: No earnings dates found, symbol may be delisted
2026-05-16 03:25:04,533 [ERROR] yfinance: WRB: No earnings dates found, symbol may be delisted
2026-05-16 03:25:04,738 [ERROR] yfinance: WING: No earnings dates found, symbol may be delisted
2026-05-16 03:25:04,832 [ERROR] yfinance: WMT: No earnings dates found, symbol may be delisted
2026-05-16 03:25:04,925 [ERROR] yfinance: WSM: No earnings dates found, symbol may be delisted
2026-05-16 03:25:05,158 [ERROR] yfinance: WST: No earnings dates found, symbol may be delisted
2026-05-16 03:25:05,250 [ERROR] yfinance: WSO: No earnings dates found, symbol may be delisted
2026-05-16 03:25:05,340 [ERROR] yfinance: WTFC: No earnings dates found, symbol may be delisted
2026-05-16 03:25:05,438 [ERROR] yfinance: WWD: No earnings dates found, symbol may be delisted
2026-05-16 03:25:05,638 [ERROR] yfinance: WSC: No earnings dates found, symbol may be delisted
2026-05-16 03:25:05,782 [ERROR] yfinance: WTM: No earnings dates found, symbol may be delisted
2026-05-16 03:25:05,866 [ERROR] yfinance: WTRG: No earnings dates found, symbol may be delisted
2026-05-16 03:25:06,071 [ERROR] yfinance: WY: No earnings dates found, symbol may be delisted
2026-05-16 03:25:06,187 [ERROR] yfinance: WTW: No earnings dates found, symbol may be delisted
2026-05-16 03:25:06,282 [ERROR] yfinance: WU: No earnings dates found, symbol may be delisted
2026-05-16 03:25:06,484 [ERROR] yfinance: WYNN: No earnings dates found, symbol may be delisted
2026-05-16 03:25:06,594 [ERROR] yfinance: XEL: No earnings dates found, symbol may be delisted
2026-05-16 03:25:06,691 [ERROR] yfinance: XP: No earnings dates found, symbol may be delisted
2026-05-16 03:25:06,928 [ERROR] yfinance: XOM: No earnings dates found, symbol may be delisted
2026-05-16 03:25:07,028 [ERROR] yfinance: YETI: No earnings dates found, symbol may be delisted
2026-05-16 03:25:07,144 [ERROR] yfinance: XPO: No earnings dates found, symbol may be delisted
2026-05-16 03:25:07,224 [ERROR] yfinance: XYL: No earnings dates found, symbol may be delisted
2026-05-16 03:25:07,514 [ERROR] yfinance: XRAY: No earnings dates found, symbol may be delisted
2026-05-16 03:25:07,623 [ERROR] yfinance: XYZ: No earnings dates found, symbol may be delisted
2026-05-16 03:25:07,735 [ERROR] yfinance: Z: No earnings dates found, symbol may be delisted
2026-05-16 03:25:07,929 [ERROR] yfinance: YUM: No earnings dates found, symbol may be delisted
2026-05-16 03:25:08,051 [ERROR] yfinance: ZG: No earnings dates found, symbol may be delisted
2026-05-16 03:25:08,150 [ERROR] yfinance: ZBH: No earnings dates found, symbol may be delisted
2026-05-16 03:25:08,448 [ERROR] yfinance: ZION: No earnings dates found, symbol may be delisted
2026-05-16 03:25:08,457 [ERROR] yfinance: ZS: No earnings dates found, symbol may be delisted
2026-05-16 03:25:08,558 [ERROR] yfinance: ZM: No earnings dates found, symbol may be delisted
2026-05-16 03:25:08,683 [ERROR] yfinance: ZBRA: No earnings dates found, symbol may be delisted
2026-05-16 03:25:08,908 [ERROR] yfinance: ZTS: No earnings dates found, symbol may be delisted
2026-05-16 03:25:09,016 [ERROR] yfinance: TXT: No earnings dates found, symbol may be delisted
2026-05-16 03:25:09,016 [INFO] minimal_baseline: Fetching SPY benchmark...
2026-05-16 03:25:09,027 [INFO] minimal_baseline: Fetching ^VIX history for regime gate (skip_bear_and_chop)...
2026-05-16 03:25:13,133 [INFO] minimal_baseline: PIT loader active — 979 tickers indexed from EDGAR.
2026-05-16 03:25:13,133 [INFO] minimal_baseline: Backtest start: 2022-05-13 end: 2024-05-13 walk_forward_folds=5
2026-05-16 03:53:41,182 [INFO] minimal_baseline: Wrote data\baseline\minimal_baseline_2022_2024_skip_chop.json
