2026-05-16 02:46:21,306 [INFO] minimal_baseline: Universe russell_1000: 1002 tickers
2026-05-16 02:46:21,307 [INFO] minimal_baseline: Fetching 1002 ticker price histories (this can take a while)...
2026-05-16 02:46:22,723 [WARNING] src.data.fetch_outcome: yf.history(BFB) failed: YFRateLimitError: Too Many Requests. Rate limited. Try after a while.
2026-05-16 02:46:26,151 [ERROR] yfinance: $HEIA: possibly delisted; no price data found  (period=5y) (Yahoo error = "No data found, symbol may be delisted")
2026-05-16 02:46:26,165 [WARNING] src.data.fetcher: No price data returned for HEIA
2026-05-16 02:46:26,174 [ERROR] yfinance: $BFA: possibly delisted; no price data found  (period=5y) (Yahoo error = "No data found, symbol may be delisted")
2026-05-16 02:46:26,176 [WARNING] src.data.fetcher: No price data returned for BFA
2026-05-16 02:46:27,688 [ERROR] yfinance: $LENB: possibly delisted; no price data found  (period=5y) (Yahoo error = "No data found, symbol may be delisted")
2026-05-16 02:46:27,693 [ERROR] yfinance: $BRKB: possibly delisted; no price data found  (period=5y) (Yahoo error = "No data found, symbol may be delisted")
2026-05-16 02:46:27,694 [WARNING] src.data.fetcher: No price data returned for LENB
2026-05-16 02:46:27,694 [WARNING] src.data.fetcher: No price data returned for BRKB
2026-05-16 02:46:29,399 [ERROR] yfinance: $UHALB: possibly delisted; no price data found  (period=5y) (Yahoo error = "No data found, symbol may be delisted")
2026-05-16 02:46:29,400 [WARNING] src.data.fetcher: No price data returned for UHALB
2026-05-16 02:46:29,405 [INFO] src.data.fetcher: Fetched price data for 996/1002 tickers (workers=10)
2026-05-16 02:46:29,910 [WARNING] src.data.fundamentals: No fundamental data for BRKB
2026-05-16 02:46:29,959 [WARNING] src.data.fundamentals: No fundamental data for BFA
2026-05-16 02:46:30,199 [WARNING] src.data.fundamentals: No fundamental data for BFB
2026-05-16 02:46:30,259 [WARNING] src.data.fundamentals: No fundamental data for HEIA
2026-05-16 02:46:30,629 [ERROR] yfinance: HTTP Error 404: {"quoteSummary":{"result":null,"error":{"code":"Not Found","description":"Quote not found for symbol: LENB"}}}
2026-05-16 02:46:31,160 [WARNING] src.data.fundamentals: No fundamental data for NIQ
2026-05-16 02:46:31,369 [WARNING] src.data.fundamentals: No fundamental data for UHALB
2026-05-16 02:46:31,440 [WARNING] src.data.fundamentals: No fundamental data for LENB
2026-05-16 02:46:31,442 [INFO] src.data.fundamentals: Fetched fundamentals for 995/1002 tickers (workers=10)
2026-05-16 02:46:31,442 [INFO] minimal_baseline: Fetching earnings history...
2026-05-16 02:48:26,190 [WARNING] src.data.fetch_outcome: yf.get_earnings_dates(FLO) failed: KeyError: ['Earnings Date']
2026-05-16 02:48:26,196 [WARNING] src.data.fetch_outcome: yf.get_earnings_dates(FLS) failed: KeyError: ['Earnings Date']
2026-05-16 02:48:27,004 [WARNING] src.data.fetch_outcome: yf.get_earnings_dates(FOX) failed: KeyError: ['Earnings Date']
2026-05-16 02:48:28,679 [WARNING] src.data.fetch_outcome: yf.get_earnings_dates(FIX) failed: KeyError: ['Earnings Date']
2026-05-16 02:48:28,690 [WARNING] src.data.fetch_outcome: yf.get_earnings_dates(FRHC) failed: KeyError: ['Earnings Date']
2026-05-16 02:48:28,694 [WARNING] src.data.fetch_outcome: yf.get_earnings_dates(FOUR) failed: KeyError: ['Earnings Date']
2026-05-16 02:48:28,694 [WARNING] src.data.fetch_outcome: yf.get_earnings_dates(FLUT) failed: KeyError: ['Earnings Date']
2026-05-16 02:48:28,700 [WARNING] src.data.fetch_outcome: yf.get_earnings_dates(FNB) failed: KeyError: ['Earnings Date']
2026-05-16 02:48:28,700 [WARNING] src.data.fetch_outcome: yf.get_earnings_dates(FND) failed: KeyError: ['Earnings Date']
2026-05-16 02:48:28,700 [WARNING] src.data.fetch_outcome: yf.get_earnings_dates(FNF) failed: KeyError: ['Earnings Date']
2026-05-16 02:48:28,710 [WARNING] src.data.fetch_outcome: yf.get_earnings_dates(FRMI) failed: KeyError: ['Earnings Date']
2026-05-16 02:48:31,135 [WARNING] src.data.fetch_outcome: yf.get_earnings_dates(FTI) failed: KeyError: ['Earnings Date']
2026-05-16 02:48:31,155 [WARNING] src.data.fetch_outcome: yf.get_earnings_dates(FRPT) failed: KeyError: ['Earnings Date']
2026-05-16 02:48:31,160 [WARNING] src.data.fetch_outcome: yf.get_earnings_dates(FTAI) failed: KeyError: ['Earnings Date']
2026-05-16 02:48:31,160 [WARNING] src.data.fetch_outcome: yf.get_earnings_dates(FR) failed: KeyError: ['Earnings Date']
2026-05-16 02:48:31,169 [WARNING] src.data.fetch_outcome: yf.get_earnings_dates(FWONA) failed: KeyError: ['Earnings Date']
2026-05-16 02:48:31,169 [WARNING] src.data.fetch_outcome: yf.get_earnings_dates(FRT) failed: KeyError: ['Earnings Date']
2026-05-16 02:48:31,178 [WARNING] src.data.fetch_outcome: yf.get_earnings_dates(FOXA) failed: KeyError: ['Earnings Date']
2026-05-16 02:48:31,178 [WARNING] src.data.fetch_outcome: yf.get_earnings_dates(FTNT) failed: KeyError: ['Earnings Date']
2026-05-16 02:48:33,680 [WARNING] src.data.fetch_outcome: yf.get_earnings_dates(GD) failed: KeyError: ['Earnings Date']
2026-05-16 02:48:33,680 [WARNING] src.data.fetch_outcome: yf.get_earnings_dates(FTV) failed: KeyError: ['Earnings Date']
2026-05-16 02:48:33,692 [WARNING] src.data.fetch_outcome: yf.get_earnings_dates(GE) failed: KeyError: ['Earnings Date']
2026-05-16 02:48:33,692 [WARNING] src.data.fetch_outcome: yf.get_earnings_dates(GAP) failed: KeyError: ['Earnings Date']
2026-05-16 02:48:33,692 [WARNING] src.data.fetch_outcome: yf.get_earnings_dates(FSLR) failed: KeyError: ['Earnings Date']
2026-05-16 02:48:33,692 [WARNING] src.data.fetch_outcome: yf.get_earnings_dates(G) failed: KeyError: ['Earnings Date']
2026-05-16 02:48:33,692 [WARNING] src.data.fetch_outcome: yf.get_earnings_dates(FWONK) failed: KeyError: ['Earnings Date']
2026-05-16 02:48:33,702 [WARNING] src.data.fetch_outcome: yf.get_earnings_dates(GEHC) failed: KeyError: ['Earnings Date']
2026-05-16 02:48:36,092 [WARNING] src.data.fetch_outcome: yf.get_earnings_dates(GGG) failed: KeyError: ['Earnings Date']
2026-05-16 02:48:36,095 [WARNING] src.data.fetch_outcome: yf.get_earnings_dates(GDDY) failed: KeyError: ['Earnings Date']
2026-05-16 02:48:36,106 [WARNING] src.data.fetch_outcome: yf.get_earnings_dates(GILD) failed: KeyError: ['Earnings Date']
2026-05-16 02:48:36,106 [WARNING] src.data.fetch_outcome: yf.get_earnings_dates(GFS) failed: KeyError: ['Earnings Date']
2026-05-16 02:48:36,106 [WARNING] src.data.fetch_outcome: yf.get_earnings_dates(GLIBA) failed: KeyError: ['Earnings Date']
2026-05-16 02:48:36,106 [WARNING] src.data.fetch_outcome: yf.get_earnings_dates(GEV) failed: KeyError: ['Earnings Date']
2026-05-16 02:48:36,115 [WARNING] src.data.fetch_outcome: yf.get_earnings_dates(GEN) failed: KeyError: ['Earnings Date']
2026-05-16 02:48:36,118 [WARNING] src.data.fetch_outcome: yf.get_earnings_dates(GLOB) failed: KeyError: ['Earnings Date']
2026-05-16 02:48:38,648 [WARNING] src.data.fetch_outcome: yf.get_earnings_dates(GIS) failed: KeyError: ['Earnings Date']
2026-05-16 02:48:38,655 [WARNING] src.data.fetch_outcome: yf.get_earnings_dates(GMED) failed: KeyError: ['Earnings Date']
2026-05-16 02:48:38,659 [WARNING] src.data.fetch_outcome: yf.get_earnings_dates(GLW) failed: KeyError: ['Earnings Date']
2026-05-16 02:48:38,663 [WARNING] src.data.fetch_outcome: yf.get_earnings_dates(GME) failed: KeyError: ['Earnings Date']
2026-05-16 02:48:38,664 [WARNING] src.data.fetch_outcome: yf.get_earnings_dates(GLPI) failed: KeyError: ['Earnings Date']
2026-05-16 02:48:38,664 [WARNING] src.data.fetch_outcome: yf.get_earnings_dates(GL) failed: KeyError: ['Earnings Date']
2026-05-16 02:48:38,664 [WARNING] src.data.fetch_outcome: yf.get_earnings_dates(GNRC) failed: KeyError: ['Earnings Date']
2026-05-16 02:48:38,671 [WARNING] src.data.fetch_outcome: yf.get_earnings_dates(GLIBK) failed: KeyError: ['Earnings Date']
2026-05-16 02:48:41,177 [WARNING] src.data.fetch_outcome: yf.get_earnings_dates(GOOG) failed: KeyError: ['Earnings Date']
2026-05-16 02:48:41,178 [WARNING] src.data.fetch_outcome: yf.get_earnings_dates(GPC) failed: KeyError: ['Earnings Date']
2026-05-16 02:48:41,178 [WARNING] src.data.fetch_outcome: yf.get_earnings_dates(GNTX) failed: KeyError: ['Earnings Date']
2026-05-16 02:48:41,178 [WARNING] src.data.fetch_outcome: yf.get_earnings_dates(GOOGL) failed: KeyError: ['Earnings Date']
2026-05-16 02:48:41,190 [WARNING] src.data.fetch_outcome: yf.get_earnings_dates(GM) failed: KeyError: ['Earnings Date']
2026-05-16 02:48:41,190 [WARNING] src.data.fetch_outcome: yf.get_earnings_dates(GS) failed: KeyError: ['Earnings Date']
2026-05-16 02:48:41,197 [WARNING] src.data.fetch_outcome: yf.get_earnings_dates(GPN) failed: KeyError: ['Earnings Date']
2026-05-16 02:48:41,197 [WARNING] src.data.fetch_outcome: yf.get_earnings_dates(GPK) failed: KeyError: ['Earnings Date']
2026-05-16 02:48:43,728 [WARNING] src.data.fetch_outcome: yf.get_earnings_dates(GWRE) failed: KeyError: ['Earnings Date']
2026-05-16 02:48:43,729 [WARNING] src.data.fetch_outcome: yf.get_earnings_dates(GWW) failed: KeyError: ['Earnings Date']
2026-05-16 02:48:43,740 [WARNING] src.data.fetch_outcome: yf.get_earnings_dates(H) failed: KeyError: ['Earnings Date']
2026-05-16 02:48:43,740 [WARNING] src.data.fetch_outcome: yf.get_earnings_dates(GRMN) failed: KeyError: ['Earnings Date']
2026-05-16 02:48:43,749 [WARNING] src.data.fetch_outcome: yf.get_earnings_dates(GTM) failed: KeyError: ['Earnings Date']
2026-05-16 02:48:43,751 [WARNING] src.data.fetch_outcome: yf.get_earnings_dates(GTLB) failed: KeyError: ['Earnings Date']
2026-05-16 02:48:43,751 [WARNING] src.data.fetch_outcome: yf.get_earnings_dates(GXO) failed: KeyError: ['Earnings Date']
2026-05-16 02:48:43,756 [WARNING] src.data.fetch_outcome: yf.get_earnings_dates(GTES) failed: KeyError: ['Earnings Date']
2026-05-16 02:48:46,283 [WARNING] src.data.fetch_outcome: yf.get_earnings_dates(HBAN) failed: KeyError: ['Earnings Date']
2026-05-16 02:48:46,290 [WARNING] src.data.fetch_outcome: yf.get_earnings_dates(HAYW) failed: KeyError: ['Earnings Date']
2026-05-16 02:48:46,294 [WARNING] src.data.fetch_outcome: yf.get_earnings_dates(HAS) failed: KeyError: ['Earnings Date']
2026-05-16 02:48:46,294 [WARNING] src.data.fetch_outcome: yf.get_earnings_dates(HALO) failed: KeyError: ['Earnings Date']
2026-05-16 02:48:46,294 [WARNING] src.data.fetch_outcome: yf.get_earnings_dates(HHH) failed: KeyError: ['Earnings Date']
2026-05-16 02:48:46,304 [WARNING] src.data.fetch_outcome: yf.get_earnings_dates(HCA) failed: KeyError: ['Earnings Date']
2026-05-16 02:48:46,306 [WARNING] src.data.fetch_outcome: yf.get_earnings_dates(HD) failed: KeyError: ['Earnings Date']
2026-05-16 02:48:46,306 [WARNING] src.data.fetch_outcome: yf.get_earnings_dates(HAL) failed: KeyError: ['Earnings Date']
2026-05-16 02:48:48,722 [WARNING] src.data.fetch_outcome: yf.get_earnings_dates(HEI) failed: KeyError: ['Earnings Date']
2026-05-16 02:48:48,732 [WARNING] src.data.fetch_outcome: yf.get_earnings_dates(HIG) failed: KeyError: ['Earnings Date']
2026-05-16 02:48:48,739 [WARNING] src.data.fetch_outcome: yf.get_earnings_dates(HII) failed: KeyError: ['Earnings Date']
2026-05-16 02:48:48,742 [WARNING] src.data.fetch_outcome: yf.get_earnings_dates(HON) failed: KeyError: ['Earnings Date']
2026-05-16 02:48:48,742 [WARNING] src.data.fetch_outcome: yf.get_earnings_dates(HIW) failed: KeyError: ['Earnings Date']
2026-05-16 02:48:48,742 [WARNING] src.data.fetch_outcome: yf.get_earnings_dates(HLNE) failed: KeyError: ['Earnings Date']
2026-05-16 02:48:48,742 [WARNING] src.data.fetch_outcome: yf.get_earnings_dates(HLI) failed: KeyError: ['Earnings Date']
2026-05-16 02:48:48,749 [WARNING] src.data.fetch_outcome: yf.get_earnings_dates(HOG) failed: KeyError: ['Earnings Date']
2026-05-16 02:48:50,836 [WARNING] src.data.fetch_outcome: yf.get_earnings_dates(HRB) failed: KeyError: ['Earnings Date']
2026-05-16 02:48:51,237 [WARNING] src.data.fetch_outcome: yf.get_earnings_dates(HPQ) failed: KeyError: ['Earnings Date']
2026-05-16 02:48:51,242 [WARNING] src.data.fetch_outcome: yf.get_earnings_dates(HLT) failed: KeyError: ['Earnings Date']
2026-05-16 02:48:51,247 [WARNING] src.data.fetch_outcome: yf.get_earnings_dates(HSIC) failed: KeyError: ['Earnings Date']
2026-05-16 02:48:51,247 [WARNING] src.data.fetch_outcome: yf.get_earnings_dates(HPE) failed: KeyError: ['Earnings Date']
2026-05-16 02:48:51,252 [WARNING] src.data.fetch_outcome: yf.get_earnings_dates(HR) failed: KeyError: ['Earnings Date']
2026-05-16 02:48:51,252 [WARNING] src.data.fetch_outcome: yf.get_earnings_dates(HRL) failed: KeyError: ['Earnings Date']
2026-05-16 02:48:51,252 [WARNING] src.data.fetch_outcome: yf.get_earnings_dates(HOOD) failed: KeyError: ['Earnings Date']
2026-05-16 02:48:52,022 [WARNING] src.data.fetch_outcome: yf.get_earnings_dates(HUBB) failed: KeyError: ['Earnings Date']
2026-05-16 02:48:53,859 [WARNING] src.data.fetch_outcome: yf.get_earnings_dates(HUBS) failed: KeyError: ['Earnings Date']
2026-05-16 02:48:53,864 [WARNING] src.data.fetch_outcome: yf.get_earnings_dates(HWM) failed: KeyError: ['Earnings Date']
2026-05-16 02:48:53,868 [WARNING] src.data.fetch_outcome: yf.get_earnings_dates(HUM) failed: KeyError: ['Earnings Date']
2026-05-16 02:48:53,868 [WARNING] src.data.fetch_outcome: yf.get_earnings_dates(HUN) failed: KeyError: ['Earnings Date']
2026-05-16 02:48:53,873 [WARNING] src.data.fetch_outcome: yf.get_earnings_dates(HSY) failed: KeyError: ['Earnings Date']
2026-05-16 02:48:53,876 [WARNING] src.data.fetch_outcome: yf.get_earnings_dates(HST) failed: KeyError: ['Earnings Date']
2026-05-16 02:48:53,876 [WARNING] src.data.fetch_outcome: yf.get_earnings_dates(ICE) failed: KeyError: ['Earnings Date']
2026-05-16 02:48:53,879 [WARNING] src.data.fetch_outcome: yf.get_earnings_dates(HXL) failed: KeyError: ['Earnings Date']
2026-05-16 02:48:56,348 [WARNING] src.data.fetch_outcome: yf.get_earnings_dates(IEX) failed: KeyError: ['Earnings Date']
2026-05-16 02:48:56,359 [WARNING] src.data.fetch_outcome: yf.get_earnings_dates(IBM) failed: KeyError: ['Earnings Date']
2026-05-16 02:48:56,359 [WARNING] src.data.fetch_outcome: yf.get_earnings_dates(IDXX) failed: KeyError: ['Earnings Date']
2026-05-16 02:48:56,359 [WARNING] src.data.fetch_outcome: yf.get_earnings_dates(ELS) failed: KeyError: ['Earnings Date']
2026-05-16 02:48:56,359 [WARNING] src.data.fetch_outcome: yf.get_earnings_dates(IDA) failed: KeyError: ['Earnings Date']
2026-05-16 02:48:56,373 [WARNING] src.data.fetch_outcome: yf.get_earnings_dates(IAC) failed: KeyError: ['Earnings Date']
2026-05-16 02:48:56,373 [WARNING] src.data.fetch_outcome: yf.get_earnings_dates(IBKR) failed: KeyError: ['Earnings Date']
2026-05-16 02:48:56,380 [WARNING] src.data.fetch_outcome: yf.get_earnings_dates(IFF) failed: KeyError: ['Earnings Date']
2026-05-16 02:48:58,829 [WARNING] src.data.fetch_outcome: yf.get_earnings_dates(INGM) failed: KeyError: ['Earnings Date']
2026-05-16 02:48:58,844 [WARNING] src.data.fetch_outcome: yf.get_earnings_dates(INGR) failed: KeyError: ['Earnings Date']
2026-05-16 02:48:58,852 [WARNING] src.data.fetch_outcome: yf.get_earnings_dates(IOT) failed: KeyError: ['Earnings Date']
2026-05-16 02:48:58,852 [WARNING] src.data.fetch_outcome: yf.get_earnings_dates(INCY) failed: KeyError: ['Earnings Date']
2026-05-16 02:48:58,852 [WARNING] src.data.fetch_outcome: yf.get_earnings_dates(INSP) failed: KeyError: ['Earnings Date']
2026-05-16 02:48:58,852 [WARNING] src.data.fetch_outcome: yf.get_earnings_dates(ILMN) failed: KeyError: ['Earnings Date']
2026-05-16 02:48:58,859 [WARNING] src.data.fetch_outcome: yf.get_earnings_dates(INTC) failed: KeyError: ['Earnings Date']
2026-05-16 02:48:58,859 [WARNING] src.data.fetch_outcome: yf.get_earnings_dates(IONS) failed: KeyError: ['Earnings Date']
2026-05-16 02:49:01,550 [WARNING] src.data.fetch_outcome: yf.get_earnings_dates(IP) failed: KeyError: ['Earnings Date']
2026-05-16 02:49:01,551 [WARNING] src.data.fetch_outcome: yf.get_earnings_dates(IQV) failed: KeyError: ['Earnings Date']
2026-05-16 02:49:01,551 [WARNING] src.data.fetch_outcome: yf.get_earnings_dates(INVH) failed: KeyError: ['Earnings Date']
2026-05-16 02:49:01,551 [WARNING] src.data.fetch_outcome: yf.get_earnings_dates(INSM) failed: KeyError: ['Earnings Date']
2026-05-16 02:49:01,562 [WARNING] src.data.fetch_outcome: yf.get_earnings_dates(IPGP) failed: KeyError: ['Earnings Date']
2026-05-16 02:49:01,562 [WARNING] src.data.fetch_outcome: yf.get_earnings_dates(INTU) failed: KeyError: ['Earnings Date']
2026-05-16 02:49:01,566 [WARNING] src.data.fetch_outcome: yf.get_earnings_dates(ISRG) failed: KeyError: ['Earnings Date']
2026-05-16 02:49:01,568 [WARNING] src.data.fetch_outcome: yf.get_earnings_dates(IR) failed: KeyError: ['Earnings Date']
2026-05-16 02:49:04,223 [WARNING] src.data.fetch_outcome: yf.get_earnings_dates(IVZ) failed: KeyError: ['Earnings Date']
2026-05-16 02:49:04,223 [WARNING] src.data.fetch_outcome: yf.get_earnings_dates(IT) failed: KeyError: ['Earnings Date']
2026-05-16 02:49:04,232 [WARNING] src.data.fetch_outcome: yf.get_earnings_dates(IRM) failed: KeyError: ['Earnings Date']
2026-05-16 02:49:04,235 [WARNING] src.data.fetch_outcome: yf.get_earnings_dates(ITW) failed: KeyError: ['Earnings Date']
2026-05-16 02:49:04,235 [WARNING] src.data.fetch_outcome: yf.get_earnings_dates(ITT) failed: KeyError: ['Earnings Date']
2026-05-16 02:49:04,241 [WARNING] src.data.fetch_outcome: yf.get_earnings_dates(J) failed: KeyError: ['Earnings Date']
2026-05-16 02:49:04,244 [WARNING] src.data.fetch_outcome: yf.get_earnings_dates(JAZZ) failed: KeyError: ['Earnings Date']
2026-05-16 02:49:04,244 [WARNING] src.data.fetch_outcome: yf.get_earnings_dates(IRDM) failed: KeyError: ['Earnings Date']
2026-05-16 02:49:06,851 [WARNING] src.data.fetch_outcome: yf.get_earnings_dates(JBL) failed: KeyError: ['Earnings Date']
2026-05-16 02:49:06,864 [WARNING] src.data.fetch_outcome: yf.get_earnings_dates(JHX) failed: KeyError: ['Earnings Date']
2026-05-16 02:49:06,864 [WARNING] src.data.fetch_outcome: yf.get_earnings_dates(JCI) failed: KeyError: ['Earnings Date']
2026-05-16 02:49:06,864 [WARNING] src.data.fetch_outcome: yf.get_earnings_dates(JLL) failed: KeyError: ['Earnings Date']
2026-05-16 02:49:06,869 [WARNING] src.data.fetch_outcome: yf.get_earnings_dates(JHG) failed: KeyError: ['Earnings Date']
2026-05-16 02:49:06,869 [WARNING] src.data.fetch_outcome: yf.get_earnings_dates(JBHT) failed: KeyError: ['Earnings Date']
2026-05-16 02:49:06,876 [WARNING] src.data.fetch_outcome: yf.get_earnings_dates(JEF) failed: KeyError: ['Earnings Date']
2026-05-16 02:49:06,876 [WARNING] src.data.fetch_outcome: yf.get_earnings_dates(JKHY) failed: KeyError: ['Earnings Date']
2026-05-16 02:49:09,316 [WARNING] src.data.fetch_outcome: yf.get_earnings_dates(KEYS) failed: KeyError: ['Earnings Date']
2026-05-16 02:49:09,330 [WARNING] src.data.fetch_outcome: yf.get_earnings_dates(KEX) failed: KeyError: ['Earnings Date']
2026-05-16 02:49:09,330 [WARNING] src.data.fetch_outcome: yf.get_earnings_dates(KDP) failed: KeyError: ['Earnings Date']
2026-05-16 02:49:09,341 [WARNING] src.data.fetch_outcome: yf.get_earnings_dates(KBR) failed: KeyError: ['Earnings Date']
2026-05-16 02:49:09,341 [WARNING] src.data.fetch_outcome: yf.get_earnings_dates(JNJ) failed: KeyError: ['Earnings Date']
2026-05-16 02:49:09,341 [WARNING] src.data.fetch_outcome: yf.get_earnings_dates(JPM) failed: KeyError: ['Earnings Date']
2026-05-16 02:49:09,341 [WARNING] src.data.fetch_outcome: yf.get_earnings_dates(KHC) failed: KeyError: ['Earnings Date']
2026-05-16 02:49:09,341 [WARNING] src.data.fetch_outcome: yf.get_earnings_dates(KD) failed: KeyError: ['Earnings Date']
2026-05-16 02:49:11,721 [WARNING] src.data.fetch_outcome: yf.get_earnings_dates(KLAC) failed: KeyError: ['Earnings Date']
2026-05-16 02:49:11,880 [WARNING] src.data.fetch_outcome: yf.get_earnings_dates(KMB) failed: KeyError: ['Earnings Date']
2026-05-16 02:49:11,885 [WARNING] src.data.fetch_outcome: yf.get_earnings_dates(KEY) failed: KeyError: ['Earnings Date']
2026-05-16 02:49:11,885 [WARNING] src.data.fetch_outcome: yf.get_earnings_dates(KNX) failed: KeyError: ['Earnings Date']
2026-05-16 02:49:11,885 [WARNING] src.data.fetch_outcome: yf.get_earnings_dates(KMI) failed: KeyError: ['Earnings Date']
2026-05-16 02:49:11,885 [WARNING] src.data.fetch_outcome: yf.get_earnings_dates(KIM) failed: KeyError: ['Earnings Date']
2026-05-16 02:49:11,885 [WARNING] src.data.fetch_outcome: yf.get_earnings_dates(KKR) failed: KeyError: ['Earnings Date']
2026-05-16 02:49:11,896 [WARNING] src.data.fetch_outcome: yf.get_earnings_dates(KMX) failed: KeyError: ['Earnings Date']
2026-05-16 02:49:14,444 [WARNING] src.data.fetch_outcome: yf.get_earnings_dates(KO) failed: KeyError: ['Earnings Date']
2026-05-16 02:49:14,453 [WARNING] src.data.fetch_outcome: yf.get_earnings_dates(KRMN) failed: KeyError: ['Earnings Date']
2026-05-16 02:49:14,464 [WARNING] src.data.fetch_outcome: yf.get_earnings_dates(KR) failed: KeyError: ['Earnings Date']
2026-05-16 02:49:14,464 [WARNING] src.data.fetch_outcome: yf.get_earnings_dates(KMPR) failed: KeyError: ['Earnings Date']
2026-05-16 02:49:14,464 [WARNING] src.data.fetch_outcome: yf.get_earnings_dates(KRC) failed: KeyError: ['Earnings Date']
2026-05-16 02:49:14,472 [WARNING] src.data.fetch_outcome: yf.get_earnings_dates(KVUE) failed: KeyError: ['Earnings Date']
2026-05-16 02:49:14,472 [WARNING] src.data.fetch_outcome: yf.get_earnings_dates(KNSL) failed: KeyError: ['Earnings Date']
2026-05-16 02:49:14,475 [WARNING] src.data.fetch_outcome: yf.get_earnings_dates(LAD) failed: KeyError: ['Earnings Date']
2026-05-16 02:49:17,088 [WARNING] src.data.fetch_outcome: yf.get_earnings_dates(LBRDK) failed: KeyError: ['Earnings Date']
2026-05-16 02:49:17,096 [WARNING] src.data.fetch_outcome: yf.get_earnings_dates(LAZ) failed: KeyError: ['Earnings Date']
2026-05-16 02:49:17,096 [WARNING] src.data.fetch_outcome: yf.get_earnings_dates(LAMR) failed: KeyError: ['Earnings Date']
2026-05-16 02:49:17,108 [WARNING] src.data.fetch_outcome: yf.get_earnings_dates(LBTYA) failed: KeyError: ['Earnings Date']
2026-05-16 02:49:17,108 [WARNING] src.data.fetch_outcome: yf.get_earnings_dates(LBTYK) failed: KeyError: ['Earnings Date']
2026-05-16 02:49:17,111 [WARNING] src.data.fetch_outcome: yf.get_earnings_dates(L) failed: KeyError: ['Earnings Date']
2026-05-16 02:49:17,111 [WARNING] src.data.fetch_outcome: yf.get_earnings_dates(LBRDA) failed: KeyError: ['Earnings Date']
2026-05-16 02:49:17,118 [WARNING] src.data.fetch_outcome: yf.get_earnings_dates(LCID) failed: KeyError: ['Earnings Date']
2026-05-16 02:49:19,772 [WARNING] src.data.fetch_outcome: yf.get_earnings_dates(LDOS) failed: KeyError: ['Earnings Date']
2026-05-16 02:49:19,785 [WARNING] src.data.fetch_outcome: yf.get_earnings_dates(LH) failed: KeyError: ['Earnings Date']
2026-05-16 02:49:19,790 [WARNING] src.data.fetch_outcome: yf.get_earnings_dates(LEA) failed: KeyError: ['Earnings Date']
2026-05-16 02:49:19,793 [WARNING] src.data.fetch_outcome: yf.get_earnings_dates(LIN) failed: KeyError: ['Earnings Date']
2026-05-16 02:49:19,796 [WARNING] src.data.fetch_outcome: yf.get_earnings_dates(LECO) failed: KeyError: ['Earnings Date']
2026-05-16 02:49:19,799 [WARNING] src.data.fetch_outcome: yf.get_earnings_dates(LINE) failed: KeyError: ['Earnings Date']
2026-05-16 02:49:19,804 [WARNING] src.data.fetch_outcome: yf.get_earnings_dates(LII) failed: KeyError: ['Earnings Date']
2026-05-16 02:49:19,805 [WARNING] src.data.fetch_outcome: yf.get_earnings_dates(LEN) failed: KeyError: ['Earnings Date']
2026-05-16 02:49:22,170 [WARNING] src.data.fetch_outcome: yf.get_earnings_dates(LITE) failed: KeyError: ['Earnings Date']
2026-05-16 02:49:22,183 [WARNING] src.data.fetch_outcome: yf.get_earnings_dates(LMT) failed: KeyError: ['Earnings Date']
2026-05-16 02:49:22,185 [WARNING] src.data.fetch_outcome: yf.get_earnings_dates(LHX) failed: KeyError: ['Earnings Date']
2026-05-16 02:49:22,188 [WARNING] src.data.fetch_outcome: yf.get_earnings_dates(LLY) failed: KeyError: ['Earnings Date']
2026-05-16 02:49:22,190 [WARNING] src.data.fetch_outcome: yf.get_earnings_dates(LKQ) failed: KeyError: ['Earnings Date']
2026-05-16 02:49:22,194 [WARNING] src.data.fetch_outcome: yf.get_earnings_dates(LLYVK) failed: KeyError: ['Earnings Date']
2026-05-16 02:49:22,196 [WARNING] src.data.fetch_outcome: yf.get_earnings_dates(LLYVA) failed: KeyError: ['Earnings Date']
2026-05-16 02:49:22,198 [WARNING] src.data.fetch_outcome: yf.get_earnings_dates(LNC) failed: KeyError: ['Earnings Date']
2026-05-16 02:49:24,588 [WARNING] src.data.fetch_outcome: yf.get_earnings_dates(LOW) failed: KeyError: ['Earnings Date']
2026-05-16 02:49:24,592 [WARNING] src.data.fetch_outcome: yf.get_earnings_dates(LRCX) failed: KeyError: ['Earnings Date']
2026-05-16 02:49:24,595 [WARNING] src.data.fetch_outcome: yf.get_earnings_dates(LNT) failed: KeyError: ['Earnings Date']
2026-05-16 02:49:24,598 [WARNING] src.data.fetch_outcome: yf.get_earnings_dates(LOPE) failed: KeyError: ['Earnings Date']
2026-05-16 02:49:24,600 [WARNING] src.data.fetch_outcome: yf.get_earnings_dates(LOAR) failed: KeyError: ['Earnings Date']
2026-05-16 02:49:24,602 [WARNING] src.data.fetch_outcome: yf.get_earnings_dates(LPX) failed: KeyError: ['Earnings Date']
2026-05-16 02:49:24,604 [WARNING] src.data.fetch_outcome: yf.get_earnings_dates(LNG) failed: KeyError: ['Earnings Date']
2026-05-16 02:49:24,606 [WARNING] src.data.fetch_outcome: yf.get_earnings_dates(LPLA) failed: KeyError: ['Earnings Date']
2026-05-16 02:49:27,272 [WARNING] src.data.fetch_outcome: yf.get_earnings_dates(LSTR) failed: KeyError: ['Earnings Date']
2026-05-16 02:49:27,278 [WARNING] src.data.fetch_outcome: yf.get_earnings_dates(LVS) failed: KeyError: ['Earnings Date']
2026-05-16 02:49:27,283 [WARNING] src.data.fetch_outcome: yf.get_earnings_dates(LW) failed: KeyError: ['Earnings Date']
2026-05-16 02:49:27,286 [WARNING] src.data.fetch_outcome: yf.get_earnings_dates(LULU) failed: KeyError: ['Earnings Date']
2026-05-16 02:49:27,289 [WARNING] src.data.fetch_outcome: yf.get_earnings_dates(LYB) failed: KeyError: ['Earnings Date']
2026-05-16 02:49:27,293 [WARNING] src.data.fetch_outcome: yf.get_earnings_dates(LYFT) failed: KeyError: ['Earnings Date']
2026-05-16 02:49:27,295 [WARNING] src.data.fetch_outcome: yf.get_earnings_dates(LUV) failed: KeyError: ['Earnings Date']
2026-05-16 02:49:27,297 [WARNING] src.data.fetch_outcome: yf.get_earnings_dates(LSCC) failed: KeyError: ['Earnings Date']
2026-05-16 02:49:29,697 [WARNING] src.data.fetch_outcome: yf.get_earnings_dates(MAS) failed: KeyError: ['Earnings Date']
2026-05-16 02:49:29,710 [WARNING] src.data.fetch_outcome: yf.get_earnings_dates(MANH) failed: KeyError: ['Earnings Date']
2026-05-16 02:49:29,714 [WARNING] src.data.fetch_outcome: yf.get_earnings_dates(MAR) failed: KeyError: ['Earnings Date']
2026-05-16 02:49:29,719 [WARNING] src.data.fetch_outcome: yf.get_earnings_dates(MAA) failed: KeyError: ['Earnings Date']
2026-05-16 02:49:29,722 [WARNING] src.data.fetch_outcome: yf.get_earnings_dates(MAN) failed: KeyError: ['Earnings Date']
2026-05-16 02:49:29,727 [WARNING] src.data.fetch_outcome: yf.get_earnings_dates(MA) failed: KeyError: ['Earnings Date']
2026-05-16 02:49:29,730 [WARNING] src.data.fetch_outcome: yf.get_earnings_dates(M) failed: KeyError: ['Earnings Date']
2026-05-16 02:49:29,732 [WARNING] src.data.fetch_outcome: yf.get_earnings_dates(LYV) failed: KeyError: ['Earnings Date']
2026-05-16 02:49:32,252 [WARNING] src.data.fetch_outcome: yf.get_earnings_dates(MCO) failed: KeyError: ['Earnings Date']
2026-05-16 02:49:32,256 [WARNING] src.data.fetch_outcome: yf.get_earnings_dates(MDLN) failed: KeyError: ['Earnings Date']
2026-05-16 02:49:32,260 [WARNING] src.data.fetch_outcome: yf.get_earnings_dates(MASI) failed: KeyError: ['Earnings Date']
2026-05-16 02:49:32,262 [WARNING] src.data.fetch_outcome: yf.get_earnings_dates(MCD) failed: KeyError: ['Earnings Date']
2026-05-16 02:49:32,266 [WARNING] src.data.fetch_outcome: yf.get_earnings_dates(MDB) failed: KeyError: ['Earnings Date']
2026-05-16 02:49:32,268 [WARNING] src.data.fetch_outcome: yf.get_earnings_dates(MAT) failed: KeyError: ['Earnings Date']
2026-05-16 02:49:32,273 [WARNING] src.data.fetch_outcome: yf.get_earnings_dates(MCHP) failed: KeyError: ['Earnings Date']
2026-05-16 02:49:32,276 [WARNING] src.data.fetch_outcome: yf.get_earnings_dates(MCK) failed: KeyError: ['Earnings Date']
2026-05-16 02:49:34,781 [WARNING] src.data.fetch_outcome: yf.get_earnings_dates(MHK) failed: KeyError: ['Earnings Date']
2026-05-16 02:49:34,785 [WARNING] src.data.fetch_outcome: yf.get_earnings_dates(MDT) failed: KeyError: ['Earnings Date']
2026-05-16 02:49:34,788 [WARNING] src.data.fetch_outcome: yf.get_earnings_dates(MDU) failed: KeyError: ['Earnings Date']
2026-05-16 02:49:34,791 [WARNING] src.data.fetch_outcome: yf.get_earnings_dates(MDLZ) failed: KeyError: ['Earnings Date']
2026-05-16 02:49:34,794 [WARNING] src.data.fetch_outcome: yf.get_earnings_dates(MEDP) failed: KeyError: ['Earnings Date']
2026-05-16 02:49:34,796 [WARNING] src.data.fetch_outcome: yf.get_earnings_dates(MGM) failed: KeyError: ['Earnings Date']
2026-05-16 02:49:34,798 [WARNING] src.data.fetch_outcome: yf.get_earnings_dates(MET) failed: KeyError: ['Earnings Date']
2026-05-16 02:49:34,800 [WARNING] src.data.fetch_outcome: yf.get_earnings_dates(META) failed: KeyError: ['Earnings Date']
2026-05-16 02:49:37,300 [WARNING] src.data.fetch_outcome: yf.get_earnings_dates(MLI) failed: KeyError: ['Earnings Date']
2026-05-16 02:49:37,303 [WARNING] src.data.fetch_outcome: yf.get_earnings_dates(MLM) failed: KeyError: ['Earnings Date']
2026-05-16 02:49:37,305 [WARNING] src.data.fetch_outcome: yf.get_earnings_dates(MKSI) failed: KeyError: ['Earnings Date']
2026-05-16 02:49:37,309 [WARNING] src.data.fetch_outcome: yf.get_earnings_dates(MKL) failed: KeyError: ['Earnings Date']
2026-05-16 02:49:37,311 [WARNING] src.data.fetch_outcome: yf.get_earnings_dates(MIDD) failed: KeyError: ['Earnings Date']
2026-05-16 02:49:37,313 [WARNING] src.data.fetch_outcome: yf.get_earnings_dates(MNST) failed: KeyError: ['Earnings Date']
2026-05-16 02:49:37,314 [WARNING] src.data.fetch_outcome: yf.get_earnings_dates(MKTX) failed: KeyError: ['Earnings Date']
2026-05-16 02:49:37,316 [WARNING] src.data.fetch_outcome: yf.get_earnings_dates(MKC) failed: KeyError: ['Earnings Date']
2026-05-16 02:49:39,789 [WARNING] src.data.fetch_outcome: yf.get_earnings_dates(MO) failed: KeyError: ['Earnings Date']
2026-05-16 02:49:39,791 [WARNING] src.data.fetch_outcome: yf.get_earnings_dates(MOS) failed: KeyError: ['Earnings Date']
2026-05-16 02:49:39,795 [WARNING] src.data.fetch_outcome: yf.get_earnings_dates(MP) failed: KeyError: ['Earnings Date']
2026-05-16 02:49:39,799 [WARNING] src.data.fetch_outcome: yf.get_earnings_dates(MRK) failed: KeyError: ['Earnings Date']
2026-05-16 02:49:39,802 [WARNING] src.data.fetch_outcome: yf.get_earnings_dates(MOH) failed: KeyError: ['Earnings Date']
2026-05-16 02:49:39,804 [WARNING] src.data.fetch_outcome: yf.get_earnings_dates(MMM) failed: KeyError: ['Earnings Date']
2026-05-16 02:49:39,806 [WARNING] src.data.fetch_outcome: yf.get_earnings_dates(MORN) failed: KeyError: ['Earnings Date']
2026-05-16 02:49:39,813 [WARNING] src.data.fetch_outcome: yf.get_earnings_dates(LFUS) failed: KeyError: ['Earnings Date']
2026-05-16 02:49:42,000 [WARNING] src.data.fetch_outcome: yf.get_earnings_dates(MRP) failed: KeyError: ['Earnings Date']
2026-05-16 02:49:42,102 [WARNING] src.data.fetch_outcome: yf.get_earnings_dates(MRNA) failed: KeyError: ['Earnings Date']
2026-05-16 02:49:42,106 [WARNING] src.data.fetch_outcome: yf.get_earnings_dates(MS) failed: KeyError: ['Earnings Date']
2026-05-16 02:49:42,109 [WARNING] src.data.fetch_outcome: yf.get_earnings_dates(MRVL) failed: KeyError: ['Earnings Date']
2026-05-16 02:49:42,113 [WARNING] src.data.fetch_outcome: yf.get_earnings_dates(MPC) failed: KeyError: ['Earnings Date']
2026-05-16 02:49:42,115 [WARNING] src.data.fetch_outcome: yf.get_earnings_dates(MPT) failed: KeyError: ['Earnings Date']
2026-05-16 02:49:42,117 [WARNING] src.data.fetch_outcome: yf.get_earnings_dates(MRSH) failed: KeyError: ['Earnings Date']
2026-05-16 02:49:42,119 [WARNING] src.data.fetch_outcome: yf.get_earnings_dates(MPWR) failed: KeyError: ['Earnings Date']
2026-05-16 02:49:44,602 [WARNING] src.data.fetch_outcome: yf.get_earnings_dates(MSFT) failed: KeyError: ['Earnings Date']
2026-05-16 02:49:44,606 [WARNING] src.data.fetch_outcome: yf.get_earnings_dates(MTCH) failed: KeyError: ['Earnings Date']
2026-05-16 02:49:44,608 [WARNING] src.data.fetch_outcome: yf.get_earnings_dates(MSI) failed: KeyError: ['Earnings Date']
2026-05-16 02:49:44,612 [WARNING] src.data.fetch_outcome: yf.get_earnings_dates(MSM) failed: KeyError: ['Earnings Date']
2026-05-16 02:49:44,615 [WARNING] src.data.fetch_outcome: yf.get_earnings_dates(MSTR) failed: KeyError: ['Earnings Date']
2026-05-16 02:49:44,617 [WARNING] src.data.fetch_outcome: yf.get_earnings_dates(MSGS) failed: KeyError: ['Earnings Date']
2026-05-16 02:49:44,619 [WARNING] src.data.fetch_outcome: yf.get_earnings_dates(MSCI) failed: KeyError: ['Earnings Date']
2026-05-16 02:49:44,621 [WARNING] src.data.fetch_outcome: yf.get_earnings_dates(MTB) failed: KeyError: ['Earnings Date']
2026-05-16 02:49:47,115 [WARNING] src.data.fetch_outcome: yf.get_earnings_dates(MSA) failed: KeyError: ['Earnings Date']
2026-05-16 02:49:47,126 [WARNING] src.data.fetch_outcome: yf.get_earnings_dates(MTN) failed: KeyError: ['Earnings Date']
2026-05-16 02:49:47,131 [WARNING] src.data.fetch_outcome: yf.get_earnings_dates(MU) failed: KeyError: ['Earnings Date']
2026-05-16 02:49:47,133 [WARNING] src.data.fetch_outcome: yf.get_earnings_dates(MTG) failed: KeyError: ['Earnings Date']
2026-05-16 02:49:47,135 [WARNING] src.data.fetch_outcome: yf.get_earnings_dates(MTZ) failed: KeyError: ['Earnings Date']
2026-05-16 02:49:47,139 [WARNING] src.data.fetch_outcome: yf.get_earnings_dates(MTSI) failed: KeyError: ['Earnings Date']
2026-05-16 02:49:47,141 [WARNING] src.data.fetch_outcome: yf.get_earnings_dates(MTDR) failed: KeyError: ['Earnings Date']
2026-05-16 02:49:47,143 [WARNING] src.data.fetch_outcome: yf.get_earnings_dates(MTD) failed: KeyError: ['Earnings Date']
2026-05-16 02:49:49,728 [WARNING] src.data.fetch_outcome: yf.get_earnings_dates(NCLH) failed: KeyError: ['Earnings Date']
2026-05-16 02:49:49,730 [WARNING] src.data.fetch_outcome: yf.get_earnings_dates(MUSA) failed: KeyError: ['Earnings Date']
2026-05-16 02:49:49,737 [WARNING] src.data.fetch_outcome: yf.get_earnings_dates(NDSN) failed: KeyError: ['Earnings Date']
2026-05-16 02:49:49,739 [WARNING] src.data.fetch_outcome: yf.get_earnings_dates(NBIX) failed: KeyError: ['Earnings Date']
2026-05-16 02:49:49,741 [WARNING] src.data.fetch_outcome: yf.get_earnings_dates(NEE) failed: KeyError: ['Earnings Date']
2026-05-16 02:49:49,744 [WARNING] src.data.fetch_outcome: yf.get_earnings_dates(NDAQ) failed: KeyError: ['Earnings Date']
2026-05-16 02:49:49,744 [WARNING] src.data.fetch_outcome: yf.get_earnings_dates(NEM) failed: KeyError: ['Earnings Date']
2026-05-16 02:49:49,745 [WARNING] src.data.fetch_outcome: yf.get_earnings_dates(NCNO) failed: KeyError: ['Earnings Date']
2026-05-16 02:49:51,990 [WARNING] src.data.fetch_outcome: yf.get_earnings_dates(NIQ) failed: KeyError: ['Earnings Date']
2026-05-16 02:49:52,116 [WARNING] src.data.fetch_outcome: yf.get_earnings_dates(NEU) failed: KeyError: ['Earnings Date']
2026-05-16 02:49:52,119 [WARNING] src.data.fetch_outcome: yf.get_earnings_dates(NFLX) failed: KeyError: ['Earnings Date']
2026-05-16 02:49:52,121 [WARNING] src.data.fetch_outcome: yf.get_earnings_dates(NET) failed: KeyError: ['Earnings Date']
2026-05-16 02:49:52,124 [WARNING] src.data.fetch_outcome: yf.get_earnings_dates(NLY) failed: KeyError: ['Earnings Date']
2026-05-16 02:49:52,128 [WARNING] src.data.fetch_outcome: yf.get_earnings_dates(NI) failed: KeyError: ['Earnings Date']
2026-05-16 02:49:52,130 [WARNING] src.data.fetch_outcome: yf.get_earnings_dates(NKE) failed: KeyError: ['Earnings Date']
2026-05-16 02:49:52,132 [WARNING] src.data.fetch_outcome: yf.get_earnings_dates(NOW) failed: KeyError: ['Earnings Date']
2026-05-16 02:49:53,145 [WARNING] src.data.fetch_outcome: yf.get_earnings_dates(NOC) failed: KeyError: ['Earnings Date']
2026-05-16 02:49:54,776 [WARNING] src.data.fetch_outcome: yf.get_earnings_dates(NOV) failed: KeyError: ['Earnings Date']
2026-05-16 02:49:54,895 [WARNING] src.data.fetch_outcome: yf.get_earnings_dates(NNN) failed: KeyError: ['Earnings Date']
2026-05-16 02:49:54,898 [WARNING] src.data.fetch_outcome: yf.get_earnings_dates(NRG) failed: KeyError: ['Earnings Date']
2026-05-16 02:49:54,902 [WARNING] src.data.fetch_outcome: yf.get_earnings_dates(NSA) failed: KeyError: ['Earnings Date']
2026-05-16 02:49:54,904 [WARNING] src.data.fetch_outcome: yf.get_earnings_dates(NTNX) failed: KeyError: ['Earnings Date']
2026-05-16 02:49:54,907 [WARNING] src.data.fetch_outcome: yf.get_earnings_dates(NFG) failed: KeyError: ['Earnings Date']
2026-05-16 02:49:54,908 [WARNING] src.data.fetch_outcome: yf.get_earnings_dates(NTRS) failed: KeyError: ['Earnings Date']
2026-05-16 02:49:54,910 [WARNING] src.data.fetch_outcome: yf.get_earnings_dates(NU) failed: KeyError: ['Earnings Date']
2026-05-16 02:49:57,314 [WARNING] src.data.fetch_outcome: yf.get_earnings_dates(NTAP) failed: KeyError: ['Earnings Date']
2026-05-16 02:49:57,326 [WARNING] src.data.fetch_outcome: yf.get_earnings_dates(NVR) failed: KeyError: ['Earnings Date']
2026-05-16 02:49:57,329 [WARNING] src.data.fetch_outcome: yf.get_earnings_dates(NSC) failed: KeyError: ['Earnings Date']
2026-05-16 02:49:57,332 [WARNING] src.data.fetch_outcome: yf.get_earnings_dates(NWL) failed: KeyError: ['Earnings Date']
2026-05-16 02:49:57,334 [WARNING] src.data.fetch_outcome: yf.get_earnings_dates(NVT) failed: KeyError: ['Earnings Date']
2026-05-16 02:49:57,336 [WARNING] src.data.fetch_outcome: yf.get_earnings_dates(NUE) failed: KeyError: ['Earnings Date']
2026-05-16 02:49:57,338 [WARNING] src.data.fetch_outcome: yf.get_earnings_dates(NVDA) failed: KeyError: ['Earnings Date']
2026-05-16 02:49:57,340 [WARNING] src.data.fetch_outcome: yf.get_earnings_dates(NTRA) failed: KeyError: ['Earnings Date']
2026-05-16 02:49:59,894 [WARNING] src.data.fetch_outcome: yf.get_earnings_dates(NXST) failed: KeyError: ['Earnings Date']
2026-05-16 02:49:59,908 [WARNING] src.data.fetch_outcome: yf.get_earnings_dates(NWS) failed: KeyError: ['Earnings Date']
2026-05-16 02:49:59,911 [WARNING] src.data.fetch_outcome: yf.get_earnings_dates(NVST) failed: KeyError: ['Earnings Date']
2026-05-16 02:49:59,913 [WARNING] src.data.fetch_outcome: yf.get_earnings_dates(OC) failed: KeyError: ['Earnings Date']
2026-05-16 02:49:59,915 [WARNING] src.data.fetch_outcome: yf.get_earnings_dates(O) failed: KeyError: ['Earnings Date']
2026-05-16 02:49:59,917 [WARNING] src.data.fetch_outcome: yf.get_earnings_dates(NYT) failed: KeyError: ['Earnings Date']
2026-05-16 02:49:59,919 [WARNING] src.data.fetch_outcome: yf.get_earnings_dates(ODFL) failed: KeyError: ['Earnings Date']
2026-05-16 02:49:59,921 [WARNING] src.data.fetch_outcome: yf.get_earnings_dates(NWSA) failed: KeyError: ['Earnings Date']
2026-05-16 02:50:02,222 [WARNING] src.data.fetch_outcome: yf.get_earnings_dates(OGE) failed: KeyError: ['Earnings Date']
2026-05-16 02:50:02,234 [WARNING] src.data.fetch_outcome: yf.get_earnings_dates(OKE) failed: KeyError: ['Earnings Date']
2026-05-16 02:50:02,238 [WARNING] src.data.fetch_outcome: yf.get_earnings_dates(OGN) failed: KeyError: ['Earnings Date']
2026-05-16 02:50:02,240 [WARNING] src.data.fetch_outcome: yf.get_earnings_dates(OLED) failed: KeyError: ['Earnings Date']
2026-05-16 02:50:02,242 [WARNING] src.data.fetch_outcome: yf.get_earnings_dates(OMF) failed: KeyError: ['Earnings Date']
2026-05-16 02:50:02,245 [WARNING] src.data.fetch_outcome: yf.get_earnings_dates(OKTA) failed: KeyError: ['Earnings Date']
2026-05-16 02:50:02,248 [WARNING] src.data.fetch_outcome: yf.get_earnings_dates(OLN) failed: KeyError: ['Earnings Date']
2026-05-16 02:50:02,248 [WARNING] src.data.fetch_outcome: yf.get_earnings_dates(OMC) failed: KeyError: ['Earnings Date']
2026-05-16 02:50:04,724 [WARNING] src.data.fetch_outcome: yf.get_earnings_dates(OHI) failed: KeyError: ['Earnings Date']
2026-05-16 02:50:04,726 [WARNING] src.data.fetch_outcome: yf.get_earnings_dates(ORCL) failed: KeyError: ['Earnings Date']
2026-05-16 02:50:04,729 [WARNING] src.data.fetch_outcome: yf.get_earnings_dates(ONON) failed: KeyError: ['Earnings Date']
2026-05-16 02:50:04,731 [WARNING] src.data.fetch_outcome: yf.get_earnings_dates(ON) failed: KeyError: ['Earnings Date']
2026-05-16 02:50:04,733 [WARNING] src.data.fetch_outcome: yf.get_earnings_dates(ORI) failed: KeyError: ['Earnings Date']
2026-05-16 02:50:04,735 [WARNING] src.data.fetch_outcome: yf.get_earnings_dates(ONTO) failed: KeyError: ['Earnings Date']
2026-05-16 02:50:04,737 [WARNING] src.data.fetch_outcome: yf.get_earnings_dates(OLLI) failed: KeyError: ['Earnings Date']
2026-05-16 02:50:04,739 [WARNING] src.data.fetch_outcome: yf.get_earnings_dates(ORLY) failed: KeyError: ['Earnings Date']
2026-05-16 02:50:07,252 [WARNING] src.data.fetch_outcome: yf.get_earnings_dates(OXY) failed: KeyError: ['Earnings Date']
2026-05-16 02:50:07,267 [WARNING] src.data.fetch_outcome: yf.get_earnings_dates(OVV) failed: KeyError: ['Earnings Date']
2026-05-16 02:50:07,270 [WARNING] src.data.fetch_outcome: yf.get_earnings_dates(OZK) failed: KeyError: ['Earnings Date']
2026-05-16 02:50:07,273 [WARNING] src.data.fetch_outcome: yf.get_earnings_dates(PANW) failed: KeyError: ['Earnings Date']
2026-05-16 02:50:07,278 [WARNING] src.data.fetch_outcome: yf.get_earnings_dates(OTIS) failed: KeyError: ['Earnings Date']
2026-05-16 02:50:07,280 [WARNING] src.data.fetch_outcome: yf.get_earnings_dates(P) failed: KeyError: ['Earnings Date']
2026-05-16 02:50:07,282 [WARNING] src.data.fetch_outcome: yf.get_earnings_dates(OSK) failed: KeyError: ['Earnings Date']
2026-05-16 02:50:07,284 [WARNING] src.data.fetch_outcome: yf.get_earnings_dates(OWL) failed: KeyError: ['Earnings Date']
2026-05-16 02:50:09,779 [WARNING] src.data.fetch_outcome: yf.get_earnings_dates(PAYC) failed: KeyError: ['Earnings Date']
2026-05-16 02:50:09,788 [WARNING] src.data.fetch_outcome: yf.get_earnings_dates(PCG) failed: KeyError: ['Earnings Date']
2026-05-16 02:50:09,791 [WARNING] src.data.fetch_outcome: yf.get_earnings_dates(PATH) failed: KeyError: ['Earnings Date']
2026-05-16 02:50:09,794 [WARNING] src.data.fetch_outcome: yf.get_earnings_dates(PB) failed: KeyError: ['Earnings Date']
2026-05-16 02:50:09,796 [WARNING] src.data.fetch_outcome: yf.get_earnings_dates(PCAR) failed: KeyError: ['Earnings Date']
2026-05-16 02:50:09,797 [WARNING] src.data.fetch_outcome: yf.get_earnings_dates(PAYX) failed: KeyError: ['Earnings Date']
2026-05-16 02:50:09,800 [WARNING] src.data.fetch_outcome: yf.get_earnings_dates(PCOR) failed: KeyError: ['Earnings Date']
2026-05-16 02:50:09,801 [WARNING] src.data.fetch_outcome: yf.get_earnings_dates(PAG) failed: KeyError: ['Earnings Date']
2026-05-16 02:50:12,142 [WARNING] src.data.fetch_outcome: yf.get_earnings_dates(PCTY) failed: KeyError: ['Earnings Date']
2026-05-16 02:50:12,292 [WARNING] src.data.fetch_outcome: yf.get_earnings_dates(PFE) failed: KeyError: ['Earnings Date']
2026-05-16 02:50:12,295 [WARNING] src.data.fetch_outcome: yf.get_earnings_dates(PFG) failed: KeyError: ['Earnings Date']
2026-05-16 02:50:12,297 [WARNING] src.data.fetch_outcome: yf.get_earnings_dates(PEN) failed: KeyError: ['Earnings Date']
2026-05-16 02:50:12,299 [WARNING] src.data.fetch_outcome: yf.get_earnings_dates(PEP) failed: KeyError: ['Earnings Date']
2026-05-16 02:50:12,302 [WARNING] src.data.fetch_outcome: yf.get_earnings_dates(PEG) failed: KeyError: ['Earnings Date']
2026-05-16 02:50:12,305 [WARNING] src.data.fetch_outcome: yf.get_earnings_dates(PENN) failed: KeyError: ['Earnings Date']
2026-05-16 02:50:12,307 [WARNING] src.data.fetch_outcome: yf.get_earnings_dates(PEGA) failed: KeyError: ['Earnings Date']
2026-05-16 02:50:13,863 [WARNING] src.data.fetch_outcome: yf.get_earnings_dates(PGR) failed: KeyError: ['Earnings Date']
2026-05-16 02:50:14,783 [WARNING] src.data.fetch_outcome: yf.get_earnings_dates(PHM) failed: KeyError: ['Earnings Date']
2026-05-16 02:50:14,791 [WARNING] src.data.fetch_outcome: yf.get_earnings_dates(PK) failed: KeyError: ['Earnings Date']
2026-05-16 02:50:14,795 [WARNING] src.data.fetch_outcome: yf.get_earnings_dates(PINS) failed: KeyError: ['Earnings Date']
2026-05-16 02:50:14,798 [WARNING] src.data.fetch_outcome: yf.get_earnings_dates(PH) failed: KeyError: ['Earnings Date']
2026-05-16 02:50:14,800 [WARNING] src.data.fetch_outcome: yf.get_earnings_dates(PKG) failed: KeyError: ['Earnings Date']
2026-05-16 02:50:14,803 [WARNING] src.data.fetch_outcome: yf.get_earnings_dates(PG) failed: KeyError: ['Earnings Date']
2026-05-16 02:50:14,804 [WARNING] src.data.fetch_outcome: yf.get_earnings_dates(PLD) failed: KeyError: ['Earnings Date']
2026-05-16 02:50:16,376 [WARNING] src.data.fetch_outcome: yf.get_earnings_dates(PM) failed: KeyError: ['Earnings Date']
2026-05-16 02:50:17,006 [WARNING] src.data.fetch_outcome: yf.get_earnings_dates(PNC) failed: KeyError: ['Earnings Date']
2026-05-16 02:50:17,013 [WARNING] src.data.fetch_outcome: yf.get_earnings_dates(PNR) failed: KeyError: ['Earnings Date']
2026-05-16 02:50:17,015 [WARNING] src.data.fetch_outcome: yf.get_earnings_dates(PLTR) failed: KeyError: ['Earnings Date']
2026-05-16 02:50:17,017 [WARNING] src.data.fetch_outcome: yf.get_earnings_dates(PLNT) failed: KeyError: ['Earnings Date']
2026-05-16 02:50:17,019 [WARNING] src.data.fetch_outcome: yf.get_earnings_dates(POOL) failed: KeyError: ['Earnings Date']
2026-05-16 02:50:17,020 [WARNING] src.data.fetch_outcome: yf.get_earnings_dates(PNW) failed: KeyError: ['Earnings Date']
2026-05-16 02:50:17,022 [WARNING] src.data.fetch_outcome: yf.get_earnings_dates(PNFP) failed: KeyError: ['Earnings Date']
2026-05-16 02:50:17,570 [WARNING] src.data.fetch_outcome: yf.get_earnings_dates(POST) failed: KeyError: ['Earnings Date']
2026-05-16 02:50:19,578 [WARNING] src.data.fetch_outcome: yf.get_earnings_dates(PRGO) failed: KeyError: ['Earnings Date']
2026-05-16 02:50:19,586 [WARNING] src.data.fetch_outcome: yf.get_earnings_dates(PPL) failed: KeyError: ['Earnings Date']
2026-05-16 02:50:19,590 [WARNING] src.data.fetch_outcome: yf.get_earnings_dates(PR) failed: KeyError: ['Earnings Date']
2026-05-16 02:50:19,591 [WARNING] src.data.fetch_outcome: yf.get_earnings_dates(PPG) failed: KeyError: ['Earnings Date']
2026-05-16 02:50:19,594 [WARNING] src.data.fetch_outcome: yf.get_earnings_dates(PPC) failed: KeyError: ['Earnings Date']
2026-05-16 02:50:19,596 [WARNING] src.data.fetch_outcome: yf.get_earnings_dates(PODD) failed: KeyError: ['Earnings Date']
2026-05-16 02:50:19,598 [WARNING] src.data.fetch_outcome: yf.get_earnings_dates(PRI) failed: KeyError: ['Earnings Date']
2026-05-16 02:50:19,598 [WARNING] src.data.fetch_outcome: yf.get_earnings_dates(PRU) failed: KeyError: ['Earnings Date']
2026-05-16 02:50:22,150 [WARNING] src.data.fetch_outcome: yf.get_earnings_dates(PTC) failed: KeyError: ['Earnings Date']
2026-05-16 02:50:22,159 [WARNING] src.data.fetch_outcome: yf.get_earnings_dates(PSA) failed: KeyError: ['Earnings Date']
2026-05-16 02:50:22,164 [WARNING] src.data.fetch_outcome: yf.get_earnings_dates(Q) failed: KeyError: ['Earnings Date']
2026-05-16 02:50:22,164 [WARNING] src.data.fetch_outcome: yf.get_earnings_dates(PSN) failed: KeyError: ['Earnings Date']
2026-05-16 02:50:22,168 [WARNING] src.data.fetch_outcome: yf.get_earnings_dates(PWR) failed: KeyError: ['Earnings Date']
2026-05-16 02:50:22,168 [WARNING] src.data.fetch_outcome: yf.get_earnings_dates(PRMB) failed: KeyError: ['Earnings Date']
2026-05-16 02:50:22,172 [WARNING] src.data.fetch_outcome: yf.get_earnings_dates(PVH) failed: KeyError: ['Earnings Date']
2026-05-16 02:50:22,175 [WARNING] src.data.fetch_outcome: yf.get_earnings_dates(PSX) failed: KeyError: ['Earnings Date']
2026-05-16 02:50:24,721 [WARNING] src.data.fetch_outcome: yf.get_earnings_dates(PYPL) failed: KeyError: ['Earnings Date']
2026-05-16 02:50:24,732 [WARNING] src.data.fetch_outcome: yf.get_earnings_dates(QRVO) failed: KeyError: ['Earnings Date']
2026-05-16 02:50:24,732 [WARNING] src.data.fetch_outcome: yf.get_earnings_dates(QSR) failed: KeyError: ['Earnings Date']
2026-05-16 02:50:24,736 [WARNING] src.data.fetch_outcome: yf.get_earnings_dates(RAL) failed: KeyError: ['Earnings Date']
2026-05-16 02:50:24,740 [WARNING] src.data.fetch_outcome: yf.get_earnings_dates(QS) failed: KeyError: ['Earnings Date']
2026-05-16 02:50:24,740 [WARNING] src.data.fetch_outcome: yf.get_earnings_dates(QGEN) failed: KeyError: ['Earnings Date']
2026-05-16 02:50:24,745 [WARNING] src.data.fetch_outcome: yf.get_earnings_dates(R) failed: KeyError: ['Earnings Date']
2026-05-16 02:50:24,749 [WARNING] src.data.fetch_outcome: yf.get_earnings_dates(QCOM) failed: KeyError: ['Earnings Date']
2026-05-16 02:50:27,073 [WARNING] src.data.fetch_outcome: yf.get_earnings_dates(RBLX) failed: KeyError: ['Earnings Date']
2026-05-16 02:50:27,093 [WARNING] src.data.fetch_outcome: yf.get_earnings_dates(RARE) failed: KeyError: ['Earnings Date']
2026-05-16 02:50:27,093 [WARNING] src.data.fetch_outcome: yf.get_earnings_dates(RBRK) failed: KeyError: ['Earnings Date']
2026-05-16 02:50:27,097 [WARNING] src.data.fetch_outcome: yf.get_earnings_dates(RCL) failed: KeyError: ['Earnings Date']
2026-05-16 02:50:27,097 [WARNING] src.data.fetch_outcome: yf.get_earnings_dates(RDDT) failed: KeyError: ['Earnings Date']
2026-05-16 02:50:27,101 [WARNING] src.data.fetch_outcome: yf.get_earnings_dates(RBC) failed: KeyError: ['Earnings Date']
2026-05-16 02:50:27,105 [WARNING] src.data.fetch_outcome: yf.get_earnings_dates(QXO) failed: KeyError: ['Earnings Date']
2026-05-16 02:50:27,105 [WARNING] src.data.fetch_outcome: yf.get_earnings_dates(RBA) failed: KeyError: ['Earnings Date']
2026-05-16 02:50:29,649 [WARNING] src.data.fetch_outcome: yf.get_earnings_dates(REG) failed: KeyError: ['Earnings Date']
2026-05-16 02:50:29,658 [WARNING] src.data.fetch_outcome: yf.get_earnings_dates(REYN) failed: KeyError: ['Earnings Date']
2026-05-16 02:50:29,666 [WARNING] src.data.fetch_outcome: yf.get_earnings_dates(RHI) failed: KeyError: ['Earnings Date']
2026-05-16 02:50:29,666 [WARNING] src.data.fetch_outcome: yf.get_earnings_dates(RF) failed: KeyError: ['Earnings Date']
2026-05-16 02:50:29,670 [WARNING] src.data.fetch_outcome: yf.get_earnings_dates(REGN) failed: KeyError: ['Earnings Date']
2026-05-16 02:50:29,670 [WARNING] src.data.fetch_outcome: yf.get_earnings_dates(RGA) failed: KeyError: ['Earnings Date']
2026-05-16 02:50:29,674 [WARNING] src.data.fetch_outcome: yf.get_earnings_dates(REXR) failed: KeyError: ['Earnings Date']
2026-05-16 02:50:29,674 [WARNING] src.data.fetch_outcome: yf.get_earnings_dates(RITM) failed: KeyError: ['Earnings Date']
2026-05-16 02:50:32,369 [WARNING] src.data.fetch_outcome: yf.get_earnings_dates(RIVN) failed: KeyError: ['Earnings Date']
2026-05-16 02:50:32,378 [WARNING] src.data.fetch_outcome: yf.get_earnings_dates(RGEN) failed: KeyError: ['Earnings Date']
2026-05-16 02:50:32,385 [WARNING] src.data.fetch_outcome: yf.get_earnings_dates(RKT) failed: KeyError: ['Earnings Date']
2026-05-16 02:50:32,385 [WARNING] src.data.fetch_outcome: yf.get_earnings_dates(RKLB) failed: KeyError: ['Earnings Date']
2026-05-16 02:50:32,389 [WARNING] src.data.fetch_outcome: yf.get_earnings_dates(RH) failed: KeyError: ['Earnings Date']
2026-05-16 02:50:32,389 [WARNING] src.data.fetch_outcome: yf.get_earnings_dates(RGLD) failed: KeyError: ['Earnings Date']
2026-05-16 02:50:32,396 [WARNING] src.data.fetch_outcome: yf.get_earnings_dates(RL) failed: KeyError: ['Earnings Date']
2026-05-16 02:50:32,399 [WARNING] src.data.fetch_outcome: yf.get_earnings_dates(RJF) failed: KeyError: ['Earnings Date']
2026-05-16 02:50:34,808 [WARNING] src.data.fetch_outcome: yf.get_earnings_dates(RMD) failed: KeyError: ['Earnings Date']
2026-05-16 02:50:34,818 [WARNING] src.data.fetch_outcome: yf.get_earnings_dates(RNG) failed: KeyError: ['Earnings Date']
2026-05-16 02:50:34,818 [WARNING] src.data.fetch_outcome: yf.get_earnings_dates(ROIV) failed: KeyError: ['Earnings Date']
2026-05-16 02:50:34,818 [WARNING] src.data.fetch_outcome: yf.get_earnings_dates(RNR) failed: KeyError: ['Earnings Date']
2026-05-16 02:50:34,826 [WARNING] src.data.fetch_outcome: yf.get_earnings_dates(RLI) failed: KeyError: ['Earnings Date']
2026-05-16 02:50:34,828 [WARNING] src.data.fetch_outcome: yf.get_earnings_dates(RPM) failed: KeyError: ['Earnings Date']
2026-05-16 02:50:34,828 [WARNING] src.data.fetch_outcome: yf.get_earnings_dates(ROL) failed: KeyError: ['Earnings Date']
2026-05-16 02:50:34,828 [WARNING] src.data.fetch_outcome: yf.get_earnings_dates(ROK) failed: KeyError: ['Earnings Date']
2026-05-16 02:50:37,202 [WARNING] src.data.fetch_outcome: yf.get_earnings_dates(ROP) failed: KeyError: ['Earnings Date']
2026-05-16 02:50:37,207 [WARNING] src.data.fetch_outcome: yf.get_earnings_dates(RSG) failed: KeyError: ['Earnings Date']
2026-05-16 02:50:37,213 [WARNING] src.data.fetch_outcome: yf.get_earnings_dates(ROKU) failed: KeyError: ['Earnings Date']
2026-05-16 02:50:37,213 [WARNING] src.data.fetch_outcome: yf.get_earnings_dates(RRX) failed: KeyError: ['Earnings Date']
2026-05-16 02:50:37,219 [WARNING] src.data.fetch_outcome: yf.get_earnings_dates(RPRX) failed: KeyError: ['Earnings Date']
2026-05-16 02:50:37,219 [WARNING] src.data.fetch_outcome: yf.get_earnings_dates(RRC) failed: KeyError: ['Earnings Date']
2026-05-16 02:50:37,219 [WARNING] src.data.fetch_outcome: yf.get_earnings_dates(RS) failed: KeyError: ['Earnings Date']
2026-05-16 02:50:37,219 [WARNING] src.data.fetch_outcome: yf.get_earnings_dates(ROST) failed: KeyError: ['Earnings Date']
2026-05-16 02:50:39,864 [WARNING] src.data.fetch_outcome: yf.get_earnings_dates(SAIL) failed: KeyError: ['Earnings Date']
2026-05-16 02:50:39,893 [WARNING] src.data.fetch_outcome: yf.get_earnings_dates(RVTY) failed: KeyError: ['Earnings Date']
2026-05-16 02:50:39,899 [WARNING] src.data.fetch_outcome: yf.get_earnings_dates(RTX) failed: KeyError: ['Earnings Date']
2026-05-16 02:50:39,903 [WARNING] src.data.fetch_outcome: yf.get_earnings_dates(RVMD) failed: KeyError: ['Earnings Date']
2026-05-16 02:50:39,907 [WARNING] src.data.fetch_outcome: yf.get_earnings_dates(S) failed: KeyError: ['Earnings Date']
2026-05-16 02:50:39,910 [WARNING] src.data.fetch_outcome: yf.get_earnings_dates(RYAN) failed: KeyError: ['Earnings Date']
2026-05-16 02:50:39,914 [WARNING] src.data.fetch_outcome: yf.get_earnings_dates(RYN) failed: KeyError: ['Earnings Date']
2026-05-16 02:50:39,916 [WARNING] src.data.fetch_outcome: yf.get_earnings_dates(SAIC) failed: KeyError: ['Earnings Date']
2026-05-16 02:50:42,801 [WARNING] src.data.fetch_outcome: yf.get_earnings_dates(SARO) failed: KeyError: ['Earnings Date']
2026-05-16 02:50:42,822 [WARNING] src.data.fetch_outcome: yf.get_earnings_dates(SCCO) failed: KeyError: ['Earnings Date']
2026-05-16 02:50:42,826 [WARNING] src.data.fetch_outcome: yf.get_earnings_dates(SEB) failed: KeyError: ['Earnings Date']
2026-05-16 02:50:42,827 [WARNING] src.data.fetch_outcome: yf.get_earnings_dates(SBAC) failed: KeyError: ['Earnings Date']
2026-05-16 02:50:42,832 [WARNING] src.data.fetch_outcome: yf.get_earnings_dates(SAM) failed: KeyError: ['Earnings Date']
2026-05-16 02:50:42,832 [WARNING] src.data.fetch_outcome: yf.get_earnings_dates(SCHW) failed: KeyError: ['Earnings Date']
2026-05-16 02:50:42,832 [WARNING] src.data.fetch_outcome: yf.get_earnings_dates(SAIA) failed: KeyError: ['Earnings Date']
2026-05-16 02:50:42,832 [WARNING] src.data.fetch_outcome: yf.get_earnings_dates(SBUX) failed: KeyError: ['Earnings Date']
2026-05-16 02:50:45,356 [WARNING] src.data.fetch_outcome: yf.get_earnings_dates(SFM) failed: KeyError: ['Earnings Date']
2026-05-16 02:50:45,367 [WARNING] src.data.fetch_outcome: yf.get_earnings_dates(SCI) failed: KeyError: ['Earnings Date']
2026-05-16 02:50:45,369 [WARNING] src.data.fetch_outcome: yf.get_earnings_dates(SHC) failed: KeyError: ['Earnings Date']
2026-05-16 02:50:45,369 [WARNING] src.data.fetch_outcome: yf.get_earnings_dates(SITE) failed: KeyError: ['Earnings Date']
2026-05-16 02:50:45,372 [WARNING] src.data.fetch_outcome: yf.get_earnings_dates(SFD) failed: KeyError: ['Earnings Date']
2026-05-16 02:50:45,372 [WARNING] src.data.fetch_outcome: yf.get_earnings_dates(SEIC) failed: KeyError: ['Earnings Date']
2026-05-16 02:50:45,376 [WARNING] src.data.fetch_outcome: yf.get_earnings_dates(SHW) failed: KeyError: ['Earnings Date']
2026-05-16 02:50:45,376 [WARNING] src.data.fetch_outcome: yf.get_earnings_dates(SF) failed: KeyError: ['Earnings Date']
2026-05-16 02:50:47,857 [WARNING] src.data.fetch_outcome: yf.get_earnings_dates(SJM) failed: KeyError: ['Earnings Date']
2026-05-16 02:50:48,019 [WARNING] src.data.fetch_outcome: yf.get_earnings_dates(SLM) failed: KeyError: ['Earnings Date']
2026-05-16 02:50:48,019 [WARNING] src.data.fetch_outcome: yf.get_earnings_dates(SIRI) failed: KeyError: ['Earnings Date']
2026-05-16 02:50:48,028 [WARNING] src.data.fetch_outcome: yf.get_earnings_dates(SGI) failed: KeyError: ['Earnings Date']
2026-05-16 02:50:48,028 [WARNING] src.data.fetch_outcome: yf.get_earnings_dates(SLB) failed: KeyError: ['Earnings Date']
2026-05-16 02:50:48,028 [WARNING] src.data.fetch_outcome: yf.get_earnings_dates(SN) failed: KeyError: ['Earnings Date']
2026-05-16 02:50:48,028 [WARNING] src.data.fetch_outcome: yf.get_earnings_dates(SMCI) failed: KeyError: ['Earnings Date']
2026-05-16 02:50:48,028 [WARNING] src.data.fetch_outcome: yf.get_earnings_dates(SMG) failed: KeyError: ['Earnings Date']
2026-05-16 02:50:49,016 [WARNING] src.data.fetch_outcome: yf.get_earnings_dates(SMMT) failed: KeyError: ['Earnings Date']
2026-05-16 02:50:50,328 [WARNING] src.data.fetch_outcome: yf.get_earnings_dates(SNA) failed: KeyError: ['Earnings Date']
2026-05-16 02:50:50,683 [WARNING] src.data.fetch_outcome: yf.get_earnings_dates(SNDR) failed: KeyError: ['Earnings Date']
2026-05-16 02:50:50,690 [WARNING] src.data.fetch_outcome: yf.get_earnings_dates(SNPS) failed: KeyError: ['Earnings Date']
2026-05-16 02:50:50,692 [WARNING] src.data.fetch_outcome: yf.get_earnings_dates(SOLS) failed: KeyError: ['Earnings Date']
2026-05-16 02:50:50,692 [WARNING] src.data.fetch_outcome: yf.get_earnings_dates(SOFI) failed: KeyError: ['Earnings Date']
2026-05-16 02:50:50,692 [WARNING] src.data.fetch_outcome: yf.get_earnings_dates(SLGN) failed: KeyError: ['Earnings Date']
2026-05-16 02:50:50,703 [WARNING] src.data.fetch_outcome: yf.get_earnings_dates(SNDK) failed: KeyError: ['Earnings Date']
2026-05-16 02:50:50,703 [WARNING] src.data.fetch_outcome: yf.get_earnings_dates(SNX) failed: KeyError: ['Earnings Date']
2026-05-16 02:50:51,450 [WARNING] src.data.fetch_outcome: yf.get_earnings_dates(SOLV) failed: KeyError: ['Earnings Date']
2026-05-16 02:50:53,046 [WARNING] src.data.fetch_outcome: yf.get_earnings_dates(SO) failed: KeyError: ['Earnings Date']
2026-05-16 02:50:53,177 [WARNING] src.data.fetch_outcome: yf.get_earnings_dates(SPG) failed: KeyError: ['Earnings Date']
2026-05-16 02:50:53,179 [WARNING] src.data.fetch_outcome: yf.get_earnings_dates(SPOT) failed: KeyError: ['Earnings Date']
2026-05-16 02:50:53,185 [WARNING] src.data.fetch_outcome: yf.get_earnings_dates(SRPT) failed: KeyError: ['Earnings Date']
2026-05-16 02:50:53,189 [WARNING] src.data.fetch_outcome: yf.get_earnings_dates(SRE) failed: KeyError: ['Earnings Date']
2026-05-16 02:50:53,189 [WARNING] src.data.fetch_outcome: yf.get_earnings_dates(SNOW) failed: KeyError: ['Earnings Date']
2026-05-16 02:50:53,192 [WARNING] src.data.fetch_outcome: yf.get_earnings_dates(SON) failed: KeyError: ['Earnings Date']
2026-05-16 02:50:53,194 [WARNING] src.data.fetch_outcome: yf.get_earnings_dates(SPGI) failed: KeyError: ['Earnings Date']
2026-05-16 02:50:55,790 [WARNING] src.data.fetch_outcome: yf.get_earnings_dates(SSB) failed: KeyError: ['Earnings Date']
2026-05-16 02:50:55,823 [WARNING] src.data.fetch_outcome: yf.get_earnings_dates(STE) failed: KeyError: ['Earnings Date']
2026-05-16 02:50:55,823 [WARNING] src.data.fetch_outcome: yf.get_earnings_dates(STAG) failed: KeyError: ['Earnings Date']
2026-05-16 02:50:55,823 [WARNING] src.data.fetch_outcome: yf.get_earnings_dates(STWD) failed: KeyError: ['Earnings Date']
2026-05-16 02:50:55,830 [WARNING] src.data.fetch_outcome: yf.get_earnings_dates(SSNC) failed: KeyError: ['Earnings Date']
2026-05-16 02:50:55,830 [WARNING] src.data.fetch_outcome: yf.get_earnings_dates(ST) failed: KeyError: ['Earnings Date']
2026-05-16 02:50:55,834 [WARNING] src.data.fetch_outcome: yf.get_earnings_dates(STLD) failed: KeyError: ['Earnings Date']
2026-05-16 02:50:55,834 [WARNING] src.data.fetch_outcome: yf.get_earnings_dates(SSD) failed: KeyError: ['Earnings Date']
2026-05-16 02:50:58,113 [WARNING] src.data.fetch_outcome: yf.get_earnings_dates(SW) failed: KeyError: ['Earnings Date']
2026-05-16 02:50:58,194 [WARNING] src.data.fetch_outcome: yf.get_earnings_dates(STZ) failed: KeyError: ['Earnings Date']
2026-05-16 02:50:58,197 [WARNING] src.data.fetch_outcome: yf.get_earnings_dates(SYF) failed: KeyError: ['Earnings Date']
2026-05-16 02:50:58,197 [WARNING] src.data.fetch_outcome: yf.get_earnings_dates(SWKS) failed: KeyError: ['Earnings Date']
2026-05-16 02:50:58,204 [WARNING] src.data.fetch_outcome: yf.get_earnings_dates(SYK) failed: KeyError: ['Earnings Date']
2026-05-16 02:50:58,204 [WARNING] src.data.fetch_outcome: yf.get_earnings_dates(STT) failed: KeyError: ['Earnings Date']
2026-05-16 02:50:58,204 [WARNING] src.data.fetch_outcome: yf.get_earnings_dates(SUI) failed: KeyError: ['Earnings Date']
2026-05-16 02:50:58,204 [WARNING] src.data.fetch_outcome: yf.get_earnings_dates(SWK) failed: KeyError: ['Earnings Date']
2026-05-16 02:51:00,671 [WARNING] src.data.fetch_outcome: yf.get_earnings_dates(TDC) failed: KeyError: ['Earnings Date']
2026-05-16 02:51:00,671 [WARNING] src.data.fetch_outcome: yf.get_earnings_dates(TEAM) failed: KeyError: ['Earnings Date']
2026-05-16 02:51:00,681 [WARNING] src.data.fetch_outcome: yf.get_earnings_dates(TDY) failed: KeyError: ['Earnings Date']
2026-05-16 02:51:00,681 [WARNING] src.data.fetch_outcome: yf.get_earnings_dates(T) failed: KeyError: ['Earnings Date']
2026-05-16 02:51:00,681 [WARNING] src.data.fetch_outcome: yf.get_earnings_dates(SYY) failed: KeyError: ['Earnings Date']
2026-05-16 02:51:00,681 [WARNING] src.data.fetch_outcome: yf.get_earnings_dates(TAP) failed: KeyError: ['Earnings Date']
2026-05-16 02:51:00,681 [WARNING] src.data.fetch_outcome: yf.get_earnings_dates(TDG) failed: KeyError: ['Earnings Date']
2026-05-16 02:51:00,692 [WARNING] src.data.fetch_outcome: yf.get_earnings_dates(TECH) failed: KeyError: ['Earnings Date']
2026-05-16 02:51:03,229 [WARNING] src.data.fetch_outcome: yf.get_earnings_dates(TGT) failed: KeyError: ['Earnings Date']
2026-05-16 02:51:03,239 [WARNING] src.data.fetch_outcome: yf.get_earnings_dates(TFC) failed: KeyError: ['Earnings Date']
2026-05-16 02:51:03,246 [WARNING] src.data.fetch_outcome: yf.get_earnings_dates(TER) failed: KeyError: ['Earnings Date']
2026-05-16 02:51:03,249 [WARNING] src.data.fetch_outcome: yf.get_earnings_dates(TFSL) failed: KeyError: ['Earnings Date']
2026-05-16 02:51:03,251 [WARNING] src.data.fetch_outcome: yf.get_earnings_dates(THO) failed: KeyError: ['Earnings Date']
2026-05-16 02:51:03,251 [WARNING] src.data.fetch_outcome: yf.get_earnings_dates(TEM) failed: KeyError: ['Earnings Date']
2026-05-16 02:51:03,251 [WARNING] src.data.fetch_outcome: yf.get_earnings_dates(THC) failed: KeyError: ['Earnings Date']
2026-05-16 02:51:03,251 [WARNING] src.data.fetch_outcome: yf.get_earnings_dates(THG) failed: KeyError: ['Earnings Date']
2026-05-16 02:51:05,903 [WARNING] src.data.fetch_outcome: yf.get_earnings_dates(TLN) failed: KeyError: ['Earnings Date']
2026-05-16 02:51:05,909 [WARNING] src.data.fetch_outcome: yf.get_earnings_dates(TIGO) failed: KeyError: ['Earnings Date']
2026-05-16 02:51:05,909 [WARNING] src.data.fetch_outcome: yf.get_earnings_dates(TKR) failed: KeyError: ['Earnings Date']
2026-05-16 02:51:05,909 [WARNING] src.data.fetch_outcome: yf.get_earnings_dates(TKO) failed: KeyError: ['Earnings Date']
2026-05-16 02:51:05,922 [WARNING] src.data.fetch_outcome: yf.get_earnings_dates(PFGC) failed: KeyError: ['Earnings Date']
2026-05-16 02:51:05,922 [WARNING] src.data.fetch_outcome: yf.get_earnings_dates(TFX) failed: KeyError: ['Earnings Date']
2026-05-16 02:51:05,925 [WARNING] src.data.fetch_outcome: yf.get_earnings_dates(TJX) failed: KeyError: ['Earnings Date']
2026-05-16 02:51:05,926 [WARNING] src.data.fetch_outcome: yf.get_earnings_dates(TMUS) failed: KeyError: ['Earnings Date']
2026-05-16 02:51:08,346 [WARNING] src.data.fetch_outcome: yf.get_earnings_dates(TMO) failed: KeyError: ['Earnings Date']
2026-05-16 02:51:08,359 [WARNING] src.data.fetch_outcome: yf.get_earnings_dates(TOL) failed: KeyError: ['Earnings Date']
2026-05-16 02:51:08,363 [WARNING] src.data.fetch_outcome: yf.get_earnings_dates(TOST) failed: KeyError: ['Earnings Date']
2026-05-16 02:51:08,363 [WARNING] src.data.fetch_outcome: yf.get_earnings_dates(TPL) failed: KeyError: ['Earnings Date']
2026-05-16 02:51:08,363 [WARNING] src.data.fetch_outcome: yf.get_earnings_dates(TRGP) failed: KeyError: ['Earnings Date']
2026-05-16 02:51:08,363 [WARNING] src.data.fetch_outcome: yf.get_earnings_dates(TNL) failed: KeyError: ['Earnings Date']
2026-05-16 02:51:08,373 [WARNING] src.data.fetch_outcome: yf.get_earnings_dates(TREX) failed: KeyError: ['Earnings Date']
2026-05-16 02:51:08,375 [WARNING] src.data.fetch_outcome: yf.get_earnings_dates(TPG) failed: KeyError: ['Earnings Date']
2026-05-16 02:51:10,983 [WARNING] src.data.fetch_outcome: yf.get_earnings_dates(TRMB) failed: KeyError: ['Earnings Date']
2026-05-16 02:51:10,993 [WARNING] src.data.fetch_outcome: yf.get_earnings_dates(TSCO) failed: KeyError: ['Earnings Date']
2026-05-16 02:51:11,002 [WARNING] src.data.fetch_outcome: yf.get_earnings_dates(TSLA) failed: KeyError: ['Earnings Date']
2026-05-16 02:51:11,005 [WARNING] src.data.fetch_outcome: yf.get_earnings_dates(TRV) failed: KeyError: ['Earnings Date']
2026-05-16 02:51:11,010 [WARNING] src.data.fetch_outcome: yf.get_earnings_dates(TRU) failed: KeyError: ['Earnings Date']
2026-05-16 02:51:11,013 [WARNING] src.data.fetch_outcome: yf.get_earnings_dates(TSN) failed: KeyError: ['Earnings Date']
2026-05-16 02:51:11,013 [WARNING] src.data.fetch_outcome: yf.get_earnings_dates(TROW) failed: KeyError: ['Earnings Date']
2026-05-16 02:51:11,013 [WARNING] src.data.fetch_outcome: yf.get_earnings_dates(TPR) failed: KeyError: ['Earnings Date']
2026-05-16 02:51:13,563 [WARNING] src.data.fetch_outcome: yf.get_earnings_dates(TWLO) failed: KeyError: ['Earnings Date']
2026-05-16 02:51:13,570 [WARNING] src.data.fetch_outcome: yf.get_earnings_dates(TTC) failed: KeyError: ['Earnings Date']
2026-05-16 02:51:13,573 [WARNING] src.data.fetch_outcome: yf.get_earnings_dates(TTD) failed: KeyError: ['Earnings Date']
2026-05-16 02:51:13,573 [WARNING] src.data.fetch_outcome: yf.get_earnings_dates(TYL) failed: KeyError: ['Earnings Date']
2026-05-16 02:51:13,573 [WARNING] src.data.fetch_outcome: yf.get_earnings_dates(TT) failed: KeyError: ['Earnings Date']
2026-05-16 02:51:13,583 [WARNING] src.data.fetch_outcome: yf.get_earnings_dates(TTWO) failed: KeyError: ['Earnings Date']
2026-05-16 02:51:13,583 [WARNING] src.data.fetch_outcome: yf.get_earnings_dates(TTEK) failed: KeyError: ['Earnings Date']
2026-05-16 02:51:13,583 [WARNING] src.data.fetch_outcome: yf.get_earnings_dates(TXN) failed: KeyError: ['Earnings Date']
2026-05-16 02:51:15,372 [WARNING] src.data.fetch_outcome: yf.get_earnings_dates(TXRH) failed: KeyError: ['Earnings Date']
2026-05-16 02:51:16,203 [WARNING] src.data.fetch_outcome: yf.get_earnings_dates(TW) failed: KeyError: ['Earnings Date']
2026-05-16 02:51:16,203 [WARNING] src.data.fetch_outcome: yf.get_earnings_dates(UA) failed: KeyError: ['Earnings Date']
2026-05-16 02:51:16,207 [WARNING] src.data.fetch_outcome: yf.get_earnings_dates(U) failed: KeyError: ['Earnings Date']
2026-05-16 02:51:16,209 [WARNING] src.data.fetch_outcome: yf.get_earnings_dates(UAL) failed: KeyError: ['Earnings Date']
2026-05-16 02:51:16,210 [WARNING] src.data.fetch_outcome: yf.get_earnings_dates(UGI) failed: KeyError: ['Earnings Date']
2026-05-16 02:51:16,214 [WARNING] src.data.fetch_outcome: yf.get_earnings_dates(UAA) failed: KeyError: ['Earnings Date']
2026-05-16 02:51:16,214 [WARNING] src.data.fetch_outcome: yf.get_earnings_dates(TXT) failed: KeyError: ['Earnings Date']
2026-05-16 02:51:16,794 [WARNING] src.data.fetch_outcome: yf.get_earnings_dates(UHAL) failed: KeyError: ['Earnings Date']
2026-05-16 02:51:18,628 [WARNING] src.data.fetch_outcome: yf.get_earnings_dates(UI) failed: KeyError: ['Earnings Date']
2026-05-16 02:51:18,756 [WARNING] src.data.fetch_outcome: yf.get_earnings_dates(UBER) failed: KeyError: ['Earnings Date']
2026-05-16 02:51:18,763 [WARNING] src.data.fetch_outcome: yf.get_earnings_dates(UDR) failed: KeyError: ['Earnings Date']
2026-05-16 02:51:18,763 [WARNING] src.data.fetch_outcome: yf.get_earnings_dates(ULTA) failed: KeyError: ['Earnings Date']
2026-05-16 02:51:18,763 [WARNING] src.data.fetch_outcome: yf.get_earnings_dates(UHS) failed: KeyError: ['Earnings Date']
2026-05-16 02:51:18,763 [WARNING] src.data.fetch_outcome: yf.get_earnings_dates(UNP) failed: KeyError: ['Earnings Date']
2026-05-16 02:51:18,773 [WARNING] src.data.fetch_outcome: yf.get_earnings_dates(UNH) failed: KeyError: ['Earnings Date']
2026-05-16 02:51:18,773 [WARNING] src.data.fetch_outcome: yf.get_earnings_dates(URI) failed: KeyError: ['Earnings Date']
2026-05-16 02:51:20,657 [WARNING] src.data.fetch_outcome: yf.get_earnings_dates(UNM) failed: KeyError: ['Earnings Date']
2026-05-16 02:51:21,182 [WARNING] src.data.fetch_outcome: yf.get_earnings_dates(UPS) failed: KeyError: ['Earnings Date']
2026-05-16 02:51:21,182 [WARNING] src.data.fetch_outcome: yf.get_earnings_dates(V) failed: KeyError: ['Earnings Date']
2026-05-16 02:51:21,186 [WARNING] src.data.fetch_outcome: yf.get_earnings_dates(USFD) failed: KeyError: ['Earnings Date']
2026-05-16 02:51:21,186 [WARNING] src.data.fetch_outcome: yf.get_earnings_dates(UWMC) failed: KeyError: ['Earnings Date']
2026-05-16 02:51:21,186 [WARNING] src.data.fetch_outcome: yf.get_earnings_dates(UTHR) failed: KeyError: ['Earnings Date']
2026-05-16 02:51:21,192 [WARNING] src.data.fetch_outcome: yf.get_earnings_dates(USB) failed: KeyError: ['Earnings Date']
2026-05-16 02:51:21,192 [WARNING] src.data.fetch_outcome: yf.get_earnings_dates(VEEV) failed: KeyError: ['Earnings Date']
2026-05-16 02:51:22,290 [WARNING] src.data.fetch_outcome: yf.get_earnings_dates(VICI) failed: KeyError: ['Earnings Date']
2026-05-16 02:51:23,399 [WARNING] src.data.fetch_outcome: yf.get_earnings_dates(VGNT) failed: KeyError: ['Earnings Date']
2026-05-16 02:51:23,399 [WARNING] src.data.fetch_outcome: yf.get_earnings_dates(VFC) failed: KeyError: ['Earnings Date']
2026-05-16 02:51:23,399 [WARNING] src.data.fetch_outcome: yf.get_earnings_dates(VIRT) failed: KeyError: ['Earnings Date']
2026-05-16 02:51:23,409 [WARNING] src.data.fetch_outcome: yf.get_earnings_dates(VLTO) failed: KeyError: ['Earnings Date']
2026-05-16 02:51:23,411 [WARNING] src.data.fetch_outcome: yf.get_earnings_dates(VIK) failed: KeyError: ['Earnings Date']
2026-05-16 02:51:23,411 [WARNING] src.data.fetch_outcome: yf.get_earnings_dates(VKTX) failed: KeyError: ['Earnings Date']
2026-05-16 02:51:23,411 [WARNING] src.data.fetch_outcome: yf.get_earnings_dates(VLO) failed: KeyError: ['Earnings Date']
2026-05-16 02:51:24,201 [WARNING] src.data.fetch_outcome: yf.get_earnings_dates(VNO) failed: KeyError: ['Earnings Date']
2026-05-16 02:51:25,553 [WARNING] src.data.fetch_outcome: yf.get_earnings_dates(VRSN) failed: KeyError: ['Earnings Date']
2026-05-16 02:51:25,558 [WARNING] src.data.fetch_outcome: yf.get_earnings_dates(VNOM) failed: KeyError: ['Earnings Date']
2026-05-16 02:51:25,558 [WARNING] src.data.fetch_outcome: yf.get_earnings_dates(VSNT) failed: KeyError: ['Earnings Date']
2026-05-16 02:51:25,568 [WARNING] src.data.fetch_outcome: yf.get_earnings_dates(VMC) failed: KeyError: ['Earnings Date']
2026-05-16 02:51:25,568 [WARNING] src.data.fetch_outcome: yf.get_earnings_dates(VOYA) failed: KeyError: ['Earnings Date']
2026-05-16 02:51:25,568 [WARNING] src.data.fetch_outcome: yf.get_earnings_dates(VMI) failed: KeyError: ['Earnings Date']
2026-05-16 02:51:25,578 [WARNING] src.data.fetch_outcome: yf.get_earnings_dates(VNT) failed: KeyError: ['Earnings Date']
2026-05-16 02:51:25,578 [WARNING] src.data.fetch_outcome: yf.get_earnings_dates(VRT) failed: KeyError: ['Earnings Date']
2026-05-16 02:51:28,182 [WARNING] src.data.fetch_outcome: yf.get_earnings_dates(VRSK) failed: KeyError: ['Earnings Date']
2026-05-16 02:51:28,191 [WARNING] src.data.fetch_outcome: yf.get_earnings_dates(VST) failed: KeyError: ['Earnings Date']
2026-05-16 02:51:28,195 [WARNING] src.data.fetch_outcome: yf.get_earnings_dates(VRTX) failed: KeyError: ['Earnings Date']
2026-05-16 02:51:28,197 [WARNING] src.data.fetch_outcome: yf.get_earnings_dates(VZ) failed: KeyError: ['Earnings Date']
2026-05-16 02:51:28,197 [WARNING] src.data.fetch_outcome: yf.get_earnings_dates(VTRS) failed: KeyError: ['Earnings Date']
2026-05-16 02:51:28,202 [WARNING] src.data.fetch_outcome: yf.get_earnings_dates(VTR) failed: KeyError: ['Earnings Date']
2026-05-16 02:51:28,202 [WARNING] src.data.fetch_outcome: yf.get_earnings_dates(VVV) failed: KeyError: ['Earnings Date']
2026-05-16 02:51:28,202 [WARNING] src.data.fetch_outcome: yf.get_earnings_dates(WAL) failed: KeyError: ['Earnings Date']
2026-05-16 02:51:30,777 [WARNING] src.data.fetch_outcome: yf.get_earnings_dates(WBD) failed: KeyError: ['Earnings Date']
2026-05-16 02:51:30,781 [WARNING] src.data.fetch_outcome: yf.get_earnings_dates(WFC) failed: KeyError: ['Earnings Date']
2026-05-16 02:51:30,791 [WARNING] src.data.fetch_outcome: yf.get_earnings_dates(WAB) failed: KeyError: ['Earnings Date']
2026-05-16 02:51:30,791 [WARNING] src.data.fetch_outcome: yf.get_earnings_dates(WDAY) failed: KeyError: ['Earnings Date']
2026-05-16 02:51:30,791 [WARNING] src.data.fetch_outcome: yf.get_earnings_dates(WBS) failed: KeyError: ['Earnings Date']
2026-05-16 02:51:30,791 [WARNING] src.data.fetch_outcome: yf.get_earnings_dates(WCC) failed: KeyError: ['Earnings Date']
2026-05-16 02:51:30,802 [WARNING] src.data.fetch_outcome: yf.get_earnings_dates(W) failed: KeyError: ['Earnings Date']
2026-05-16 02:51:30,804 [WARNING] src.data.fetch_outcome: yf.get_earnings_dates(WAT) failed: KeyError: ['Earnings Date']
2026-05-16 02:51:33,385 [WARNING] src.data.fetch_outcome: yf.get_earnings_dates(WEC) failed: KeyError: ['Earnings Date']
2026-05-16 02:51:33,398 [WARNING] src.data.fetch_outcome: yf.get_earnings_dates(WH) failed: KeyError: ['Earnings Date']
2026-05-16 02:51:33,398 [WARNING] src.data.fetch_outcome: yf.get_earnings_dates(WEN) failed: KeyError: ['Earnings Date']
2026-05-16 02:51:33,398 [WARNING] src.data.fetch_outcome: yf.get_earnings_dates(WELL) failed: KeyError: ['Earnings Date']
2026-05-16 02:51:33,406 [WARNING] src.data.fetch_outcome: yf.get_earnings_dates(WEX) failed: KeyError: ['Earnings Date']
2026-05-16 02:51:33,406 [WARNING] src.data.fetch_outcome: yf.get_earnings_dates(WDC) failed: KeyError: ['Earnings Date']
2026-05-16 02:51:33,410 [WARNING] src.data.fetch_outcome: yf.get_earnings_dates(WING) failed: KeyError: ['Earnings Date']
2026-05-16 02:51:33,410 [WARNING] src.data.fetch_outcome: yf.get_earnings_dates(WFRD) failed: KeyError: ['Earnings Date']
2026-05-16 02:51:35,692 [WARNING] src.data.fetch_outcome: yf.get_earnings_dates(WMT) failed: KeyError: ['Earnings Date']
2026-05-16 02:51:35,702 [WARNING] src.data.fetch_outcome: yf.get_earnings_dates(WMB) failed: KeyError: ['Earnings Date']
2026-05-16 02:51:35,714 [WARNING] src.data.fetch_outcome: yf.get_earnings_dates(WLK) failed: KeyError: ['Earnings Date']
2026-05-16 02:51:35,714 [WARNING] src.data.fetch_outcome: yf.get_earnings_dates(WM) failed: KeyError: ['Earnings Date']
2026-05-16 02:51:35,723 [WARNING] src.data.fetch_outcome: yf.get_earnings_dates(WPC) failed: KeyError: ['Earnings Date']
2026-05-16 02:51:35,723 [WARNING] src.data.fetch_outcome: yf.get_earnings_dates(WMS) failed: KeyError: ['Earnings Date']
2026-05-16 02:51:35,723 [WARNING] src.data.fetch_outcome: yf.get_earnings_dates(WHR) failed: KeyError: ['Earnings Date']
2026-05-16 02:51:35,733 [WARNING] src.data.fetch_outcome: yf.get_earnings_dates(WRB) failed: KeyError: ['Earnings Date']
2026-05-16 02:51:38,223 [WARNING] src.data.fetch_outcome: yf.get_earnings_dates(WSC) failed: KeyError: ['Earnings Date']
2026-05-16 02:51:38,226 [WARNING] src.data.fetch_outcome: yf.get_earnings_dates(WTW) failed: KeyError: ['Earnings Date']
2026-05-16 02:51:38,229 [WARNING] src.data.fetch_outcome: yf.get_earnings_dates(WST) failed: KeyError: ['Earnings Date']
2026-05-16 02:51:38,229 [WARNING] src.data.fetch_outcome: yf.get_earnings_dates(WY) failed: KeyError: ['Earnings Date']
2026-05-16 02:51:38,229 [WARNING] src.data.fetch_outcome: yf.get_earnings_dates(WSO) failed: KeyError: ['Earnings Date']
2026-05-16 02:51:38,236 [WARNING] src.data.fetch_outcome: yf.get_earnings_dates(WTM) failed: KeyError: ['Earnings Date']
2026-05-16 02:51:38,238 [WARNING] src.data.fetch_outcome: yf.get_earnings_dates(WTFC) failed: KeyError: ['Earnings Date']
2026-05-16 02:51:38,241 [WARNING] src.data.fetch_outcome: yf.get_earnings_dates(WSM) failed: KeyError: ['Earnings Date']
2026-05-16 02:51:40,889 [WARNING] src.data.fetch_outcome: yf.get_earnings_dates(WWD) failed: KeyError: ['Earnings Date']
2026-05-16 02:51:40,893 [WARNING] src.data.fetch_outcome: yf.get_earnings_dates(WTRG) failed: KeyError: ['Earnings Date']
2026-05-16 02:51:40,893 [WARNING] src.data.fetch_outcome: yf.get_earnings_dates(XP) failed: KeyError: ['Earnings Date']
2026-05-16 02:51:40,893 [WARNING] src.data.fetch_outcome: yf.get_earnings_dates(XOM) failed: KeyError: ['Earnings Date']
2026-05-16 02:51:40,899 [WARNING] src.data.fetch_outcome: yf.get_earnings_dates(XEL) failed: KeyError: ['Earnings Date']
2026-05-16 02:51:40,899 [WARNING] src.data.fetch_outcome: yf.get_earnings_dates(XPO) failed: KeyError: ['Earnings Date']
2026-05-16 02:51:40,904 [WARNING] src.data.fetch_outcome: yf.get_earnings_dates(WU) failed: KeyError: ['Earnings Date']
2026-05-16 02:51:40,904 [WARNING] src.data.fetch_outcome: yf.get_earnings_dates(WYNN) failed: KeyError: ['Earnings Date']
2026-05-16 02:51:43,581 [WARNING] src.data.fetch_outcome: yf.get_earnings_dates(ZION) failed: KeyError: ['Earnings Date']
2026-05-16 02:51:43,590 [WARNING] src.data.fetch_outcome: yf.get_earnings_dates(ZG) failed: KeyError: ['Earnings Date']
2026-05-16 02:51:43,593 [WARNING] src.data.fetch_outcome: yf.get_earnings_dates(XRAY) failed: KeyError: ['Earnings Date']
2026-05-16 02:51:43,599 [WARNING] src.data.fetch_outcome: yf.get_earnings_dates(XYZ) failed: KeyError: ['Earnings Date']
2026-05-16 02:51:43,601 [WARNING] src.data.fetch_outcome: yf.get_earnings_dates(XYL) failed: KeyError: ['Earnings Date']
2026-05-16 02:51:43,604 [WARNING] src.data.fetch_outcome: yf.get_earnings_dates(YUM) failed: KeyError: ['Earnings Date']
2026-05-16 02:51:43,606 [WARNING] src.data.fetch_outcome: yf.get_earnings_dates(Z) failed: KeyError: ['Earnings Date']
2026-05-16 02:51:43,607 [WARNING] src.data.fetch_outcome: yf.get_earnings_dates(YETI) failed: KeyError: ['Earnings Date']
2026-05-16 02:51:45,644 [WARNING] src.data.fetch_outcome: yf.get_earnings_dates(ZBH) failed: KeyError: ['Earnings Date']
2026-05-16 02:51:45,651 [WARNING] src.data.fetch_outcome: yf.get_earnings_dates(ZM) failed: KeyError: ['Earnings Date']
2026-05-16 02:51:45,652 [WARNING] src.data.fetch_outcome: yf.get_earnings_dates(ZS) failed: KeyError: ['Earnings Date']
2026-05-16 02:51:45,652 [WARNING] src.data.fetch_outcome: yf.get_earnings_dates(ZBRA) failed: KeyError: ['Earnings Date']
2026-05-16 02:51:45,652 [WARNING] src.data.fetch_outcome: yf.get_earnings_dates(ZTS) failed: KeyError: ['Earnings Date']
2026-05-16 02:51:45,652 [INFO] minimal_baseline: Fetching SPY benchmark...
2026-05-16 02:51:45,662 [INFO] minimal_baseline: Fetching ^VIX history for regime gate (skip_bear)...
2026-05-16 02:51:51,287 [INFO] minimal_baseline: PIT loader active — 979 tickers indexed from EDGAR.
2026-05-16 02:51:51,287 [INFO] minimal_baseline: Backtest start: 2022-05-13 end: 2024-05-13 walk_forward_folds=5
2026-05-16 03:20:06,727 [INFO] minimal_baseline: Wrote data\baseline\minimal_baseline_2022_2024_skip_bear.json
